07-14 18:05:31.422 ImageNet-train: 1281167 images
07-14 18:05:32.335 Model params = 5.941M
07-14 18:06:00.078 [epoch 0], [iter 50 / 329 : 49], [loss 2.790147], [lr 0.002493], [time 0.0323]
07-14 18:06:25.294 [epoch 0], [iter 100 / 329 : 99], [loss 2.240541], [lr 0.002486], [time 0.0315]
07-14 18:06:50.662 [epoch 0], [iter 150 / 329 : 149], [loss 2.086343], [lr 0.002480], [time 0.0317]
07-14 18:07:16.140 [epoch 0], [iter 200 / 329 : 199], [loss 1.991605], [lr 0.002473], [time 0.0318]
07-14 18:07:41.626 [epoch 0], [iter 250 / 329 : 249], [loss 1.858116], [lr 0.002466], [time 0.0318]
07-14 18:08:07.177 [epoch 0], [iter 300 / 329 : 299], [loss 1.829336], [lr 0.002459], [time 0.0319]
07-14 18:08:22.417 Saved file to ./logs/2306/lraspp_agriseg_wildnet/07_14_18/last_None_epoch_0_mean-iu_0.00000.pth
07-14 18:08:49.494 [epoch 1], [iter 50 / 329 : 378], [loss 1.776085], [lr 0.002448], [time 0.0321]
07-14 18:09:15.057 [epoch 1], [iter 100 / 329 : 428], [loss 1.728409], [lr 0.002441], [time 0.0319]
07-14 18:09:40.641 [epoch 1], [iter 150 / 329 : 478], [loss 1.670075], [lr 0.002435], [time 0.0320]
07-14 18:10:06.161 [epoch 1], [iter 200 / 329 : 528], [loss 1.689462], [lr 0.002428], [time 0.0319]
07-14 18:10:31.685 [epoch 1], [iter 250 / 329 : 578], [loss 1.731149], [lr 0.002421], [time 0.0319]
07-14 18:10:57.153 [epoch 1], [iter 300 / 329 : 628], [loss 1.659493], [lr 0.002414], [time 0.0318]
07-14 18:11:12.639 Saved file to ./logs/2306/lraspp_agriseg_wildnet/07_14_18/last_None_epoch_1_mean-iu_0.00000.pth
07-14 18:11:40.068 [epoch 2], [iter 50 / 329 : 707], [loss 1.603626], [lr 0.002403], [time 0.0319]
07-14 18:12:05.561 [epoch 2], [iter 100 / 329 : 757], [loss 1.626403], [lr 0.002396], [time 0.0319]
07-14 18:12:30.980 [epoch 2], [iter 150 / 329 : 807], [loss 1.624645], [lr 0.002389], [time 0.0318]
07-14 18:12:56.407 [epoch 2], [iter 200 / 329 : 857], [loss 1.616812], [lr 0.002382], [time 0.0318]
07-14 18:13:21.860 [epoch 2], [iter 250 / 329 : 907], [loss 1.584581], [lr 0.002376], [time 0.0318]
07-14 18:13:47.302 [epoch 2], [iter 300 / 329 : 957], [loss 1.535389], [lr 0.002369], [time 0.0318]
07-14 18:14:02.716 Saved file to ./logs/2306/lraspp_agriseg_wildnet/07_14_18/last_None_epoch_2_mean-iu_0.00000.pth
07-14 18:14:30.123 [epoch 3], [iter 50 / 329 : 1036], [loss 1.604653], [lr 0.002358], [time 0.0319]
07-14 18:14:55.627 [epoch 3], [iter 100 / 329 : 1086], [loss 1.541493], [lr 0.002351], [time 0.0319]
07-14 18:15:21.079 [epoch 3], [iter 150 / 329 : 1136], [loss 1.500224], [lr 0.002344], [time 0.0318]
07-14 18:15:46.541 [epoch 3], [iter 200 / 329 : 1186], [loss 1.531537], [lr 0.002337], [time 0.0318]
07-14 18:16:12.012 [epoch 3], [iter 250 / 329 : 1236], [loss 1.524302], [lr 0.002330], [time 0.0318]
07-14 18:16:37.480 [epoch 3], [iter 300 / 329 : 1286], [loss 1.527112], [lr 0.002323], [time 0.0318]
07-14 18:16:52.874 Saved file to ./logs/2306/lraspp_agriseg_wildnet/07_14_18/last_None_epoch_3_mean-iu_0.00000.pth
07-14 18:17:20.397 [epoch 4], [iter 50 / 329 : 1365], [loss 1.471655], [lr 0.002312], [time 0.0321]
07-14 18:17:45.828 [epoch 4], [iter 100 / 329 : 1415], [loss 1.512361], [lr 0.002306], [time 0.0318]
07-14 18:18:11.270 [epoch 4], [iter 150 / 329 : 1465], [loss 1.568530], [lr 0.002299], [time 0.0318]
07-14 18:18:36.735 [epoch 4], [iter 200 / 329 : 1515], [loss 1.550219], [lr 0.002292], [time 0.0318]
07-14 18:19:02.240 [epoch 4], [iter 250 / 329 : 1565], [loss 1.455504], [lr 0.002285], [time 0.0319]
07-14 18:19:27.693 [epoch 4], [iter 300 / 329 : 1615], [loss 1.478345], [lr 0.002278], [time 0.0318]
07-14 18:19:43.395 Saved file to ./logs/2306/lraspp_agriseg_wildnet/07_14_18/last_None_epoch_4_mean-iu_0.00000.pth
07-14 18:20:10.860 [epoch 5], [iter 50 / 329 : 1694], [loss 1.537310], [lr 0.002267], [time 0.0321]
07-14 18:20:36.313 [epoch 5], [iter 100 / 329 : 1744], [loss 1.483664], [lr 0.002260], [time 0.0318]
07-14 18:21:01.784 [epoch 5], [iter 150 / 329 : 1794], [loss 1.454126], [lr 0.002253], [time 0.0318]
07-14 18:21:27.260 [epoch 5], [iter 200 / 329 : 1844], [loss 1.436093], [lr 0.002246], [time 0.0318]
07-14 18:21:52.706 [epoch 5], [iter 250 / 329 : 1894], [loss 1.456865], [lr 0.002239], [time 0.0318]
07-14 18:22:18.243 [epoch 5], [iter 300 / 329 : 1944], [loss 1.512806], [lr 0.002232], [time 0.0319]
07-14 18:22:33.458 Saved file to ./logs/2306/lraspp_agriseg_wildnet/07_14_18/last_None_epoch_5_mean-iu_0.00000.pth
07-14 18:23:00.898 [epoch 6], [iter 50 / 329 : 2023], [loss 1.459515], [lr 0.002222], [time 0.0321]
07-14 18:23:26.390 [epoch 6], [iter 100 / 329 : 2073], [loss 1.459340], [lr 0.002215], [time 0.0319]
07-14 18:23:51.893 [epoch 6], [iter 150 / 329 : 2123], [loss 1.495559], [lr 0.002208], [time 0.0319]
07-14 18:24:17.345 [epoch 6], [iter 200 / 329 : 2173], [loss 1.429771], [lr 0.002201], [time 0.0318]
07-14 18:24:42.887 [epoch 6], [iter 250 / 329 : 2223], [loss 1.442937], [lr 0.002194], [time 0.0319]
07-14 18:25:08.316 [epoch 6], [iter 300 / 329 : 2273], [loss 1.450122], [lr 0.002187], [time 0.0318]
07-14 18:25:23.527 Saved file to ./logs/2306/lraspp_agriseg_wildnet/07_14_18/last_None_epoch_6_mean-iu_0.00000.pth
07-14 18:25:51.012 [epoch 7], [iter 50 / 329 : 2352], [loss 1.427870], [lr 0.002176], [time 0.0319]
07-14 18:26:16.454 [epoch 7], [iter 100 / 329 : 2402], [loss 1.441070], [lr 0.002169], [time 0.0318]
07-14 18:26:41.904 [epoch 7], [iter 150 / 329 : 2452], [loss 1.425927], [lr 0.002162], [time 0.0318]
07-14 18:27:07.399 [epoch 7], [iter 200 / 329 : 2502], [loss 1.445518], [lr 0.002155], [time 0.0319]
07-14 18:27:32.902 [epoch 7], [iter 250 / 329 : 2552], [loss 1.464821], [lr 0.002148], [time 0.0319]
07-14 18:27:58.355 [epoch 7], [iter 300 / 329 : 2602], [loss 1.455413], [lr 0.002141], [time 0.0318]
07-14 18:28:13.731 Saved file to ./logs/2306/lraspp_agriseg_wildnet/07_14_18/last_None_epoch_7_mean-iu_0.00000.pth
07-14 18:28:41.232 [epoch 8], [iter 50 / 329 : 2681], [loss 1.452926], [lr 0.002130], [time 0.0322]
07-14 18:29:06.669 [epoch 8], [iter 100 / 329 : 2731], [loss 1.432011], [lr 0.002123], [time 0.0318]
07-14 18:29:32.191 [epoch 8], [iter 150 / 329 : 2781], [loss 1.427177], [lr 0.002116], [time 0.0319]
07-14 18:29:57.641 [epoch 8], [iter 200 / 329 : 2831], [loss 1.448637], [lr 0.002109], [time 0.0318]
07-14 18:30:23.087 [epoch 8], [iter 250 / 329 : 2881], [loss 1.406589], [lr 0.002102], [time 0.0318]
07-14 18:30:48.528 [epoch 8], [iter 300 / 329 : 2931], [loss 1.431623], [lr 0.002095], [time 0.0318]
07-14 18:31:03.777 Saved file to ./logs/2306/lraspp_agriseg_wildnet/07_14_18/last_None_epoch_8_mean-iu_0.00000.pth
07-14 18:31:31.210 [epoch 9], [iter 50 / 329 : 3010], [loss 1.385112], [lr 0.002084], [time 0.0319]
07-14 18:31:56.655 [epoch 9], [iter 100 / 329 : 3060], [loss 1.414144], [lr 0.002077], [time 0.0318]
07-14 18:32:22.212 [epoch 9], [iter 150 / 329 : 3110], [loss 1.435346], [lr 0.002070], [time 0.0319]
07-14 18:32:47.667 [epoch 9], [iter 200 / 329 : 3160], [loss 1.463785], [lr 0.002063], [time 0.0318]
07-14 18:33:13.116 [epoch 9], [iter 250 / 329 : 3210], [loss 1.402545], [lr 0.002056], [time 0.0318]
07-14 18:33:38.571 [epoch 9], [iter 300 / 329 : 3260], [loss 1.415235], [lr 0.002049], [time 0.0318]
07-14 18:33:53.805 Saved file to ./logs/2306/lraspp_agriseg_wildnet/07_14_18/last_None_epoch_9_mean-iu_0.00000.pth
07-14 18:34:21.358 [epoch 10], [iter 50 / 329 : 3339], [loss 1.404861], [lr 0.002038], [time 0.0319]
07-14 18:34:46.861 [epoch 10], [iter 100 / 329 : 3389], [loss 1.426507], [lr 0.002031], [time 0.0319]
07-14 18:35:12.323 [epoch 10], [iter 150 / 329 : 3439], [loss 1.392143], [lr 0.002024], [time 0.0318]
07-14 18:35:37.780 [epoch 10], [iter 200 / 329 : 3489], [loss 1.438215], [lr 0.002017], [time 0.0318]
07-14 18:36:03.245 [epoch 10], [iter 250 / 329 : 3539], [loss 1.409103], [lr 0.002010], [time 0.0318]
07-14 18:36:28.678 [epoch 10], [iter 300 / 329 : 3589], [loss 1.396042], [lr 0.002003], [time 0.0318]
07-14 18:36:44.044 Saved file to ./logs/2306/lraspp_agriseg_wildnet/07_14_18/last_None_epoch_10_mean-iu_0.00000.pth
07-14 18:37:11.573 [epoch 11], [iter 50 / 329 : 3668], [loss 1.387322], [lr 0.001992], [time 0.0320]
07-14 18:37:37.034 [epoch 11], [iter 100 / 329 : 3718], [loss 1.400595], [lr 0.001985], [time 0.0318]
07-14 18:38:02.505 [epoch 11], [iter 150 / 329 : 3768], [loss 1.394900], [lr 0.001978], [time 0.0318]
07-14 18:38:28.003 [epoch 11], [iter 200 / 329 : 3818], [loss 1.389721], [lr 0.001971], [time 0.0319]
07-14 18:38:53.500 [epoch 11], [iter 250 / 329 : 3868], [loss 1.421692], [lr 0.001964], [time 0.0319]
07-14 18:39:18.980 [epoch 11], [iter 300 / 329 : 3918], [loss 1.389751], [lr 0.001957], [time 0.0318]
07-14 18:39:34.652 Saved file to ./logs/2306/lraspp_agriseg_wildnet/07_14_18/last_None_epoch_11_mean-iu_0.00000.pth
07-14 18:40:02.058 [epoch 12], [iter 50 / 329 : 3997], [loss 1.449346], [lr 0.001946], [time 0.0319]
07-14 18:40:27.507 [epoch 12], [iter 100 / 329 : 4047], [loss 1.378048], [lr 0.001939], [time 0.0318]
07-14 18:40:53.011 [epoch 12], [iter 150 / 329 : 4097], [loss 1.384990], [lr 0.001932], [time 0.0319]
07-14 18:41:18.535 [epoch 12], [iter 200 / 329 : 4147], [loss 1.410955], [lr 0.001925], [time 0.0319]
07-14 18:41:44.073 [epoch 12], [iter 250 / 329 : 4197], [loss 1.393960], [lr 0.001918], [time 0.0319]
07-14 18:42:09.616 [epoch 12], [iter 300 / 329 : 4247], [loss 1.361545], [lr 0.001911], [time 0.0319]
07-14 18:42:25.115 Saved file to ./logs/2306/lraspp_agriseg_wildnet/07_14_18/last_None_epoch_12_mean-iu_0.00000.pth
07-14 18:42:52.621 [epoch 13], [iter 50 / 329 : 4326], [loss 1.326216], [lr 0.001900], [time 0.0322]
07-14 18:43:18.110 [epoch 13], [iter 100 / 329 : 4376], [loss 1.364247], [lr 0.001893], [time 0.0319]
07-14 18:43:43.635 [epoch 13], [iter 150 / 329 : 4426], [loss 1.393393], [lr 0.001886], [time 0.0319]
07-14 18:44:09.120 [epoch 13], [iter 200 / 329 : 4476], [loss 1.443898], [lr 0.001878], [time 0.0318]
07-14 18:44:34.676 [epoch 13], [iter 250 / 329 : 4526], [loss 1.387354], [lr 0.001871], [time 0.0319]
07-14 18:45:00.129 [epoch 13], [iter 300 / 329 : 4576], [loss 1.380145], [lr 0.001864], [time 0.0318]
07-14 18:45:15.696 Saved file to ./logs/2306/lraspp_agriseg_wildnet/07_14_18/last_None_epoch_13_mean-iu_0.00000.pth
07-14 18:45:43.145 [epoch 14], [iter 50 / 329 : 4655], [loss 1.364048], [lr 0.001853], [time 0.0319]
07-14 18:46:08.633 [epoch 14], [iter 100 / 329 : 4705], [loss 1.341428], [lr 0.001846], [time 0.0319]
07-14 18:46:34.104 [epoch 14], [iter 150 / 329 : 4755], [loss 1.403666], [lr 0.001839], [time 0.0318]
07-14 18:46:59.687 [epoch 14], [iter 200 / 329 : 4805], [loss 1.384627], [lr 0.001832], [time 0.0320]
07-14 18:47:25.146 [epoch 14], [iter 250 / 329 : 4855], [loss 1.370726], [lr 0.001825], [time 0.0318]
07-14 18:47:50.634 [epoch 14], [iter 300 / 329 : 4905], [loss 1.400286], [lr 0.001818], [time 0.0319]
07-14 18:48:05.947 Saved file to ./logs/2306/lraspp_agriseg_wildnet/07_14_18/last_None_epoch_14_mean-iu_0.00000.pth
07-14 18:48:33.505 [epoch 15], [iter 50 / 329 : 4984], [loss 1.373373], [lr 0.001807], [time 0.0322]
07-14 18:48:58.962 [epoch 15], [iter 100 / 329 : 5034], [loss 1.353504], [lr 0.001800], [time 0.0318]
07-14 18:49:24.444 [epoch 15], [iter 150 / 329 : 5084], [loss 1.390497], [lr 0.001792], [time 0.0318]
07-14 18:49:49.887 [epoch 15], [iter 200 / 329 : 5134], [loss 1.383232], [lr 0.001785], [time 0.0318]
07-14 18:50:15.335 [epoch 15], [iter 250 / 329 : 5184], [loss 1.390448], [lr 0.001778], [time 0.0318]
07-14 18:50:40.819 [epoch 15], [iter 300 / 329 : 5234], [loss 1.371498], [lr 0.001771], [time 0.0318]
07-14 18:50:56.042 Saved file to ./logs/2306/lraspp_agriseg_wildnet/07_14_18/last_None_epoch_15_mean-iu_0.00000.pth
07-14 18:51:23.618 [epoch 16], [iter 50 / 329 : 5313], [loss 1.382585], [lr 0.001760], [time 0.0319]
07-14 18:51:49.198 [epoch 16], [iter 100 / 329 : 5363], [loss 1.362947], [lr 0.001753], [time 0.0320]
07-14 18:52:14.658 [epoch 16], [iter 150 / 329 : 5413], [loss 1.351732], [lr 0.001746], [time 0.0318]
07-14 18:52:40.114 [epoch 16], [iter 200 / 329 : 5463], [loss 1.346406], [lr 0.001739], [time 0.0318]
07-14 18:53:05.634 [epoch 16], [iter 250 / 329 : 5513], [loss 1.404195], [lr 0.001731], [time 0.0319]
07-14 18:53:31.093 [epoch 16], [iter 300 / 329 : 5563], [loss 1.370405], [lr 0.001724], [time 0.0318]
07-14 18:53:46.516 Saved file to ./logs/2306/lraspp_agriseg_wildnet/07_14_18/last_None_epoch_16_mean-iu_0.00000.pth
07-14 18:54:13.982 [epoch 17], [iter 50 / 329 : 5642], [loss 1.350624], [lr 0.001713], [time 0.0321]
07-14 18:54:39.516 [epoch 17], [iter 100 / 329 : 5692], [loss 1.356600], [lr 0.001706], [time 0.0319]
07-14 18:55:04.982 [epoch 17], [iter 150 / 329 : 5742], [loss 1.372475], [lr 0.001699], [time 0.0318]
07-14 18:55:30.447 [epoch 17], [iter 200 / 329 : 5792], [loss 1.365433], [lr 0.001692], [time 0.0318]
07-14 18:55:55.940 [epoch 17], [iter 250 / 329 : 5842], [loss 1.361144], [lr 0.001684], [time 0.0319]
07-14 18:56:21.398 [epoch 17], [iter 300 / 329 : 5892], [loss 1.371439], [lr 0.001677], [time 0.0318]
07-14 18:56:36.673 Saved file to ./logs/2306/lraspp_agriseg_wildnet/07_14_18/last_None_epoch_17_mean-iu_0.00000.pth
07-14 18:57:04.371 [epoch 18], [iter 50 / 329 : 5971], [loss 1.397010], [lr 0.001666], [time 0.0320]
07-14 18:57:29.875 [epoch 18], [iter 100 / 329 : 6021], [loss 1.354112], [lr 0.001659], [time 0.0319]
07-14 18:57:55.344 [epoch 18], [iter 150 / 329 : 6071], [loss 1.342631], [lr 0.001652], [time 0.0318]
07-14 18:58:20.834 [epoch 18], [iter 200 / 329 : 6121], [loss 1.364615], [lr 0.001645], [time 0.0319]
07-14 18:58:46.306 [epoch 18], [iter 250 / 329 : 6171], [loss 1.374602], [lr 0.001637], [time 0.0318]
07-14 18:59:11.771 [epoch 18], [iter 300 / 329 : 6221], [loss 1.345777], [lr 0.001630], [time 0.0318]
07-14 18:59:27.055 Saved file to ./logs/2306/lraspp_agriseg_wildnet/07_14_18/last_None_epoch_18_mean-iu_0.00000.pth
07-14 18:59:54.557 [epoch 19], [iter 50 / 329 : 6300], [loss 1.369871], [lr 0.001619], [time 0.0320]
07-14 19:00:20.043 [epoch 19], [iter 100 / 329 : 6350], [loss 1.400231], [lr 0.001612], [time 0.0318]
07-14 19:00:45.625 [epoch 19], [iter 150 / 329 : 6400], [loss 1.382726], [lr 0.001605], [time 0.0320]
07-14 19:01:11.090 [epoch 19], [iter 200 / 329 : 6450], [loss 1.357201], [lr 0.001597], [time 0.0318]
07-14 19:01:36.587 [epoch 19], [iter 250 / 329 : 6500], [loss 1.340206], [lr 0.001590], [time 0.0319]
07-14 19:02:02.130 [epoch 19], [iter 300 / 329 : 6550], [loss 1.344173], [lr 0.001583], [time 0.0319]
07-14 19:02:17.361 Saved file to ./logs/2306/lraspp_agriseg_wildnet/07_14_18/last_None_epoch_19_mean-iu_0.00000.pth
07-14 19:02:44.631 [epoch 20], [iter 50 / 329 : 6629], [loss 1.336783], [lr 0.001572], [time 0.0319]
07-14 19:03:10.144 [epoch 20], [iter 100 / 329 : 6679], [loss 1.364802], [lr 0.001564], [time 0.0319]
07-14 19:03:35.599 [epoch 20], [iter 150 / 329 : 6729], [loss 1.401561], [lr 0.001557], [time 0.0318]
07-14 19:04:01.047 [epoch 20], [iter 200 / 329 : 6779], [loss 1.371214], [lr 0.001550], [time 0.0318]
07-14 19:04:26.560 [epoch 20], [iter 250 / 329 : 6829], [loss 1.326346], [lr 0.001543], [time 0.0319]
07-14 19:04:52.009 [epoch 20], [iter 300 / 329 : 6879], [loss 1.338219], [lr 0.001536], [time 0.0318]
07-14 19:05:07.232 Saved file to ./logs/2306/lraspp_agriseg_wildnet/07_14_18/last_None_epoch_20_mean-iu_0.00000.pth
07-14 19:05:34.542 [epoch 21], [iter 50 / 329 : 6958], [loss 1.356744], [lr 0.001524], [time 0.0321]
07-14 19:06:00.017 [epoch 21], [iter 100 / 329 : 7008], [loss 1.349459], [lr 0.001517], [time 0.0318]
07-14 19:06:25.524 [epoch 21], [iter 150 / 329 : 7058], [loss 1.322354], [lr 0.001510], [time 0.0319]
07-14 19:06:51.043 [epoch 21], [iter 200 / 329 : 7108], [loss 1.357018], [lr 0.001502], [time 0.0319]
07-14 19:07:16.534 [epoch 21], [iter 250 / 329 : 7158], [loss 1.368252], [lr 0.001495], [time 0.0319]
07-14 19:07:41.979 [epoch 21], [iter 300 / 329 : 7208], [loss 1.356643], [lr 0.001488], [time 0.0318]
07-14 19:07:57.202 Saved file to ./logs/2306/lraspp_agriseg_wildnet/07_14_18/last_None_epoch_21_mean-iu_0.00000.pth
07-14 19:08:24.513 [epoch 22], [iter 50 / 329 : 7287], [loss 1.327694], [lr 0.001476], [time 0.0323]
07-14 19:08:49.988 [epoch 22], [iter 100 / 329 : 7337], [loss 1.307740], [lr 0.001469], [time 0.0318]
07-14 19:09:15.519 [epoch 22], [iter 150 / 329 : 7387], [loss 1.360892], [lr 0.001462], [time 0.0319]
07-14 19:09:40.960 [epoch 22], [iter 200 / 329 : 7437], [loss 1.350685], [lr 0.001455], [time 0.0318]
07-14 19:10:06.460 [epoch 22], [iter 250 / 329 : 7487], [loss 1.382561], [lr 0.001447], [time 0.0319]
07-14 19:10:31.950 [epoch 22], [iter 300 / 329 : 7537], [loss 1.390564], [lr 0.001440], [time 0.0319]
07-14 19:10:47.184 Saved file to ./logs/2306/lraspp_agriseg_wildnet/07_14_18/last_None_epoch_22_mean-iu_0.00000.pth
07-14 19:11:14.300 [epoch 23], [iter 50 / 329 : 7616], [loss 1.371777], [lr 0.001429], [time 0.0322]
07-14 19:11:39.855 [epoch 23], [iter 100 / 329 : 7666], [loss 1.329340], [lr 0.001421], [time 0.0319]
07-14 19:12:05.324 [epoch 23], [iter 150 / 329 : 7716], [loss 1.333105], [lr 0.001414], [time 0.0318]
07-14 19:12:30.789 [epoch 23], [iter 200 / 329 : 7766], [loss 1.334479], [lr 0.001407], [time 0.0318]
07-14 19:12:56.247 [epoch 23], [iter 250 / 329 : 7816], [loss 1.352771], [lr 0.001400], [time 0.0318]
07-14 19:13:21.753 [epoch 23], [iter 300 / 329 : 7866], [loss 1.376450], [lr 0.001392], [time 0.0319]
07-14 19:13:37.002 Saved file to ./logs/2306/lraspp_agriseg_wildnet/07_14_18/last_None_epoch_23_mean-iu_0.00000.pth
07-14 19:14:04.234 [epoch 24], [iter 50 / 329 : 7945], [loss 1.369627], [lr 0.001381], [time 0.0320]
07-14 19:14:29.758 [epoch 24], [iter 100 / 329 : 7995], [loss 1.356026], [lr 0.001373], [time 0.0319]
07-14 19:14:55.236 [epoch 24], [iter 150 / 329 : 8045], [loss 1.344051], [lr 0.001366], [time 0.0318]
07-14 19:15:20.726 [epoch 24], [iter 200 / 329 : 8095], [loss 1.348320], [lr 0.001359], [time 0.0319]
07-14 19:15:46.236 [epoch 24], [iter 250 / 329 : 8145], [loss 1.329280], [lr 0.001351], [time 0.0319]
07-14 19:16:11.726 [epoch 24], [iter 300 / 329 : 8195], [loss 1.358475], [lr 0.001344], [time 0.0319]
07-14 19:16:26.955 Saved file to ./logs/2306/lraspp_agriseg_wildnet/07_14_18/last_None_epoch_24_mean-iu_0.00000.pth
07-14 19:16:54.245 [epoch 25], [iter 50 / 329 : 8274], [loss 1.319265], [lr 0.001333], [time 0.0320]
07-14 19:17:19.762 [epoch 25], [iter 100 / 329 : 8324], [loss 1.368952], [lr 0.001325], [time 0.0319]
07-14 19:17:45.306 [epoch 25], [iter 150 / 329 : 8374], [loss 1.355843], [lr 0.001318], [time 0.0319]
07-14 19:18:10.744 [epoch 25], [iter 200 / 329 : 8424], [loss 1.315248], [lr 0.001311], [time 0.0318]
07-14 19:18:36.232 [epoch 25], [iter 250 / 329 : 8474], [loss 1.341714], [lr 0.001303], [time 0.0319]
07-14 19:19:01.703 [epoch 25], [iter 300 / 329 : 8524], [loss 1.354826], [lr 0.001296], [time 0.0318]
07-14 19:19:16.963 Saved file to ./logs/2306/lraspp_agriseg_wildnet/07_14_18/last_None_epoch_25_mean-iu_0.00000.pth
07-14 19:19:44.245 [epoch 26], [iter 50 / 329 : 8603], [loss 1.307806], [lr 0.001284], [time 0.0321]
07-14 19:20:09.831 [epoch 26], [iter 100 / 329 : 8653], [loss 1.340064], [lr 0.001277], [time 0.0320]
07-14 19:20:35.345 [epoch 26], [iter 150 / 329 : 8703], [loss 1.355476], [lr 0.001269], [time 0.0319]
07-14 19:21:00.855 [epoch 26], [iter 200 / 329 : 8753], [loss 1.339762], [lr 0.001262], [time 0.0319]
07-14 19:21:26.346 [epoch 26], [iter 250 / 329 : 8803], [loss 1.338688], [lr 0.001255], [time 0.0319]
07-14 19:21:51.856 [epoch 26], [iter 300 / 329 : 8853], [loss 1.367395], [lr 0.001247], [time 0.0319]
07-14 19:22:07.108 Saved file to ./logs/2306/lraspp_agriseg_wildnet/07_14_18/last_None_epoch_26_mean-iu_0.00000.pth
07-14 19:22:34.285 [epoch 27], [iter 50 / 329 : 8932], [loss 1.351585], [lr 0.001236], [time 0.0321]
07-14 19:22:59.835 [epoch 27], [iter 100 / 329 : 8982], [loss 1.299828], [lr 0.001228], [time 0.0319]
07-14 19:23:25.366 [epoch 27], [iter 150 / 329 : 9032], [loss 1.384001], [lr 0.001221], [time 0.0319]
07-14 19:23:50.882 [epoch 27], [iter 200 / 329 : 9082], [loss 1.348047], [lr 0.001213], [time 0.0319]
07-14 19:24:16.382 [epoch 27], [iter 250 / 329 : 9132], [loss 1.310431], [lr 0.001206], [time 0.0319]
07-14 19:24:41.874 [epoch 27], [iter 300 / 329 : 9182], [loss 1.362619], [lr 0.001199], [time 0.0319]
07-14 19:24:57.126 Saved file to ./logs/2306/lraspp_agriseg_wildnet/07_14_18/last_None_epoch_27_mean-iu_0.00000.pth
07-14 19:25:24.505 [epoch 28], [iter 50 / 329 : 9261], [loss 1.346773], [lr 0.001187], [time 0.0321]
07-14 19:25:49.968 [epoch 28], [iter 100 / 329 : 9311], [loss 1.341959], [lr 0.001179], [time 0.0318]
07-14 19:26:15.449 [epoch 28], [iter 150 / 329 : 9361], [loss 1.322545], [lr 0.001172], [time 0.0318]
07-14 19:26:40.940 [epoch 28], [iter 200 / 329 : 9411], [loss 1.330135], [lr 0.001165], [time 0.0319]
07-14 19:27:06.438 [epoch 28], [iter 250 / 329 : 9461], [loss 1.328148], [lr 0.001157], [time 0.0319]
07-14 19:27:31.883 [epoch 28], [iter 300 / 329 : 9511], [loss 1.345915], [lr 0.001150], [time 0.0318]
07-14 19:27:47.161 Saved file to ./logs/2306/lraspp_agriseg_wildnet/07_14_18/last_None_epoch_28_mean-iu_0.00000.pth
07-14 19:28:14.392 [epoch 29], [iter 50 / 329 : 9590], [loss 1.308342], [lr 0.001138], [time 0.0319]
07-14 19:28:39.842 [epoch 29], [iter 100 / 329 : 9640], [loss 1.362147], [lr 0.001130], [time 0.0318]
07-14 19:29:05.310 [epoch 29], [iter 150 / 329 : 9690], [loss 1.346529], [lr 0.001123], [time 0.0318]
07-14 19:29:30.772 [epoch 29], [iter 200 / 329 : 9740], [loss 1.327449], [lr 0.001115], [time 0.0318]
07-14 19:29:56.224 [epoch 29], [iter 250 / 329 : 9790], [loss 1.324215], [lr 0.001108], [time 0.0318]
07-14 19:30:21.774 [epoch 29], [iter 300 / 329 : 9840], [loss 1.373299], [lr 0.001100], [time 0.0319]
07-14 19:30:36.996 Saved file to ./logs/2306/lraspp_agriseg_wildnet/07_14_18/last_None_epoch_29_mean-iu_0.00000.pth
07-14 19:31:04.356 [epoch 30], [iter 50 / 329 : 9919], [loss 1.372350], [lr 0.001089], [time 0.0321]
07-14 19:31:29.868 [epoch 30], [iter 100 / 329 : 9969], [loss 1.338614], [lr 0.001081], [time 0.0319]
07-14 19:31:55.333 [epoch 30], [iter 150 / 329 : 10019], [loss 1.365521], [lr 0.001074], [time 0.0318]
07-14 19:32:20.794 [epoch 30], [iter 200 / 329 : 10069], [loss 1.287599], [lr 0.001066], [time 0.0318]
07-14 19:32:46.338 [epoch 30], [iter 250 / 329 : 10119], [loss 1.359758], [lr 0.001059], [time 0.0319]
07-14 19:33:11.809 [epoch 30], [iter 300 / 329 : 10169], [loss 1.324594], [lr 0.001051], [time 0.0318]
07-14 19:33:27.037 Saved file to ./logs/2306/lraspp_agriseg_wildnet/07_14_18/last_None_epoch_30_mean-iu_0.00000.pth
07-14 19:33:54.338 [epoch 31], [iter 50 / 329 : 10248], [loss 1.350445], [lr 0.001039], [time 0.0322]
07-14 19:34:19.818 [epoch 31], [iter 100 / 329 : 10298], [loss 1.341486], [lr 0.001032], [time 0.0318]
07-14 19:34:45.258 [epoch 31], [iter 150 / 329 : 10348], [loss 1.357279], [lr 0.001024], [time 0.0318]
07-14 19:35:10.748 [epoch 31], [iter 200 / 329 : 10398], [loss 1.328987], [lr 0.001016], [time 0.0319]
07-14 19:35:36.242 [epoch 31], [iter 250 / 329 : 10448], [loss 1.340405], [lr 0.001009], [time 0.0319]
07-14 19:36:01.723 [epoch 31], [iter 300 / 329 : 10498], [loss 1.338749], [lr 0.001001], [time 0.0318]
07-14 19:36:16.932 Saved file to ./logs/2306/lraspp_agriseg_wildnet/07_14_18/last_None_epoch_31_mean-iu_0.00000.pth
07-14 19:36:44.185 [epoch 32], [iter 50 / 329 : 10577], [loss 1.310693], [lr 0.000989], [time 0.0322]
07-14 19:37:09.669 [epoch 32], [iter 100 / 329 : 10627], [loss 1.317704], [lr 0.000982], [time 0.0318]
07-14 19:37:35.148 [epoch 32], [iter 150 / 329 : 10677], [loss 1.364377], [lr 0.000974], [time 0.0318]
07-14 19:38:00.645 [epoch 32], [iter 200 / 329 : 10727], [loss 1.331358], [lr 0.000967], [time 0.0319]
07-14 19:38:26.154 [epoch 32], [iter 250 / 329 : 10777], [loss 1.329257], [lr 0.000959], [time 0.0319]
07-14 19:38:51.633 [epoch 32], [iter 300 / 329 : 10827], [loss 1.356633], [lr 0.000951], [time 0.0318]
07-14 19:39:06.932 Saved file to ./logs/2306/lraspp_agriseg_wildnet/07_14_18/last_None_epoch_32_mean-iu_0.00000.pth
07-14 19:39:34.180 [epoch 33], [iter 50 / 329 : 10906], [loss 1.346460], [lr 0.000939], [time 0.0319]
07-14 19:39:59.618 [epoch 33], [iter 100 / 329 : 10956], [loss 1.335180], [lr 0.000932], [time 0.0318]
07-14 19:40:25.104 [epoch 33], [iter 150 / 329 : 11006], [loss 1.311214], [lr 0.000924], [time 0.0319]
07-14 19:40:50.562 [epoch 33], [iter 200 / 329 : 11056], [loss 1.308166], [lr 0.000916], [time 0.0318]
07-14 19:41:16.040 [epoch 33], [iter 250 / 329 : 11106], [loss 1.359572], [lr 0.000909], [time 0.0318]
07-14 19:41:41.578 [epoch 33], [iter 300 / 329 : 11156], [loss 1.341948], [lr 0.000901], [time 0.0319]
07-14 19:41:56.832 Saved file to ./logs/2306/lraspp_agriseg_wildnet/07_14_18/last_None_epoch_33_mean-iu_0.00000.pth
07-14 19:42:24.072 [epoch 34], [iter 50 / 329 : 11235], [loss 1.325122], [lr 0.000889], [time 0.0320]
07-14 19:42:49.611 [epoch 34], [iter 100 / 329 : 11285], [loss 1.318717], [lr 0.000881], [time 0.0319]
07-14 19:43:15.080 [epoch 34], [iter 150 / 329 : 11335], [loss 1.311017], [lr 0.000874], [time 0.0318]
07-14 19:43:40.568 [epoch 34], [iter 200 / 329 : 11385], [loss 1.349137], [lr 0.000866], [time 0.0319]
07-14 19:44:06.107 [epoch 34], [iter 250 / 329 : 11435], [loss 1.331686], [lr 0.000858], [time 0.0319]
07-14 19:44:31.599 [epoch 34], [iter 300 / 329 : 11485], [loss 1.334801], [lr 0.000851], [time 0.0319]
07-14 19:44:46.835 Saved file to ./logs/2306/lraspp_agriseg_wildnet/07_14_18/last_None_epoch_34_mean-iu_0.00000.pth
07-14 19:45:14.123 [epoch 35], [iter 50 / 329 : 11564], [loss 1.288470], [lr 0.000838], [time 0.0319]
07-14 19:45:39.588 [epoch 35], [iter 100 / 329 : 11614], [loss 1.342665], [lr 0.000831], [time 0.0318]
07-14 19:46:05.051 [epoch 35], [iter 150 / 329 : 11664], [loss 1.318487], [lr 0.000823], [time 0.0318]
07-14 19:46:30.579 [epoch 35], [iter 200 / 329 : 11714], [loss 1.335484], [lr 0.000815], [time 0.0319]
07-14 19:46:56.062 [epoch 35], [iter 250 / 329 : 11764], [loss 1.326949], [lr 0.000807], [time 0.0318]
07-14 19:47:21.497 [epoch 35], [iter 300 / 329 : 11814], [loss 1.332074], [lr 0.000800], [time 0.0318]
07-14 19:47:36.712 Saved file to ./logs/2306/lraspp_agriseg_wildnet/07_14_18/last_None_epoch_35_mean-iu_0.00000.pth
07-14 19:48:03.968 [epoch 36], [iter 50 / 329 : 11893], [loss 1.324288], [lr 0.000787], [time 0.0319]
07-14 19:48:29.415 [epoch 36], [iter 100 / 329 : 11943], [loss 1.317844], [lr 0.000780], [time 0.0318]
07-14 19:48:54.968 [epoch 36], [iter 150 / 329 : 11993], [loss 1.344558], [lr 0.000772], [time 0.0319]
07-14 19:49:20.405 [epoch 36], [iter 200 / 329 : 12043], [loss 1.330442], [lr 0.000764], [time 0.0318]
07-14 19:49:45.869 [epoch 36], [iter 250 / 329 : 12093], [loss 1.343361], [lr 0.000756], [time 0.0318]
07-14 19:50:11.314 [epoch 36], [iter 300 / 329 : 12143], [loss 1.347946], [lr 0.000748], [time 0.0318]
07-14 19:50:26.543 Saved file to ./logs/2306/lraspp_agriseg_wildnet/07_14_18/last_None_epoch_36_mean-iu_0.00000.pth
07-14 19:50:53.749 [epoch 37], [iter 50 / 329 : 12222], [loss 1.323687], [lr 0.000736], [time 0.0319]
07-14 19:51:19.238 [epoch 37], [iter 100 / 329 : 12272], [loss 1.308315], [lr 0.000728], [time 0.0319]
07-14 19:51:44.713 [epoch 37], [iter 150 / 329 : 12322], [loss 1.390367], [lr 0.000720], [time 0.0318]
07-14 19:52:10.163 [epoch 37], [iter 200 / 329 : 12372], [loss 1.296878], [lr 0.000713], [time 0.0318]
07-14 19:52:35.602 [epoch 37], [iter 250 / 329 : 12422], [loss 1.318579], [lr 0.000705], [time 0.0318]
07-14 19:53:01.092 [epoch 37], [iter 300 / 329 : 12472], [loss 1.352614], [lr 0.000697], [time 0.0319]
07-14 19:53:16.318 Saved file to ./logs/2306/lraspp_agriseg_wildnet/07_14_18/last_None_epoch_37_mean-iu_0.00000.pth
07-14 19:53:43.519 [epoch 38], [iter 50 / 329 : 12551], [loss 1.301197], [lr 0.000684], [time 0.0321]
07-14 19:54:09.080 [epoch 38], [iter 100 / 329 : 12601], [loss 1.379943], [lr 0.000676], [time 0.0319]
07-14 19:54:34.528 [epoch 38], [iter 150 / 329 : 12651], [loss 1.321714], [lr 0.000668], [time 0.0318]
07-14 19:55:00.004 [epoch 38], [iter 200 / 329 : 12701], [loss 1.333324], [lr 0.000661], [time 0.0318]
07-14 19:55:25.488 [epoch 38], [iter 250 / 329 : 12751], [loss 1.304807], [lr 0.000653], [time 0.0318]
07-14 19:55:50.950 [epoch 38], [iter 300 / 329 : 12801], [loss 1.329582], [lr 0.000645], [time 0.0318]
07-14 19:56:06.167 Saved file to ./logs/2306/lraspp_agriseg_wildnet/07_14_18/last_None_epoch_38_mean-iu_0.00000.pth
07-14 19:56:33.471 [epoch 39], [iter 50 / 329 : 12880], [loss 1.349448], [lr 0.000632], [time 0.0319]
07-14 19:56:58.957 [epoch 39], [iter 100 / 329 : 12930], [loss 1.323588], [lr 0.000624], [time 0.0319]
07-14 19:57:24.415 [epoch 39], [iter 150 / 329 : 12980], [loss 1.335751], [lr 0.000616], [time 0.0318]
07-14 19:57:49.863 [epoch 39], [iter 200 / 329 : 13030], [loss 1.349665], [lr 0.000608], [time 0.0318]
07-14 19:58:15.304 [epoch 39], [iter 250 / 329 : 13080], [loss 1.331035], [lr 0.000600], [time 0.0318]
07-14 19:58:40.782 [epoch 39], [iter 300 / 329 : 13130], [loss 1.320272], [lr 0.000592], [time 0.0318]
07-14 19:58:56.074 Saved file to ./logs/2306/lraspp_agriseg_wildnet/07_14_18/last_None_epoch_39_mean-iu_0.00000.pth
07-14 19:59:23.319 [epoch 40], [iter 50 / 329 : 13209], [loss 1.318785], [lr 0.000579], [time 0.0320]
07-14 19:59:48.749 [epoch 40], [iter 100 / 329 : 13259], [loss 1.321031], [lr 0.000571], [time 0.0318]
07-14 20:00:14.268 [epoch 40], [iter 150 / 329 : 13309], [loss 1.348904], [lr 0.000563], [time 0.0319]
07-14 20:00:39.728 [epoch 40], [iter 200 / 329 : 13359], [loss 1.328679], [lr 0.000555], [time 0.0318]
07-14 20:01:05.206 [epoch 40], [iter 250 / 329 : 13409], [loss 1.310857], [lr 0.000547], [time 0.0318]
07-14 20:01:30.728 [epoch 40], [iter 300 / 329 : 13459], [loss 1.360869], [lr 0.000539], [time 0.0319]
07-14 20:01:45.947 Saved file to ./logs/2306/lraspp_agriseg_wildnet/07_14_18/last_None_epoch_40_mean-iu_0.00000.pth
07-14 20:02:13.163 [epoch 41], [iter 50 / 329 : 13538], [loss 1.304103], [lr 0.000526], [time 0.0320]
07-14 20:02:38.650 [epoch 41], [iter 100 / 329 : 13588], [loss 1.333264], [lr 0.000518], [time 0.0319]
07-14 20:03:04.097 [epoch 41], [iter 150 / 329 : 13638], [loss 1.316018], [lr 0.000510], [time 0.0318]
07-14 20:03:29.556 [epoch 41], [iter 200 / 329 : 13688], [loss 1.376800], [lr 0.000502], [time 0.0318]
07-14 20:03:55.051 [epoch 41], [iter 250 / 329 : 13738], [loss 1.354245], [lr 0.000494], [time 0.0319]
07-14 20:04:20.498 [epoch 41], [iter 300 / 329 : 13788], [loss 1.328517], [lr 0.000485], [time 0.0318]
07-14 20:04:35.735 Saved file to ./logs/2306/lraspp_agriseg_wildnet/07_14_18/last_None_epoch_41_mean-iu_0.00000.pth
07-14 20:05:02.946 [epoch 42], [iter 50 / 329 : 13867], [loss 1.308325], [lr 0.000472], [time 0.0322]
07-14 20:05:28.409 [epoch 42], [iter 100 / 329 : 13917], [loss 1.332936], [lr 0.000464], [time 0.0318]
07-14 20:05:53.862 [epoch 42], [iter 150 / 329 : 13967], [loss 1.351791], [lr 0.000456], [time 0.0318]
07-14 20:06:19.408 [epoch 42], [iter 200 / 329 : 14017], [loss 1.290268], [lr 0.000448], [time 0.0319]
07-14 20:06:44.875 [epoch 42], [iter 250 / 329 : 14067], [loss 1.360410], [lr 0.000439], [time 0.0318]
07-14 20:07:10.326 [epoch 42], [iter 300 / 329 : 14117], [loss 1.337232], [lr 0.000431], [time 0.0318]
07-14 20:07:25.553 Saved file to ./logs/2306/lraspp_agriseg_wildnet/07_14_18/last_None_epoch_42_mean-iu_0.00000.pth
07-14 20:07:52.898 [epoch 43], [iter 50 / 329 : 14196], [loss 1.361099], [lr 0.000418], [time 0.0320]
07-14 20:08:18.466 [epoch 43], [iter 100 / 329 : 14246], [loss 1.333013], [lr 0.000410], [time 0.0320]
07-14 20:08:43.966 [epoch 43], [iter 150 / 329 : 14296], [loss 1.330122], [lr 0.000401], [time 0.0319]
07-14 20:09:09.432 [epoch 43], [iter 200 / 329 : 14346], [loss 1.338287], [lr 0.000393], [time 0.0318]
07-14 20:09:34.878 [epoch 43], [iter 250 / 329 : 14396], [loss 1.311008], [lr 0.000384], [time 0.0318]
07-14 20:10:00.303 [epoch 43], [iter 300 / 329 : 14446], [loss 1.302096], [lr 0.000376], [time 0.0318]
07-14 20:10:15.590 Saved file to ./logs/2306/lraspp_agriseg_wildnet/07_14_18/last_None_epoch_43_mean-iu_0.00000.pth
07-14 20:10:43.029 [epoch 44], [iter 50 / 329 : 14525], [loss 1.290253], [lr 0.000363], [time 0.0320]
07-14 20:11:08.525 [epoch 44], [iter 100 / 329 : 14575], [loss 1.311777], [lr 0.000354], [time 0.0319]
07-14 20:11:34.003 [epoch 44], [iter 150 / 329 : 14625], [loss 1.357046], [lr 0.000346], [time 0.0318]
07-14 20:11:59.442 [epoch 44], [iter 200 / 329 : 14675], [loss 1.346964], [lr 0.000337], [time 0.0318]
07-14 20:12:24.865 [epoch 44], [iter 250 / 329 : 14725], [loss 1.339174], [lr 0.000328], [time 0.0318]
07-14 20:12:50.352 [epoch 44], [iter 300 / 329 : 14775], [loss 1.349136], [lr 0.000320], [time 0.0319]
07-14 20:13:05.614 Saved file to ./logs/2306/lraspp_agriseg_wildnet/07_14_18/last_None_epoch_44_mean-iu_0.00000.pth
07-14 20:13:32.792 [epoch 45], [iter 50 / 329 : 14854], [loss 1.309738], [lr 0.000306], [time 0.0320]
07-14 20:13:58.270 [epoch 45], [iter 100 / 329 : 14904], [loss 1.315367], [lr 0.000298], [time 0.0318]
07-14 20:14:23.758 [epoch 45], [iter 150 / 329 : 14954], [loss 1.324436], [lr 0.000289], [time 0.0319]
07-14 20:14:49.250 [epoch 45], [iter 200 / 329 : 15004], [loss 1.341381], [lr 0.000280], [time 0.0319]
07-14 20:15:14.756 [epoch 45], [iter 250 / 329 : 15054], [loss 1.312029], [lr 0.000272], [time 0.0319]
07-14 20:15:40.216 [epoch 45], [iter 300 / 329 : 15104], [loss 1.361732], [lr 0.000263], [time 0.0318]
07-14 20:15:55.558 Saved file to ./logs/2306/lraspp_agriseg_wildnet/07_14_18/last_None_epoch_45_mean-iu_0.00000.pth
07-14 20:16:22.880 [epoch 46], [iter 50 / 329 : 15183], [loss 1.337226], [lr 0.000249], [time 0.0320]
07-14 20:16:48.367 [epoch 46], [iter 100 / 329 : 15233], [loss 1.296577], [lr 0.000240], [time 0.0319]
07-14 20:17:13.867 [epoch 46], [iter 150 / 329 : 15283], [loss 1.348721], [lr 0.000231], [time 0.0319]
07-14 20:17:39.378 [epoch 46], [iter 200 / 329 : 15333], [loss 1.297074], [lr 0.000222], [time 0.0319]
07-14 20:18:04.822 [epoch 46], [iter 250 / 329 : 15383], [loss 1.304476], [lr 0.000213], [time 0.0318]
07-14 20:18:30.251 [epoch 46], [iter 300 / 329 : 15433], [loss 1.350663], [lr 0.000204], [time 0.0318]
07-14 20:18:45.612 Saved file to ./logs/2306/lraspp_agriseg_wildnet/07_14_18/last_None_epoch_46_mean-iu_0.00000.pth
07-14 20:19:13.162 [epoch 47], [iter 50 / 329 : 15512], [loss 1.318900], [lr 0.000190], [time 0.0320]
07-14 20:19:38.598 [epoch 47], [iter 100 / 329 : 15562], [loss 1.318803], [lr 0.000181], [time 0.0318]
07-14 20:20:04.059 [epoch 47], [iter 150 / 329 : 15612], [loss 1.367879], [lr 0.000172], [time 0.0318]
07-14 20:20:29.674 [epoch 47], [iter 200 / 329 : 15662], [loss 1.310154], [lr 0.000162], [time 0.0320]
07-14 20:20:55.132 [epoch 47], [iter 250 / 329 : 15712], [loss 1.370485], [lr 0.000153], [time 0.0318]
07-14 20:21:20.644 [epoch 47], [iter 300 / 329 : 15762], [loss 1.296704], [lr 0.000144], [time 0.0319]
07-14 20:21:35.852 Saved file to ./logs/2306/lraspp_agriseg_wildnet/07_14_18/last_None_epoch_47_mean-iu_0.00000.pth
07-14 20:22:03.172 [epoch 48], [iter 50 / 329 : 15841], [loss 1.356989], [lr 0.000129], [time 0.0319]
07-14 20:22:28.595 [epoch 48], [iter 100 / 329 : 15891], [loss 1.299539], [lr 0.000119], [time 0.0318]
07-14 20:22:54.037 [epoch 48], [iter 150 / 329 : 15941], [loss 1.355971], [lr 0.000110], [time 0.0318]
07-14 20:23:19.513 [epoch 48], [iter 200 / 329 : 15991], [loss 1.325242], [lr 0.000100], [time 0.0318]
07-14 20:23:44.971 [epoch 48], [iter 250 / 329 : 16041], [loss 1.289730], [lr 0.000090], [time 0.0318]
07-14 20:24:10.492 [epoch 48], [iter 300 / 329 : 16091], [loss 1.339922], [lr 0.000080], [time 0.0319]
07-14 20:24:25.702 Saved file to ./logs/2306/lraspp_agriseg_wildnet/07_14_18/last_None_epoch_48_mean-iu_0.00000.pth
07-14 20:24:53.201 [epoch 49], [iter 50 / 329 : 16170], [loss 1.307369], [lr 0.000064], [time 0.0321]
07-14 20:25:18.721 [epoch 49], [iter 100 / 329 : 16220], [loss 1.310919], [lr 0.000054], [time 0.0319]
07-14 20:25:44.199 [epoch 49], [iter 150 / 329 : 16270], [loss 1.319333], [lr 0.000043], [time 0.0318]
07-14 20:26:09.675 [epoch 49], [iter 200 / 329 : 16320], [loss 1.342993], [lr 0.000032], [time 0.0318]
07-14 20:26:35.165 [epoch 49], [iter 250 / 329 : 16370], [loss 1.355543], [lr 0.000021], [time 0.0319]
07-14 20:27:00.606 [epoch 49], [iter 300 / 329 : 16420], [loss 1.312896], [lr 0.000009], [time 0.0318]
07-14 20:27:15.856 Saved file to ./logs/2306/lraspp_agriseg_wildnet/07_14_18/last_None_epoch_49_mean-iu_0.00000.pth
07-14 20:27:16.289 validating: 1 / 5274
07-14 20:27:16.396 validating: 21 / 5274
07-14 20:27:16.497 validating: 41 / 5274
07-14 20:27:16.600 validating: 61 / 5274
07-14 20:27:16.696 validating: 81 / 5274
07-14 20:27:16.798 validating: 101 / 5274
07-14 20:27:16.898 validating: 121 / 5274
07-14 20:27:16.997 validating: 141 / 5274
07-14 20:27:17.094 validating: 161 / 5274
07-14 20:27:17.192 validating: 181 / 5274
07-14 20:27:17.290 validating: 201 / 5274
07-14 20:27:17.387 validating: 221 / 5274
07-14 20:27:17.485 validating: 241 / 5274
07-14 20:27:17.582 validating: 261 / 5274
07-14 20:27:17.681 validating: 281 / 5274
07-14 20:27:17.778 validating: 301 / 5274
07-14 20:27:17.875 validating: 321 / 5274
07-14 20:27:17.972 validating: 341 / 5274
07-14 20:27:18.068 validating: 361 / 5274
07-14 20:27:18.166 validating: 381 / 5274
07-14 20:27:18.263 validating: 401 / 5274
07-14 20:27:18.362 validating: 421 / 5274
07-14 20:27:18.459 validating: 441 / 5274
07-14 20:27:18.556 validating: 461 / 5274
07-14 20:27:18.653 validating: 481 / 5274
07-14 20:27:18.751 validating: 501 / 5274
07-14 20:27:18.849 validating: 521 / 5274
07-14 20:27:18.946 validating: 541 / 5274
07-14 20:27:19.044 validating: 561 / 5274
07-14 20:27:19.142 validating: 581 / 5274
07-14 20:27:19.239 validating: 601 / 5274
07-14 20:27:19.336 validating: 621 / 5274
07-14 20:27:19.433 validating: 641 / 5274
07-14 20:27:19.530 validating: 661 / 5274
07-14 20:27:19.628 validating: 681 / 5274
07-14 20:27:19.726 validating: 701 / 5274
07-14 20:27:19.824 validating: 721 / 5274
07-14 20:27:19.922 validating: 741 / 5274
07-14 20:27:20.018 validating: 761 / 5274
07-14 20:27:20.115 validating: 781 / 5274
07-14 20:27:20.214 validating: 801 / 5274
07-14 20:27:20.311 validating: 821 / 5274
07-14 20:27:20.408 validating: 841 / 5274
07-14 20:27:20.505 validating: 861 / 5274
07-14 20:27:20.602 validating: 881 / 5274
07-14 20:27:20.700 validating: 901 / 5274
07-14 20:27:20.798 validating: 921 / 5274
07-14 20:27:20.895 validating: 941 / 5274
07-14 20:27:20.992 validating: 961 / 5274
07-14 20:27:21.090 validating: 981 / 5274
07-14 20:27:21.187 validating: 1001 / 5274
07-14 20:27:21.283 validating: 1021 / 5274
07-14 20:27:21.380 validating: 1041 / 5274
07-14 20:27:21.479 validating: 1061 / 5274
07-14 20:27:21.577 validating: 1081 / 5274
07-14 20:27:21.675 validating: 1101 / 5274
07-14 20:27:21.773 validating: 1121 / 5274
07-14 20:27:21.871 validating: 1141 / 5274
07-14 20:27:21.969 validating: 1161 / 5274
07-14 20:27:22.065 validating: 1181 / 5274
07-14 20:27:22.163 validating: 1201 / 5274
07-14 20:27:22.262 validating: 1221 / 5274
07-14 20:27:22.358 validating: 1241 / 5274
07-14 20:27:22.454 validating: 1261 / 5274
07-14 20:27:22.553 validating: 1281 / 5274
07-14 20:27:22.652 validating: 1301 / 5274
07-14 20:27:22.752 validating: 1321 / 5274
07-14 20:27:22.851 validating: 1341 / 5274
07-14 20:27:22.949 validating: 1361 / 5274
07-14 20:27:23.045 validating: 1381 / 5274
07-14 20:27:23.142 validating: 1401 / 5274
07-14 20:27:23.240 validating: 1421 / 5274
07-14 20:27:23.337 validating: 1441 / 5274
07-14 20:27:23.435 validating: 1461 / 5274
07-14 20:27:23.532 validating: 1481 / 5274
07-14 20:27:23.631 validating: 1501 / 5274
07-14 20:27:23.730 validating: 1521 / 5274
07-14 20:27:23.828 validating: 1541 / 5274
07-14 20:27:23.925 validating: 1561 / 5274
07-14 20:27:24.025 validating: 1581 / 5274
07-14 20:27:24.129 validating: 1601 / 5274
07-14 20:27:24.228 validating: 1621 / 5274
07-14 20:27:24.325 validating: 1641 / 5274
07-14 20:27:24.422 validating: 1661 / 5274
07-14 20:27:24.520 validating: 1681 / 5274
07-14 20:27:24.618 validating: 1701 / 5274
07-14 20:27:24.719 validating: 1721 / 5274
07-14 20:27:24.816 validating: 1741 / 5274
07-14 20:27:24.913 validating: 1761 / 5274
07-14 20:27:25.010 validating: 1781 / 5274
07-14 20:27:25.109 validating: 1801 / 5274
07-14 20:27:25.208 validating: 1821 / 5274
07-14 20:27:25.305 validating: 1841 / 5274
07-14 20:27:25.402 validating: 1861 / 5274
07-14 20:27:25.499 validating: 1881 / 5274
07-14 20:27:25.596 validating: 1901 / 5274
07-14 20:27:25.695 validating: 1921 / 5274
07-14 20:27:25.793 validating: 1941 / 5274
07-14 20:27:25.892 validating: 1961 / 5274
07-14 20:27:25.989 validating: 1981 / 5274
07-14 20:27:26.086 validating: 2001 / 5274
07-14 20:27:26.187 validating: 2021 / 5274
07-14 20:27:26.287 validating: 2041 / 5274
07-14 20:27:26.384 validating: 2061 / 5274
07-14 20:27:26.483 validating: 2081 / 5274
07-14 20:27:26.583 validating: 2101 / 5274
07-14 20:27:26.681 validating: 2121 / 5274
07-14 20:27:26.779 validating: 2141 / 5274
07-14 20:27:26.879 validating: 2161 / 5274
07-14 20:27:26.976 validating: 2181 / 5274
07-14 20:27:27.075 validating: 2201 / 5274
07-14 20:27:27.175 validating: 2221 / 5274
07-14 20:27:27.278 validating: 2241 / 5274
07-14 20:27:27.376 validating: 2261 / 5274
07-14 20:27:27.479 validating: 2281 / 5274
07-14 20:27:27.578 validating: 2301 / 5274
07-14 20:27:27.676 validating: 2321 / 5274
07-14 20:27:27.775 validating: 2341 / 5274
07-14 20:27:27.872 validating: 2361 / 5274
07-14 20:27:27.970 validating: 2381 / 5274
07-14 20:27:28.067 validating: 2401 / 5274
07-14 20:27:28.167 validating: 2421 / 5274
07-14 20:27:28.267 validating: 2441 / 5274
07-14 20:27:28.364 validating: 2461 / 5274
07-14 20:27:28.461 validating: 2481 / 5274
07-14 20:27:28.558 validating: 2501 / 5274
07-14 20:27:28.655 validating: 2521 / 5274
07-14 20:27:28.751 validating: 2541 / 5274
07-14 20:27:28.847 validating: 2561 / 5274
07-14 20:27:28.944 validating: 2581 / 5274
07-14 20:27:29.042 validating: 2601 / 5274
07-14 20:27:29.139 validating: 2621 / 5274
07-14 20:27:29.235 validating: 2641 / 5274
07-14 20:27:29.331 validating: 2661 / 5274
07-14 20:27:29.431 validating: 2681 / 5274
07-14 20:27:29.528 validating: 2701 / 5274
07-14 20:27:29.625 validating: 2721 / 5274
07-14 20:27:29.721 validating: 2741 / 5274
07-14 20:27:29.818 validating: 2761 / 5274
07-14 20:27:29.917 validating: 2781 / 5274
07-14 20:27:30.019 validating: 2801 / 5274
07-14 20:27:30.115 validating: 2821 / 5274
07-14 20:27:30.212 validating: 2841 / 5274
07-14 20:27:30.311 validating: 2861 / 5274
07-14 20:27:30.410 validating: 2881 / 5274
07-14 20:27:30.508 validating: 2901 / 5274
07-14 20:27:30.604 validating: 2921 / 5274
07-14 20:27:30.704 validating: 2941 / 5274
07-14 20:27:30.802 validating: 2961 / 5274
07-14 20:27:30.899 validating: 2981 / 5274
07-14 20:27:30.996 validating: 3001 / 5274
07-14 20:27:31.092 validating: 3021 / 5274
07-14 20:27:31.189 validating: 3041 / 5274
07-14 20:27:31.287 validating: 3061 / 5274
07-14 20:27:31.385 validating: 3081 / 5274
07-14 20:27:31.482 validating: 3101 / 5274
07-14 20:27:31.580 validating: 3121 / 5274
07-14 20:27:31.677 validating: 3141 / 5274
07-14 20:27:31.774 validating: 3161 / 5274
07-14 20:27:31.871 validating: 3181 / 5274
07-14 20:27:31.969 validating: 3201 / 5274
07-14 20:27:32.069 validating: 3221 / 5274
07-14 20:27:32.166 validating: 3241 / 5274
07-14 20:27:32.268 validating: 3261 / 5274
07-14 20:27:32.365 validating: 3281 / 5274
07-14 20:27:32.461 validating: 3301 / 5274
07-14 20:27:32.559 validating: 3321 / 5274
07-14 20:27:32.656 validating: 3341 / 5274
07-14 20:27:32.754 validating: 3361 / 5274
07-14 20:27:32.851 validating: 3381 / 5274
07-14 20:27:32.948 validating: 3401 / 5274
07-14 20:27:33.046 validating: 3421 / 5274
07-14 20:27:33.146 validating: 3441 / 5274
07-14 20:27:33.242 validating: 3461 / 5274
07-14 20:27:33.339 validating: 3481 / 5274
07-14 20:27:33.438 validating: 3501 / 5274
07-14 20:27:33.535 validating: 3521 / 5274
07-14 20:27:33.634 validating: 3541 / 5274
07-14 20:27:33.731 validating: 3561 / 5274
07-14 20:27:33.830 validating: 3581 / 5274
07-14 20:27:33.930 validating: 3601 / 5274
07-14 20:27:34.032 validating: 3621 / 5274
07-14 20:27:34.130 validating: 3641 / 5274
07-14 20:27:34.231 validating: 3661 / 5274
07-14 20:27:34.329 validating: 3681 / 5274
07-14 20:27:34.429 validating: 3701 / 5274
07-14 20:27:34.531 validating: 3721 / 5274
07-14 20:27:34.631 validating: 3741 / 5274
07-14 20:27:34.730 validating: 3761 / 5274
07-14 20:27:34.829 validating: 3781 / 5274
07-14 20:27:34.929 validating: 3801 / 5274
07-14 20:27:35.028 validating: 3821 / 5274
07-14 20:27:35.128 validating: 3841 / 5274
07-14 20:27:35.227 validating: 3861 / 5274
07-14 20:27:35.326 validating: 3881 / 5274
07-14 20:27:35.425 validating: 3901 / 5274
07-14 20:27:35.528 validating: 3921 / 5274
07-14 20:27:35.628 validating: 3941 / 5274
07-14 20:27:35.728 validating: 3961 / 5274
07-14 20:27:35.827 validating: 3981 / 5274
07-14 20:27:35.924 validating: 4001 / 5274
07-14 20:27:36.021 validating: 4021 / 5274
07-14 20:27:36.119 validating: 4041 / 5274
07-14 20:27:36.217 validating: 4061 / 5274
07-14 20:27:36.316 validating: 4081 / 5274
07-14 20:27:36.415 validating: 4101 / 5274
07-14 20:27:36.515 validating: 4121 / 5274
07-14 20:27:36.612 validating: 4141 / 5274
07-14 20:27:36.710 validating: 4161 / 5274
07-14 20:27:36.808 validating: 4181 / 5274
07-14 20:27:36.905 validating: 4201 / 5274
07-14 20:27:37.003 validating: 4221 / 5274
07-14 20:27:37.100 validating: 4241 / 5274
07-14 20:27:37.198 validating: 4261 / 5274
07-14 20:27:37.296 validating: 4281 / 5274
07-14 20:27:37.393 validating: 4301 / 5274
07-14 20:27:37.491 validating: 4321 / 5274
07-14 20:27:37.590 validating: 4341 / 5274
07-14 20:27:37.686 validating: 4361 / 5274
07-14 20:27:37.783 validating: 4381 / 5274
07-14 20:27:37.880 validating: 4401 / 5274
07-14 20:27:37.977 validating: 4421 / 5274
07-14 20:27:38.074 validating: 4441 / 5274
07-14 20:27:38.172 validating: 4461 / 5274
07-14 20:27:38.269 validating: 4481 / 5274
07-14 20:27:38.369 validating: 4501 / 5274
07-14 20:27:38.469 validating: 4521 / 5274
07-14 20:27:38.568 validating: 4541 / 5274
07-14 20:27:38.668 validating: 4561 / 5274
07-14 20:27:38.766 validating: 4581 / 5274
07-14 20:27:38.862 validating: 4601 / 5274
07-14 20:27:38.959 validating: 4621 / 5274
07-14 20:27:39.056 validating: 4641 / 5274
07-14 20:27:39.153 validating: 4661 / 5274
07-14 20:27:39.251 validating: 4681 / 5274
07-14 20:27:39.348 validating: 4701 / 5274
07-14 20:27:39.444 validating: 4721 / 5274
07-14 20:27:39.542 validating: 4741 / 5274
07-14 20:27:39.650 validating: 4761 / 5274
07-14 20:27:39.798 validating: 4781 / 5274
07-14 20:27:39.928 validating: 4801 / 5274
07-14 20:27:40.058 validating: 4821 / 5274
07-14 20:27:40.185 validating: 4841 / 5274
07-14 20:27:40.320 validating: 4861 / 5274
07-14 20:27:40.459 validating: 4881 / 5274
07-14 20:27:40.592 validating: 4901 / 5274
07-14 20:27:40.725 validating: 4921 / 5274
07-14 20:27:40.860 validating: 4941 / 5274
07-14 20:27:40.990 validating: 4961 / 5274
07-14 20:27:41.125 validating: 4981 / 5274
07-14 20:27:41.258 validating: 5001 / 5274
07-14 20:27:41.391 validating: 5021 / 5274
07-14 20:27:41.523 validating: 5041 / 5274
07-14 20:27:41.654 validating: 5061 / 5274
07-14 20:27:41.773 validating: 5081 / 5274
07-14 20:27:41.871 validating: 5101 / 5274
07-14 20:27:41.969 validating: 5121 / 5274
07-14 20:27:42.067 validating: 5141 / 5274
07-14 20:27:42.166 validating: 5161 / 5274
07-14 20:27:42.276 validating: 5181 / 5274
07-14 20:27:42.424 validating: 5201 / 5274
07-14 20:27:42.570 validating: 5221 / 5274
07-14 20:27:42.696 validating: 5241 / 5274
07-14 20:27:42.812 validating: 5261 / 5274
07-14 20:27:42.943 Dataset name: tree_2
07-14 20:27:42.943 IoU:
07-14 20:27:42.943 label_id      label    iU    Precision Recall TP     FP    FN
07-14 20:27:42.943  0                0   100.0    1.0       1.0  100.0     0.0     0.0
07-14 20:27:42.943 mean 1.0
07-14 20:27:43.898 -----------------------------------------------------------------------------------------------------------
07-14 20:27:43.898 [epoch 50], [dataset name tree_2], [val loss 0.49887], [acc 1.00000], [acc_cls 1.00000], [mean_iu 1.00000], [fwavacc 1.00000]
07-14 20:27:43.898 best record: [dataset name tree_2], [val loss 0.49887], [acc 1.00000], [acc_cls 1.00000], [mean_iu 1.00000], [fwavacc 1.00000], [epoch 50], 
07-14 20:27:43.898 -----------------------------------------------------------------------------------------------------------
07-14 20:27:44.306 validating: 1 / 5274
07-14 20:27:44.452 validating: 21 / 5274
07-14 20:27:44.552 validating: 41 / 5274
07-14 20:27:44.649 validating: 61 / 5274
07-14 20:27:44.748 validating: 81 / 5274
07-14 20:27:44.845 validating: 101 / 5274
07-14 20:27:44.943 validating: 121 / 5274
07-14 20:27:45.040 validating: 141 / 5274
07-14 20:27:45.138 validating: 161 / 5274
07-14 20:27:45.235 validating: 181 / 5274
07-14 20:27:45.333 validating: 201 / 5274
07-14 20:27:45.431 validating: 221 / 5274
07-14 20:27:45.529 validating: 241 / 5274
07-14 20:27:45.626 validating: 261 / 5274
07-14 20:27:45.723 validating: 281 / 5274
07-14 20:27:45.821 validating: 301 / 5274
07-14 20:27:45.919 validating: 321 / 5274
07-14 20:27:46.016 validating: 341 / 5274
07-14 20:27:46.114 validating: 361 / 5274
07-14 20:27:46.212 validating: 381 / 5274
07-14 20:27:46.310 validating: 401 / 5274
07-14 20:27:46.408 validating: 421 / 5274
07-14 20:27:46.509 validating: 441 / 5274
07-14 20:27:46.612 validating: 461 / 5274
07-14 20:27:46.710 validating: 481 / 5274
07-14 20:27:46.807 validating: 501 / 5274
07-14 20:27:46.905 validating: 521 / 5274
07-14 20:27:47.003 validating: 541 / 5274
07-14 20:27:47.101 validating: 561 / 5274
07-14 20:27:47.199 validating: 581 / 5274
07-14 20:27:47.297 validating: 601 / 5274
07-14 20:27:47.394 validating: 621 / 5274
07-14 20:27:47.492 validating: 641 / 5274
07-14 20:27:47.589 validating: 661 / 5274
07-14 20:27:47.686 validating: 681 / 5274
07-14 20:27:47.784 validating: 701 / 5274
07-14 20:27:47.884 validating: 721 / 5274
07-14 20:27:47.986 validating: 741 / 5274
07-14 20:27:48.085 validating: 761 / 5274
07-14 20:27:48.182 validating: 781 / 5274
07-14 20:27:48.279 validating: 801 / 5274
07-14 20:27:48.377 validating: 821 / 5274
07-14 20:27:48.475 validating: 841 / 5274
07-14 20:27:48.574 validating: 861 / 5274
07-14 20:27:48.671 validating: 881 / 5274
07-14 20:27:48.769 validating: 901 / 5274
07-14 20:27:48.866 validating: 921 / 5274
07-14 20:27:48.965 validating: 941 / 5274
07-14 20:27:49.063 validating: 961 / 5274
07-14 20:27:49.161 validating: 981 / 5274
07-14 20:27:49.258 validating: 1001 / 5274
07-14 20:27:49.357 validating: 1021 / 5274
07-14 20:27:49.454 validating: 1041 / 5274
07-14 20:27:49.552 validating: 1061 / 5274
07-14 20:27:49.648 validating: 1081 / 5274
07-14 20:27:49.747 validating: 1101 / 5274
07-14 20:27:49.844 validating: 1121 / 5274
07-14 20:27:49.942 validating: 1141 / 5274
07-14 20:27:50.042 validating: 1161 / 5274
07-14 20:27:50.140 validating: 1181 / 5274
07-14 20:27:50.238 validating: 1201 / 5274
07-14 20:27:50.351 validating: 1221 / 5274
07-14 20:27:50.458 validating: 1241 / 5274
07-14 20:27:50.557 validating: 1261 / 5274
07-14 20:27:50.655 validating: 1281 / 5274
07-14 20:27:50.753 validating: 1301 / 5274
07-14 20:27:50.852 validating: 1321 / 5274
07-14 20:27:50.950 validating: 1341 / 5274
07-14 20:27:51.052 validating: 1361 / 5274
07-14 20:27:51.150 validating: 1381 / 5274
07-14 20:27:51.248 validating: 1401 / 5274
07-14 20:27:51.346 validating: 1421 / 5274
07-14 20:27:51.449 validating: 1441 / 5274
07-14 20:27:51.550 validating: 1461 / 5274
07-14 20:27:51.648 validating: 1481 / 5274
07-14 20:27:51.746 validating: 1501 / 5274
07-14 20:27:51.842 validating: 1521 / 5274
07-14 20:27:51.940 validating: 1541 / 5274
07-14 20:27:52.037 validating: 1561 / 5274
07-14 20:27:52.133 validating: 1581 / 5274
07-14 20:27:52.232 validating: 1601 / 5274
07-14 20:27:52.330 validating: 1621 / 5274
07-14 20:27:52.429 validating: 1641 / 5274
07-14 20:27:52.528 validating: 1661 / 5274
07-14 20:27:52.627 validating: 1681 / 5274
07-14 20:27:52.725 validating: 1701 / 5274
07-14 20:27:52.825 validating: 1721 / 5274
07-14 20:27:52.925 validating: 1741 / 5274
07-14 20:27:53.024 validating: 1761 / 5274
07-14 20:27:53.126 validating: 1781 / 5274
07-14 20:27:53.222 validating: 1801 / 5274
07-14 20:27:53.320 validating: 1821 / 5274
07-14 20:27:53.416 validating: 1841 / 5274
07-14 20:27:53.514 validating: 1861 / 5274
07-14 20:27:53.611 validating: 1881 / 5274
07-14 20:27:53.710 validating: 1901 / 5274
07-14 20:27:53.808 validating: 1921 / 5274
07-14 20:27:53.906 validating: 1941 / 5274
07-14 20:27:54.005 validating: 1961 / 5274
07-14 20:27:54.102 validating: 1981 / 5274
07-14 20:27:54.200 validating: 2001 / 5274
07-14 20:27:54.298 validating: 2021 / 5274
07-14 20:27:54.396 validating: 2041 / 5274
07-14 20:27:54.496 validating: 2061 / 5274
07-14 20:27:54.594 validating: 2081 / 5274
07-14 20:27:54.690 validating: 2101 / 5274
07-14 20:27:54.787 validating: 2121 / 5274
07-14 20:27:54.884 validating: 2141 / 5274
07-14 20:27:54.981 validating: 2161 / 5274
07-14 20:27:55.080 validating: 2181 / 5274
07-14 20:27:55.176 validating: 2201 / 5274
07-14 20:27:55.276 validating: 2221 / 5274
07-14 20:27:55.377 validating: 2241 / 5274
07-14 20:27:55.474 validating: 2261 / 5274
07-14 20:27:55.574 validating: 2281 / 5274
07-14 20:27:55.671 validating: 2301 / 5274
07-14 20:27:55.768 validating: 2321 / 5274
07-14 20:27:55.866 validating: 2341 / 5274
07-14 20:27:55.964 validating: 2361 / 5274
07-14 20:27:56.061 validating: 2381 / 5274
07-14 20:27:56.160 validating: 2401 / 5274
07-14 20:27:56.257 validating: 2421 / 5274
07-14 20:27:56.356 validating: 2441 / 5274
07-14 20:27:56.454 validating: 2461 / 5274
07-14 20:27:56.556 validating: 2481 / 5274
07-14 20:27:56.655 validating: 2501 / 5274
07-14 20:27:56.757 validating: 2521 / 5274
07-14 20:27:56.855 validating: 2541 / 5274
07-14 20:27:56.951 validating: 2561 / 5274
07-14 20:27:57.047 validating: 2581 / 5274
07-14 20:27:57.143 validating: 2601 / 5274
07-14 20:27:57.240 validating: 2621 / 5274
07-14 20:27:57.337 validating: 2641 / 5274
07-14 20:27:57.434 validating: 2661 / 5274
07-14 20:27:57.532 validating: 2681 / 5274
07-14 20:27:57.628 validating: 2701 / 5274
07-14 20:27:57.725 validating: 2721 / 5274
07-14 20:27:57.822 validating: 2741 / 5274
07-14 20:27:57.918 validating: 2761 / 5274
07-14 20:27:58.017 validating: 2781 / 5274
07-14 20:27:58.115 validating: 2801 / 5274
07-14 20:27:58.211 validating: 2821 / 5274
07-14 20:27:58.308 validating: 2841 / 5274
07-14 20:27:58.404 validating: 2861 / 5274
07-14 20:27:58.500 validating: 2881 / 5274
07-14 20:27:58.602 validating: 2901 / 5274
07-14 20:27:58.702 validating: 2921 / 5274
07-14 20:27:58.799 validating: 2941 / 5274
07-14 20:27:58.896 validating: 2961 / 5274
07-14 20:27:58.993 validating: 2981 / 5274
07-14 20:27:59.090 validating: 3001 / 5274
07-14 20:27:59.188 validating: 3021 / 5274
07-14 20:27:59.285 validating: 3041 / 5274
07-14 20:27:59.382 validating: 3061 / 5274
07-14 20:27:59.478 validating: 3081 / 5274
07-14 20:27:59.576 validating: 3101 / 5274
07-14 20:27:59.671 validating: 3121 / 5274
07-14 20:27:59.768 validating: 3141 / 5274
07-14 20:27:59.865 validating: 3161 / 5274
07-14 20:27:59.963 validating: 3181 / 5274
07-14 20:28:00.062 validating: 3201 / 5274
07-14 20:28:00.163 validating: 3221 / 5274
07-14 20:28:00.265 validating: 3241 / 5274
07-14 20:28:00.364 validating: 3261 / 5274
07-14 20:28:00.462 validating: 3281 / 5274
07-14 20:28:00.562 validating: 3301 / 5274
07-14 20:28:00.665 validating: 3321 / 5274
07-14 20:28:00.762 validating: 3341 / 5274
07-14 20:28:00.860 validating: 3361 / 5274
07-14 20:28:00.957 validating: 3381 / 5274
07-14 20:28:01.055 validating: 3401 / 5274
07-14 20:28:01.154 validating: 3421 / 5274
07-14 20:28:01.251 validating: 3441 / 5274
07-14 20:28:01.351 validating: 3461 / 5274
07-14 20:28:01.449 validating: 3481 / 5274
07-14 20:28:01.553 validating: 3501 / 5274
07-14 20:28:01.651 validating: 3521 / 5274
07-14 20:28:01.748 validating: 3541 / 5274
07-14 20:28:01.847 validating: 3561 / 5274
07-14 20:28:01.945 validating: 3581 / 5274
07-14 20:28:02.043 validating: 3601 / 5274
07-14 20:28:02.142 validating: 3621 / 5274
07-14 20:28:02.242 validating: 3641 / 5274
07-14 20:28:02.343 validating: 3661 / 5274
07-14 20:28:02.441 validating: 3681 / 5274
07-14 20:28:02.542 validating: 3701 / 5274
07-14 20:28:02.641 validating: 3721 / 5274
07-14 20:28:02.742 validating: 3741 / 5274
07-14 20:28:02.841 validating: 3761 / 5274
07-14 20:28:02.943 validating: 3781 / 5274
07-14 20:28:03.043 validating: 3801 / 5274
07-14 20:28:03.148 validating: 3821 / 5274
07-14 20:28:03.248 validating: 3841 / 5274
07-14 20:28:03.348 validating: 3861 / 5274
07-14 20:28:03.446 validating: 3881 / 5274
07-14 20:28:03.544 validating: 3901 / 5274
07-14 20:28:03.643 validating: 3921 / 5274
07-14 20:28:03.740 validating: 3941 / 5274
07-14 20:28:03.838 validating: 3961 / 5274
07-14 20:28:03.935 validating: 3981 / 5274
07-14 20:28:04.032 validating: 4001 / 5274
07-14 20:28:04.133 validating: 4021 / 5274
07-14 20:28:04.231 validating: 4041 / 5274
07-14 20:28:04.330 validating: 4061 / 5274
07-14 20:28:04.427 validating: 4081 / 5274
07-14 20:28:04.524 validating: 4101 / 5274
07-14 20:28:04.621 validating: 4121 / 5274
07-14 20:28:04.718 validating: 4141 / 5274
07-14 20:28:04.816 validating: 4161 / 5274
07-14 20:28:04.914 validating: 4181 / 5274
07-14 20:28:05.011 validating: 4201 / 5274
07-14 20:28:05.110 validating: 4221 / 5274
07-14 20:28:05.208 validating: 4241 / 5274
07-14 20:28:05.307 validating: 4261 / 5274
07-14 20:28:05.406 validating: 4281 / 5274
07-14 20:28:05.505 validating: 4301 / 5274
07-14 20:28:05.605 validating: 4321 / 5274
07-14 20:28:05.702 validating: 4341 / 5274
07-14 20:28:05.798 validating: 4361 / 5274
07-14 20:28:05.896 validating: 4381 / 5274
07-14 20:28:05.994 validating: 4401 / 5274
07-14 20:28:06.099 validating: 4421 / 5274
07-14 20:28:06.197 validating: 4441 / 5274
07-14 20:28:06.295 validating: 4461 / 5274
07-14 20:28:06.392 validating: 4481 / 5274
07-14 20:28:06.493 validating: 4501 / 5274
07-14 20:28:06.593 validating: 4521 / 5274
07-14 20:28:06.695 validating: 4541 / 5274
07-14 20:28:06.800 validating: 4561 / 5274
07-14 20:28:06.899 validating: 4581 / 5274
07-14 20:28:06.997 validating: 4601 / 5274
07-14 20:28:07.095 validating: 4621 / 5274
07-14 20:28:07.193 validating: 4641 / 5274
07-14 20:28:07.291 validating: 4661 / 5274
07-14 20:28:07.390 validating: 4681 / 5274
07-14 20:28:07.487 validating: 4701 / 5274
07-14 20:28:07.584 validating: 4721 / 5274
07-14 20:28:07.683 validating: 4741 / 5274
07-14 20:28:07.779 validating: 4761 / 5274
07-14 20:28:07.876 validating: 4781 / 5274
07-14 20:28:07.973 validating: 4801 / 5274
07-14 20:28:08.069 validating: 4821 / 5274
07-14 20:28:08.165 validating: 4841 / 5274
07-14 20:28:08.262 validating: 4861 / 5274
07-14 20:28:08.358 validating: 4881 / 5274
07-14 20:28:08.455 validating: 4901 / 5274
07-14 20:28:08.551 validating: 4921 / 5274
07-14 20:28:08.648 validating: 4941 / 5274
07-14 20:28:08.745 validating: 4961 / 5274
07-14 20:28:08.842 validating: 4981 / 5274
07-14 20:28:08.939 validating: 5001 / 5274
07-14 20:28:09.038 validating: 5021 / 5274
07-14 20:28:09.136 validating: 5041 / 5274
07-14 20:28:09.234 validating: 5061 / 5274
07-14 20:28:09.332 validating: 5081 / 5274
07-14 20:28:09.432 validating: 5101 / 5274
07-14 20:28:09.529 validating: 5121 / 5274
07-14 20:28:09.625 validating: 5141 / 5274
07-14 20:28:09.722 validating: 5161 / 5274
07-14 20:28:09.819 validating: 5181 / 5274
07-14 20:28:09.916 validating: 5201 / 5274
07-14 20:28:10.013 validating: 5221 / 5274
07-14 20:28:10.095 validating: 5241 / 5274
07-14 20:28:10.168 validating: 5261 / 5274
07-14 20:28:10.266 Dataset name: agriseg
07-14 20:28:10.266 IoU:
07-14 20:28:10.266 label_id      label    iU    Precision Recall TP     FP    FN
07-14 20:28:10.266  0                0   100.0    1.0       1.0  100.0     0.0     0.0
07-14 20:28:10.266 mean 1.0
07-14 20:28:10.266 -----------------------------------------------------------------------------------------------------------
07-14 20:28:10.266 [epoch 50], [dataset name agriseg], [val loss 0.50036], [acc 1.00000], [acc_cls 1.00000], [mean_iu 1.00000], [fwavacc 1.00000]
