07-15 00:40:20.534 ImageNet-train: 1281167 images
07-15 00:40:21.469 Model params = 5.941M
07-15 00:40:49.659 [epoch 0], [iter 50 / 329 : 49], [loss 2.788784], [lr 0.002493], [time 0.0331]
07-15 00:41:14.796 [epoch 0], [iter 100 / 329 : 99], [loss 2.243699], [lr 0.002486], [time 0.0314]
07-15 00:41:40.130 [epoch 0], [iter 150 / 329 : 149], [loss 2.095021], [lr 0.002480], [time 0.0317]
07-15 00:42:05.677 [epoch 0], [iter 200 / 329 : 199], [loss 1.992892], [lr 0.002473], [time 0.0319]
07-15 00:42:31.201 [epoch 0], [iter 250 / 329 : 249], [loss 1.858178], [lr 0.002466], [time 0.0319]
07-15 00:42:56.766 [epoch 0], [iter 300 / 329 : 299], [loss 1.843271], [lr 0.002459], [time 0.0319]
07-15 00:43:12.080 Saved file to ./logs/2306/lraspp_agriseg_wildnet/07_15_00/last_None_epoch_0_mean-iu_0.00000.pth
07-15 00:43:39.892 [epoch 1], [iter 50 / 329 : 378], [loss 1.775263], [lr 0.002448], [time 0.0320]
07-15 00:44:05.519 [epoch 1], [iter 100 / 329 : 428], [loss 1.727776], [lr 0.002441], [time 0.0320]
07-15 00:44:31.191 [epoch 1], [iter 150 / 329 : 478], [loss 1.674262], [lr 0.002435], [time 0.0321]
07-15 00:44:56.778 [epoch 1], [iter 200 / 329 : 528], [loss 1.697912], [lr 0.002428], [time 0.0320]
07-15 00:45:22.399 [epoch 1], [iter 250 / 329 : 578], [loss 1.739912], [lr 0.002421], [time 0.0320]
07-15 00:45:47.927 [epoch 1], [iter 300 / 329 : 628], [loss 1.666637], [lr 0.002414], [time 0.0319]
07-15 00:46:03.263 Saved file to ./logs/2306/lraspp_agriseg_wildnet/07_15_00/last_None_epoch_1_mean-iu_0.00000.pth
07-15 00:46:30.941 [epoch 2], [iter 50 / 329 : 707], [loss 1.610687], [lr 0.002403], [time 0.0323]
07-15 00:46:56.552 [epoch 2], [iter 100 / 329 : 757], [loss 1.636722], [lr 0.002396], [time 0.0320]
07-15 00:47:22.071 [epoch 2], [iter 150 / 329 : 807], [loss 1.634614], [lr 0.002389], [time 0.0319]
07-15 00:47:47.582 [epoch 2], [iter 200 / 329 : 857], [loss 1.622653], [lr 0.002382], [time 0.0319]
07-15 00:48:13.096 [epoch 2], [iter 250 / 329 : 907], [loss 1.590498], [lr 0.002376], [time 0.0319]
07-15 00:48:38.606 [epoch 2], [iter 300 / 329 : 957], [loss 1.541727], [lr 0.002369], [time 0.0319]
07-15 00:48:53.909 Saved file to ./logs/2306/lraspp_agriseg_wildnet/07_15_00/last_None_epoch_2_mean-iu_0.00000.pth
07-15 00:49:21.609 [epoch 3], [iter 50 / 329 : 1036], [loss 1.610835], [lr 0.002358], [time 0.0319]
07-15 00:49:47.133 [epoch 3], [iter 100 / 329 : 1086], [loss 1.544971], [lr 0.002351], [time 0.0319]
07-15 00:50:12.614 [epoch 3], [iter 150 / 329 : 1136], [loss 1.503377], [lr 0.002344], [time 0.0318]
07-15 00:50:38.149 [epoch 3], [iter 200 / 329 : 1186], [loss 1.535953], [lr 0.002337], [time 0.0319]
07-15 00:51:03.751 [epoch 3], [iter 250 / 329 : 1236], [loss 1.528578], [lr 0.002330], [time 0.0320]
07-15 00:51:29.322 [epoch 3], [iter 300 / 329 : 1286], [loss 1.532803], [lr 0.002323], [time 0.0320]
07-15 00:51:44.664 Saved file to ./logs/2306/lraspp_agriseg_wildnet/07_15_00/last_None_epoch_3_mean-iu_0.00000.pth
07-15 00:52:12.415 [epoch 4], [iter 50 / 329 : 1365], [loss 1.476652], [lr 0.002312], [time 0.0320]
07-15 00:52:37.972 [epoch 4], [iter 100 / 329 : 1415], [loss 1.517445], [lr 0.002306], [time 0.0319]
07-15 00:53:03.495 [epoch 4], [iter 150 / 329 : 1465], [loss 1.572495], [lr 0.002299], [time 0.0319]
07-15 00:53:29.095 [epoch 4], [iter 200 / 329 : 1515], [loss 1.555693], [lr 0.002292], [time 0.0320]
07-15 00:53:54.637 [epoch 4], [iter 250 / 329 : 1565], [loss 1.461299], [lr 0.002285], [time 0.0319]
07-15 00:54:20.227 [epoch 4], [iter 300 / 329 : 1615], [loss 1.483339], [lr 0.002278], [time 0.0320]
07-15 00:54:35.600 Saved file to ./logs/2306/lraspp_agriseg_wildnet/07_15_00/last_None_epoch_4_mean-iu_0.00000.pth
07-15 00:55:03.349 [epoch 5], [iter 50 / 329 : 1694], [loss 1.543396], [lr 0.002267], [time 0.0323]
07-15 00:55:28.927 [epoch 5], [iter 100 / 329 : 1744], [loss 1.489272], [lr 0.002260], [time 0.0320]
07-15 00:55:54.549 [epoch 5], [iter 150 / 329 : 1794], [loss 1.458151], [lr 0.002253], [time 0.0320]
07-15 00:56:20.169 [epoch 5], [iter 200 / 329 : 1844], [loss 1.441959], [lr 0.002246], [time 0.0320]
07-15 00:56:45.692 [epoch 5], [iter 250 / 329 : 1894], [loss 1.463602], [lr 0.002239], [time 0.0319]
07-15 00:57:11.283 [epoch 5], [iter 300 / 329 : 1944], [loss 1.518239], [lr 0.002232], [time 0.0320]
07-15 00:57:26.627 Saved file to ./logs/2306/lraspp_agriseg_wildnet/07_15_00/last_None_epoch_5_mean-iu_0.00000.pth
07-15 00:57:54.392 [epoch 6], [iter 50 / 329 : 2023], [loss 1.466511], [lr 0.002222], [time 0.0320]
07-15 00:58:19.959 [epoch 6], [iter 100 / 329 : 2073], [loss 1.466663], [lr 0.002215], [time 0.0320]
07-15 00:58:45.492 [epoch 6], [iter 150 / 329 : 2123], [loss 1.503090], [lr 0.002208], [time 0.0319]
07-15 00:59:11.021 [epoch 6], [iter 200 / 329 : 2173], [loss 1.436454], [lr 0.002201], [time 0.0319]
07-15 00:59:36.553 [epoch 6], [iter 250 / 329 : 2223], [loss 1.450147], [lr 0.002194], [time 0.0319]
07-15 01:00:02.086 [epoch 6], [iter 300 / 329 : 2273], [loss 1.457638], [lr 0.002187], [time 0.0319]
07-15 01:00:17.411 Saved file to ./logs/2306/lraspp_agriseg_wildnet/07_15_00/last_None_epoch_6_mean-iu_0.00000.pth
07-15 01:00:45.262 [epoch 7], [iter 50 / 329 : 2352], [loss 1.434380], [lr 0.002176], [time 0.0323]
07-15 01:01:10.883 [epoch 7], [iter 100 / 329 : 2402], [loss 1.449245], [lr 0.002169], [time 0.0320]
07-15 01:01:36.475 [epoch 7], [iter 150 / 329 : 2452], [loss 1.434862], [lr 0.002162], [time 0.0320]
07-15 01:02:02.097 [epoch 7], [iter 200 / 329 : 2502], [loss 1.454584], [lr 0.002155], [time 0.0320]
07-15 01:02:27.624 [epoch 7], [iter 250 / 329 : 2552], [loss 1.474909], [lr 0.002148], [time 0.0319]
07-15 01:02:53.151 [epoch 7], [iter 300 / 329 : 2602], [loss 1.464110], [lr 0.002141], [time 0.0319]
07-15 01:03:08.604 Saved file to ./logs/2306/lraspp_agriseg_wildnet/07_15_00/last_None_epoch_7_mean-iu_0.00000.pth
07-15 01:03:36.357 [epoch 8], [iter 50 / 329 : 2681], [loss 1.464544], [lr 0.002130], [time 0.0321]
07-15 01:04:01.902 [epoch 8], [iter 100 / 329 : 2731], [loss 1.441788], [lr 0.002123], [time 0.0319]
07-15 01:04:27.552 [epoch 8], [iter 150 / 329 : 2781], [loss 1.437523], [lr 0.002116], [time 0.0321]
07-15 01:04:53.202 [epoch 8], [iter 200 / 329 : 2831], [loss 1.458268], [lr 0.002109], [time 0.0321]
07-15 01:05:18.815 [epoch 8], [iter 250 / 329 : 2881], [loss 1.419045], [lr 0.002102], [time 0.0320]
07-15 01:05:44.414 [epoch 8], [iter 300 / 329 : 2931], [loss 1.443800], [lr 0.002095], [time 0.0320]
07-15 01:05:59.782 Saved file to ./logs/2306/lraspp_agriseg_wildnet/07_15_00/last_None_epoch_8_mean-iu_0.00000.pth
07-15 01:06:27.498 [epoch 9], [iter 50 / 329 : 3010], [loss 1.395799], [lr 0.002084], [time 0.0319]
07-15 01:06:53.031 [epoch 9], [iter 100 / 329 : 3060], [loss 1.424131], [lr 0.002077], [time 0.0319]
07-15 01:07:18.649 [epoch 9], [iter 150 / 329 : 3110], [loss 1.444213], [lr 0.002070], [time 0.0320]
07-15 01:07:44.216 [epoch 9], [iter 200 / 329 : 3160], [loss 1.473239], [lr 0.002063], [time 0.0320]
07-15 01:08:09.899 [epoch 9], [iter 250 / 329 : 3210], [loss 1.412497], [lr 0.002056], [time 0.0321]
07-15 01:08:35.457 [epoch 9], [iter 300 / 329 : 3260], [loss 1.425494], [lr 0.002049], [time 0.0319]
07-15 01:08:50.814 Saved file to ./logs/2306/lraspp_agriseg_wildnet/07_15_00/last_None_epoch_9_mean-iu_0.00000.pth
07-15 01:09:18.522 [epoch 10], [iter 50 / 329 : 3339], [loss 1.413651], [lr 0.002038], [time 0.0321]
07-15 01:09:44.094 [epoch 10], [iter 100 / 329 : 3389], [loss 1.436336], [lr 0.002031], [time 0.0320]
07-15 01:10:09.628 [epoch 10], [iter 150 / 329 : 3439], [loss 1.402836], [lr 0.002024], [time 0.0319]
07-15 01:10:35.237 [epoch 10], [iter 200 / 329 : 3489], [loss 1.446225], [lr 0.002017], [time 0.0320]
07-15 01:11:00.786 [epoch 10], [iter 250 / 329 : 3539], [loss 1.416853], [lr 0.002010], [time 0.0319]
07-15 01:11:26.340 [epoch 10], [iter 300 / 329 : 3589], [loss 1.404404], [lr 0.002003], [time 0.0319]
07-15 01:11:41.681 Saved file to ./logs/2306/lraspp_agriseg_wildnet/07_15_00/last_None_epoch_10_mean-iu_0.00000.pth
07-15 01:12:09.435 [epoch 11], [iter 50 / 329 : 3668], [loss 1.397809], [lr 0.001992], [time 0.0320]
07-15 01:12:34.995 [epoch 11], [iter 100 / 329 : 3718], [loss 1.409687], [lr 0.001985], [time 0.0319]
07-15 01:13:00.682 [epoch 11], [iter 150 / 329 : 3768], [loss 1.403696], [lr 0.001978], [time 0.0321]
07-15 01:13:26.291 [epoch 11], [iter 200 / 329 : 3818], [loss 1.398205], [lr 0.001971], [time 0.0320]
07-15 01:13:51.853 [epoch 11], [iter 250 / 329 : 3868], [loss 1.431314], [lr 0.001964], [time 0.0319]
07-15 01:14:17.374 [epoch 11], [iter 300 / 329 : 3918], [loss 1.399655], [lr 0.001957], [time 0.0319]
07-15 01:14:32.720 Saved file to ./logs/2306/lraspp_agriseg_wildnet/07_15_00/last_None_epoch_11_mean-iu_0.00000.pth
07-15 01:15:00.460 [epoch 12], [iter 50 / 329 : 3997], [loss 1.456662], [lr 0.001946], [time 0.0322]
07-15 01:15:26.061 [epoch 12], [iter 100 / 329 : 4047], [loss 1.385948], [lr 0.001939], [time 0.0320]
07-15 01:15:51.683 [epoch 12], [iter 150 / 329 : 4097], [loss 1.392771], [lr 0.001932], [time 0.0320]
07-15 01:16:17.268 [epoch 12], [iter 200 / 329 : 4147], [loss 1.419882], [lr 0.001925], [time 0.0320]
07-15 01:16:42.860 [epoch 12], [iter 250 / 329 : 4197], [loss 1.402475], [lr 0.001918], [time 0.0320]
07-15 01:17:08.450 [epoch 12], [iter 300 / 329 : 4247], [loss 1.370770], [lr 0.001911], [time 0.0320]
07-15 01:17:23.804 Saved file to ./logs/2306/lraspp_agriseg_wildnet/07_15_00/last_None_epoch_12_mean-iu_0.00000.pth
07-15 01:17:51.630 [epoch 13], [iter 50 / 329 : 4326], [loss 1.336448], [lr 0.001900], [time 0.0319]
07-15 01:18:17.283 [epoch 13], [iter 100 / 329 : 4376], [loss 1.373071], [lr 0.001893], [time 0.0321]
07-15 01:18:42.811 [epoch 13], [iter 150 / 329 : 4426], [loss 1.402462], [lr 0.001886], [time 0.0319]
07-15 01:19:08.327 [epoch 13], [iter 200 / 329 : 4476], [loss 1.452880], [lr 0.001878], [time 0.0319]
07-15 01:19:33.887 [epoch 13], [iter 250 / 329 : 4526], [loss 1.397861], [lr 0.001871], [time 0.0319]
07-15 01:19:59.404 [epoch 13], [iter 300 / 329 : 4576], [loss 1.389395], [lr 0.001864], [time 0.0319]
07-15 01:20:14.754 Saved file to ./logs/2306/lraspp_agriseg_wildnet/07_15_00/last_None_epoch_13_mean-iu_0.00000.pth
07-15 01:20:42.612 [epoch 14], [iter 50 / 329 : 4655], [loss 1.371456], [lr 0.001853], [time 0.0320]
07-15 01:21:08.197 [epoch 14], [iter 100 / 329 : 4705], [loss 1.348408], [lr 0.001846], [time 0.0320]
07-15 01:21:33.744 [epoch 14], [iter 150 / 329 : 4755], [loss 1.413047], [lr 0.001839], [time 0.0319]
07-15 01:21:59.313 [epoch 14], [iter 200 / 329 : 4805], [loss 1.392649], [lr 0.001832], [time 0.0320]
07-15 01:22:24.845 [epoch 14], [iter 250 / 329 : 4855], [loss 1.379333], [lr 0.001825], [time 0.0319]
07-15 01:22:50.396 [epoch 14], [iter 300 / 329 : 4905], [loss 1.406686], [lr 0.001818], [time 0.0319]
07-15 01:23:05.783 Saved file to ./logs/2306/lraspp_agriseg_wildnet/07_15_00/last_None_epoch_14_mean-iu_0.00000.pth
07-15 01:23:33.608 [epoch 15], [iter 50 / 329 : 4984], [loss 1.379007], [lr 0.001807], [time 0.0324]
07-15 01:23:59.184 [epoch 15], [iter 100 / 329 : 5034], [loss 1.360382], [lr 0.001800], [time 0.0320]
07-15 01:24:24.778 [epoch 15], [iter 150 / 329 : 5084], [loss 1.396568], [lr 0.001792], [time 0.0320]
07-15 01:24:50.330 [epoch 15], [iter 200 / 329 : 5134], [loss 1.389590], [lr 0.001785], [time 0.0319]
07-15 01:25:15.853 [epoch 15], [iter 250 / 329 : 5184], [loss 1.398741], [lr 0.001778], [time 0.0319]
07-15 01:25:41.451 [epoch 15], [iter 300 / 329 : 5234], [loss 1.378128], [lr 0.001771], [time 0.0320]
07-15 01:25:56.808 Saved file to ./logs/2306/lraspp_agriseg_wildnet/07_15_00/last_None_epoch_15_mean-iu_0.00000.pth
07-15 01:26:24.586 [epoch 16], [iter 50 / 329 : 5313], [loss 1.389486], [lr 0.001760], [time 0.0322]
07-15 01:26:50.162 [epoch 16], [iter 100 / 329 : 5363], [loss 1.369378], [lr 0.001753], [time 0.0320]
07-15 01:27:15.756 [epoch 16], [iter 150 / 329 : 5413], [loss 1.356416], [lr 0.001746], [time 0.0320]
07-15 01:27:41.349 [epoch 16], [iter 200 / 329 : 5463], [loss 1.351807], [lr 0.001739], [time 0.0320]
07-15 01:28:06.998 [epoch 16], [iter 250 / 329 : 5513], [loss 1.409472], [lr 0.001731], [time 0.0321]
07-15 01:28:32.511 [epoch 16], [iter 300 / 329 : 5563], [loss 1.375569], [lr 0.001724], [time 0.0319]
07-15 01:28:47.882 Saved file to ./logs/2306/lraspp_agriseg_wildnet/07_15_00/last_None_epoch_16_mean-iu_0.00000.pth
07-15 01:29:15.687 [epoch 17], [iter 50 / 329 : 5642], [loss 1.356553], [lr 0.001713], [time 0.0320]
07-15 01:29:41.279 [epoch 17], [iter 100 / 329 : 5692], [loss 1.360999], [lr 0.001706], [time 0.0320]
07-15 01:30:06.870 [epoch 17], [iter 150 / 329 : 5742], [loss 1.377070], [lr 0.001699], [time 0.0320]
07-15 01:30:32.514 [epoch 17], [iter 200 / 329 : 5792], [loss 1.369820], [lr 0.001692], [time 0.0320]
07-15 01:30:58.042 [epoch 17], [iter 250 / 329 : 5842], [loss 1.364366], [lr 0.001684], [time 0.0319]
07-15 01:31:23.605 [epoch 17], [iter 300 / 329 : 5892], [loss 1.375033], [lr 0.001677], [time 0.0319]
07-15 01:31:38.929 Saved file to ./logs/2306/lraspp_agriseg_wildnet/07_15_00/last_None_epoch_17_mean-iu_0.00000.pth
07-15 01:32:06.840 [epoch 18], [iter 50 / 329 : 5971], [loss 1.400356], [lr 0.001666], [time 0.0320]
07-15 01:32:32.430 [epoch 18], [iter 100 / 329 : 6021], [loss 1.356408], [lr 0.001659], [time 0.0320]
07-15 01:32:58.010 [epoch 18], [iter 150 / 329 : 6071], [loss 1.345568], [lr 0.001652], [time 0.0320]
07-15 01:33:23.651 [epoch 18], [iter 200 / 329 : 6121], [loss 1.368764], [lr 0.001645], [time 0.0320]
07-15 01:33:49.219 [epoch 18], [iter 250 / 329 : 6171], [loss 1.378204], [lr 0.001637], [time 0.0320]
07-15 01:34:14.828 [epoch 18], [iter 300 / 329 : 6221], [loss 1.348723], [lr 0.001630], [time 0.0320]
07-15 01:34:30.229 Saved file to ./logs/2306/lraspp_agriseg_wildnet/07_15_00/last_None_epoch_18_mean-iu_0.00000.pth
07-15 01:34:58.014 [epoch 19], [iter 50 / 329 : 6300], [loss 1.371353], [lr 0.001619], [time 0.0320]
07-15 01:35:23.558 [epoch 19], [iter 100 / 329 : 6350], [loss 1.400742], [lr 0.001612], [time 0.0319]
07-15 01:35:49.169 [epoch 19], [iter 150 / 329 : 6400], [loss 1.384959], [lr 0.001605], [time 0.0320]
07-15 01:36:14.736 [epoch 19], [iter 200 / 329 : 6450], [loss 1.359634], [lr 0.001597], [time 0.0320]
07-15 01:36:40.320 [epoch 19], [iter 250 / 329 : 6500], [loss 1.341520], [lr 0.001590], [time 0.0320]
07-15 01:37:05.894 [epoch 19], [iter 300 / 329 : 6550], [loss 1.345262], [lr 0.001583], [time 0.0320]
07-15 01:37:21.226 Saved file to ./logs/2306/lraspp_agriseg_wildnet/07_15_00/last_None_epoch_19_mean-iu_0.00000.pth
07-15 01:37:48.988 [epoch 20], [iter 50 / 329 : 6629], [loss 1.337025], [lr 0.001572], [time 0.0320]
07-15 01:38:14.631 [epoch 20], [iter 100 / 329 : 6679], [loss 1.366792], [lr 0.001564], [time 0.0320]
07-15 01:38:40.244 [epoch 20], [iter 150 / 329 : 6729], [loss 1.403109], [lr 0.001557], [time 0.0320]
07-15 01:39:05.811 [epoch 20], [iter 200 / 329 : 6779], [loss 1.372915], [lr 0.001550], [time 0.0320]
07-15 01:39:31.401 [epoch 20], [iter 250 / 329 : 6829], [loss 1.328085], [lr 0.001543], [time 0.0320]
07-15 01:39:56.928 [epoch 20], [iter 300 / 329 : 6879], [loss 1.339878], [lr 0.001536], [time 0.0319]
07-15 01:40:12.253 Saved file to ./logs/2306/lraspp_agriseg_wildnet/07_15_00/last_None_epoch_20_mean-iu_0.00000.pth
07-15 01:40:40.084 [epoch 21], [iter 50 / 329 : 6958], [loss 1.358232], [lr 0.001524], [time 0.0322]
07-15 01:41:05.626 [epoch 21], [iter 100 / 329 : 7008], [loss 1.351106], [lr 0.001517], [time 0.0319]
07-15 01:41:31.207 [epoch 21], [iter 150 / 329 : 7058], [loss 1.324185], [lr 0.001510], [time 0.0320]
07-15 01:41:56.789 [epoch 21], [iter 200 / 329 : 7108], [loss 1.358908], [lr 0.001502], [time 0.0320]
07-15 01:42:22.352 [epoch 21], [iter 250 / 329 : 7158], [loss 1.369372], [lr 0.001495], [time 0.0319]
07-15 01:42:47.879 [epoch 21], [iter 300 / 329 : 7208], [loss 1.358996], [lr 0.001488], [time 0.0319]
07-15 01:43:03.311 Saved file to ./logs/2306/lraspp_agriseg_wildnet/07_15_00/last_None_epoch_21_mean-iu_0.00000.pth
07-15 01:43:31.113 [epoch 22], [iter 50 / 329 : 7287], [loss 1.329973], [lr 0.001476], [time 0.0320]
07-15 01:43:56.641 [epoch 22], [iter 100 / 329 : 7337], [loss 1.309944], [lr 0.001469], [time 0.0319]
07-15 01:44:22.221 [epoch 22], [iter 150 / 329 : 7387], [loss 1.363683], [lr 0.001462], [time 0.0320]
07-15 01:44:47.747 [epoch 22], [iter 200 / 329 : 7437], [loss 1.353184], [lr 0.001455], [time 0.0319]
07-15 01:45:13.367 [epoch 22], [iter 250 / 329 : 7487], [loss 1.384356], [lr 0.001447], [time 0.0320]
07-15 01:45:38.972 [epoch 22], [iter 300 / 329 : 7537], [loss 1.392747], [lr 0.001440], [time 0.0320]
07-15 01:45:54.304 Saved file to ./logs/2306/lraspp_agriseg_wildnet/07_15_00/last_None_epoch_22_mean-iu_0.00000.pth
07-15 01:46:22.038 [epoch 23], [iter 50 / 329 : 7616], [loss 1.374854], [lr 0.001429], [time 0.0322]
07-15 01:46:47.563 [epoch 23], [iter 100 / 329 : 7666], [loss 1.331645], [lr 0.001421], [time 0.0319]
07-15 01:47:13.111 [epoch 23], [iter 150 / 329 : 7716], [loss 1.333958], [lr 0.001414], [time 0.0319]
07-15 01:47:38.695 [epoch 23], [iter 200 / 329 : 7766], [loss 1.337024], [lr 0.001407], [time 0.0320]
07-15 01:48:04.324 [epoch 23], [iter 250 / 329 : 7816], [loss 1.355598], [lr 0.001400], [time 0.0320]
07-15 01:48:29.850 [epoch 23], [iter 300 / 329 : 7866], [loss 1.378337], [lr 0.001392], [time 0.0319]
07-15 01:48:45.218 Saved file to ./logs/2306/lraspp_agriseg_wildnet/07_15_00/last_None_epoch_23_mean-iu_0.00000.pth
07-15 01:49:12.934 [epoch 24], [iter 50 / 329 : 7945], [loss 1.371907], [lr 0.001381], [time 0.0323]
07-15 01:49:38.480 [epoch 24], [iter 100 / 329 : 7995], [loss 1.359458], [lr 0.001373], [time 0.0319]
07-15 01:50:04.008 [epoch 24], [iter 150 / 329 : 8045], [loss 1.345789], [lr 0.001366], [time 0.0319]
07-15 01:50:29.653 [epoch 24], [iter 200 / 329 : 8095], [loss 1.351007], [lr 0.001359], [time 0.0320]
07-15 01:50:55.233 [epoch 24], [iter 250 / 329 : 8145], [loss 1.331388], [lr 0.001351], [time 0.0320]
07-15 01:51:20.784 [epoch 24], [iter 300 / 329 : 8195], [loss 1.361555], [lr 0.001344], [time 0.0319]
07-15 01:51:36.120 Saved file to ./logs/2306/lraspp_agriseg_wildnet/07_15_00/last_None_epoch_24_mean-iu_0.00000.pth
07-15 01:52:03.939 [epoch 25], [iter 50 / 329 : 8274], [loss 1.321745], [lr 0.001333], [time 0.0321]
07-15 01:52:29.492 [epoch 25], [iter 100 / 329 : 8324], [loss 1.371927], [lr 0.001325], [time 0.0319]
07-15 01:52:55.068 [epoch 25], [iter 150 / 329 : 8374], [loss 1.359343], [lr 0.001318], [time 0.0320]
07-15 01:53:20.703 [epoch 25], [iter 200 / 329 : 8424], [loss 1.318831], [lr 0.001311], [time 0.0320]
07-15 01:53:46.245 [epoch 25], [iter 250 / 329 : 8474], [loss 1.345528], [lr 0.001303], [time 0.0319]
07-15 01:54:11.758 [epoch 25], [iter 300 / 329 : 8524], [loss 1.356721], [lr 0.001296], [time 0.0319]
07-15 01:54:27.095 Saved file to ./logs/2306/lraspp_agriseg_wildnet/07_15_00/last_None_epoch_25_mean-iu_0.00000.pth
07-15 01:54:54.871 [epoch 26], [iter 50 / 329 : 8603], [loss 1.311493], [lr 0.001284], [time 0.0321]
07-15 01:55:20.454 [epoch 26], [iter 100 / 329 : 8653], [loss 1.342558], [lr 0.001277], [time 0.0320]
07-15 01:55:46.038 [epoch 26], [iter 150 / 329 : 8703], [loss 1.359567], [lr 0.001269], [time 0.0320]
07-15 01:56:11.557 [epoch 26], [iter 200 / 329 : 8753], [loss 1.342071], [lr 0.001262], [time 0.0319]
07-15 01:56:37.074 [epoch 26], [iter 250 / 329 : 8803], [loss 1.340305], [lr 0.001255], [time 0.0319]
07-15 01:57:02.620 [epoch 26], [iter 300 / 329 : 8853], [loss 1.369649], [lr 0.001247], [time 0.0319]
07-15 01:57:17.952 Saved file to ./logs/2306/lraspp_agriseg_wildnet/07_15_00/last_None_epoch_26_mean-iu_0.00000.pth
07-15 01:57:45.678 [epoch 27], [iter 50 / 329 : 8932], [loss 1.354524], [lr 0.001236], [time 0.0321]
07-15 01:58:11.271 [epoch 27], [iter 100 / 329 : 8982], [loss 1.303283], [lr 0.001228], [time 0.0320]
07-15 01:58:36.783 [epoch 27], [iter 150 / 329 : 9032], [loss 1.387523], [lr 0.001221], [time 0.0319]
07-15 01:59:02.303 [epoch 27], [iter 200 / 329 : 9082], [loss 1.351645], [lr 0.001213], [time 0.0319]
07-15 01:59:27.861 [epoch 27], [iter 250 / 329 : 9132], [loss 1.313964], [lr 0.001206], [time 0.0319]
07-15 01:59:53.377 [epoch 27], [iter 300 / 329 : 9182], [loss 1.365250], [lr 0.001199], [time 0.0319]
07-15 02:00:08.954 Saved file to ./logs/2306/lraspp_agriseg_wildnet/07_15_00/last_None_epoch_27_mean-iu_0.00000.pth
07-15 02:00:36.981 [epoch 28], [iter 50 / 329 : 9261], [loss 1.348772], [lr 0.001187], [time 0.0322]
07-15 02:01:02.513 [epoch 28], [iter 100 / 329 : 9311], [loss 1.344774], [lr 0.001179], [time 0.0319]
07-15 02:01:28.046 [epoch 28], [iter 150 / 329 : 9361], [loss 1.324752], [lr 0.001172], [time 0.0319]
07-15 02:01:53.631 [epoch 28], [iter 200 / 329 : 9411], [loss 1.333090], [lr 0.001165], [time 0.0320]
07-15 02:02:19.229 [epoch 28], [iter 250 / 329 : 9461], [loss 1.331095], [lr 0.001157], [time 0.0320]
07-15 02:02:44.749 [epoch 28], [iter 300 / 329 : 9511], [loss 1.349620], [lr 0.001150], [time 0.0319]
07-15 02:03:00.377 Saved file to ./logs/2306/lraspp_agriseg_wildnet/07_15_00/last_None_epoch_28_mean-iu_0.00000.pth
07-15 02:03:28.337 [epoch 29], [iter 50 / 329 : 9590], [loss 1.312359], [lr 0.001138], [time 0.0319]
07-15 02:03:53.879 [epoch 29], [iter 100 / 329 : 9640], [loss 1.366062], [lr 0.001130], [time 0.0319]
07-15 02:04:19.461 [epoch 29], [iter 150 / 329 : 9690], [loss 1.351713], [lr 0.001123], [time 0.0320]
07-15 02:04:45.020 [epoch 29], [iter 200 / 329 : 9740], [loss 1.331475], [lr 0.001115], [time 0.0319]
07-15 02:05:10.586 [epoch 29], [iter 250 / 329 : 9790], [loss 1.328805], [lr 0.001108], [time 0.0319]
07-15 02:05:36.138 [epoch 29], [iter 300 / 329 : 9840], [loss 1.376781], [lr 0.001100], [time 0.0319]
07-15 02:05:51.503 Saved file to ./logs/2306/lraspp_agriseg_wildnet/07_15_00/last_None_epoch_29_mean-iu_0.00000.pth
07-15 02:06:19.313 [epoch 30], [iter 50 / 329 : 9919], [loss 1.374810], [lr 0.001089], [time 0.0323]
07-15 02:06:44.895 [epoch 30], [iter 100 / 329 : 9969], [loss 1.341998], [lr 0.001081], [time 0.0320]
07-15 02:07:10.487 [epoch 30], [iter 150 / 329 : 10019], [loss 1.367655], [lr 0.001074], [time 0.0320]
07-15 02:07:36.069 [epoch 30], [iter 200 / 329 : 10069], [loss 1.290582], [lr 0.001066], [time 0.0320]
07-15 02:08:01.658 [epoch 30], [iter 250 / 329 : 10119], [loss 1.361661], [lr 0.001059], [time 0.0320]
07-15 02:08:27.191 [epoch 30], [iter 300 / 329 : 10169], [loss 1.328492], [lr 0.001051], [time 0.0319]
07-15 02:08:42.573 Saved file to ./logs/2306/lraspp_agriseg_wildnet/07_15_00/last_None_epoch_30_mean-iu_0.00000.pth
07-15 02:09:10.423 [epoch 31], [iter 50 / 329 : 10248], [loss 1.354159], [lr 0.001039], [time 0.0324]
07-15 02:09:35.947 [epoch 31], [iter 100 / 329 : 10298], [loss 1.346121], [lr 0.001032], [time 0.0319]
07-15 02:10:01.451 [epoch 31], [iter 150 / 329 : 10348], [loss 1.360931], [lr 0.001024], [time 0.0319]
07-15 02:10:27.017 [epoch 31], [iter 200 / 329 : 10398], [loss 1.333116], [lr 0.001016], [time 0.0319]
07-15 02:10:52.543 [epoch 31], [iter 250 / 329 : 10448], [loss 1.343936], [lr 0.001009], [time 0.0319]
07-15 02:11:18.066 [epoch 31], [iter 300 / 329 : 10498], [loss 1.342030], [lr 0.001001], [time 0.0319]
07-15 02:11:33.429 Saved file to ./logs/2306/lraspp_agriseg_wildnet/07_15_00/last_None_epoch_31_mean-iu_0.00000.pth
07-15 02:12:01.297 [epoch 32], [iter 50 / 329 : 10577], [loss 1.311414], [lr 0.000989], [time 0.0322]
07-15 02:12:26.858 [epoch 32], [iter 100 / 329 : 10627], [loss 1.319399], [lr 0.000982], [time 0.0319]
07-15 02:12:52.499 [epoch 32], [iter 150 / 329 : 10677], [loss 1.367173], [lr 0.000974], [time 0.0320]
07-15 02:13:18.056 [epoch 32], [iter 200 / 329 : 10727], [loss 1.333788], [lr 0.000967], [time 0.0319]
07-15 02:13:43.608 [epoch 32], [iter 250 / 329 : 10777], [loss 1.331091], [lr 0.000959], [time 0.0319]
07-15 02:14:09.133 [epoch 32], [iter 300 / 329 : 10827], [loss 1.359487], [lr 0.000951], [time 0.0319]
07-15 02:14:24.487 Saved file to ./logs/2306/lraspp_agriseg_wildnet/07_15_00/last_None_epoch_32_mean-iu_0.00000.pth
07-15 02:14:52.278 [epoch 33], [iter 50 / 329 : 10906], [loss 1.349689], [lr 0.000939], [time 0.0320]
07-15 02:15:17.854 [epoch 33], [iter 100 / 329 : 10956], [loss 1.338511], [lr 0.000932], [time 0.0320]
07-15 02:15:43.398 [epoch 33], [iter 150 / 329 : 11006], [loss 1.313638], [lr 0.000924], [time 0.0319]
07-15 02:16:08.981 [epoch 33], [iter 200 / 329 : 11056], [loss 1.311608], [lr 0.000916], [time 0.0320]
07-15 02:16:34.496 [epoch 33], [iter 250 / 329 : 11106], [loss 1.361255], [lr 0.000909], [time 0.0319]
07-15 02:17:00.014 [epoch 33], [iter 300 / 329 : 11156], [loss 1.344025], [lr 0.000901], [time 0.0319]
07-15 02:17:15.362 Saved file to ./logs/2306/lraspp_agriseg_wildnet/07_15_00/last_None_epoch_33_mean-iu_0.00000.pth
07-15 02:17:43.209 [epoch 34], [iter 50 / 329 : 11235], [loss 1.327680], [lr 0.000889], [time 0.0319]
07-15 02:18:08.770 [epoch 34], [iter 100 / 329 : 11285], [loss 1.322597], [lr 0.000881], [time 0.0319]
07-15 02:18:34.262 [epoch 34], [iter 150 / 329 : 11335], [loss 1.314149], [lr 0.000874], [time 0.0319]
07-15 02:18:59.797 [epoch 34], [iter 200 / 329 : 11385], [loss 1.353758], [lr 0.000866], [time 0.0319]
07-15 02:19:25.378 [epoch 34], [iter 250 / 329 : 11435], [loss 1.334104], [lr 0.000858], [time 0.0320]
07-15 02:19:50.915 [epoch 34], [iter 300 / 329 : 11485], [loss 1.336881], [lr 0.000851], [time 0.0319]
07-15 02:20:06.265 Saved file to ./logs/2306/lraspp_agriseg_wildnet/07_15_00/last_None_epoch_34_mean-iu_0.00000.pth
07-15 02:20:34.160 [epoch 35], [iter 50 / 329 : 11564], [loss 1.292733], [lr 0.000838], [time 0.0319]
07-15 02:20:59.694 [epoch 35], [iter 100 / 329 : 11614], [loss 1.345826], [lr 0.000831], [time 0.0319]
07-15 02:21:25.231 [epoch 35], [iter 150 / 329 : 11664], [loss 1.319689], [lr 0.000823], [time 0.0319]
07-15 02:21:50.820 [epoch 35], [iter 200 / 329 : 11714], [loss 1.338539], [lr 0.000815], [time 0.0320]
07-15 02:22:16.380 [epoch 35], [iter 250 / 329 : 11764], [loss 1.329333], [lr 0.000807], [time 0.0319]
07-15 02:22:41.929 [epoch 35], [iter 300 / 329 : 11814], [loss 1.333746], [lr 0.000800], [time 0.0319]
07-15 02:22:57.294 Saved file to ./logs/2306/lraspp_agriseg_wildnet/07_15_00/last_None_epoch_35_mean-iu_0.00000.pth
07-15 02:23:25.147 [epoch 36], [iter 50 / 329 : 11893], [loss 1.325845], [lr 0.000787], [time 0.0319]
07-15 02:23:50.674 [epoch 36], [iter 100 / 329 : 11943], [loss 1.320205], [lr 0.000780], [time 0.0319]
07-15 02:24:16.301 [epoch 36], [iter 150 / 329 : 11993], [loss 1.347687], [lr 0.000772], [time 0.0320]
07-15 02:24:41.850 [epoch 36], [iter 200 / 329 : 12043], [loss 1.331151], [lr 0.000764], [time 0.0319]
07-15 02:25:07.375 [epoch 36], [iter 250 / 329 : 12093], [loss 1.345071], [lr 0.000756], [time 0.0319]
07-15 02:25:32.911 [epoch 36], [iter 300 / 329 : 12143], [loss 1.350441], [lr 0.000748], [time 0.0319]
07-15 02:25:48.249 Saved file to ./logs/2306/lraspp_agriseg_wildnet/07_15_00/last_None_epoch_36_mean-iu_0.00000.pth
07-15 02:26:16.111 [epoch 37], [iter 50 / 329 : 12222], [loss 1.325798], [lr 0.000736], [time 0.0322]
07-15 02:26:41.707 [epoch 37], [iter 100 / 329 : 12272], [loss 1.311495], [lr 0.000728], [time 0.0320]
07-15 02:27:07.276 [epoch 37], [iter 150 / 329 : 12322], [loss 1.392939], [lr 0.000720], [time 0.0320]
07-15 02:27:32.823 [epoch 37], [iter 200 / 329 : 12372], [loss 1.298826], [lr 0.000713], [time 0.0319]
07-15 02:27:58.382 [epoch 37], [iter 250 / 329 : 12422], [loss 1.319833], [lr 0.000705], [time 0.0319]
07-15 02:28:23.900 [epoch 37], [iter 300 / 329 : 12472], [loss 1.355363], [lr 0.000697], [time 0.0319]
07-15 02:28:39.262 Saved file to ./logs/2306/lraspp_agriseg_wildnet/07_15_00/last_None_epoch_37_mean-iu_0.00000.pth
07-15 02:29:07.265 [epoch 38], [iter 50 / 329 : 12551], [loss 1.303726], [lr 0.000684], [time 0.0320]
07-15 02:29:32.788 [epoch 38], [iter 100 / 329 : 12601], [loss 1.381976], [lr 0.000676], [time 0.0319]
07-15 02:29:58.291 [epoch 38], [iter 150 / 329 : 12651], [loss 1.324457], [lr 0.000668], [time 0.0319]
07-15 02:30:23.836 [epoch 38], [iter 200 / 329 : 12701], [loss 1.336417], [lr 0.000661], [time 0.0319]
07-15 02:30:49.367 [epoch 38], [iter 250 / 329 : 12751], [loss 1.307754], [lr 0.000653], [time 0.0319]
07-15 02:31:14.901 [epoch 38], [iter 300 / 329 : 12801], [loss 1.332535], [lr 0.000645], [time 0.0319]
07-15 02:31:30.300 Saved file to ./logs/2306/lraspp_agriseg_wildnet/07_15_00/last_None_epoch_38_mean-iu_0.00000.pth
07-15 02:31:58.114 [epoch 39], [iter 50 / 329 : 12880], [loss 1.353367], [lr 0.000632], [time 0.0322]
07-15 02:32:23.644 [epoch 39], [iter 100 / 329 : 12930], [loss 1.326736], [lr 0.000624], [time 0.0319]
07-15 02:32:49.176 [epoch 39], [iter 150 / 329 : 12980], [loss 1.338848], [lr 0.000616], [time 0.0319]
07-15 02:33:14.726 [epoch 39], [iter 200 / 329 : 13030], [loss 1.353704], [lr 0.000608], [time 0.0319]
07-15 02:33:40.273 [epoch 39], [iter 250 / 329 : 13080], [loss 1.335051], [lr 0.000600], [time 0.0319]
07-15 02:34:05.883 [epoch 39], [iter 300 / 329 : 13130], [loss 1.323251], [lr 0.000592], [time 0.0320]
07-15 02:34:21.248 Saved file to ./logs/2306/lraspp_agriseg_wildnet/07_15_00/last_None_epoch_39_mean-iu_0.00000.pth
07-15 02:34:49.065 [epoch 40], [iter 50 / 329 : 13209], [loss 1.320559], [lr 0.000579], [time 0.0323]
07-15 02:35:14.594 [epoch 40], [iter 100 / 329 : 13259], [loss 1.322092], [lr 0.000571], [time 0.0319]
07-15 02:35:40.151 [epoch 40], [iter 150 / 329 : 13309], [loss 1.350384], [lr 0.000563], [time 0.0319]
07-15 02:36:05.674 [epoch 40], [iter 200 / 329 : 13359], [loss 1.330202], [lr 0.000555], [time 0.0319]
07-15 02:36:31.305 [epoch 40], [iter 250 / 329 : 13409], [loss 1.312781], [lr 0.000547], [time 0.0320]
07-15 02:36:56.820 [epoch 40], [iter 300 / 329 : 13459], [loss 1.362815], [lr 0.000539], [time 0.0319]
07-15 02:37:12.150 Saved file to ./logs/2306/lraspp_agriseg_wildnet/07_15_00/last_None_epoch_40_mean-iu_0.00000.pth
07-15 02:37:39.961 [epoch 41], [iter 50 / 329 : 13538], [loss 1.305979], [lr 0.000526], [time 0.0320]
07-15 02:38:05.496 [epoch 41], [iter 100 / 329 : 13588], [loss 1.335606], [lr 0.000518], [time 0.0319]
07-15 02:38:30.994 [epoch 41], [iter 150 / 329 : 13638], [loss 1.318495], [lr 0.000510], [time 0.0319]
07-15 02:38:56.577 [epoch 41], [iter 200 / 329 : 13688], [loss 1.378558], [lr 0.000502], [time 0.0320]
07-15 02:39:22.105 [epoch 41], [iter 250 / 329 : 13738], [loss 1.355830], [lr 0.000494], [time 0.0319]
07-15 02:39:47.636 [epoch 41], [iter 300 / 329 : 13788], [loss 1.329677], [lr 0.000485], [time 0.0319]
07-15 02:40:02.976 Saved file to ./logs/2306/lraspp_agriseg_wildnet/07_15_00/last_None_epoch_41_mean-iu_0.00000.pth
07-15 02:40:30.813 [epoch 42], [iter 50 / 329 : 13867], [loss 1.310301], [lr 0.000472], [time 0.0322]
07-15 02:40:56.308 [epoch 42], [iter 100 / 329 : 13917], [loss 1.335639], [lr 0.000464], [time 0.0319]
07-15 02:41:21.898 [epoch 42], [iter 150 / 329 : 13967], [loss 1.353939], [lr 0.000456], [time 0.0320]
07-15 02:41:47.405 [epoch 42], [iter 200 / 329 : 14017], [loss 1.292187], [lr 0.000448], [time 0.0319]
07-15 02:42:12.896 [epoch 42], [iter 250 / 329 : 14067], [loss 1.362737], [lr 0.000439], [time 0.0319]
07-15 02:42:38.388 [epoch 42], [iter 300 / 329 : 14117], [loss 1.339694], [lr 0.000431], [time 0.0319]
07-15 02:42:53.729 Saved file to ./logs/2306/lraspp_agriseg_wildnet/07_15_00/last_None_epoch_42_mean-iu_0.00000.pth
07-15 02:43:21.580 [epoch 43], [iter 50 / 329 : 14196], [loss 1.364204], [lr 0.000418], [time 0.0321]
07-15 02:43:47.072 [epoch 43], [iter 100 / 329 : 14246], [loss 1.335046], [lr 0.000410], [time 0.0319]
07-15 02:44:12.682 [epoch 43], [iter 150 / 329 : 14296], [loss 1.330853], [lr 0.000401], [time 0.0320]
07-15 02:44:38.177 [epoch 43], [iter 200 / 329 : 14346], [loss 1.339336], [lr 0.000393], [time 0.0319]
07-15 02:45:03.708 [epoch 43], [iter 250 / 329 : 14396], [loss 1.311604], [lr 0.000384], [time 0.0319]
07-15 02:45:29.243 [epoch 43], [iter 300 / 329 : 14446], [loss 1.303223], [lr 0.000376], [time 0.0319]
07-15 02:45:44.605 Saved file to ./logs/2306/lraspp_agriseg_wildnet/07_15_00/last_None_epoch_43_mean-iu_0.00000.pth
07-15 02:46:12.480 [epoch 44], [iter 50 / 329 : 14525], [loss 1.292697], [lr 0.000363], [time 0.0321]
07-15 02:46:38.067 [epoch 44], [iter 100 / 329 : 14575], [loss 1.314109], [lr 0.000354], [time 0.0320]
07-15 02:47:03.581 [epoch 44], [iter 150 / 329 : 14625], [loss 1.359801], [lr 0.000346], [time 0.0319]
07-15 02:47:29.077 [epoch 44], [iter 200 / 329 : 14675], [loss 1.349071], [lr 0.000337], [time 0.0319]
07-15 02:47:54.606 [epoch 44], [iter 250 / 329 : 14725], [loss 1.341041], [lr 0.000328], [time 0.0319]
07-15 02:48:20.106 [epoch 44], [iter 300 / 329 : 14775], [loss 1.350822], [lr 0.000320], [time 0.0319]
07-15 02:48:35.459 Saved file to ./logs/2306/lraspp_agriseg_wildnet/07_15_00/last_None_epoch_44_mean-iu_0.00000.pth
07-15 02:49:03.350 [epoch 45], [iter 50 / 329 : 14854], [loss 1.311536], [lr 0.000306], [time 0.0323]
07-15 02:49:28.863 [epoch 45], [iter 100 / 329 : 14904], [loss 1.318213], [lr 0.000298], [time 0.0319]
07-15 02:49:54.356 [epoch 45], [iter 150 / 329 : 14954], [loss 1.325593], [lr 0.000289], [time 0.0319]
07-15 02:50:19.921 [epoch 45], [iter 200 / 329 : 15004], [loss 1.342355], [lr 0.000280], [time 0.0319]
07-15 02:50:45.464 [epoch 45], [iter 250 / 329 : 15054], [loss 1.313532], [lr 0.000272], [time 0.0319]
07-15 02:51:10.977 [epoch 45], [iter 300 / 329 : 15104], [loss 1.363021], [lr 0.000263], [time 0.0319]
07-15 02:51:26.401 Saved file to ./logs/2306/lraspp_agriseg_wildnet/07_15_00/last_None_epoch_45_mean-iu_0.00000.pth
07-15 02:51:54.252 [epoch 46], [iter 50 / 329 : 15183], [loss 1.338590], [lr 0.000249], [time 0.0320]
07-15 02:52:19.747 [epoch 46], [iter 100 / 329 : 15233], [loss 1.297780], [lr 0.000240], [time 0.0319]
07-15 02:52:45.328 [epoch 46], [iter 150 / 329 : 15283], [loss 1.351124], [lr 0.000231], [time 0.0320]
07-15 02:53:10.878 [epoch 46], [iter 200 / 329 : 15333], [loss 1.298815], [lr 0.000222], [time 0.0319]
07-15 02:53:36.384 [epoch 46], [iter 250 / 329 : 15383], [loss 1.304966], [lr 0.000213], [time 0.0319]
07-15 02:54:01.889 [epoch 46], [iter 300 / 329 : 15433], [loss 1.351958], [lr 0.000204], [time 0.0319]
07-15 02:54:17.452 Saved file to ./logs/2306/lraspp_agriseg_wildnet/07_15_00/last_None_epoch_46_mean-iu_0.00000.pth
07-15 02:54:45.630 [epoch 47], [iter 50 / 329 : 15512], [loss 1.321633], [lr 0.000190], [time 0.0319]
07-15 02:55:11.222 [epoch 47], [iter 100 / 329 : 15562], [loss 1.320026], [lr 0.000181], [time 0.0320]
07-15 02:55:36.754 [epoch 47], [iter 150 / 329 : 15612], [loss 1.369718], [lr 0.000172], [time 0.0319]
07-15 02:56:02.307 [epoch 47], [iter 200 / 329 : 15662], [loss 1.311591], [lr 0.000162], [time 0.0319]
07-15 02:56:27.819 [epoch 47], [iter 250 / 329 : 15712], [loss 1.371120], [lr 0.000153], [time 0.0319]
07-15 02:56:53.356 [epoch 47], [iter 300 / 329 : 15762], [loss 1.297183], [lr 0.000144], [time 0.0319]
07-15 02:57:08.712 Saved file to ./logs/2306/lraspp_agriseg_wildnet/07_15_00/last_None_epoch_47_mean-iu_0.00000.pth
07-15 02:57:36.581 [epoch 48], [iter 50 / 329 : 15841], [loss 1.357866], [lr 0.000129], [time 0.0320]
07-15 02:58:02.147 [epoch 48], [iter 100 / 329 : 15891], [loss 1.301075], [lr 0.000119], [time 0.0320]
07-15 02:58:27.682 [epoch 48], [iter 150 / 329 : 15941], [loss 1.357899], [lr 0.000110], [time 0.0319]
07-15 02:58:53.226 [epoch 48], [iter 200 / 329 : 15991], [loss 1.326848], [lr 0.000100], [time 0.0319]
07-15 02:59:18.714 [epoch 48], [iter 250 / 329 : 16041], [loss 1.290844], [lr 0.000090], [time 0.0319]
07-15 02:59:44.216 [epoch 48], [iter 300 / 329 : 16091], [loss 1.342954], [lr 0.000080], [time 0.0319]
07-15 02:59:59.626 Saved file to ./logs/2306/lraspp_agriseg_wildnet/07_15_00/last_None_epoch_48_mean-iu_0.00000.pth
07-15 03:00:27.445 [epoch 49], [iter 50 / 329 : 16170], [loss 1.309588], [lr 0.000064], [time 0.0322]
07-15 03:00:52.928 [epoch 49], [iter 100 / 329 : 16220], [loss 1.312671], [lr 0.000054], [time 0.0318]
07-15 03:01:18.479 [epoch 49], [iter 150 / 329 : 16270], [loss 1.319928], [lr 0.000043], [time 0.0319]
07-15 03:01:43.996 [epoch 49], [iter 200 / 329 : 16320], [loss 1.344634], [lr 0.000032], [time 0.0319]
07-15 03:02:09.507 [epoch 49], [iter 250 / 329 : 16370], [loss 1.356831], [lr 0.000021], [time 0.0319]
07-15 03:02:35.027 [epoch 49], [iter 300 / 329 : 16420], [loss 1.314472], [lr 0.000009], [time 0.0319]
07-15 03:02:50.610 Saved file to ./logs/2306/lraspp_agriseg_wildnet/07_15_00/last_None_epoch_49_mean-iu_0.00000.pth
07-15 03:02:51.370 validating: 1 / 5274
07-15 03:02:51.543 validating: 21 / 5274
07-15 03:02:51.699 validating: 41 / 5274
07-15 03:02:51.852 validating: 61 / 5274
07-15 03:02:52.003 validating: 81 / 5274
07-15 03:02:52.159 validating: 101 / 5274
07-15 03:02:52.307 validating: 121 / 5274
07-15 03:02:52.416 validating: 141 / 5274
07-15 03:02:52.524 validating: 161 / 5274
07-15 03:02:52.631 validating: 181 / 5274
07-15 03:02:52.738 validating: 201 / 5274
07-15 03:02:52.868 validating: 221 / 5274
07-15 03:02:53.034 validating: 241 / 5274
07-15 03:02:53.198 validating: 261 / 5274
07-15 03:02:53.366 validating: 281 / 5274
07-15 03:02:53.531 validating: 301 / 5274
07-15 03:02:53.664 validating: 321 / 5274
07-15 03:02:53.774 validating: 341 / 5274
07-15 03:02:53.893 validating: 361 / 5274
07-15 03:02:54.000 validating: 381 / 5274
07-15 03:02:54.110 validating: 401 / 5274
07-15 03:02:54.219 validating: 421 / 5274
07-15 03:02:54.326 validating: 441 / 5274
07-15 03:02:54.434 validating: 461 / 5274
07-15 03:02:54.541 validating: 481 / 5274
07-15 03:02:54.650 validating: 501 / 5274
07-15 03:02:54.758 validating: 521 / 5274
07-15 03:02:54.864 validating: 541 / 5274
07-15 03:02:54.972 validating: 561 / 5274
07-15 03:02:55.081 validating: 581 / 5274
07-15 03:02:55.190 validating: 601 / 5274
07-15 03:02:55.300 validating: 621 / 5274
07-15 03:02:55.409 validating: 641 / 5274
07-15 03:02:55.516 validating: 661 / 5274
07-15 03:02:55.625 validating: 681 / 5274
07-15 03:02:55.735 validating: 701 / 5274
07-15 03:02:55.842 validating: 721 / 5274
07-15 03:02:55.951 validating: 741 / 5274
07-15 03:02:56.058 validating: 761 / 5274
07-15 03:02:56.166 validating: 781 / 5274
07-15 03:02:56.274 validating: 801 / 5274
07-15 03:02:56.380 validating: 821 / 5274
07-15 03:02:56.487 validating: 841 / 5274
07-15 03:02:56.594 validating: 861 / 5274
07-15 03:02:56.703 validating: 881 / 5274
07-15 03:02:56.810 validating: 901 / 5274
07-15 03:02:56.917 validating: 921 / 5274
07-15 03:02:57.025 validating: 941 / 5274
07-15 03:02:57.132 validating: 961 / 5274
07-15 03:02:57.239 validating: 981 / 5274
07-15 03:02:57.345 validating: 1001 / 5274
07-15 03:02:57.452 validating: 1021 / 5274
07-15 03:02:57.559 validating: 1041 / 5274
07-15 03:02:57.666 validating: 1061 / 5274
07-15 03:02:57.772 validating: 1081 / 5274
07-15 03:02:57.879 validating: 1101 / 5274
07-15 03:02:57.987 validating: 1121 / 5274
07-15 03:02:58.094 validating: 1141 / 5274
07-15 03:02:58.202 validating: 1161 / 5274
07-15 03:02:58.309 validating: 1181 / 5274
07-15 03:02:58.415 validating: 1201 / 5274
07-15 03:02:58.528 validating: 1221 / 5274
07-15 03:02:58.636 validating: 1241 / 5274
07-15 03:02:58.743 validating: 1261 / 5274
07-15 03:02:58.851 validating: 1281 / 5274
07-15 03:02:58.961 validating: 1301 / 5274
07-15 03:02:59.069 validating: 1321 / 5274
07-15 03:02:59.177 validating: 1341 / 5274
07-15 03:02:59.283 validating: 1361 / 5274
07-15 03:02:59.390 validating: 1381 / 5274
07-15 03:02:59.498 validating: 1401 / 5274
07-15 03:02:59.605 validating: 1421 / 5274
07-15 03:02:59.713 validating: 1441 / 5274
07-15 03:02:59.819 validating: 1461 / 5274
07-15 03:02:59.926 validating: 1481 / 5274
07-15 03:03:00.035 validating: 1501 / 5274
07-15 03:03:00.148 validating: 1521 / 5274
07-15 03:03:00.255 validating: 1541 / 5274
07-15 03:03:00.367 validating: 1561 / 5274
07-15 03:03:00.476 validating: 1581 / 5274
07-15 03:03:00.587 validating: 1601 / 5274
07-15 03:03:00.694 validating: 1621 / 5274
07-15 03:03:00.801 validating: 1641 / 5274
07-15 03:03:00.908 validating: 1661 / 5274
07-15 03:03:01.017 validating: 1681 / 5274
07-15 03:03:01.124 validating: 1701 / 5274
07-15 03:03:01.231 validating: 1721 / 5274
07-15 03:03:01.336 validating: 1741 / 5274
07-15 03:03:01.445 validating: 1761 / 5274
07-15 03:03:01.553 validating: 1781 / 5274
07-15 03:03:01.660 validating: 1801 / 5274
07-15 03:03:01.767 validating: 1821 / 5274
07-15 03:03:01.874 validating: 1841 / 5274
07-15 03:03:01.981 validating: 1861 / 5274
07-15 03:03:02.088 validating: 1881 / 5274
07-15 03:03:02.195 validating: 1901 / 5274
07-15 03:03:02.300 validating: 1921 / 5274
07-15 03:03:02.409 validating: 1941 / 5274
07-15 03:03:02.517 validating: 1961 / 5274
07-15 03:03:02.624 validating: 1981 / 5274
07-15 03:03:02.731 validating: 2001 / 5274
07-15 03:03:02.838 validating: 2021 / 5274
07-15 03:03:02.946 validating: 2041 / 5274
07-15 03:03:03.053 validating: 2061 / 5274
07-15 03:03:03.164 validating: 2081 / 5274
07-15 03:03:03.271 validating: 2101 / 5274
07-15 03:03:03.383 validating: 2121 / 5274
07-15 03:03:03.492 validating: 2141 / 5274
07-15 03:03:03.600 validating: 2161 / 5274
07-15 03:03:03.706 validating: 2181 / 5274
07-15 03:03:03.814 validating: 2201 / 5274
07-15 03:03:03.921 validating: 2221 / 5274
07-15 03:03:04.028 validating: 2241 / 5274
07-15 03:03:04.137 validating: 2261 / 5274
07-15 03:03:04.246 validating: 2281 / 5274
07-15 03:03:04.356 validating: 2301 / 5274
07-15 03:03:04.463 validating: 2321 / 5274
07-15 03:03:04.569 validating: 2341 / 5274
07-15 03:03:04.676 validating: 2361 / 5274
07-15 03:03:04.783 validating: 2381 / 5274
07-15 03:03:04.889 validating: 2401 / 5274
07-15 03:03:04.995 validating: 2421 / 5274
07-15 03:03:05.103 validating: 2441 / 5274
07-15 03:03:05.212 validating: 2461 / 5274
07-15 03:03:05.319 validating: 2481 / 5274
07-15 03:03:05.427 validating: 2501 / 5274
07-15 03:03:05.538 validating: 2521 / 5274
07-15 03:03:05.646 validating: 2541 / 5274
07-15 03:03:05.752 validating: 2561 / 5274
07-15 03:03:05.859 validating: 2581 / 5274
07-15 03:03:05.966 validating: 2601 / 5274
07-15 03:03:06.073 validating: 2621 / 5274
07-15 03:03:06.179 validating: 2641 / 5274
07-15 03:03:06.286 validating: 2661 / 5274
07-15 03:03:06.392 validating: 2681 / 5274
07-15 03:03:06.497 validating: 2701 / 5274
07-15 03:03:06.604 validating: 2721 / 5274
07-15 03:03:06.710 validating: 2741 / 5274
07-15 03:03:06.817 validating: 2761 / 5274
07-15 03:03:06.927 validating: 2781 / 5274
07-15 03:03:07.033 validating: 2801 / 5274
07-15 03:03:07.140 validating: 2821 / 5274
07-15 03:03:07.247 validating: 2841 / 5274
07-15 03:03:07.354 validating: 2861 / 5274
07-15 03:03:07.460 validating: 2881 / 5274
07-15 03:03:07.566 validating: 2901 / 5274
07-15 03:03:07.673 validating: 2921 / 5274
07-15 03:03:07.784 validating: 2941 / 5274
07-15 03:03:07.890 validating: 2961 / 5274
07-15 03:03:07.996 validating: 2981 / 5274
07-15 03:03:08.102 validating: 3001 / 5274
07-15 03:03:08.210 validating: 3021 / 5274
07-15 03:03:08.315 validating: 3041 / 5274
07-15 03:03:08.420 validating: 3061 / 5274
07-15 03:03:08.526 validating: 3081 / 5274
07-15 03:03:08.631 validating: 3101 / 5274
07-15 03:03:08.737 validating: 3121 / 5274
07-15 03:03:08.845 validating: 3141 / 5274
07-15 03:03:08.952 validating: 3161 / 5274
07-15 03:03:09.059 validating: 3181 / 5274
07-15 03:03:09.166 validating: 3201 / 5274
07-15 03:03:09.274 validating: 3221 / 5274
07-15 03:03:09.380 validating: 3241 / 5274
07-15 03:03:09.487 validating: 3261 / 5274
07-15 03:03:09.593 validating: 3281 / 5274
07-15 03:03:09.700 validating: 3301 / 5274
07-15 03:03:09.807 validating: 3321 / 5274
07-15 03:03:09.918 validating: 3341 / 5274
07-15 03:03:10.024 validating: 3361 / 5274
07-15 03:03:10.131 validating: 3381 / 5274
07-15 03:03:10.237 validating: 3401 / 5274
07-15 03:03:10.344 validating: 3421 / 5274
07-15 03:03:10.454 validating: 3441 / 5274
07-15 03:03:10.562 validating: 3461 / 5274
07-15 03:03:10.669 validating: 3481 / 5274
07-15 03:03:10.776 validating: 3501 / 5274
07-15 03:03:10.884 validating: 3521 / 5274
07-15 03:03:10.994 validating: 3541 / 5274
07-15 03:03:11.101 validating: 3561 / 5274
07-15 03:03:11.208 validating: 3581 / 5274
07-15 03:03:11.315 validating: 3601 / 5274
07-15 03:03:11.425 validating: 3621 / 5274
07-15 03:03:11.532 validating: 3641 / 5274
07-15 03:03:11.641 validating: 3661 / 5274
07-15 03:03:11.748 validating: 3681 / 5274
07-15 03:03:11.857 validating: 3701 / 5274
07-15 03:03:11.965 validating: 3721 / 5274
07-15 03:03:12.078 validating: 3741 / 5274
07-15 03:03:12.186 validating: 3761 / 5274
07-15 03:03:12.297 validating: 3781 / 5274
07-15 03:03:12.404 validating: 3801 / 5274
07-15 03:03:12.511 validating: 3821 / 5274
07-15 03:03:12.624 validating: 3841 / 5274
07-15 03:03:12.734 validating: 3861 / 5274
07-15 03:03:12.843 validating: 3881 / 5274
07-15 03:03:12.951 validating: 3901 / 5274
07-15 03:03:13.059 validating: 3921 / 5274
07-15 03:03:13.167 validating: 3941 / 5274
07-15 03:03:13.273 validating: 3961 / 5274
07-15 03:03:13.380 validating: 3981 / 5274
07-15 03:03:13.486 validating: 4001 / 5274
07-15 03:03:13.592 validating: 4021 / 5274
07-15 03:03:13.698 validating: 4041 / 5274
07-15 03:03:13.807 validating: 4061 / 5274
07-15 03:03:13.922 validating: 4081 / 5274
07-15 03:03:14.028 validating: 4101 / 5274
07-15 03:03:14.136 validating: 4121 / 5274
07-15 03:03:14.243 validating: 4141 / 5274
07-15 03:03:14.351 validating: 4161 / 5274
07-15 03:03:14.461 validating: 4181 / 5274
07-15 03:03:14.569 validating: 4201 / 5274
07-15 03:03:14.682 validating: 4221 / 5274
07-15 03:03:14.790 validating: 4241 / 5274
07-15 03:03:14.897 validating: 4261 / 5274
07-15 03:03:15.005 validating: 4281 / 5274
07-15 03:03:15.116 validating: 4301 / 5274
07-15 03:03:15.223 validating: 4321 / 5274
07-15 03:03:15.331 validating: 4341 / 5274
07-15 03:03:15.439 validating: 4361 / 5274
07-15 03:03:15.546 validating: 4381 / 5274
07-15 03:03:15.653 validating: 4401 / 5274
07-15 03:03:15.760 validating: 4421 / 5274
07-15 03:03:15.866 validating: 4441 / 5274
07-15 03:03:15.973 validating: 4461 / 5274
07-15 03:03:16.081 validating: 4481 / 5274
07-15 03:03:16.190 validating: 4501 / 5274
07-15 03:03:16.300 validating: 4521 / 5274
07-15 03:03:16.408 validating: 4541 / 5274
07-15 03:03:16.517 validating: 4561 / 5274
07-15 03:03:16.625 validating: 4581 / 5274
07-15 03:03:16.730 validating: 4601 / 5274
07-15 03:03:16.839 validating: 4621 / 5274
07-15 03:03:16.946 validating: 4641 / 5274
07-15 03:03:17.057 validating: 4661 / 5274
07-15 03:03:17.166 validating: 4681 / 5274
07-15 03:03:17.274 validating: 4701 / 5274
07-15 03:03:17.379 validating: 4721 / 5274
07-15 03:03:17.487 validating: 4741 / 5274
07-15 03:03:17.594 validating: 4761 / 5274
07-15 03:03:17.701 validating: 4781 / 5274
07-15 03:03:17.809 validating: 4801 / 5274
07-15 03:03:17.917 validating: 4821 / 5274
07-15 03:03:18.024 validating: 4841 / 5274
07-15 03:03:18.131 validating: 4861 / 5274
07-15 03:03:18.238 validating: 4881 / 5274
07-15 03:03:18.345 validating: 4901 / 5274
07-15 03:03:18.452 validating: 4921 / 5274
07-15 03:03:18.560 validating: 4941 / 5274
07-15 03:03:18.666 validating: 4961 / 5274
07-15 03:03:18.774 validating: 4981 / 5274
07-15 03:03:18.881 validating: 5001 / 5274
07-15 03:03:18.988 validating: 5021 / 5274
07-15 03:03:19.094 validating: 5041 / 5274
07-15 03:03:19.201 validating: 5061 / 5274
07-15 03:03:19.309 validating: 5081 / 5274
07-15 03:03:19.416 validating: 5101 / 5274
07-15 03:03:19.523 validating: 5121 / 5274
07-15 03:03:19.632 validating: 5141 / 5274
07-15 03:03:19.740 validating: 5161 / 5274
07-15 03:03:19.848 validating: 5181 / 5274
07-15 03:03:19.956 validating: 5201 / 5274
07-15 03:03:20.065 validating: 5221 / 5274
07-15 03:03:20.152 validating: 5241 / 5274
07-15 03:03:20.229 validating: 5261 / 5274
07-15 03:03:20.351 Dataset name: tree_2
07-15 03:03:20.351 IoU:
07-15 03:03:20.351 label_id      label    iU    Precision Recall TP     FP    FN
07-15 03:03:20.351  0                0   100.0    1.0       1.0  100.0     0.0     0.0
07-15 03:03:20.352 mean 1.0
07-15 03:03:20.905 -----------------------------------------------------------------------------------------------------------
07-15 03:03:20.905 [epoch 50], [dataset name tree_2], [val loss 0.49773], [acc 1.00000], [acc_cls 1.00000], [mean_iu 1.00000], [fwavacc 1.00000]
07-15 03:03:20.905 best record: [dataset name tree_2], [val loss 0.49773], [acc 1.00000], [acc_cls 1.00000], [mean_iu 1.00000], [fwavacc 1.00000], [epoch 50], 
07-15 03:03:20.905 -----------------------------------------------------------------------------------------------------------
07-15 03:03:21.489 validating: 1 / 5274
07-15 03:03:21.647 validating: 21 / 5274
07-15 03:03:21.757 validating: 41 / 5274
07-15 03:03:21.865 validating: 61 / 5274
07-15 03:03:21.973 validating: 81 / 5274
07-15 03:03:22.080 validating: 101 / 5274
07-15 03:03:22.188 validating: 121 / 5274
07-15 03:03:22.293 validating: 141 / 5274
07-15 03:03:22.401 validating: 161 / 5274
07-15 03:03:22.506 validating: 181 / 5274
07-15 03:03:22.617 validating: 201 / 5274
07-15 03:03:22.722 validating: 221 / 5274
07-15 03:03:22.826 validating: 241 / 5274
07-15 03:03:22.931 validating: 261 / 5274
07-15 03:03:23.036 validating: 281 / 5274
07-15 03:03:23.143 validating: 301 / 5274
07-15 03:03:23.249 validating: 321 / 5274
07-15 03:03:23.355 validating: 341 / 5274
07-15 03:03:23.461 validating: 361 / 5274
07-15 03:03:23.567 validating: 381 / 5274
07-15 03:03:23.672 validating: 401 / 5274
07-15 03:03:23.778 validating: 421 / 5274
07-15 03:03:23.883 validating: 441 / 5274
07-15 03:03:23.991 validating: 461 / 5274
07-15 03:03:24.098 validating: 481 / 5274
07-15 03:03:24.204 validating: 501 / 5274
07-15 03:03:24.309 validating: 521 / 5274
07-15 03:03:24.416 validating: 541 / 5274
07-15 03:03:24.520 validating: 561 / 5274
07-15 03:03:24.625 validating: 581 / 5274
07-15 03:03:24.730 validating: 601 / 5274
07-15 03:03:24.836 validating: 621 / 5274
07-15 03:03:24.941 validating: 641 / 5274
07-15 03:03:25.047 validating: 661 / 5274
07-15 03:03:25.152 validating: 681 / 5274
07-15 03:03:25.260 validating: 701 / 5274
07-15 03:03:25.368 validating: 721 / 5274
07-15 03:03:25.474 validating: 741 / 5274
07-15 03:03:25.580 validating: 761 / 5274
07-15 03:03:25.685 validating: 781 / 5274
07-15 03:03:25.792 validating: 801 / 5274
07-15 03:03:25.898 validating: 821 / 5274
07-15 03:03:26.004 validating: 841 / 5274
07-15 03:03:26.110 validating: 861 / 5274
07-15 03:03:26.218 validating: 881 / 5274
07-15 03:03:26.324 validating: 901 / 5274
07-15 03:03:26.432 validating: 921 / 5274
07-15 03:03:26.538 validating: 941 / 5274
07-15 03:03:26.644 validating: 961 / 5274
07-15 03:03:26.749 validating: 981 / 5274
07-15 03:03:26.855 validating: 1001 / 5274
07-15 03:03:26.961 validating: 1021 / 5274
07-15 03:03:27.066 validating: 1041 / 5274
07-15 03:03:27.171 validating: 1061 / 5274
07-15 03:03:27.276 validating: 1081 / 5274
07-15 03:03:27.381 validating: 1101 / 5274
07-15 03:03:27.486 validating: 1121 / 5274
07-15 03:03:27.592 validating: 1141 / 5274
07-15 03:03:27.699 validating: 1161 / 5274
07-15 03:03:27.804 validating: 1181 / 5274
07-15 03:03:27.909 validating: 1201 / 5274
07-15 03:03:28.015 validating: 1221 / 5274
07-15 03:03:28.121 validating: 1241 / 5274
07-15 03:03:28.231 validating: 1261 / 5274
07-15 03:03:28.338 validating: 1281 / 5274
07-15 03:03:28.445 validating: 1301 / 5274
07-15 03:03:28.551 validating: 1321 / 5274
07-15 03:03:28.658 validating: 1341 / 5274
07-15 03:03:28.763 validating: 1361 / 5274
07-15 03:03:28.869 validating: 1381 / 5274
07-15 03:03:28.977 validating: 1401 / 5274
07-15 03:03:29.087 validating: 1421 / 5274
07-15 03:03:29.195 validating: 1441 / 5274
07-15 03:03:29.302 validating: 1461 / 5274
07-15 03:03:29.408 validating: 1481 / 5274
07-15 03:03:29.514 validating: 1501 / 5274
07-15 03:03:29.618 validating: 1521 / 5274
07-15 03:03:29.726 validating: 1541 / 5274
07-15 03:03:29.832 validating: 1561 / 5274
07-15 03:03:29.936 validating: 1581 / 5274
07-15 03:03:30.042 validating: 1601 / 5274
07-15 03:03:30.146 validating: 1621 / 5274
07-15 03:03:30.252 validating: 1641 / 5274
07-15 03:03:30.359 validating: 1661 / 5274
07-15 03:03:30.465 validating: 1681 / 5274
07-15 03:03:30.571 validating: 1701 / 5274
07-15 03:03:30.681 validating: 1721 / 5274
07-15 03:03:30.788 validating: 1741 / 5274
07-15 03:03:30.900 validating: 1761 / 5274
07-15 03:03:31.012 validating: 1781 / 5274
07-15 03:03:31.118 validating: 1801 / 5274
07-15 03:03:31.225 validating: 1821 / 5274
07-15 03:03:31.331 validating: 1841 / 5274
07-15 03:03:31.437 validating: 1861 / 5274
07-15 03:03:31.542 validating: 1881 / 5274
07-15 03:03:31.647 validating: 1901 / 5274
07-15 03:03:31.753 validating: 1921 / 5274
07-15 03:03:31.860 validating: 1941 / 5274
07-15 03:03:31.965 validating: 1961 / 5274
07-15 03:03:32.069 validating: 1981 / 5274
07-15 03:03:32.176 validating: 2001 / 5274
07-15 03:03:32.282 validating: 2021 / 5274
07-15 03:03:32.388 validating: 2041 / 5274
07-15 03:03:32.493 validating: 2061 / 5274
07-15 03:03:32.598 validating: 2081 / 5274
07-15 03:03:32.704 validating: 2101 / 5274
07-15 03:03:32.810 validating: 2121 / 5274
07-15 03:03:32.915 validating: 2141 / 5274
07-15 03:03:33.025 validating: 2161 / 5274
07-15 03:03:33.130 validating: 2181 / 5274
07-15 03:03:33.238 validating: 2201 / 5274
07-15 03:03:33.344 validating: 2221 / 5274
07-15 03:03:33.453 validating: 2241 / 5274
07-15 03:03:33.562 validating: 2261 / 5274
07-15 03:03:33.667 validating: 2281 / 5274
07-15 03:03:33.772 validating: 2301 / 5274
07-15 03:03:33.878 validating: 2321 / 5274
07-15 03:03:33.983 validating: 2341 / 5274
07-15 03:03:34.089 validating: 2361 / 5274
07-15 03:03:34.196 validating: 2381 / 5274
07-15 03:03:34.305 validating: 2401 / 5274
07-15 03:03:34.413 validating: 2421 / 5274
07-15 03:03:34.520 validating: 2441 / 5274
07-15 03:03:34.626 validating: 2461 / 5274
07-15 03:03:34.731 validating: 2481 / 5274
07-15 03:03:34.837 validating: 2501 / 5274
07-15 03:03:34.943 validating: 2521 / 5274
07-15 03:03:35.048 validating: 2541 / 5274
07-15 03:03:35.155 validating: 2561 / 5274
07-15 03:03:35.262 validating: 2581 / 5274
07-15 03:03:35.368 validating: 2601 / 5274
07-15 03:03:35.475 validating: 2621 / 5274
07-15 03:03:35.580 validating: 2641 / 5274
07-15 03:03:35.684 validating: 2661 / 5274
07-15 03:03:35.789 validating: 2681 / 5274
07-15 03:03:35.894 validating: 2701 / 5274
07-15 03:03:36.001 validating: 2721 / 5274
07-15 03:03:36.106 validating: 2741 / 5274
07-15 03:03:36.212 validating: 2761 / 5274
07-15 03:03:36.318 validating: 2781 / 5274
07-15 03:03:36.424 validating: 2801 / 5274
07-15 03:03:36.530 validating: 2821 / 5274
07-15 03:03:36.636 validating: 2841 / 5274
07-15 03:03:36.743 validating: 2861 / 5274
07-15 03:03:36.849 validating: 2881 / 5274
07-15 03:03:36.956 validating: 2901 / 5274
07-15 03:03:37.064 validating: 2921 / 5274
07-15 03:03:37.172 validating: 2941 / 5274
07-15 03:03:37.278 validating: 2961 / 5274
07-15 03:03:37.384 validating: 2981 / 5274
07-15 03:03:37.490 validating: 3001 / 5274
07-15 03:03:37.596 validating: 3021 / 5274
07-15 03:03:37.703 validating: 3041 / 5274
07-15 03:03:37.808 validating: 3061 / 5274
07-15 03:03:37.913 validating: 3081 / 5274
07-15 03:03:38.021 validating: 3101 / 5274
07-15 03:03:38.125 validating: 3121 / 5274
07-15 03:03:38.230 validating: 3141 / 5274
07-15 03:03:38.336 validating: 3161 / 5274
07-15 03:03:38.442 validating: 3181 / 5274
07-15 03:03:38.547 validating: 3201 / 5274
07-15 03:03:38.652 validating: 3221 / 5274
07-15 03:03:38.758 validating: 3241 / 5274
07-15 03:03:38.863 validating: 3261 / 5274
07-15 03:03:38.974 validating: 3281 / 5274
07-15 03:03:39.083 validating: 3301 / 5274
07-15 03:03:39.191 validating: 3321 / 5274
07-15 03:03:39.296 validating: 3341 / 5274
07-15 03:03:39.401 validating: 3361 / 5274
07-15 03:03:39.506 validating: 3381 / 5274
07-15 03:03:39.611 validating: 3401 / 5274
07-15 03:03:39.717 validating: 3421 / 5274
07-15 03:03:39.822 validating: 3441 / 5274
07-15 03:03:39.928 validating: 3461 / 5274
07-15 03:03:40.039 validating: 3481 / 5274
07-15 03:03:40.146 validating: 3501 / 5274
07-15 03:03:40.253 validating: 3521 / 5274
07-15 03:03:40.359 validating: 3541 / 5274
07-15 03:03:40.464 validating: 3561 / 5274
07-15 03:03:40.572 validating: 3581 / 5274
07-15 03:03:40.678 validating: 3601 / 5274
07-15 03:03:40.784 validating: 3621 / 5274
07-15 03:03:40.891 validating: 3641 / 5274
07-15 03:03:41.000 validating: 3661 / 5274
07-15 03:03:41.105 validating: 3681 / 5274
07-15 03:03:41.214 validating: 3701 / 5274
07-15 03:03:41.321 validating: 3721 / 5274
07-15 03:03:41.429 validating: 3741 / 5274
07-15 03:03:41.535 validating: 3761 / 5274
07-15 03:03:41.643 validating: 3781 / 5274
07-15 03:03:41.749 validating: 3801 / 5274
07-15 03:03:41.856 validating: 3821 / 5274
07-15 03:03:41.963 validating: 3841 / 5274
07-15 03:03:42.070 validating: 3861 / 5274
07-15 03:03:42.177 validating: 3881 / 5274
07-15 03:03:42.290 validating: 3901 / 5274
07-15 03:03:42.396 validating: 3921 / 5274
07-15 03:03:42.506 validating: 3941 / 5274
07-15 03:03:42.613 validating: 3961 / 5274
07-15 03:03:42.722 validating: 3981 / 5274
07-15 03:03:42.830 validating: 4001 / 5274
07-15 03:03:42.938 validating: 4021 / 5274
07-15 03:03:43.046 validating: 4041 / 5274
07-15 03:03:43.150 validating: 4061 / 5274
07-15 03:03:43.257 validating: 4081 / 5274
07-15 03:03:43.361 validating: 4101 / 5274
07-15 03:03:43.467 validating: 4121 / 5274
07-15 03:03:43.573 validating: 4141 / 5274
07-15 03:03:43.680 validating: 4161 / 5274
07-15 03:03:43.786 validating: 4181 / 5274
07-15 03:03:43.892 validating: 4201 / 5274
07-15 03:03:44.001 validating: 4221 / 5274
07-15 03:03:44.107 validating: 4241 / 5274
07-15 03:03:44.213 validating: 4261 / 5274
07-15 03:03:44.320 validating: 4281 / 5274
07-15 03:03:44.431 validating: 4301 / 5274
07-15 03:03:44.536 validating: 4321 / 5274
07-15 03:03:44.642 validating: 4341 / 5274
07-15 03:03:44.747 validating: 4361 / 5274
07-15 03:03:44.855 validating: 4381 / 5274
07-15 03:03:44.961 validating: 4401 / 5274
07-15 03:03:45.066 validating: 4421 / 5274
07-15 03:03:45.171 validating: 4441 / 5274
07-15 03:03:45.276 validating: 4461 / 5274
07-15 03:03:45.381 validating: 4481 / 5274
07-15 03:03:45.492 validating: 4501 / 5274
07-15 03:03:45.603 validating: 4521 / 5274
07-15 03:03:45.710 validating: 4541 / 5274
07-15 03:03:45.818 validating: 4561 / 5274
07-15 03:03:45.925 validating: 4581 / 5274
07-15 03:03:46.032 validating: 4601 / 5274
07-15 03:03:46.137 validating: 4621 / 5274
07-15 03:03:46.242 validating: 4641 / 5274
07-15 03:03:46.348 validating: 4661 / 5274
07-15 03:03:46.453 validating: 4681 / 5274
07-15 03:03:46.559 validating: 4701 / 5274
07-15 03:03:46.665 validating: 4721 / 5274
07-15 03:03:46.776 validating: 4741 / 5274
07-15 03:03:46.881 validating: 4761 / 5274
07-15 03:03:46.988 validating: 4781 / 5274
07-15 03:03:47.096 validating: 4801 / 5274
07-15 03:03:47.201 validating: 4821 / 5274
07-15 03:03:47.309 validating: 4841 / 5274
07-15 03:03:47.415 validating: 4861 / 5274
07-15 03:03:47.520 validating: 4881 / 5274
07-15 03:03:47.628 validating: 4901 / 5274
07-15 03:03:47.733 validating: 4921 / 5274
07-15 03:03:47.839 validating: 4941 / 5274
07-15 03:03:47.945 validating: 4961 / 5274
07-15 03:03:48.054 validating: 4981 / 5274
07-15 03:03:48.160 validating: 5001 / 5274
07-15 03:03:48.266 validating: 5021 / 5274
07-15 03:03:48.374 validating: 5041 / 5274
07-15 03:03:48.481 validating: 5061 / 5274
07-15 03:03:48.587 validating: 5081 / 5274
07-15 03:03:48.693 validating: 5101 / 5274
07-15 03:03:48.799 validating: 5121 / 5274
07-15 03:03:48.906 validating: 5141 / 5274
07-15 03:03:49.017 validating: 5161 / 5274
07-15 03:03:49.123 validating: 5181 / 5274
07-15 03:03:49.234 validating: 5201 / 5274
07-15 03:03:49.340 validating: 5221 / 5274
07-15 03:03:49.426 validating: 5241 / 5274
07-15 03:03:49.501 validating: 5261 / 5274
07-15 03:03:49.622 Dataset name: agriseg
07-15 03:03:49.622 IoU:
07-15 03:03:49.622 label_id      label    iU    Precision Recall TP     FP    FN
07-15 03:03:49.623  0                0   100.0    1.0       1.0  100.0     0.0     0.0
07-15 03:03:49.623 mean 1.0
07-15 03:03:49.623 -----------------------------------------------------------------------------------------------------------
07-15 03:03:49.623 [epoch 50], [dataset name agriseg], [val loss 0.49923], [acc 1.00000], [acc_cls 1.00000], [mean_iu 1.00000], [fwavacc 1.00000]
