07-15 07:51:39.879 ImageNet-train: 1281167 images
07-15 07:51:40.864 Model params = 5.941M
07-15 07:52:09.547 [epoch 0], [iter 50 / 329 : 49], [loss 2.789173], [lr 0.002493], [time 0.0329]
07-15 07:52:35.071 [epoch 0], [iter 100 / 329 : 99], [loss 2.243951], [lr 0.002486], [time 0.0319]
07-15 07:53:00.677 [epoch 0], [iter 150 / 329 : 149], [loss 2.091979], [lr 0.002480], [time 0.0320]
07-15 07:53:26.374 [epoch 0], [iter 200 / 329 : 199], [loss 1.993144], [lr 0.002473], [time 0.0321]
07-15 07:53:51.991 [epoch 0], [iter 250 / 329 : 249], [loss 1.860010], [lr 0.002466], [time 0.0320]
07-15 07:54:17.591 [epoch 0], [iter 300 / 329 : 299], [loss 1.835018], [lr 0.002459], [time 0.0320]
07-15 07:54:32.929 Saved file to ./logs/2306/lraspp_agriseg_wildnet/07_15_07/last_None_epoch_0_mean-iu_0.00000.pth
07-15 07:55:01.175 [epoch 1], [iter 50 / 329 : 378], [loss 1.776258], [lr 0.002448], [time 0.0323]
07-15 07:55:26.814 [epoch 1], [iter 100 / 329 : 428], [loss 1.729322], [lr 0.002441], [time 0.0320]
07-15 07:55:52.400 [epoch 1], [iter 150 / 329 : 478], [loss 1.672333], [lr 0.002435], [time 0.0320]
07-15 07:56:17.985 [epoch 1], [iter 200 / 329 : 528], [loss 1.691372], [lr 0.002428], [time 0.0320]
07-15 07:56:43.505 [epoch 1], [iter 250 / 329 : 578], [loss 1.734416], [lr 0.002421], [time 0.0319]
07-15 07:57:09.230 [epoch 1], [iter 300 / 329 : 628], [loss 1.661823], [lr 0.002414], [time 0.0321]
07-15 07:57:24.584 Saved file to ./logs/2306/lraspp_agriseg_wildnet/07_15_07/last_None_epoch_1_mean-iu_0.00000.pth
07-15 07:57:52.498 [epoch 2], [iter 50 / 329 : 707], [loss 1.604481], [lr 0.002403], [time 0.0323]
07-15 07:58:18.169 [epoch 2], [iter 100 / 329 : 757], [loss 1.630999], [lr 0.002396], [time 0.0321]
07-15 07:58:43.677 [epoch 2], [iter 150 / 329 : 807], [loss 1.627114], [lr 0.002389], [time 0.0319]
07-15 07:59:09.290 [epoch 2], [iter 200 / 329 : 857], [loss 1.619384], [lr 0.002382], [time 0.0320]
07-15 07:59:34.891 [epoch 2], [iter 250 / 329 : 907], [loss 1.585011], [lr 0.002376], [time 0.0320]
07-15 08:00:00.495 [epoch 2], [iter 300 / 329 : 957], [loss 1.535939], [lr 0.002369], [time 0.0320]
07-15 08:00:15.885 Saved file to ./logs/2306/lraspp_agriseg_wildnet/07_15_07/last_None_epoch_2_mean-iu_0.00000.pth
07-15 08:00:43.666 [epoch 3], [iter 50 / 329 : 1036], [loss 1.607099], [lr 0.002358], [time 0.0323]
07-15 08:01:09.333 [epoch 3], [iter 100 / 329 : 1086], [loss 1.542299], [lr 0.002351], [time 0.0321]
07-15 08:01:34.886 [epoch 3], [iter 150 / 329 : 1136], [loss 1.502628], [lr 0.002344], [time 0.0319]
07-15 08:02:00.448 [epoch 3], [iter 200 / 329 : 1186], [loss 1.532007], [lr 0.002337], [time 0.0319]
07-15 08:02:25.998 [epoch 3], [iter 250 / 329 : 1236], [loss 1.526470], [lr 0.002330], [time 0.0319]
07-15 08:02:51.584 [epoch 3], [iter 300 / 329 : 1286], [loss 1.528759], [lr 0.002323], [time 0.0320]
07-15 08:03:06.962 Saved file to ./logs/2306/lraspp_agriseg_wildnet/07_15_07/last_None_epoch_3_mean-iu_0.00000.pth
07-15 08:03:34.852 [epoch 4], [iter 50 / 329 : 1365], [loss 1.473989], [lr 0.002312], [time 0.0324]
07-15 08:04:00.484 [epoch 4], [iter 100 / 329 : 1415], [loss 1.514026], [lr 0.002306], [time 0.0320]
07-15 08:04:26.098 [epoch 4], [iter 150 / 329 : 1465], [loss 1.570021], [lr 0.002299], [time 0.0320]
07-15 08:04:51.737 [epoch 4], [iter 200 / 329 : 1515], [loss 1.551337], [lr 0.002292], [time 0.0320]
07-15 08:05:17.222 [epoch 4], [iter 250 / 329 : 1565], [loss 1.456825], [lr 0.002285], [time 0.0318]
07-15 08:05:42.762 [epoch 4], [iter 300 / 329 : 1615], [loss 1.480276], [lr 0.002278], [time 0.0319]
07-15 08:05:58.187 Saved file to ./logs/2306/lraspp_agriseg_wildnet/07_15_07/last_None_epoch_4_mean-iu_0.00000.pth
07-15 08:06:25.981 [epoch 5], [iter 50 / 329 : 1694], [loss 1.539263], [lr 0.002267], [time 0.0320]
07-15 08:06:51.691 [epoch 5], [iter 100 / 329 : 1744], [loss 1.485454], [lr 0.002260], [time 0.0321]
07-15 08:07:17.325 [epoch 5], [iter 150 / 329 : 1794], [loss 1.455582], [lr 0.002253], [time 0.0320]
07-15 08:07:42.867 [epoch 5], [iter 200 / 329 : 1844], [loss 1.438716], [lr 0.002246], [time 0.0319]
07-15 08:08:08.354 [epoch 5], [iter 250 / 329 : 1894], [loss 1.459800], [lr 0.002239], [time 0.0319]
07-15 08:08:33.996 [epoch 5], [iter 300 / 329 : 1944], [loss 1.513471], [lr 0.002232], [time 0.0320]
07-15 08:08:49.346 Saved file to ./logs/2306/lraspp_agriseg_wildnet/07_15_07/last_None_epoch_5_mean-iu_0.00000.pth
07-15 08:09:17.370 [epoch 6], [iter 50 / 329 : 2023], [loss 1.462277], [lr 0.002222], [time 0.0322]
07-15 08:09:42.978 [epoch 6], [iter 100 / 329 : 2073], [loss 1.461453], [lr 0.002215], [time 0.0320]
07-15 08:10:08.533 [epoch 6], [iter 150 / 329 : 2123], [loss 1.497683], [lr 0.002208], [time 0.0319]
07-15 08:10:34.058 [epoch 6], [iter 200 / 329 : 2173], [loss 1.432414], [lr 0.002201], [time 0.0319]
07-15 08:10:59.644 [epoch 6], [iter 250 / 329 : 2223], [loss 1.447010], [lr 0.002194], [time 0.0320]
07-15 08:11:25.181 [epoch 6], [iter 300 / 329 : 2273], [loss 1.452733], [lr 0.002187], [time 0.0319]
07-15 08:11:40.505 Saved file to ./logs/2306/lraspp_agriseg_wildnet/07_15_07/last_None_epoch_6_mean-iu_0.00000.pth
07-15 08:12:08.630 [epoch 7], [iter 50 / 329 : 2352], [loss 1.431531], [lr 0.002176], [time 0.0322]
07-15 08:12:34.210 [epoch 7], [iter 100 / 329 : 2402], [loss 1.444554], [lr 0.002169], [time 0.0320]
07-15 08:12:59.752 [epoch 7], [iter 150 / 329 : 2452], [loss 1.430425], [lr 0.002162], [time 0.0319]
07-15 08:13:25.426 [epoch 7], [iter 200 / 329 : 2502], [loss 1.449457], [lr 0.002155], [time 0.0321]
07-15 08:13:51.016 [epoch 7], [iter 250 / 329 : 2552], [loss 1.468798], [lr 0.002148], [time 0.0320]
07-15 08:14:16.551 [epoch 7], [iter 300 / 329 : 2602], [loss 1.459233], [lr 0.002141], [time 0.0319]
07-15 08:14:31.886 Saved file to ./logs/2306/lraspp_agriseg_wildnet/07_15_07/last_None_epoch_7_mean-iu_0.00000.pth
07-15 08:14:59.933 [epoch 8], [iter 50 / 329 : 2681], [loss 1.456642], [lr 0.002130], [time 0.0325]
07-15 08:15:25.542 [epoch 8], [iter 100 / 329 : 2731], [loss 1.436387], [lr 0.002123], [time 0.0320]
07-15 08:15:51.144 [epoch 8], [iter 150 / 329 : 2781], [loss 1.429739], [lr 0.002116], [time 0.0320]
07-15 08:16:16.779 [epoch 8], [iter 200 / 329 : 2831], [loss 1.451780], [lr 0.002109], [time 0.0320]
07-15 08:16:42.416 [epoch 8], [iter 250 / 329 : 2881], [loss 1.410755], [lr 0.002102], [time 0.0320]
07-15 08:17:07.938 [epoch 8], [iter 300 / 329 : 2931], [loss 1.436902], [lr 0.002095], [time 0.0319]
07-15 08:17:23.375 Saved file to ./logs/2306/lraspp_agriseg_wildnet/07_15_07/last_None_epoch_8_mean-iu_0.00000.pth
07-15 08:17:51.433 [epoch 9], [iter 50 / 329 : 3010], [loss 1.389461], [lr 0.002084], [time 0.0325]
07-15 08:18:17.064 [epoch 9], [iter 100 / 329 : 3060], [loss 1.417056], [lr 0.002077], [time 0.0320]
07-15 08:18:42.637 [epoch 9], [iter 150 / 329 : 3110], [loss 1.439145], [lr 0.002070], [time 0.0320]
07-15 08:19:08.297 [epoch 9], [iter 200 / 329 : 3160], [loss 1.466033], [lr 0.002063], [time 0.0321]
07-15 08:19:33.867 [epoch 9], [iter 250 / 329 : 3210], [loss 1.406112], [lr 0.002056], [time 0.0320]
07-15 08:19:59.453 [epoch 9], [iter 300 / 329 : 3260], [loss 1.420307], [lr 0.002049], [time 0.0320]
07-15 08:20:14.813 Saved file to ./logs/2306/lraspp_agriseg_wildnet/07_15_07/last_None_epoch_9_mean-iu_0.00000.pth
07-15 08:20:42.901 [epoch 10], [iter 50 / 329 : 3339], [loss 1.408581], [lr 0.002038], [time 0.0325]
07-15 08:21:08.597 [epoch 10], [iter 100 / 329 : 3389], [loss 1.430299], [lr 0.002031], [time 0.0321]
07-15 08:21:34.163 [epoch 10], [iter 150 / 329 : 3439], [loss 1.396410], [lr 0.002024], [time 0.0320]
07-15 08:21:59.840 [epoch 10], [iter 200 / 329 : 3489], [loss 1.442740], [lr 0.002017], [time 0.0321]
07-15 08:22:25.426 [epoch 10], [iter 250 / 329 : 3539], [loss 1.412570], [lr 0.002010], [time 0.0320]
07-15 08:22:51.007 [epoch 10], [iter 300 / 329 : 3589], [loss 1.400132], [lr 0.002003], [time 0.0320]
07-15 08:23:06.354 Saved file to ./logs/2306/lraspp_agriseg_wildnet/07_15_07/last_None_epoch_10_mean-iu_0.00000.pth
07-15 08:23:34.314 [epoch 11], [iter 50 / 329 : 3668], [loss 1.391528], [lr 0.001992], [time 0.0323]
07-15 08:23:59.914 [epoch 11], [iter 100 / 329 : 3718], [loss 1.404266], [lr 0.001985], [time 0.0320]
07-15 08:24:25.527 [epoch 11], [iter 150 / 329 : 3768], [loss 1.398369], [lr 0.001978], [time 0.0320]
07-15 08:24:51.163 [epoch 11], [iter 200 / 329 : 3818], [loss 1.392116], [lr 0.001971], [time 0.0320]
07-15 08:25:16.721 [epoch 11], [iter 250 / 329 : 3868], [loss 1.426053], [lr 0.001964], [time 0.0319]
07-15 08:25:42.279 [epoch 11], [iter 300 / 329 : 3918], [loss 1.393682], [lr 0.001957], [time 0.0319]
07-15 08:25:57.655 Saved file to ./logs/2306/lraspp_agriseg_wildnet/07_15_07/last_None_epoch_11_mean-iu_0.00000.pth
07-15 08:26:25.616 [epoch 12], [iter 50 / 329 : 3997], [loss 1.452614], [lr 0.001946], [time 0.0323]
07-15 08:26:51.150 [epoch 12], [iter 100 / 329 : 4047], [loss 1.380897], [lr 0.001939], [time 0.0319]
07-15 08:27:16.892 [epoch 12], [iter 150 / 329 : 4097], [loss 1.388678], [lr 0.001932], [time 0.0322]
07-15 08:27:42.486 [epoch 12], [iter 200 / 329 : 4147], [loss 1.414052], [lr 0.001925], [time 0.0320]
07-15 08:28:08.056 [epoch 12], [iter 250 / 329 : 4197], [loss 1.397192], [lr 0.001918], [time 0.0320]
07-15 08:28:33.623 [epoch 12], [iter 300 / 329 : 4247], [loss 1.364164], [lr 0.001911], [time 0.0320]
07-15 08:28:49.071 Saved file to ./logs/2306/lraspp_agriseg_wildnet/07_15_07/last_None_epoch_12_mean-iu_0.00000.pth
07-15 08:29:17.079 [epoch 13], [iter 50 / 329 : 4326], [loss 1.329647], [lr 0.001900], [time 0.0323]
07-15 08:29:42.664 [epoch 13], [iter 100 / 329 : 4376], [loss 1.367162], [lr 0.001893], [time 0.0320]
07-15 08:30:08.304 [epoch 13], [iter 150 / 329 : 4426], [loss 1.397346], [lr 0.001886], [time 0.0320]
07-15 08:30:33.878 [epoch 13], [iter 200 / 329 : 4476], [loss 1.447455], [lr 0.001878], [time 0.0320]
07-15 08:30:59.421 [epoch 13], [iter 250 / 329 : 4526], [loss 1.391221], [lr 0.001871], [time 0.0319]
07-15 08:31:24.994 [epoch 13], [iter 300 / 329 : 4576], [loss 1.382069], [lr 0.001864], [time 0.0320]
07-15 08:31:40.397 Saved file to ./logs/2306/lraspp_agriseg_wildnet/07_15_07/last_None_epoch_13_mean-iu_0.00000.pth
07-15 08:32:08.316 [epoch 14], [iter 50 / 329 : 4655], [loss 1.365502], [lr 0.001853], [time 0.0321]
07-15 08:32:33.927 [epoch 14], [iter 100 / 329 : 4705], [loss 1.343359], [lr 0.001846], [time 0.0320]
07-15 08:32:59.554 [epoch 14], [iter 150 / 329 : 4755], [loss 1.406228], [lr 0.001839], [time 0.0320]
07-15 08:33:25.211 [epoch 14], [iter 200 / 329 : 4805], [loss 1.387227], [lr 0.001832], [time 0.0321]
07-15 08:33:50.753 [epoch 14], [iter 250 / 329 : 4855], [loss 1.374019], [lr 0.001825], [time 0.0319]
07-15 08:34:16.370 [epoch 14], [iter 300 / 329 : 4905], [loss 1.402328], [lr 0.001818], [time 0.0320]
07-15 08:34:31.826 Saved file to ./logs/2306/lraspp_agriseg_wildnet/07_15_07/last_None_epoch_14_mean-iu_0.00000.pth
07-15 08:34:59.671 [epoch 15], [iter 50 / 329 : 4984], [loss 1.375060], [lr 0.001807], [time 0.0323]
07-15 08:35:25.274 [epoch 15], [iter 100 / 329 : 5034], [loss 1.355093], [lr 0.001800], [time 0.0320]
07-15 08:35:50.944 [epoch 15], [iter 150 / 329 : 5084], [loss 1.392819], [lr 0.001792], [time 0.0321]
07-15 08:36:16.515 [epoch 15], [iter 200 / 329 : 5134], [loss 1.385928], [lr 0.001785], [time 0.0320]
07-15 08:36:42.027 [epoch 15], [iter 250 / 329 : 5184], [loss 1.392723], [lr 0.001778], [time 0.0319]
07-15 08:37:07.655 [epoch 15], [iter 300 / 329 : 5234], [loss 1.372415], [lr 0.001771], [time 0.0320]
07-15 08:37:22.991 Saved file to ./logs/2306/lraspp_agriseg_wildnet/07_15_07/last_None_epoch_15_mean-iu_0.00000.pth
07-15 08:37:51.164 [epoch 16], [iter 50 / 329 : 5313], [loss 1.384093], [lr 0.001760], [time 0.0321]
07-15 08:38:16.855 [epoch 16], [iter 100 / 329 : 5363], [loss 1.364618], [lr 0.001753], [time 0.0321]
07-15 08:38:42.445 [epoch 16], [iter 150 / 329 : 5413], [loss 1.353045], [lr 0.001746], [time 0.0320]
07-15 08:39:07.980 [epoch 16], [iter 200 / 329 : 5463], [loss 1.348209], [lr 0.001739], [time 0.0319]
07-15 08:39:33.656 [epoch 16], [iter 250 / 329 : 5513], [loss 1.405731], [lr 0.001731], [time 0.0321]
07-15 08:39:59.221 [epoch 16], [iter 300 / 329 : 5563], [loss 1.372037], [lr 0.001724], [time 0.0319]
07-15 08:40:14.580 Saved file to ./logs/2306/lraspp_agriseg_wildnet/07_15_07/last_None_epoch_16_mean-iu_0.00000.pth
07-15 08:40:42.642 [epoch 17], [iter 50 / 329 : 5642], [loss 1.352504], [lr 0.001713], [time 0.0321]
07-15 08:41:08.259 [epoch 17], [iter 100 / 329 : 5692], [loss 1.357909], [lr 0.001706], [time 0.0320]
07-15 08:41:33.785 [epoch 17], [iter 150 / 329 : 5742], [loss 1.373435], [lr 0.001699], [time 0.0319]
07-15 08:41:59.423 [epoch 17], [iter 200 / 329 : 5792], [loss 1.366753], [lr 0.001692], [time 0.0320]
07-15 08:42:25.006 [epoch 17], [iter 250 / 329 : 5842], [loss 1.362147], [lr 0.001684], [time 0.0320]
07-15 08:42:50.525 [epoch 17], [iter 300 / 329 : 5892], [loss 1.372347], [lr 0.001677], [time 0.0319]
07-15 08:43:05.875 Saved file to ./logs/2306/lraspp_agriseg_wildnet/07_15_07/last_None_epoch_17_mean-iu_0.00000.pth
07-15 08:43:34.093 [epoch 18], [iter 50 / 329 : 5971], [loss 1.398212], [lr 0.001666], [time 0.0322]
07-15 08:43:59.752 [epoch 18], [iter 100 / 329 : 6021], [loss 1.355327], [lr 0.001659], [time 0.0321]
07-15 08:44:25.288 [epoch 18], [iter 150 / 329 : 6071], [loss 1.343456], [lr 0.001652], [time 0.0319]
07-15 08:44:50.971 [epoch 18], [iter 200 / 329 : 6121], [loss 1.365036], [lr 0.001645], [time 0.0321]
07-15 08:45:16.623 [epoch 18], [iter 250 / 329 : 6171], [loss 1.375765], [lr 0.001637], [time 0.0321]
07-15 08:45:42.218 [epoch 18], [iter 300 / 329 : 6221], [loss 1.346911], [lr 0.001630], [time 0.0320]
07-15 08:45:57.641 Saved file to ./logs/2306/lraspp_agriseg_wildnet/07_15_07/last_None_epoch_18_mean-iu_0.00000.pth
07-15 08:46:25.550 [epoch 19], [iter 50 / 329 : 6300], [loss 1.370584], [lr 0.001619], [time 0.0320]
07-15 08:46:51.061 [epoch 19], [iter 100 / 329 : 6350], [loss 1.399833], [lr 0.001612], [time 0.0319]
07-15 08:47:16.754 [epoch 19], [iter 150 / 329 : 6400], [loss 1.383946], [lr 0.001605], [time 0.0321]
07-15 08:47:42.360 [epoch 19], [iter 200 / 329 : 6450], [loss 1.358652], [lr 0.001597], [time 0.0320]
07-15 08:48:07.951 [epoch 19], [iter 250 / 329 : 6500], [loss 1.340638], [lr 0.001590], [time 0.0320]
07-15 08:48:33.532 [epoch 19], [iter 300 / 329 : 6550], [loss 1.343774], [lr 0.001583], [time 0.0320]
07-15 08:48:48.910 Saved file to ./logs/2306/lraspp_agriseg_wildnet/07_15_07/last_None_epoch_19_mean-iu_0.00000.pth
07-15 08:49:16.945 [epoch 20], [iter 50 / 329 : 6629], [loss 1.337040], [lr 0.001572], [time 0.0321]
07-15 08:49:42.602 [epoch 20], [iter 100 / 329 : 6679], [loss 1.365705], [lr 0.001564], [time 0.0321]
07-15 08:50:08.147 [epoch 20], [iter 150 / 329 : 6729], [loss 1.401854], [lr 0.001557], [time 0.0319]
07-15 08:50:33.692 [epoch 20], [iter 200 / 329 : 6779], [loss 1.371016], [lr 0.001550], [time 0.0319]
07-15 08:50:59.258 [epoch 20], [iter 250 / 329 : 6829], [loss 1.326799], [lr 0.001543], [time 0.0320]
07-15 08:51:24.808 [epoch 20], [iter 300 / 329 : 6879], [loss 1.338187], [lr 0.001536], [time 0.0319]
07-15 08:51:40.150 Saved file to ./logs/2306/lraspp_agriseg_wildnet/07_15_07/last_None_epoch_20_mean-iu_0.00000.pth
07-15 08:52:08.298 [epoch 21], [iter 50 / 329 : 6958], [loss 1.357360], [lr 0.001524], [time 0.0323]
07-15 08:52:33.843 [epoch 21], [iter 100 / 329 : 7008], [loss 1.350027], [lr 0.001517], [time 0.0319]
07-15 08:52:59.395 [epoch 21], [iter 150 / 329 : 7058], [loss 1.323627], [lr 0.001510], [time 0.0319]
07-15 08:53:24.900 [epoch 21], [iter 200 / 329 : 7108], [loss 1.358463], [lr 0.001502], [time 0.0319]
07-15 08:53:50.441 [epoch 21], [iter 250 / 329 : 7158], [loss 1.367934], [lr 0.001495], [time 0.0319]
07-15 08:54:15.959 [epoch 21], [iter 300 / 329 : 7208], [loss 1.357044], [lr 0.001488], [time 0.0319]
07-15 08:54:31.420 Saved file to ./logs/2306/lraspp_agriseg_wildnet/07_15_07/last_None_epoch_21_mean-iu_0.00000.pth
07-15 08:54:59.588 [epoch 22], [iter 50 / 329 : 7287], [loss 1.328958], [lr 0.001476], [time 0.0322]
07-15 08:55:25.198 [epoch 22], [iter 100 / 329 : 7337], [loss 1.309832], [lr 0.001469], [time 0.0320]
07-15 08:55:50.719 [epoch 22], [iter 150 / 329 : 7387], [loss 1.361802], [lr 0.001462], [time 0.0319]
07-15 08:56:16.309 [epoch 22], [iter 200 / 329 : 7437], [loss 1.351425], [lr 0.001455], [time 0.0320]
07-15 08:56:41.873 [epoch 22], [iter 250 / 329 : 7487], [loss 1.383389], [lr 0.001447], [time 0.0319]
07-15 08:57:07.565 [epoch 22], [iter 300 / 329 : 7537], [loss 1.391237], [lr 0.001440], [time 0.0321]
07-15 08:57:22.895 Saved file to ./logs/2306/lraspp_agriseg_wildnet/07_15_07/last_None_epoch_22_mean-iu_0.00000.pth
07-15 08:57:50.941 [epoch 23], [iter 50 / 329 : 7616], [loss 1.372166], [lr 0.001429], [time 0.0324]
07-15 08:58:16.527 [epoch 23], [iter 100 / 329 : 7666], [loss 1.330037], [lr 0.001421], [time 0.0320]
07-15 08:58:42.117 [epoch 23], [iter 150 / 329 : 7716], [loss 1.333524], [lr 0.001414], [time 0.0320]
07-15 08:59:07.740 [epoch 23], [iter 200 / 329 : 7766], [loss 1.335105], [lr 0.001407], [time 0.0320]
07-15 08:59:33.401 [epoch 23], [iter 250 / 329 : 7816], [loss 1.354460], [lr 0.001400], [time 0.0321]
07-15 08:59:58.950 [epoch 23], [iter 300 / 329 : 7866], [loss 1.377876], [lr 0.001392], [time 0.0319]
07-15 09:00:14.345 Saved file to ./logs/2306/lraspp_agriseg_wildnet/07_15_07/last_None_epoch_23_mean-iu_0.00000.pth
07-15 09:00:42.422 [epoch 24], [iter 50 / 329 : 7945], [loss 1.370293], [lr 0.001381], [time 0.0323]
07-15 09:01:07.997 [epoch 24], [iter 100 / 329 : 7995], [loss 1.356131], [lr 0.001373], [time 0.0320]
07-15 09:01:33.509 [epoch 24], [iter 150 / 329 : 8045], [loss 1.344057], [lr 0.001366], [time 0.0319]
07-15 09:01:59.140 [epoch 24], [iter 200 / 329 : 8095], [loss 1.349415], [lr 0.001359], [time 0.0320]
07-15 09:02:24.691 [epoch 24], [iter 250 / 329 : 8145], [loss 1.329788], [lr 0.001351], [time 0.0319]
07-15 09:02:50.243 [epoch 24], [iter 300 / 329 : 8195], [loss 1.359062], [lr 0.001344], [time 0.0319]
07-15 09:03:05.600 Saved file to ./logs/2306/lraspp_agriseg_wildnet/07_15_07/last_None_epoch_24_mean-iu_0.00000.pth
07-15 09:03:33.731 [epoch 25], [iter 50 / 329 : 8274], [loss 1.319518], [lr 0.001333], [time 0.0322]
07-15 09:03:59.410 [epoch 25], [iter 100 / 329 : 8324], [loss 1.369116], [lr 0.001325], [time 0.0321]
07-15 09:04:24.974 [epoch 25], [iter 150 / 329 : 8374], [loss 1.356409], [lr 0.001318], [time 0.0319]
07-15 09:04:50.585 [epoch 25], [iter 200 / 329 : 8424], [loss 1.315416], [lr 0.001311], [time 0.0320]
07-15 09:05:16.187 [epoch 25], [iter 250 / 329 : 8474], [loss 1.342284], [lr 0.001303], [time 0.0320]
07-15 09:05:41.757 [epoch 25], [iter 300 / 329 : 8524], [loss 1.354561], [lr 0.001296], [time 0.0320]
07-15 09:05:57.190 Saved file to ./logs/2306/lraspp_agriseg_wildnet/07_15_07/last_None_epoch_25_mean-iu_0.00000.pth
07-15 09:06:25.350 [epoch 26], [iter 50 / 329 : 8603], [loss 1.307927], [lr 0.001284], [time 0.0323]
07-15 09:06:50.954 [epoch 26], [iter 100 / 329 : 8653], [loss 1.339697], [lr 0.001277], [time 0.0320]
07-15 09:07:16.520 [epoch 26], [iter 150 / 329 : 8703], [loss 1.357209], [lr 0.001269], [time 0.0319]
07-15 09:07:42.074 [epoch 26], [iter 200 / 329 : 8753], [loss 1.340280], [lr 0.001262], [time 0.0319]
07-15 09:08:07.653 [epoch 26], [iter 250 / 329 : 8803], [loss 1.337082], [lr 0.001255], [time 0.0320]
07-15 09:08:33.272 [epoch 26], [iter 300 / 329 : 8853], [loss 1.367125], [lr 0.001247], [time 0.0320]
07-15 09:08:48.625 Saved file to ./logs/2306/lraspp_agriseg_wildnet/07_15_07/last_None_epoch_26_mean-iu_0.00000.pth
07-15 09:09:16.738 [epoch 27], [iter 50 / 329 : 8932], [loss 1.350982], [lr 0.001236], [time 0.0322]
07-15 09:09:42.329 [epoch 27], [iter 100 / 329 : 8982], [loss 1.298481], [lr 0.001228], [time 0.0320]
07-15 09:10:07.914 [epoch 27], [iter 150 / 329 : 9032], [loss 1.383624], [lr 0.001221], [time 0.0320]
07-15 09:10:33.497 [epoch 27], [iter 200 / 329 : 9082], [loss 1.347944], [lr 0.001213], [time 0.0320]
07-15 09:10:59.120 [epoch 27], [iter 250 / 329 : 9132], [loss 1.309924], [lr 0.001206], [time 0.0320]
07-15 09:11:24.661 [epoch 27], [iter 300 / 329 : 9182], [loss 1.361075], [lr 0.001199], [time 0.0319]
07-15 09:11:40.027 Saved file to ./logs/2306/lraspp_agriseg_wildnet/07_15_07/last_None_epoch_27_mean-iu_0.00000.pth
07-15 09:12:08.091 [epoch 28], [iter 50 / 329 : 9261], [loss 1.344704], [lr 0.001187], [time 0.0323]
07-15 09:12:33.710 [epoch 28], [iter 100 / 329 : 9311], [loss 1.340085], [lr 0.001179], [time 0.0320]
07-15 09:12:59.251 [epoch 28], [iter 150 / 329 : 9361], [loss 1.320712], [lr 0.001172], [time 0.0319]
07-15 09:13:24.804 [epoch 28], [iter 200 / 329 : 9411], [loss 1.329027], [lr 0.001165], [time 0.0319]
07-15 09:13:50.378 [epoch 28], [iter 250 / 329 : 9461], [loss 1.325823], [lr 0.001157], [time 0.0320]
07-15 09:14:15.907 [epoch 28], [iter 300 / 329 : 9511], [loss 1.343529], [lr 0.001150], [time 0.0319]
07-15 09:14:31.250 Saved file to ./logs/2306/lraspp_agriseg_wildnet/07_15_07/last_None_epoch_28_mean-iu_0.00000.pth
07-15 09:14:59.485 [epoch 29], [iter 50 / 329 : 9590], [loss 1.306943], [lr 0.001138], [time 0.0323]
07-15 09:15:25.054 [epoch 29], [iter 100 / 329 : 9640], [loss 1.361923], [lr 0.001130], [time 0.0320]
07-15 09:15:50.571 [epoch 29], [iter 150 / 329 : 9690], [loss 1.345498], [lr 0.001123], [time 0.0319]
07-15 09:16:16.143 [epoch 29], [iter 200 / 329 : 9740], [loss 1.327554], [lr 0.001115], [time 0.0320]
07-15 09:16:41.680 [epoch 29], [iter 250 / 329 : 9790], [loss 1.323490], [lr 0.001108], [time 0.0319]
07-15 09:17:07.233 [epoch 29], [iter 300 / 329 : 9840], [loss 1.370903], [lr 0.001100], [time 0.0319]
07-15 09:17:22.634 Saved file to ./logs/2306/lraspp_agriseg_wildnet/07_15_07/last_None_epoch_29_mean-iu_0.00000.pth
07-15 09:17:50.732 [epoch 30], [iter 50 / 329 : 9919], [loss 1.369402], [lr 0.001089], [time 0.0322]
07-15 09:18:16.319 [epoch 30], [iter 100 / 329 : 9969], [loss 1.335219], [lr 0.001081], [time 0.0320]
07-15 09:18:41.920 [epoch 30], [iter 150 / 329 : 10019], [loss 1.361935], [lr 0.001074], [time 0.0320]
07-15 09:19:07.445 [epoch 30], [iter 200 / 329 : 10069], [loss 1.285023], [lr 0.001066], [time 0.0319]
07-15 09:19:33.034 [epoch 30], [iter 250 / 329 : 10119], [loss 1.358649], [lr 0.001059], [time 0.0320]
07-15 09:19:58.718 [epoch 30], [iter 300 / 329 : 10169], [loss 1.324450], [lr 0.001051], [time 0.0321]
07-15 09:20:14.068 Saved file to ./logs/2306/lraspp_agriseg_wildnet/07_15_07/last_None_epoch_30_mean-iu_0.00000.pth
07-15 09:20:42.191 [epoch 31], [iter 50 / 329 : 10248], [loss 1.347813], [lr 0.001039], [time 0.0323]
07-15 09:21:07.868 [epoch 31], [iter 100 / 329 : 10298], [loss 1.339000], [lr 0.001032], [time 0.0321]
07-15 09:21:33.424 [epoch 31], [iter 150 / 329 : 10348], [loss 1.353851], [lr 0.001024], [time 0.0319]
07-15 09:21:58.937 [epoch 31], [iter 200 / 329 : 10398], [loss 1.326481], [lr 0.001016], [time 0.0319]
07-15 09:22:24.521 [epoch 31], [iter 250 / 329 : 10448], [loss 1.338078], [lr 0.001009], [time 0.0320]
07-15 09:22:50.032 [epoch 31], [iter 300 / 329 : 10498], [loss 1.336829], [lr 0.001001], [time 0.0319]
07-15 09:23:05.394 Saved file to ./logs/2306/lraspp_agriseg_wildnet/07_15_07/last_None_epoch_31_mean-iu_0.00000.pth
07-15 09:23:33.573 [epoch 32], [iter 50 / 329 : 10577], [loss 1.307189], [lr 0.000989], [time 0.0322]
07-15 09:23:59.145 [epoch 32], [iter 100 / 329 : 10627], [loss 1.314370], [lr 0.000982], [time 0.0320]
07-15 09:24:24.679 [epoch 32], [iter 150 / 329 : 10677], [loss 1.359549], [lr 0.000974], [time 0.0319]
07-15 09:24:50.228 [epoch 32], [iter 200 / 329 : 10727], [loss 1.327448], [lr 0.000967], [time 0.0319]
07-15 09:25:15.793 [epoch 32], [iter 250 / 329 : 10777], [loss 1.324619], [lr 0.000959], [time 0.0319]
07-15 09:25:41.345 [epoch 32], [iter 300 / 329 : 10827], [loss 1.352531], [lr 0.000951], [time 0.0319]
07-15 09:25:56.760 Saved file to ./logs/2306/lraspp_agriseg_wildnet/07_15_07/last_None_epoch_32_mean-iu_0.00000.pth
07-15 09:26:24.799 [epoch 33], [iter 50 / 329 : 10906], [loss 1.342968], [lr 0.000939], [time 0.0323]
07-15 09:26:50.352 [epoch 33], [iter 100 / 329 : 10956], [loss 1.331938], [lr 0.000932], [time 0.0319]
07-15 09:27:15.908 [epoch 33], [iter 150 / 329 : 11006], [loss 1.307599], [lr 0.000924], [time 0.0319]
07-15 09:27:41.469 [epoch 33], [iter 200 / 329 : 11056], [loss 1.305110], [lr 0.000916], [time 0.0319]
07-15 09:28:07.017 [epoch 33], [iter 250 / 329 : 11106], [loss 1.356213], [lr 0.000909], [time 0.0319]
07-15 09:28:32.611 [epoch 33], [iter 300 / 329 : 11156], [loss 1.337363], [lr 0.000901], [time 0.0320]
07-15 09:28:47.974 Saved file to ./logs/2306/lraspp_agriseg_wildnet/07_15_07/last_None_epoch_33_mean-iu_0.00000.pth
07-15 09:29:16.004 [epoch 34], [iter 50 / 329 : 11235], [loss 1.322671], [lr 0.000889], [time 0.0323]
07-15 09:29:41.684 [epoch 34], [iter 100 / 329 : 11285], [loss 1.316041], [lr 0.000881], [time 0.0321]
07-15 09:30:07.210 [epoch 34], [iter 150 / 329 : 11335], [loss 1.308285], [lr 0.000874], [time 0.0319]
07-15 09:30:32.711 [epoch 34], [iter 200 / 329 : 11385], [loss 1.346670], [lr 0.000866], [time 0.0319]
07-15 09:30:58.266 [epoch 34], [iter 250 / 329 : 11435], [loss 1.329269], [lr 0.000858], [time 0.0319]
07-15 09:31:23.814 [epoch 34], [iter 300 / 329 : 11485], [loss 1.330752], [lr 0.000851], [time 0.0319]
07-15 09:31:39.180 Saved file to ./logs/2306/lraspp_agriseg_wildnet/07_15_07/last_None_epoch_34_mean-iu_0.00000.pth
07-15 09:32:07.333 [epoch 35], [iter 50 / 329 : 11564], [loss 1.285388], [lr 0.000838], [time 0.0326]
07-15 09:32:32.947 [epoch 35], [iter 100 / 329 : 11614], [loss 1.338701], [lr 0.000831], [time 0.0320]
07-15 09:32:58.460 [epoch 35], [iter 150 / 329 : 11664], [loss 1.313836], [lr 0.000823], [time 0.0319]
07-15 09:33:24.085 [epoch 35], [iter 200 / 329 : 11714], [loss 1.331942], [lr 0.000815], [time 0.0320]
07-15 09:33:49.698 [epoch 35], [iter 250 / 329 : 11764], [loss 1.324145], [lr 0.000807], [time 0.0320]
07-15 09:34:15.234 [epoch 35], [iter 300 / 329 : 11814], [loss 1.328040], [lr 0.000800], [time 0.0319]
07-15 09:34:30.611 Saved file to ./logs/2306/lraspp_agriseg_wildnet/07_15_07/last_None_epoch_35_mean-iu_0.00000.pth
07-15 09:34:58.959 [epoch 36], [iter 50 / 329 : 11893], [loss 1.319473], [lr 0.000787], [time 0.0321]
07-15 09:35:24.476 [epoch 36], [iter 100 / 329 : 11943], [loss 1.313282], [lr 0.000780], [time 0.0319]
07-15 09:35:50.137 [epoch 36], [iter 150 / 329 : 11993], [loss 1.339538], [lr 0.000772], [time 0.0321]
07-15 09:36:15.685 [epoch 36], [iter 200 / 329 : 12043], [loss 1.323715], [lr 0.000764], [time 0.0319]
07-15 09:36:41.262 [epoch 36], [iter 250 / 329 : 12093], [loss 1.337792], [lr 0.000756], [time 0.0320]
07-15 09:37:06.830 [epoch 36], [iter 300 / 329 : 12143], [loss 1.342185], [lr 0.000748], [time 0.0320]
07-15 09:37:22.189 Saved file to ./logs/2306/lraspp_agriseg_wildnet/07_15_07/last_None_epoch_36_mean-iu_0.00000.pth
07-15 09:37:50.118 [epoch 37], [iter 50 / 329 : 12222], [loss 1.318854], [lr 0.000736], [time 0.0323]
07-15 09:38:15.787 [epoch 37], [iter 100 / 329 : 12272], [loss 1.304368], [lr 0.000728], [time 0.0321]
07-15 09:38:41.269 [epoch 37], [iter 150 / 329 : 12322], [loss 1.386382], [lr 0.000720], [time 0.0318]
07-15 09:39:06.851 [epoch 37], [iter 200 / 329 : 12372], [loss 1.293270], [lr 0.000713], [time 0.0320]
07-15 09:39:32.447 [epoch 37], [iter 250 / 329 : 12422], [loss 1.314650], [lr 0.000705], [time 0.0320]
07-15 09:39:57.953 [epoch 37], [iter 300 / 329 : 12472], [loss 1.349327], [lr 0.000697], [time 0.0319]
07-15 09:40:13.463 Saved file to ./logs/2306/lraspp_agriseg_wildnet/07_15_07/last_None_epoch_37_mean-iu_0.00000.pth
07-15 09:40:42.152 [epoch 38], [iter 50 / 329 : 12551], [loss 1.296470], [lr 0.000684], [time 0.0321]
07-15 09:41:07.699 [epoch 38], [iter 100 / 329 : 12601], [loss 1.375475], [lr 0.000676], [time 0.0319]
07-15 09:41:33.262 [epoch 38], [iter 150 / 329 : 12651], [loss 1.316766], [lr 0.000668], [time 0.0319]
07-15 09:41:58.765 [epoch 38], [iter 200 / 329 : 12701], [loss 1.328707], [lr 0.000661], [time 0.0319]
07-15 09:42:24.315 [epoch 38], [iter 250 / 329 : 12751], [loss 1.300132], [lr 0.000653], [time 0.0319]
07-15 09:42:49.857 [epoch 38], [iter 300 / 329 : 12801], [loss 1.325175], [lr 0.000645], [time 0.0319]
07-15 09:43:05.210 Saved file to ./logs/2306/lraspp_agriseg_wildnet/07_15_07/last_None_epoch_38_mean-iu_0.00000.pth
07-15 09:43:33.395 [epoch 39], [iter 50 / 329 : 12880], [loss 1.344909], [lr 0.000632], [time 0.0323]
07-15 09:43:58.948 [epoch 39], [iter 100 / 329 : 12930], [loss 1.318894], [lr 0.000624], [time 0.0319]
07-15 09:44:24.442 [epoch 39], [iter 150 / 329 : 12980], [loss 1.332323], [lr 0.000616], [time 0.0319]
07-15 09:44:49.996 [epoch 39], [iter 200 / 329 : 13030], [loss 1.344809], [lr 0.000608], [time 0.0319]
07-15 09:45:15.544 [epoch 39], [iter 250 / 329 : 13080], [loss 1.327279], [lr 0.000600], [time 0.0319]
07-15 09:45:41.091 [epoch 39], [iter 300 / 329 : 13130], [loss 1.316012], [lr 0.000592], [time 0.0319]
07-15 09:45:56.549 Saved file to ./logs/2306/lraspp_agriseg_wildnet/07_15_07/last_None_epoch_39_mean-iu_0.00000.pth
07-15 09:46:24.439 [epoch 40], [iter 50 / 329 : 13209], [loss 1.312960], [lr 0.000579], [time 0.0319]
07-15 09:46:50.237 [epoch 40], [iter 100 / 329 : 13259], [loss 1.315015], [lr 0.000571], [time 0.0322]
07-15 09:47:15.913 [epoch 40], [iter 150 / 329 : 13309], [loss 1.343168], [lr 0.000563], [time 0.0321]
07-15 09:47:41.408 [epoch 40], [iter 200 / 329 : 13359], [loss 1.323599], [lr 0.000555], [time 0.0319]
07-15 09:48:07.084 [epoch 40], [iter 250 / 329 : 13409], [loss 1.307036], [lr 0.000547], [time 0.0321]
07-15 09:48:32.658 [epoch 40], [iter 300 / 329 : 13459], [loss 1.355566], [lr 0.000539], [time 0.0320]
07-15 09:48:48.005 Saved file to ./logs/2306/lraspp_agriseg_wildnet/07_15_07/last_None_epoch_40_mean-iu_0.00000.pth
07-15 09:49:16.012 [epoch 41], [iter 50 / 329 : 13538], [loss 1.298160], [lr 0.000526], [time 0.0321]
07-15 09:49:41.683 [epoch 41], [iter 100 / 329 : 13588], [loss 1.326761], [lr 0.000518], [time 0.0321]
07-15 09:50:07.285 [epoch 41], [iter 150 / 329 : 13638], [loss 1.309973], [lr 0.000510], [time 0.0320]
07-15 09:50:32.800 [epoch 41], [iter 200 / 329 : 13688], [loss 1.371835], [lr 0.000502], [time 0.0319]
07-15 09:50:58.420 [epoch 41], [iter 250 / 329 : 13738], [loss 1.349841], [lr 0.000494], [time 0.0320]
07-15 09:51:23.958 [epoch 41], [iter 300 / 329 : 13788], [loss 1.323706], [lr 0.000485], [time 0.0319]
07-15 09:51:39.305 Saved file to ./logs/2306/lraspp_agriseg_wildnet/07_15_07/last_None_epoch_41_mean-iu_0.00000.pth
07-15 09:52:07.217 [epoch 42], [iter 50 / 329 : 13867], [loss 1.304122], [lr 0.000472], [time 0.0321]
07-15 09:52:32.844 [epoch 42], [iter 100 / 329 : 13917], [loss 1.328157], [lr 0.000464], [time 0.0320]
07-15 09:52:58.342 [epoch 42], [iter 150 / 329 : 13967], [loss 1.345588], [lr 0.000456], [time 0.0319]
07-15 09:53:23.953 [epoch 42], [iter 200 / 329 : 14017], [loss 1.284131], [lr 0.000448], [time 0.0320]
07-15 09:53:49.514 [epoch 42], [iter 250 / 329 : 14067], [loss 1.354961], [lr 0.000439], [time 0.0319]
07-15 09:54:15.099 [epoch 42], [iter 300 / 329 : 14117], [loss 1.330868], [lr 0.000431], [time 0.0320]
07-15 09:54:30.455 Saved file to ./logs/2306/lraspp_agriseg_wildnet/07_15_07/last_None_epoch_42_mean-iu_0.00000.pth
07-15 09:54:58.700 [epoch 43], [iter 50 / 329 : 14196], [loss 1.356138], [lr 0.000418], [time 0.0328]
07-15 09:55:24.285 [epoch 43], [iter 100 / 329 : 14246], [loss 1.327900], [lr 0.000410], [time 0.0320]
07-15 09:55:49.848 [epoch 43], [iter 150 / 329 : 14296], [loss 1.323969], [lr 0.000401], [time 0.0319]
07-15 09:56:15.398 [epoch 43], [iter 200 / 329 : 14346], [loss 1.333736], [lr 0.000393], [time 0.0319]
07-15 09:56:40.944 [epoch 43], [iter 250 / 329 : 14396], [loss 1.305773], [lr 0.000384], [time 0.0319]
07-15 09:57:06.472 [epoch 43], [iter 300 / 329 : 14446], [loss 1.296269], [lr 0.000376], [time 0.0319]
07-15 09:57:21.833 Saved file to ./logs/2306/lraspp_agriseg_wildnet/07_15_07/last_None_epoch_43_mean-iu_0.00000.pth
07-15 09:57:49.800 [epoch 44], [iter 50 / 329 : 14525], [loss 1.286036], [lr 0.000363], [time 0.0324]
07-15 09:58:15.494 [epoch 44], [iter 100 / 329 : 14575], [loss 1.306893], [lr 0.000354], [time 0.0321]
07-15 09:58:41.022 [epoch 44], [iter 150 / 329 : 14625], [loss 1.352338], [lr 0.000346], [time 0.0319]
07-15 09:59:06.603 [epoch 44], [iter 200 / 329 : 14675], [loss 1.342160], [lr 0.000337], [time 0.0320]
07-15 09:59:32.195 [epoch 44], [iter 250 / 329 : 14725], [loss 1.333890], [lr 0.000328], [time 0.0320]
07-15 09:59:57.714 [epoch 44], [iter 300 / 329 : 14775], [loss 1.343154], [lr 0.000320], [time 0.0319]
07-15 10:00:13.125 Saved file to ./logs/2306/lraspp_agriseg_wildnet/07_15_07/last_None_epoch_44_mean-iu_0.00000.pth
07-15 10:00:41.262 [epoch 45], [iter 50 / 329 : 14854], [loss 1.305070], [lr 0.000306], [time 0.0324]
07-15 10:01:06.855 [epoch 45], [iter 100 / 329 : 14904], [loss 1.310273], [lr 0.000298], [time 0.0320]
07-15 10:01:32.504 [epoch 45], [iter 150 / 329 : 14954], [loss 1.319078], [lr 0.000289], [time 0.0321]
07-15 10:01:58.038 [epoch 45], [iter 200 / 329 : 15004], [loss 1.336660], [lr 0.000280], [time 0.0319]
07-15 10:02:23.628 [epoch 45], [iter 250 / 329 : 15054], [loss 1.307298], [lr 0.000272], [time 0.0320]
07-15 10:02:49.199 [epoch 45], [iter 300 / 329 : 15104], [loss 1.356495], [lr 0.000263], [time 0.0320]
07-15 10:03:04.541 Saved file to ./logs/2306/lraspp_agriseg_wildnet/07_15_07/last_None_epoch_45_mean-iu_0.00000.pth
07-15 10:03:32.777 [epoch 46], [iter 50 / 329 : 15183], [loss 1.331713], [lr 0.000249], [time 0.0323]
07-15 10:03:58.381 [epoch 46], [iter 100 / 329 : 15233], [loss 1.291125], [lr 0.000240], [time 0.0320]
07-15 10:04:23.880 [epoch 46], [iter 150 / 329 : 15283], [loss 1.344630], [lr 0.000231], [time 0.0319]
07-15 10:04:49.509 [epoch 46], [iter 200 / 329 : 15333], [loss 1.291210], [lr 0.000222], [time 0.0320]
07-15 10:05:15.132 [epoch 46], [iter 250 / 329 : 15383], [loss 1.298793], [lr 0.000213], [time 0.0320]
07-15 10:05:40.702 [epoch 46], [iter 300 / 329 : 15433], [loss 1.344077], [lr 0.000204], [time 0.0320]
07-15 10:05:56.121 Saved file to ./logs/2306/lraspp_agriseg_wildnet/07_15_07/last_None_epoch_46_mean-iu_0.00000.pth
07-15 10:06:24.193 [epoch 47], [iter 50 / 329 : 15512], [loss 1.313978], [lr 0.000190], [time 0.0321]
07-15 10:06:49.708 [epoch 47], [iter 100 / 329 : 15562], [loss 1.313496], [lr 0.000181], [time 0.0319]
07-15 10:07:15.324 [epoch 47], [iter 150 / 329 : 15612], [loss 1.363459], [lr 0.000172], [time 0.0320]
07-15 10:07:40.936 [epoch 47], [iter 200 / 329 : 15662], [loss 1.306812], [lr 0.000162], [time 0.0320]
07-15 10:08:06.528 [epoch 47], [iter 250 / 329 : 15712], [loss 1.365975], [lr 0.000153], [time 0.0320]
07-15 10:08:32.108 [epoch 47], [iter 300 / 329 : 15762], [loss 1.290812], [lr 0.000144], [time 0.0320]
07-15 10:08:47.533 Saved file to ./logs/2306/lraspp_agriseg_wildnet/07_15_07/last_None_epoch_47_mean-iu_0.00000.pth
07-15 10:09:15.524 [epoch 48], [iter 50 / 329 : 15841], [loss 1.350605], [lr 0.000129], [time 0.0323]
07-15 10:09:41.076 [epoch 48], [iter 100 / 329 : 15891], [loss 1.292894], [lr 0.000119], [time 0.0319]
07-15 10:10:06.680 [epoch 48], [iter 150 / 329 : 15941], [loss 1.350021], [lr 0.000110], [time 0.0320]
07-15 10:10:32.247 [epoch 48], [iter 200 / 329 : 15991], [loss 1.319186], [lr 0.000100], [time 0.0320]
07-15 10:10:57.922 [epoch 48], [iter 250 / 329 : 16041], [loss 1.282921], [lr 0.000090], [time 0.0321]
07-15 10:11:23.442 [epoch 48], [iter 300 / 329 : 16091], [loss 1.334049], [lr 0.000080], [time 0.0319]
07-15 10:11:38.838 Saved file to ./logs/2306/lraspp_agriseg_wildnet/07_15_07/last_None_epoch_48_mean-iu_0.00000.pth
07-15 10:12:06.735 [epoch 49], [iter 50 / 329 : 16170], [loss 1.302368], [lr 0.000064], [time 0.0322]
07-15 10:12:32.284 [epoch 49], [iter 100 / 329 : 16220], [loss 1.305112], [lr 0.000054], [time 0.0319]
07-15 10:12:57.895 [epoch 49], [iter 150 / 329 : 16270], [loss 1.313529], [lr 0.000043], [time 0.0320]
07-15 10:13:23.528 [epoch 49], [iter 200 / 329 : 16320], [loss 1.337510], [lr 0.000032], [time 0.0320]
07-15 10:13:49.017 [epoch 49], [iter 250 / 329 : 16370], [loss 1.349290], [lr 0.000021], [time 0.0319]
07-15 10:14:14.561 [epoch 49], [iter 300 / 329 : 16420], [loss 1.307961], [lr 0.000009], [time 0.0319]
07-15 10:14:29.924 Saved file to ./logs/2306/lraspp_agriseg_wildnet/07_15_07/last_None_epoch_49_mean-iu_0.00000.pth
07-15 10:14:30.584 validating: 1 / 5274
07-15 10:14:30.727 validating: 21 / 5274
07-15 10:14:30.837 validating: 41 / 5274
07-15 10:14:30.946 validating: 61 / 5274
07-15 10:14:31.054 validating: 81 / 5274
07-15 10:14:31.161 validating: 101 / 5274
07-15 10:14:31.269 validating: 121 / 5274
07-15 10:14:31.380 validating: 141 / 5274
07-15 10:14:31.488 validating: 161 / 5274
07-15 10:14:31.604 validating: 181 / 5274
07-15 10:14:31.712 validating: 201 / 5274
07-15 10:14:31.822 validating: 221 / 5274
07-15 10:14:31.928 validating: 241 / 5274
07-15 10:14:32.034 validating: 261 / 5274
07-15 10:14:32.141 validating: 281 / 5274
07-15 10:14:32.247 validating: 301 / 5274
07-15 10:14:32.357 validating: 321 / 5274
07-15 10:14:32.468 validating: 341 / 5274
07-15 10:14:32.575 validating: 361 / 5274
07-15 10:14:32.680 validating: 381 / 5274
07-15 10:14:32.788 validating: 401 / 5274
07-15 10:14:32.896 validating: 421 / 5274
07-15 10:14:33.002 validating: 441 / 5274
07-15 10:14:33.111 validating: 461 / 5274
07-15 10:14:33.218 validating: 481 / 5274
07-15 10:14:33.325 validating: 501 / 5274
07-15 10:14:33.437 validating: 521 / 5274
07-15 10:14:33.545 validating: 541 / 5274
07-15 10:14:33.655 validating: 561 / 5274
07-15 10:14:33.761 validating: 581 / 5274
07-15 10:14:33.874 validating: 601 / 5274
07-15 10:14:33.981 validating: 621 / 5274
07-15 10:14:34.087 validating: 641 / 5274
07-15 10:14:34.193 validating: 661 / 5274
07-15 10:14:34.297 validating: 681 / 5274
07-15 10:14:34.406 validating: 701 / 5274
07-15 10:14:34.516 validating: 721 / 5274
07-15 10:14:34.623 validating: 741 / 5274
07-15 10:14:34.731 validating: 761 / 5274
07-15 10:14:34.838 validating: 781 / 5274
07-15 10:14:34.947 validating: 801 / 5274
07-15 10:14:35.053 validating: 821 / 5274
07-15 10:14:35.160 validating: 841 / 5274
07-15 10:14:35.266 validating: 861 / 5274
07-15 10:14:35.374 validating: 881 / 5274
07-15 10:14:35.481 validating: 901 / 5274
07-15 10:14:35.589 validating: 921 / 5274
07-15 10:14:35.699 validating: 941 / 5274
07-15 10:14:35.806 validating: 961 / 5274
07-15 10:14:35.913 validating: 981 / 5274
07-15 10:14:36.022 validating: 1001 / 5274
07-15 10:14:36.130 validating: 1021 / 5274
07-15 10:14:36.238 validating: 1041 / 5274
07-15 10:14:36.345 validating: 1061 / 5274
07-15 10:14:36.453 validating: 1081 / 5274
07-15 10:14:36.560 validating: 1101 / 5274
07-15 10:14:36.670 validating: 1121 / 5274
07-15 10:14:36.777 validating: 1141 / 5274
07-15 10:14:36.884 validating: 1161 / 5274
07-15 10:14:36.991 validating: 1181 / 5274
07-15 10:14:37.098 validating: 1201 / 5274
07-15 10:14:37.206 validating: 1221 / 5274
07-15 10:14:37.311 validating: 1241 / 5274
07-15 10:14:37.416 validating: 1261 / 5274
07-15 10:14:37.523 validating: 1281 / 5274
07-15 10:14:37.629 validating: 1301 / 5274
07-15 10:14:37.736 validating: 1321 / 5274
07-15 10:14:37.842 validating: 1341 / 5274
07-15 10:14:37.949 validating: 1361 / 5274
07-15 10:14:38.055 validating: 1381 / 5274
07-15 10:14:38.161 validating: 1401 / 5274
07-15 10:14:38.268 validating: 1421 / 5274
07-15 10:14:38.378 validating: 1441 / 5274
07-15 10:14:38.486 validating: 1461 / 5274
07-15 10:14:38.592 validating: 1481 / 5274
07-15 10:14:38.698 validating: 1501 / 5274
07-15 10:14:38.804 validating: 1521 / 5274
07-15 10:14:38.911 validating: 1541 / 5274
07-15 10:14:39.023 validating: 1561 / 5274
07-15 10:14:39.129 validating: 1581 / 5274
07-15 10:14:39.237 validating: 1601 / 5274
07-15 10:14:39.343 validating: 1621 / 5274
07-15 10:14:39.451 validating: 1641 / 5274
07-15 10:14:39.557 validating: 1661 / 5274
07-15 10:14:39.670 validating: 1681 / 5274
07-15 10:14:39.777 validating: 1701 / 5274
07-15 10:14:39.885 validating: 1721 / 5274
07-15 10:14:39.992 validating: 1741 / 5274
07-15 10:14:40.100 validating: 1761 / 5274
07-15 10:14:40.207 validating: 1781 / 5274
07-15 10:14:40.314 validating: 1801 / 5274
07-15 10:14:40.423 validating: 1821 / 5274
07-15 10:14:40.532 validating: 1841 / 5274
07-15 10:14:40.638 validating: 1861 / 5274
07-15 10:14:40.745 validating: 1881 / 5274
07-15 10:14:40.851 validating: 1901 / 5274
07-15 10:14:40.956 validating: 1921 / 5274
07-15 10:14:41.062 validating: 1941 / 5274
07-15 10:14:41.169 validating: 1961 / 5274
07-15 10:14:41.275 validating: 1981 / 5274
07-15 10:14:41.382 validating: 2001 / 5274
07-15 10:14:41.488 validating: 2021 / 5274
07-15 10:14:41.595 validating: 2041 / 5274
07-15 10:14:41.702 validating: 2061 / 5274
07-15 10:14:41.810 validating: 2081 / 5274
07-15 10:14:41.919 validating: 2101 / 5274
07-15 10:14:42.026 validating: 2121 / 5274
07-15 10:14:42.137 validating: 2141 / 5274
07-15 10:14:42.245 validating: 2161 / 5274
07-15 10:14:42.354 validating: 2181 / 5274
07-15 10:14:42.461 validating: 2201 / 5274
07-15 10:14:42.569 validating: 2221 / 5274
07-15 10:14:42.676 validating: 2241 / 5274
07-15 10:14:42.784 validating: 2261 / 5274
07-15 10:14:42.890 validating: 2281 / 5274
07-15 10:14:42.998 validating: 2301 / 5274
07-15 10:14:43.106 validating: 2321 / 5274
07-15 10:14:43.213 validating: 2341 / 5274
07-15 10:14:43.319 validating: 2361 / 5274
07-15 10:14:43.425 validating: 2381 / 5274
07-15 10:14:43.530 validating: 2401 / 5274
07-15 10:14:43.638 validating: 2421 / 5274
07-15 10:14:43.746 validating: 2441 / 5274
07-15 10:14:43.852 validating: 2461 / 5274
07-15 10:14:43.959 validating: 2481 / 5274
07-15 10:14:44.065 validating: 2501 / 5274
07-15 10:14:44.173 validating: 2521 / 5274
07-15 10:14:44.279 validating: 2541 / 5274
07-15 10:14:44.386 validating: 2561 / 5274
07-15 10:14:44.493 validating: 2581 / 5274
07-15 10:14:44.602 validating: 2601 / 5274
07-15 10:14:44.708 validating: 2621 / 5274
07-15 10:14:44.814 validating: 2641 / 5274
07-15 10:14:44.920 validating: 2661 / 5274
07-15 10:14:45.027 validating: 2681 / 5274
07-15 10:14:45.132 validating: 2701 / 5274
07-15 10:14:45.238 validating: 2721 / 5274
07-15 10:14:45.344 validating: 2741 / 5274
07-15 10:14:45.451 validating: 2761 / 5274
07-15 10:14:45.557 validating: 2781 / 5274
07-15 10:14:45.665 validating: 2801 / 5274
07-15 10:14:45.771 validating: 2821 / 5274
07-15 10:14:45.879 validating: 2841 / 5274
07-15 10:14:45.986 validating: 2861 / 5274
07-15 10:14:46.093 validating: 2881 / 5274
07-15 10:14:46.203 validating: 2901 / 5274
07-15 10:14:46.309 validating: 2921 / 5274
07-15 10:14:46.419 validating: 2941 / 5274
07-15 10:14:46.530 validating: 2961 / 5274
07-15 10:14:46.636 validating: 2981 / 5274
07-15 10:14:46.743 validating: 3001 / 5274
07-15 10:14:46.851 validating: 3021 / 5274
07-15 10:14:46.957 validating: 3041 / 5274
07-15 10:14:47.063 validating: 3061 / 5274
07-15 10:14:47.173 validating: 3081 / 5274
07-15 10:14:47.279 validating: 3101 / 5274
07-15 10:14:47.385 validating: 3121 / 5274
07-15 10:14:47.492 validating: 3141 / 5274
07-15 10:14:47.599 validating: 3161 / 5274
07-15 10:14:47.705 validating: 3181 / 5274
07-15 10:14:47.813 validating: 3201 / 5274
07-15 10:14:47.921 validating: 3221 / 5274
07-15 10:14:48.027 validating: 3241 / 5274
07-15 10:14:48.133 validating: 3261 / 5274
07-15 10:14:48.241 validating: 3281 / 5274
07-15 10:14:48.347 validating: 3301 / 5274
07-15 10:14:48.455 validating: 3321 / 5274
07-15 10:14:48.561 validating: 3341 / 5274
07-15 10:14:48.667 validating: 3361 / 5274
07-15 10:14:48.773 validating: 3381 / 5274
07-15 10:14:48.879 validating: 3401 / 5274
07-15 10:14:48.990 validating: 3421 / 5274
07-15 10:14:49.096 validating: 3441 / 5274
07-15 10:14:49.202 validating: 3461 / 5274
07-15 10:14:49.308 validating: 3481 / 5274
07-15 10:14:49.414 validating: 3501 / 5274
07-15 10:14:49.519 validating: 3521 / 5274
07-15 10:14:49.626 validating: 3541 / 5274
07-15 10:14:49.734 validating: 3561 / 5274
07-15 10:14:49.841 validating: 3581 / 5274
07-15 10:14:49.953 validating: 3601 / 5274
07-15 10:14:50.060 validating: 3621 / 5274
07-15 10:14:50.168 validating: 3641 / 5274
07-15 10:14:50.279 validating: 3661 / 5274
07-15 10:14:50.388 validating: 3681 / 5274
07-15 10:14:50.496 validating: 3701 / 5274
07-15 10:14:50.604 validating: 3721 / 5274
07-15 10:14:50.713 validating: 3741 / 5274
07-15 10:14:50.822 validating: 3761 / 5274
07-15 10:14:50.930 validating: 3781 / 5274
07-15 10:14:51.038 validating: 3801 / 5274
07-15 10:14:51.145 validating: 3821 / 5274
07-15 10:14:51.252 validating: 3841 / 5274
07-15 10:14:51.359 validating: 3861 / 5274
07-15 10:14:51.469 validating: 3881 / 5274
07-15 10:14:51.578 validating: 3901 / 5274
07-15 10:14:51.686 validating: 3921 / 5274
07-15 10:14:51.792 validating: 3941 / 5274
07-15 10:14:51.898 validating: 3961 / 5274
07-15 10:14:52.005 validating: 3981 / 5274
07-15 10:14:52.112 validating: 4001 / 5274
07-15 10:14:52.218 validating: 4021 / 5274
07-15 10:14:52.325 validating: 4041 / 5274
07-15 10:14:52.432 validating: 4061 / 5274
07-15 10:14:52.539 validating: 4081 / 5274
07-15 10:14:52.647 validating: 4101 / 5274
07-15 10:14:52.754 validating: 4121 / 5274
07-15 10:14:52.860 validating: 4141 / 5274
07-15 10:14:52.966 validating: 4161 / 5274
07-15 10:14:53.073 validating: 4181 / 5274
07-15 10:14:53.180 validating: 4201 / 5274
07-15 10:14:53.287 validating: 4221 / 5274
07-15 10:14:53.395 validating: 4241 / 5274
07-15 10:14:53.501 validating: 4261 / 5274
07-15 10:14:53.608 validating: 4281 / 5274
07-15 10:14:53.715 validating: 4301 / 5274
07-15 10:14:53.825 validating: 4321 / 5274
07-15 10:14:53.932 validating: 4341 / 5274
07-15 10:14:54.039 validating: 4361 / 5274
07-15 10:14:54.146 validating: 4381 / 5274
07-15 10:14:54.252 validating: 4401 / 5274
07-15 10:14:54.359 validating: 4421 / 5274
07-15 10:14:54.465 validating: 4441 / 5274
07-15 10:14:54.571 validating: 4461 / 5274
07-15 10:14:54.679 validating: 4481 / 5274
07-15 10:14:54.787 validating: 4501 / 5274
07-15 10:14:54.895 validating: 4521 / 5274
07-15 10:14:55.006 validating: 4541 / 5274
07-15 10:14:55.115 validating: 4561 / 5274
07-15 10:14:55.223 validating: 4581 / 5274
07-15 10:14:55.330 validating: 4601 / 5274
07-15 10:14:55.438 validating: 4621 / 5274
07-15 10:14:55.544 validating: 4641 / 5274
07-15 10:14:55.652 validating: 4661 / 5274
07-15 10:14:55.757 validating: 4681 / 5274
07-15 10:14:55.866 validating: 4701 / 5274
07-15 10:14:55.973 validating: 4721 / 5274
07-15 10:14:56.081 validating: 4741 / 5274
07-15 10:14:56.192 validating: 4761 / 5274
07-15 10:14:56.299 validating: 4781 / 5274
07-15 10:14:56.408 validating: 4801 / 5274
07-15 10:14:56.514 validating: 4821 / 5274
07-15 10:14:56.621 validating: 4841 / 5274
07-15 10:14:56.731 validating: 4861 / 5274
07-15 10:14:56.837 validating: 4881 / 5274
07-15 10:14:56.955 validating: 4901 / 5274
07-15 10:14:57.062 validating: 4921 / 5274
07-15 10:14:57.169 validating: 4941 / 5274
07-15 10:14:57.278 validating: 4961 / 5274
07-15 10:14:57.386 validating: 4981 / 5274
07-15 10:14:57.492 validating: 5001 / 5274
07-15 10:14:57.650 validating: 5021 / 5274
07-15 10:14:57.809 validating: 5041 / 5274
07-15 10:14:57.967 validating: 5061 / 5274
07-15 10:14:58.123 validating: 5081 / 5274
07-15 10:14:58.282 validating: 5101 / 5274
07-15 10:14:58.441 validating: 5121 / 5274
07-15 10:14:58.600 validating: 5141 / 5274
07-15 10:14:58.761 validating: 5161 / 5274
07-15 10:14:58.919 validating: 5181 / 5274
07-15 10:14:59.076 validating: 5201 / 5274
07-15 10:14:59.228 validating: 5221 / 5274
07-15 10:14:59.355 validating: 5241 / 5274
07-15 10:14:59.474 validating: 5261 / 5274
07-15 10:14:59.640 Dataset name: tree_2
07-15 10:14:59.640 IoU:
07-15 10:14:59.640 label_id      label    iU    Precision Recall TP     FP    FN
07-15 10:14:59.640  0                0   100.0    1.0       1.0  100.0     0.0     0.0
07-15 10:14:59.640 mean 1.0
07-15 10:15:00.592 -----------------------------------------------------------------------------------------------------------
07-15 10:15:00.592 [epoch 50], [dataset name tree_2], [val loss 0.49628], [acc 1.00000], [acc_cls 1.00000], [mean_iu 1.00000], [fwavacc 1.00000]
07-15 10:15:00.593 best record: [dataset name tree_2], [val loss 0.49628], [acc 1.00000], [acc_cls 1.00000], [mean_iu 1.00000], [fwavacc 1.00000], [epoch 50], 
07-15 10:15:00.593 -----------------------------------------------------------------------------------------------------------
07-15 10:15:01.448 validating: 1 / 5274
07-15 10:15:01.605 validating: 21 / 5274
07-15 10:15:01.713 validating: 41 / 5274
07-15 10:15:01.819 validating: 61 / 5274
07-15 10:15:01.927 validating: 81 / 5274
07-15 10:15:02.033 validating: 101 / 5274
07-15 10:15:02.141 validating: 121 / 5274
07-15 10:15:02.248 validating: 141 / 5274
07-15 10:15:02.356 validating: 161 / 5274
07-15 10:15:02.463 validating: 181 / 5274
07-15 10:15:02.571 validating: 201 / 5274
07-15 10:15:02.679 validating: 221 / 5274
07-15 10:15:02.788 validating: 241 / 5274
07-15 10:15:02.895 validating: 261 / 5274
07-15 10:15:03.000 validating: 281 / 5274
07-15 10:15:03.107 validating: 301 / 5274
07-15 10:15:03.214 validating: 321 / 5274
07-15 10:15:03.320 validating: 341 / 5274
07-15 10:15:03.427 validating: 361 / 5274
07-15 10:15:03.536 validating: 381 / 5274
07-15 10:15:03.643 validating: 401 / 5274
07-15 10:15:03.749 validating: 421 / 5274
07-15 10:15:03.855 validating: 441 / 5274
07-15 10:15:03.962 validating: 461 / 5274
07-15 10:15:04.068 validating: 481 / 5274
07-15 10:15:04.175 validating: 501 / 5274
07-15 10:15:04.282 validating: 521 / 5274
07-15 10:15:04.389 validating: 541 / 5274
07-15 10:15:04.495 validating: 561 / 5274
07-15 10:15:04.601 validating: 581 / 5274
07-15 10:15:04.707 validating: 601 / 5274
07-15 10:15:04.814 validating: 621 / 5274
07-15 10:15:04.921 validating: 641 / 5274
07-15 10:15:05.028 validating: 661 / 5274
07-15 10:15:05.135 validating: 681 / 5274
07-15 10:15:05.242 validating: 701 / 5274
07-15 10:15:05.349 validating: 721 / 5274
07-15 10:15:05.456 validating: 741 / 5274
07-15 10:15:05.562 validating: 761 / 5274
07-15 10:15:05.670 validating: 781 / 5274
07-15 10:15:05.779 validating: 801 / 5274
07-15 10:15:05.885 validating: 821 / 5274
07-15 10:15:05.991 validating: 841 / 5274
07-15 10:15:06.099 validating: 861 / 5274
07-15 10:15:06.205 validating: 881 / 5274
07-15 10:15:06.312 validating: 901 / 5274
07-15 10:15:06.419 validating: 921 / 5274
07-15 10:15:06.525 validating: 941 / 5274
07-15 10:15:06.631 validating: 961 / 5274
07-15 10:15:06.737 validating: 981 / 5274
07-15 10:15:06.844 validating: 1001 / 5274
07-15 10:15:06.960 validating: 1021 / 5274
07-15 10:15:07.067 validating: 1041 / 5274
07-15 10:15:07.176 validating: 1061 / 5274
07-15 10:15:07.281 validating: 1081 / 5274
07-15 10:15:07.387 validating: 1101 / 5274
07-15 10:15:07.495 validating: 1121 / 5274
07-15 10:15:07.602 validating: 1141 / 5274
07-15 10:15:07.708 validating: 1161 / 5274
07-15 10:15:07.815 validating: 1181 / 5274
07-15 10:15:07.923 validating: 1201 / 5274
07-15 10:15:08.030 validating: 1221 / 5274
07-15 10:15:08.138 validating: 1241 / 5274
07-15 10:15:08.245 validating: 1261 / 5274
07-15 10:15:08.353 validating: 1281 / 5274
07-15 10:15:08.460 validating: 1301 / 5274
07-15 10:15:08.569 validating: 1321 / 5274
07-15 10:15:08.677 validating: 1341 / 5274
07-15 10:15:08.785 validating: 1361 / 5274
07-15 10:15:08.892 validating: 1381 / 5274
07-15 10:15:08.998 validating: 1401 / 5274
07-15 10:15:09.104 validating: 1421 / 5274
07-15 10:15:09.214 validating: 1441 / 5274
07-15 10:15:09.321 validating: 1461 / 5274
07-15 10:15:09.430 validating: 1481 / 5274
07-15 10:15:09.540 validating: 1501 / 5274
07-15 10:15:09.647 validating: 1521 / 5274
07-15 10:15:09.757 validating: 1541 / 5274
07-15 10:15:09.863 validating: 1561 / 5274
07-15 10:15:09.969 validating: 1581 / 5274
07-15 10:15:10.076 validating: 1601 / 5274
07-15 10:15:10.181 validating: 1621 / 5274
07-15 10:15:10.288 validating: 1641 / 5274
07-15 10:15:10.394 validating: 1661 / 5274
07-15 10:15:10.503 validating: 1681 / 5274
07-15 10:15:10.610 validating: 1701 / 5274
07-15 10:15:10.717 validating: 1721 / 5274
07-15 10:15:10.824 validating: 1741 / 5274
07-15 10:15:10.929 validating: 1761 / 5274
07-15 10:15:11.035 validating: 1781 / 5274
07-15 10:15:11.143 validating: 1801 / 5274
07-15 10:15:11.250 validating: 1821 / 5274
07-15 10:15:11.355 validating: 1841 / 5274
07-15 10:15:11.466 validating: 1861 / 5274
07-15 10:15:11.574 validating: 1881 / 5274
07-15 10:15:11.681 validating: 1901 / 5274
07-15 10:15:11.787 validating: 1921 / 5274
07-15 10:15:11.895 validating: 1941 / 5274
07-15 10:15:12.005 validating: 1961 / 5274
07-15 10:15:12.116 validating: 1981 / 5274
07-15 10:15:12.222 validating: 2001 / 5274
07-15 10:15:12.329 validating: 2021 / 5274
07-15 10:15:12.438 validating: 2041 / 5274
07-15 10:15:12.545 validating: 2061 / 5274
07-15 10:15:12.652 validating: 2081 / 5274
07-15 10:15:12.761 validating: 2101 / 5274
07-15 10:15:12.869 validating: 2121 / 5274
07-15 10:15:12.977 validating: 2141 / 5274
07-15 10:15:13.085 validating: 2161 / 5274
07-15 10:15:13.192 validating: 2181 / 5274
07-15 10:15:13.298 validating: 2201 / 5274
07-15 10:15:13.405 validating: 2221 / 5274
07-15 10:15:13.512 validating: 2241 / 5274
07-15 10:15:13.618 validating: 2261 / 5274
07-15 10:15:13.725 validating: 2281 / 5274
07-15 10:15:13.833 validating: 2301 / 5274
07-15 10:15:13.939 validating: 2321 / 5274
07-15 10:15:14.046 validating: 2341 / 5274
07-15 10:15:14.152 validating: 2361 / 5274
07-15 10:15:14.260 validating: 2381 / 5274
07-15 10:15:14.367 validating: 2401 / 5274
07-15 10:15:14.474 validating: 2421 / 5274
07-15 10:15:14.581 validating: 2441 / 5274
07-15 10:15:14.690 validating: 2461 / 5274
07-15 10:15:14.801 validating: 2481 / 5274
07-15 10:15:14.909 validating: 2501 / 5274
07-15 10:15:15.015 validating: 2521 / 5274
07-15 10:15:15.123 validating: 2541 / 5274
07-15 10:15:15.228 validating: 2561 / 5274
07-15 10:15:15.335 validating: 2581 / 5274
07-15 10:15:15.443 validating: 2601 / 5274
07-15 10:15:15.549 validating: 2621 / 5274
07-15 10:15:15.656 validating: 2641 / 5274
07-15 10:15:15.761 validating: 2661 / 5274
07-15 10:15:15.869 validating: 2681 / 5274
07-15 10:15:15.974 validating: 2701 / 5274
07-15 10:15:16.080 validating: 2721 / 5274
07-15 10:15:16.189 validating: 2741 / 5274
07-15 10:15:16.300 validating: 2761 / 5274
07-15 10:15:16.406 validating: 2781 / 5274
07-15 10:15:16.513 validating: 2801 / 5274
07-15 10:15:16.619 validating: 2821 / 5274
07-15 10:15:16.726 validating: 2841 / 5274
07-15 10:15:16.833 validating: 2861 / 5274
07-15 10:15:16.942 validating: 2881 / 5274
07-15 10:15:17.048 validating: 2901 / 5274
07-15 10:15:17.154 validating: 2921 / 5274
07-15 10:15:17.260 validating: 2941 / 5274
07-15 10:15:17.367 validating: 2961 / 5274
07-15 10:15:17.475 validating: 2981 / 5274
07-15 10:15:17.582 validating: 3001 / 5274
07-15 10:15:17.688 validating: 3021 / 5274
07-15 10:15:17.795 validating: 3041 / 5274
07-15 10:15:17.901 validating: 3061 / 5274
07-15 10:15:18.007 validating: 3081 / 5274
07-15 10:15:18.117 validating: 3101 / 5274
07-15 10:15:18.223 validating: 3121 / 5274
07-15 10:15:18.331 validating: 3141 / 5274
07-15 10:15:18.437 validating: 3161 / 5274
07-15 10:15:18.544 validating: 3181 / 5274
07-15 10:15:18.651 validating: 3201 / 5274
07-15 10:15:18.760 validating: 3221 / 5274
07-15 10:15:18.867 validating: 3241 / 5274
07-15 10:15:18.976 validating: 3261 / 5274
07-15 10:15:19.087 validating: 3281 / 5274
07-15 10:15:19.194 validating: 3301 / 5274
07-15 10:15:19.302 validating: 3321 / 5274
07-15 10:15:19.409 validating: 3341 / 5274
07-15 10:15:19.516 validating: 3361 / 5274
07-15 10:15:19.624 validating: 3381 / 5274
07-15 10:15:19.730 validating: 3401 / 5274
07-15 10:15:19.844 validating: 3421 / 5274
07-15 10:15:19.950 validating: 3441 / 5274
07-15 10:15:20.056 validating: 3461 / 5274
07-15 10:15:20.163 validating: 3481 / 5274
07-15 10:15:20.271 validating: 3501 / 5274
07-15 10:15:20.377 validating: 3521 / 5274
07-15 10:15:20.485 validating: 3541 / 5274
07-15 10:15:20.596 validating: 3561 / 5274
07-15 10:15:20.713 validating: 3581 / 5274
07-15 10:15:20.821 validating: 3601 / 5274
07-15 10:15:20.931 validating: 3621 / 5274
07-15 10:15:21.039 validating: 3641 / 5274
07-15 10:15:21.146 validating: 3661 / 5274
07-15 10:15:21.253 validating: 3681 / 5274
07-15 10:15:21.362 validating: 3701 / 5274
07-15 10:15:21.470 validating: 3721 / 5274
07-15 10:15:21.578 validating: 3741 / 5274
07-15 10:15:21.685 validating: 3761 / 5274
07-15 10:15:21.796 validating: 3781 / 5274
07-15 10:15:21.904 validating: 3801 / 5274
07-15 10:15:22.013 validating: 3821 / 5274
07-15 10:15:22.123 validating: 3841 / 5274
07-15 10:15:22.232 validating: 3861 / 5274
07-15 10:15:22.341 validating: 3881 / 5274
07-15 10:15:22.450 validating: 3901 / 5274
07-15 10:15:22.560 validating: 3921 / 5274
07-15 10:15:22.667 validating: 3941 / 5274
07-15 10:15:22.774 validating: 3961 / 5274
07-15 10:15:22.882 validating: 3981 / 5274
07-15 10:15:22.989 validating: 4001 / 5274
07-15 10:15:23.095 validating: 4021 / 5274
07-15 10:15:23.201 validating: 4041 / 5274
07-15 10:15:23.311 validating: 4061 / 5274
07-15 10:15:23.419 validating: 4081 / 5274
07-15 10:15:23.527 validating: 4101 / 5274
07-15 10:15:23.633 validating: 4121 / 5274
07-15 10:15:23.739 validating: 4141 / 5274
07-15 10:15:23.845 validating: 4161 / 5274
07-15 10:15:23.953 validating: 4181 / 5274
07-15 10:15:24.059 validating: 4201 / 5274
07-15 10:15:24.166 validating: 4221 / 5274
07-15 10:15:24.272 validating: 4241 / 5274
07-15 10:15:24.378 validating: 4261 / 5274
07-15 10:15:24.486 validating: 4281 / 5274
07-15 10:15:24.593 validating: 4301 / 5274
07-15 10:15:24.705 validating: 4321 / 5274
07-15 10:15:24.812 validating: 4341 / 5274
07-15 10:15:24.919 validating: 4361 / 5274
07-15 10:15:25.026 validating: 4381 / 5274
07-15 10:15:25.134 validating: 4401 / 5274
07-15 10:15:25.242 validating: 4421 / 5274
07-15 10:15:25.360 validating: 4441 / 5274
07-15 10:15:25.467 validating: 4461 / 5274
07-15 10:15:25.578 validating: 4481 / 5274
07-15 10:15:25.686 validating: 4501 / 5274
07-15 10:15:25.794 validating: 4521 / 5274
07-15 10:15:25.902 validating: 4541 / 5274
07-15 10:15:26.011 validating: 4561 / 5274
07-15 10:15:26.120 validating: 4581 / 5274
07-15 10:15:26.227 validating: 4601 / 5274
07-15 10:15:26.334 validating: 4621 / 5274
07-15 10:15:26.441 validating: 4641 / 5274
07-15 10:15:26.548 validating: 4661 / 5274
07-15 10:15:26.654 validating: 4681 / 5274
07-15 10:15:26.762 validating: 4701 / 5274
07-15 10:15:26.868 validating: 4721 / 5274
07-15 10:15:26.976 validating: 4741 / 5274
07-15 10:15:27.081 validating: 4761 / 5274
07-15 10:15:27.187 validating: 4781 / 5274
07-15 10:15:27.295 validating: 4801 / 5274
07-15 10:15:27.400 validating: 4821 / 5274
07-15 10:15:27.506 validating: 4841 / 5274
07-15 10:15:27.614 validating: 4861 / 5274
07-15 10:15:27.721 validating: 4881 / 5274
07-15 10:15:27.828 validating: 4901 / 5274
07-15 10:15:27.934 validating: 4921 / 5274
07-15 10:15:28.040 validating: 4941 / 5274
07-15 10:15:28.145 validating: 4961 / 5274
07-15 10:15:28.252 validating: 4981 / 5274
07-15 10:15:28.358 validating: 5001 / 5274
07-15 10:15:28.472 validating: 5021 / 5274
07-15 10:15:28.577 validating: 5041 / 5274
07-15 10:15:28.685 validating: 5061 / 5274
07-15 10:15:28.791 validating: 5081 / 5274
07-15 10:15:28.902 validating: 5101 / 5274
07-15 10:15:29.009 validating: 5121 / 5274
07-15 10:15:29.119 validating: 5141 / 5274
07-15 10:15:29.234 validating: 5161 / 5274
07-15 10:15:29.340 validating: 5181 / 5274
07-15 10:15:29.449 validating: 5201 / 5274
07-15 10:15:29.556 validating: 5221 / 5274
07-15 10:15:29.642 validating: 5241 / 5274
07-15 10:15:29.718 validating: 5261 / 5274
07-15 10:15:29.842 Dataset name: agriseg
07-15 10:15:29.842 IoU:
07-15 10:15:29.842 label_id      label    iU    Precision Recall TP     FP    FN
07-15 10:15:29.842  0                0   100.0    1.0       1.0  100.0     0.0     0.0
07-15 10:15:29.842 mean 1.0
07-15 10:15:29.842 -----------------------------------------------------------------------------------------------------------
07-15 10:15:29.842 [epoch 50], [dataset name agriseg], [val loss 0.49784], [acc 1.00000], [acc_cls 1.00000], [mean_iu 1.00000], [fwavacc 1.00000]
