07-15 10:15:32.634 ImageNet-train: 1281167 images
07-15 10:15:33.623 Model params = 5.941M
07-15 10:16:02.745 [epoch 0], [iter 50 / 329 : 49], [loss 2.789924], [lr 0.002493], [time 0.0330]
07-15 10:16:28.305 [epoch 0], [iter 100 / 329 : 99], [loss 2.243601], [lr 0.002486], [time 0.0319]
07-15 10:16:53.934 [epoch 0], [iter 150 / 329 : 149], [loss 2.088396], [lr 0.002480], [time 0.0320]
07-15 10:17:19.695 [epoch 0], [iter 200 / 329 : 199], [loss 1.991800], [lr 0.002473], [time 0.0322]
07-15 10:17:45.327 [epoch 0], [iter 250 / 329 : 249], [loss 1.858468], [lr 0.002466], [time 0.0320]
07-15 10:18:10.961 [epoch 0], [iter 300 / 329 : 299], [loss 1.830386], [lr 0.002459], [time 0.0320]
07-15 10:18:26.328 Saved file to ./logs/2306/lraspp_agriseg_wildnet/07_15_10/last_None_epoch_0_mean-iu_0.00000.pth
07-15 10:18:54.341 [epoch 1], [iter 50 / 329 : 378], [loss 1.775275], [lr 0.002448], [time 0.0326]
07-15 10:19:19.966 [epoch 1], [iter 100 / 329 : 428], [loss 1.726110], [lr 0.002441], [time 0.0320]
07-15 10:19:45.541 [epoch 1], [iter 150 / 329 : 478], [loss 1.668372], [lr 0.002435], [time 0.0320]
07-15 10:20:11.121 [epoch 1], [iter 200 / 329 : 528], [loss 1.686326], [lr 0.002428], [time 0.0320]
07-15 10:20:36.690 [epoch 1], [iter 250 / 329 : 578], [loss 1.729347], [lr 0.002421], [time 0.0320]
07-15 10:21:02.216 [epoch 1], [iter 300 / 329 : 628], [loss 1.656779], [lr 0.002414], [time 0.0319]
07-15 10:21:17.536 Saved file to ./logs/2306/lraspp_agriseg_wildnet/07_15_10/last_None_epoch_1_mean-iu_0.00000.pth
07-15 10:21:45.352 [epoch 2], [iter 50 / 329 : 707], [loss 1.601200], [lr 0.002403], [time 0.0323]
07-15 10:22:11.016 [epoch 2], [iter 100 / 329 : 757], [loss 1.625355], [lr 0.002396], [time 0.0321]
07-15 10:22:36.536 [epoch 2], [iter 150 / 329 : 807], [loss 1.623112], [lr 0.002389], [time 0.0319]
07-15 10:23:02.098 [epoch 2], [iter 200 / 329 : 857], [loss 1.615619], [lr 0.002382], [time 0.0319]
07-15 10:23:27.681 [epoch 2], [iter 250 / 329 : 907], [loss 1.582350], [lr 0.002376], [time 0.0320]
07-15 10:23:53.178 [epoch 2], [iter 300 / 329 : 957], [loss 1.533610], [lr 0.002369], [time 0.0319]
07-15 10:24:08.581 Saved file to ./logs/2306/lraspp_agriseg_wildnet/07_15_10/last_None_epoch_2_mean-iu_0.00000.pth
07-15 10:24:36.507 [epoch 3], [iter 50 / 329 : 1036], [loss 1.604894], [lr 0.002358], [time 0.0325]
07-15 10:25:02.125 [epoch 3], [iter 100 / 329 : 1086], [loss 1.541696], [lr 0.002351], [time 0.0320]
07-15 10:25:27.791 [epoch 3], [iter 150 / 329 : 1136], [loss 1.499275], [lr 0.002344], [time 0.0321]
07-15 10:25:53.478 [epoch 3], [iter 200 / 329 : 1186], [loss 1.530538], [lr 0.002337], [time 0.0321]
07-15 10:26:18.985 [epoch 3], [iter 250 / 329 : 1236], [loss 1.524540], [lr 0.002330], [time 0.0319]
07-15 10:26:44.566 [epoch 3], [iter 300 / 329 : 1286], [loss 1.526805], [lr 0.002323], [time 0.0320]
07-15 10:26:59.982 Saved file to ./logs/2306/lraspp_agriseg_wildnet/07_15_10/last_None_epoch_3_mean-iu_0.00000.pth
07-15 10:27:27.844 [epoch 4], [iter 50 / 329 : 1365], [loss 1.471690], [lr 0.002312], [time 0.0320]
07-15 10:27:53.466 [epoch 4], [iter 100 / 329 : 1415], [loss 1.512560], [lr 0.002306], [time 0.0320]
07-15 10:28:19.055 [epoch 4], [iter 150 / 329 : 1465], [loss 1.568505], [lr 0.002299], [time 0.0320]
07-15 10:28:44.671 [epoch 4], [iter 200 / 329 : 1515], [loss 1.550131], [lr 0.002292], [time 0.0320]
07-15 10:29:10.210 [epoch 4], [iter 250 / 329 : 1565], [loss 1.455121], [lr 0.002285], [time 0.0319]
07-15 10:29:35.801 [epoch 4], [iter 300 / 329 : 1615], [loss 1.478384], [lr 0.002278], [time 0.0320]
07-15 10:29:51.173 Saved file to ./logs/2306/lraspp_agriseg_wildnet/07_15_10/last_None_epoch_4_mean-iu_0.00000.pth
07-15 10:30:19.175 [epoch 5], [iter 50 / 329 : 1694], [loss 1.536289], [lr 0.002267], [time 0.0321]
07-15 10:30:44.839 [epoch 5], [iter 100 / 329 : 1744], [loss 1.482976], [lr 0.002260], [time 0.0321]
07-15 10:31:10.390 [epoch 5], [iter 150 / 329 : 1794], [loss 1.453624], [lr 0.002253], [time 0.0319]
07-15 10:31:35.962 [epoch 5], [iter 200 / 329 : 1844], [loss 1.435544], [lr 0.002246], [time 0.0320]
07-15 10:32:01.533 [epoch 5], [iter 250 / 329 : 1894], [loss 1.457349], [lr 0.002239], [time 0.0320]
07-15 10:32:27.096 [epoch 5], [iter 300 / 329 : 1944], [loss 1.512103], [lr 0.002232], [time 0.0319]
07-15 10:32:42.439 Saved file to ./logs/2306/lraspp_agriseg_wildnet/07_15_10/last_None_epoch_5_mean-iu_0.00000.pth
07-15 10:33:10.433 [epoch 6], [iter 50 / 329 : 2023], [loss 1.458984], [lr 0.002222], [time 0.0322]
07-15 10:33:36.090 [epoch 6], [iter 100 / 329 : 2073], [loss 1.459000], [lr 0.002215], [time 0.0321]
07-15 10:34:01.632 [epoch 6], [iter 150 / 329 : 2123], [loss 1.495359], [lr 0.002208], [time 0.0319]
07-15 10:34:27.226 [epoch 6], [iter 200 / 329 : 2173], [loss 1.429529], [lr 0.002201], [time 0.0320]
07-15 10:34:52.818 [epoch 6], [iter 250 / 329 : 2223], [loss 1.443922], [lr 0.002194], [time 0.0320]
07-15 10:35:18.393 [epoch 6], [iter 300 / 329 : 2273], [loss 1.450233], [lr 0.002187], [time 0.0320]
07-15 10:35:33.756 Saved file to ./logs/2306/lraspp_agriseg_wildnet/07_15_10/last_None_epoch_6_mean-iu_0.00000.pth
07-15 10:36:01.787 [epoch 7], [iter 50 / 329 : 2352], [loss 1.428856], [lr 0.002176], [time 0.0325]
07-15 10:36:27.395 [epoch 7], [iter 100 / 329 : 2402], [loss 1.440804], [lr 0.002169], [time 0.0320]
07-15 10:36:52.935 [epoch 7], [iter 150 / 329 : 2452], [loss 1.426225], [lr 0.002162], [time 0.0319]
07-15 10:37:18.552 [epoch 7], [iter 200 / 329 : 2502], [loss 1.445194], [lr 0.002155], [time 0.0320]
07-15 10:37:44.110 [epoch 7], [iter 250 / 329 : 2552], [loss 1.464389], [lr 0.002148], [time 0.0319]
07-15 10:38:09.656 [epoch 7], [iter 300 / 329 : 2602], [loss 1.455523], [lr 0.002141], [time 0.0319]
07-15 10:38:25.114 Saved file to ./logs/2306/lraspp_agriseg_wildnet/07_15_10/last_None_epoch_7_mean-iu_0.00000.pth
07-15 10:38:53.069 [epoch 8], [iter 50 / 329 : 2681], [loss 1.452436], [lr 0.002130], [time 0.0321]
07-15 10:39:18.584 [epoch 8], [iter 100 / 329 : 2731], [loss 1.431437], [lr 0.002123], [time 0.0319]
07-15 10:39:44.268 [epoch 8], [iter 150 / 329 : 2781], [loss 1.425985], [lr 0.002116], [time 0.0321]
07-15 10:40:09.853 [epoch 8], [iter 200 / 329 : 2831], [loss 1.446515], [lr 0.002109], [time 0.0320]
07-15 10:40:35.465 [epoch 8], [iter 250 / 329 : 2881], [loss 1.405795], [lr 0.002102], [time 0.0320]
07-15 10:41:01.035 [epoch 8], [iter 300 / 329 : 2931], [loss 1.430543], [lr 0.002095], [time 0.0320]
07-15 10:41:16.461 Saved file to ./logs/2306/lraspp_agriseg_wildnet/07_15_10/last_None_epoch_8_mean-iu_0.00000.pth
07-15 10:41:44.475 [epoch 9], [iter 50 / 329 : 3010], [loss 1.383239], [lr 0.002084], [time 0.0321]
07-15 10:42:10.067 [epoch 9], [iter 100 / 329 : 3060], [loss 1.411361], [lr 0.002077], [time 0.0320]
07-15 10:42:35.707 [epoch 9], [iter 150 / 329 : 3110], [loss 1.432015], [lr 0.002070], [time 0.0320]
07-15 10:43:01.394 [epoch 9], [iter 200 / 329 : 3160], [loss 1.459652], [lr 0.002063], [time 0.0321]
07-15 10:43:26.990 [epoch 9], [iter 250 / 329 : 3210], [loss 1.399945], [lr 0.002056], [time 0.0320]
07-15 10:43:52.599 [epoch 9], [iter 300 / 329 : 3260], [loss 1.413739], [lr 0.002049], [time 0.0320]
07-15 10:44:07.982 Saved file to ./logs/2306/lraspp_agriseg_wildnet/07_15_10/last_None_epoch_9_mean-iu_0.00000.pth
07-15 10:44:36.023 [epoch 10], [iter 50 / 329 : 3339], [loss 1.401279], [lr 0.002038], [time 0.0325]
07-15 10:45:01.608 [epoch 10], [iter 100 / 329 : 3389], [loss 1.423964], [lr 0.002031], [time 0.0320]
07-15 10:45:27.238 [epoch 10], [iter 150 / 329 : 3439], [loss 1.389920], [lr 0.002024], [time 0.0320]
07-15 10:45:52.779 [epoch 10], [iter 200 / 329 : 3489], [loss 1.435238], [lr 0.002017], [time 0.0319]
07-15 10:46:18.401 [epoch 10], [iter 250 / 329 : 3539], [loss 1.405845], [lr 0.002010], [time 0.0320]
07-15 10:46:43.970 [epoch 10], [iter 300 / 329 : 3589], [loss 1.393197], [lr 0.002003], [time 0.0320]
07-15 10:46:59.313 Saved file to ./logs/2306/lraspp_agriseg_wildnet/07_15_10/last_None_epoch_10_mean-iu_0.00000.pth
07-15 10:47:27.324 [epoch 11], [iter 50 / 329 : 3668], [loss 1.384887], [lr 0.001992], [time 0.0321]
07-15 10:47:52.920 [epoch 11], [iter 100 / 329 : 3718], [loss 1.398140], [lr 0.001985], [time 0.0320]
07-15 10:48:18.474 [epoch 11], [iter 150 / 329 : 3768], [loss 1.391643], [lr 0.001978], [time 0.0319]
07-15 10:48:44.052 [epoch 11], [iter 200 / 329 : 3818], [loss 1.385879], [lr 0.001971], [time 0.0320]
07-15 10:49:09.658 [epoch 11], [iter 250 / 329 : 3868], [loss 1.419068], [lr 0.001964], [time 0.0320]
07-15 10:49:35.296 [epoch 11], [iter 300 / 329 : 3918], [loss 1.387430], [lr 0.001957], [time 0.0320]
07-15 10:49:50.677 Saved file to ./logs/2306/lraspp_agriseg_wildnet/07_15_10/last_None_epoch_11_mean-iu_0.00000.pth
07-15 10:50:18.708 [epoch 12], [iter 50 / 329 : 3997], [loss 1.445204], [lr 0.001946], [time 0.0320]
07-15 10:50:44.319 [epoch 12], [iter 100 / 329 : 4047], [loss 1.374036], [lr 0.001939], [time 0.0320]
07-15 10:51:09.878 [epoch 12], [iter 150 / 329 : 4097], [loss 1.381923], [lr 0.001932], [time 0.0319]
07-15 10:51:35.453 [epoch 12], [iter 200 / 329 : 4147], [loss 1.406743], [lr 0.001925], [time 0.0320]
07-15 10:52:01.061 [epoch 12], [iter 250 / 329 : 4197], [loss 1.389714], [lr 0.001918], [time 0.0320]
07-15 10:52:26.724 [epoch 12], [iter 300 / 329 : 4247], [loss 1.358630], [lr 0.001911], [time 0.0321]
07-15 10:52:42.093 Saved file to ./logs/2306/lraspp_agriseg_wildnet/07_15_10/last_None_epoch_12_mean-iu_0.00000.pth
07-15 10:53:09.997 [epoch 13], [iter 50 / 329 : 4326], [loss 1.323537], [lr 0.001900], [time 0.0322]
07-15 10:53:35.649 [epoch 13], [iter 100 / 329 : 4376], [loss 1.360428], [lr 0.001893], [time 0.0321]
07-15 10:54:01.184 [epoch 13], [iter 150 / 329 : 4426], [loss 1.390228], [lr 0.001886], [time 0.0319]
07-15 10:54:26.750 [epoch 13], [iter 200 / 329 : 4476], [loss 1.440659], [lr 0.001878], [time 0.0320]
07-15 10:54:52.384 [epoch 13], [iter 250 / 329 : 4526], [loss 1.384284], [lr 0.001871], [time 0.0320]
07-15 10:55:17.950 [epoch 13], [iter 300 / 329 : 4576], [loss 1.375911], [lr 0.001864], [time 0.0319]
07-15 10:55:34.072 Saved file to ./logs/2306/lraspp_agriseg_wildnet/07_15_10/last_None_epoch_13_mean-iu_0.00000.pth
07-15 10:56:02.043 [epoch 14], [iter 50 / 329 : 4655], [loss 1.360419], [lr 0.001853], [time 0.0320]
07-15 10:56:27.814 [epoch 14], [iter 100 / 329 : 4705], [loss 1.337611], [lr 0.001846], [time 0.0322]
07-15 10:56:53.567 [epoch 14], [iter 150 / 329 : 4755], [loss 1.400033], [lr 0.001839], [time 0.0322]
07-15 10:57:19.232 [epoch 14], [iter 200 / 329 : 4805], [loss 1.381208], [lr 0.001832], [time 0.0321]
07-15 10:57:45.041 [epoch 14], [iter 250 / 329 : 4855], [loss 1.368247], [lr 0.001825], [time 0.0323]
07-15 10:58:10.600 [epoch 14], [iter 300 / 329 : 4905], [loss 1.396739], [lr 0.001818], [time 0.0319]
07-15 10:58:26.210 Saved file to ./logs/2306/lraspp_agriseg_wildnet/07_15_10/last_None_epoch_14_mean-iu_0.00000.pth
07-15 10:58:54.231 [epoch 15], [iter 50 / 329 : 4984], [loss 1.370101], [lr 0.001807], [time 0.0321]
07-15 10:59:19.820 [epoch 15], [iter 100 / 329 : 5034], [loss 1.350346], [lr 0.001800], [time 0.0320]
07-15 10:59:45.601 [epoch 15], [iter 150 / 329 : 5084], [loss 1.387239], [lr 0.001792], [time 0.0322]
07-15 11:00:11.264 [epoch 15], [iter 200 / 329 : 5134], [loss 1.380508], [lr 0.001785], [time 0.0321]
07-15 11:00:36.901 [epoch 15], [iter 250 / 329 : 5184], [loss 1.388545], [lr 0.001778], [time 0.0320]
07-15 11:01:02.586 [epoch 15], [iter 300 / 329 : 5234], [loss 1.368830], [lr 0.001771], [time 0.0321]
07-15 11:01:17.961 Saved file to ./logs/2306/lraspp_agriseg_wildnet/07_15_10/last_None_epoch_15_mean-iu_0.00000.pth
07-15 11:01:46.030 [epoch 16], [iter 50 / 329 : 5313], [loss 1.379535], [lr 0.001760], [time 0.0321]
07-15 11:02:11.986 [epoch 16], [iter 100 / 329 : 5363], [loss 1.359501], [lr 0.001753], [time 0.0324]
07-15 11:02:37.516 [epoch 16], [iter 150 / 329 : 5413], [loss 1.348691], [lr 0.001746], [time 0.0319]
07-15 11:03:03.147 [epoch 16], [iter 200 / 329 : 5463], [loss 1.344141], [lr 0.001739], [time 0.0320]
07-15 11:03:28.751 [epoch 16], [iter 250 / 329 : 5513], [loss 1.401451], [lr 0.001731], [time 0.0320]
07-15 11:03:54.270 [epoch 16], [iter 300 / 329 : 5563], [loss 1.367862], [lr 0.001724], [time 0.0319]
07-15 11:04:09.734 Saved file to ./logs/2306/lraspp_agriseg_wildnet/07_15_10/last_None_epoch_16_mean-iu_0.00000.pth
07-15 11:04:37.796 [epoch 17], [iter 50 / 329 : 5642], [loss 1.348714], [lr 0.001713], [time 0.0324]
07-15 11:05:03.880 [epoch 17], [iter 100 / 329 : 5692], [loss 1.353779], [lr 0.001706], [time 0.0326]
07-15 11:05:29.643 [epoch 17], [iter 150 / 329 : 5742], [loss 1.369009], [lr 0.001699], [time 0.0322]
07-15 11:05:55.302 [epoch 17], [iter 200 / 329 : 5792], [loss 1.362580], [lr 0.001692], [time 0.0321]
07-15 11:06:21.175 [epoch 17], [iter 250 / 329 : 5842], [loss 1.358145], [lr 0.001684], [time 0.0323]
07-15 11:06:46.762 [epoch 17], [iter 300 / 329 : 5892], [loss 1.368761], [lr 0.001677], [time 0.0320]
07-15 11:07:02.416 Saved file to ./logs/2306/lraspp_agriseg_wildnet/07_15_10/last_None_epoch_17_mean-iu_0.00000.pth
07-15 11:07:30.546 [epoch 18], [iter 50 / 329 : 5971], [loss 1.394693], [lr 0.001666], [time 0.0322]
07-15 11:07:56.250 [epoch 18], [iter 100 / 329 : 6021], [loss 1.351685], [lr 0.001659], [time 0.0321]
07-15 11:08:22.083 [epoch 18], [iter 150 / 329 : 6071], [loss 1.340563], [lr 0.001652], [time 0.0323]
07-15 11:08:47.658 [epoch 18], [iter 200 / 329 : 6121], [loss 1.362357], [lr 0.001645], [time 0.0320]
07-15 11:09:13.500 [epoch 18], [iter 250 / 329 : 6171], [loss 1.372112], [lr 0.001637], [time 0.0323]
07-15 11:09:39.369 [epoch 18], [iter 300 / 329 : 6221], [loss 1.343518], [lr 0.001630], [time 0.0323]
07-15 11:09:54.801 Saved file to ./logs/2306/lraspp_agriseg_wildnet/07_15_10/last_None_epoch_18_mean-iu_0.00000.pth
07-15 11:10:22.893 [epoch 19], [iter 50 / 329 : 6300], [loss 1.367863], [lr 0.001619], [time 0.0323]
07-15 11:10:48.408 [epoch 19], [iter 100 / 329 : 6350], [loss 1.396644], [lr 0.001612], [time 0.0319]
07-15 11:11:14.247 [epoch 19], [iter 150 / 329 : 6400], [loss 1.380800], [lr 0.001605], [time 0.0323]
07-15 11:11:40.101 [epoch 19], [iter 200 / 329 : 6450], [loss 1.354788], [lr 0.001597], [time 0.0323]
07-15 11:12:05.632 [epoch 19], [iter 250 / 329 : 6500], [loss 1.338146], [lr 0.001590], [time 0.0319]
07-15 11:12:31.543 [epoch 19], [iter 300 / 329 : 6550], [loss 1.340412], [lr 0.001583], [time 0.0324]
07-15 11:12:46.898 Saved file to ./logs/2306/lraspp_agriseg_wildnet/07_15_10/last_None_epoch_19_mean-iu_0.00000.pth
07-15 11:13:15.001 [epoch 20], [iter 50 / 329 : 6629], [loss 1.333973], [lr 0.001572], [time 0.0323]
07-15 11:13:40.531 [epoch 20], [iter 100 / 329 : 6679], [loss 1.361929], [lr 0.001564], [time 0.0319]
07-15 11:14:06.039 [epoch 20], [iter 150 / 329 : 6729], [loss 1.398875], [lr 0.001557], [time 0.0319]
07-15 11:14:31.594 [epoch 20], [iter 200 / 329 : 6779], [loss 1.368003], [lr 0.001550], [time 0.0319]
07-15 11:14:57.191 [epoch 20], [iter 250 / 329 : 6829], [loss 1.323789], [lr 0.001543], [time 0.0320]
07-15 11:15:22.725 [epoch 20], [iter 300 / 329 : 6879], [loss 1.335785], [lr 0.001536], [time 0.0319]
07-15 11:15:38.333 Saved file to ./logs/2306/lraspp_agriseg_wildnet/07_15_10/last_None_epoch_20_mean-iu_0.00000.pth
07-15 11:16:07.004 [epoch 21], [iter 50 / 329 : 6958], [loss 1.353515], [lr 0.001524], [time 0.0321]
07-15 11:16:32.533 [epoch 21], [iter 100 / 329 : 7008], [loss 1.346615], [lr 0.001517], [time 0.0319]
07-15 11:16:58.067 [epoch 21], [iter 150 / 329 : 7058], [loss 1.320659], [lr 0.001510], [time 0.0319]
07-15 11:17:23.689 [epoch 21], [iter 200 / 329 : 7108], [loss 1.354895], [lr 0.001502], [time 0.0320]
07-15 11:17:49.268 [epoch 21], [iter 250 / 329 : 7158], [loss 1.365603], [lr 0.001495], [time 0.0320]
07-15 11:18:14.781 [epoch 21], [iter 300 / 329 : 7208], [loss 1.354304], [lr 0.001488], [time 0.0319]
07-15 11:18:30.549 Saved file to ./logs/2306/lraspp_agriseg_wildnet/07_15_10/last_None_epoch_21_mean-iu_0.00000.pth
07-15 11:18:59.205 [epoch 22], [iter 50 / 329 : 7287], [loss 1.325451], [lr 0.001476], [time 0.0320]
07-15 11:19:24.736 [epoch 22], [iter 100 / 329 : 7337], [loss 1.306835], [lr 0.001469], [time 0.0319]
07-15 11:19:50.266 [epoch 22], [iter 150 / 329 : 7387], [loss 1.358990], [lr 0.001462], [time 0.0319]
07-15 11:20:15.815 [epoch 22], [iter 200 / 329 : 7437], [loss 1.348955], [lr 0.001455], [time 0.0319]
07-15 11:20:41.393 [epoch 22], [iter 250 / 329 : 7487], [loss 1.380883], [lr 0.001447], [time 0.0320]
07-15 11:21:06.904 [epoch 22], [iter 300 / 329 : 7537], [loss 1.388709], [lr 0.001440], [time 0.0319]
07-15 11:21:22.397 Saved file to ./logs/2306/lraspp_agriseg_wildnet/07_15_10/last_None_epoch_22_mean-iu_0.00000.pth
07-15 11:21:50.859 [epoch 23], [iter 50 / 329 : 7616], [loss 1.369832], [lr 0.001429], [time 0.0319]
07-15 11:22:16.351 [epoch 23], [iter 100 / 329 : 7666], [loss 1.327502], [lr 0.001421], [time 0.0319]
07-15 11:22:41.882 [epoch 23], [iter 150 / 329 : 7716], [loss 1.331429], [lr 0.001414], [time 0.0319]
07-15 11:23:07.410 [epoch 23], [iter 200 / 329 : 7766], [loss 1.332644], [lr 0.001407], [time 0.0319]
07-15 11:23:32.933 [epoch 23], [iter 250 / 329 : 7816], [loss 1.351011], [lr 0.001400], [time 0.0319]
07-15 11:23:58.509 [epoch 23], [iter 300 / 329 : 7866], [loss 1.375050], [lr 0.001392], [time 0.0320]
07-15 11:24:13.937 Saved file to ./logs/2306/lraspp_agriseg_wildnet/07_15_10/last_None_epoch_23_mean-iu_0.00000.pth
07-15 11:24:42.535 [epoch 24], [iter 50 / 329 : 7945], [loss 1.367729], [lr 0.001381], [time 0.0321]
07-15 11:25:08.161 [epoch 24], [iter 100 / 329 : 7995], [loss 1.354055], [lr 0.001373], [time 0.0320]
07-15 11:25:33.767 [epoch 24], [iter 150 / 329 : 8045], [loss 1.342288], [lr 0.001366], [time 0.0320]
07-15 11:25:59.302 [epoch 24], [iter 200 / 329 : 8095], [loss 1.346707], [lr 0.001359], [time 0.0319]
07-15 11:26:24.933 [epoch 24], [iter 250 / 329 : 8145], [loss 1.327116], [lr 0.001351], [time 0.0320]
07-15 11:26:50.505 [epoch 24], [iter 300 / 329 : 8195], [loss 1.356144], [lr 0.001344], [time 0.0320]
07-15 11:27:05.851 Saved file to ./logs/2306/lraspp_agriseg_wildnet/07_15_10/last_None_epoch_24_mean-iu_0.00000.pth
07-15 11:27:34.053 [epoch 25], [iter 50 / 329 : 8274], [loss 1.316747], [lr 0.001333], [time 0.0326]
07-15 11:27:59.661 [epoch 25], [iter 100 / 329 : 8324], [loss 1.365340], [lr 0.001325], [time 0.0320]
07-15 11:28:25.188 [epoch 25], [iter 150 / 329 : 8374], [loss 1.354157], [lr 0.001318], [time 0.0319]
07-15 11:28:50.791 [epoch 25], [iter 200 / 329 : 8424], [loss 1.313537], [lr 0.001311], [time 0.0320]
07-15 11:29:16.365 [epoch 25], [iter 250 / 329 : 8474], [loss 1.340016], [lr 0.001303], [time 0.0320]
07-15 11:29:41.925 [epoch 25], [iter 300 / 329 : 8524], [loss 1.352587], [lr 0.001296], [time 0.0319]
07-15 11:29:57.342 Saved file to ./logs/2306/lraspp_agriseg_wildnet/07_15_10/last_None_epoch_25_mean-iu_0.00000.pth
07-15 11:30:25.399 [epoch 26], [iter 50 / 329 : 8603], [loss 1.304874], [lr 0.001284], [time 0.0321]
07-15 11:30:50.973 [epoch 26], [iter 100 / 329 : 8653], [loss 1.337266], [lr 0.001277], [time 0.0320]
07-15 11:31:16.496 [epoch 26], [iter 150 / 329 : 8703], [loss 1.354072], [lr 0.001269], [time 0.0319]
07-15 11:31:42.157 [epoch 26], [iter 200 / 329 : 8753], [loss 1.337434], [lr 0.001262], [time 0.0321]
07-15 11:32:07.751 [epoch 26], [iter 250 / 329 : 8803], [loss 1.335430], [lr 0.001255], [time 0.0320]
07-15 11:32:33.378 [epoch 26], [iter 300 / 329 : 8853], [loss 1.364902], [lr 0.001247], [time 0.0320]
07-15 11:32:48.724 Saved file to ./logs/2306/lraspp_agriseg_wildnet/07_15_10/last_None_epoch_26_mean-iu_0.00000.pth
07-15 11:33:16.760 [epoch 27], [iter 50 / 329 : 8932], [loss 1.349744], [lr 0.001236], [time 0.0321]
07-15 11:33:42.333 [epoch 27], [iter 100 / 329 : 8982], [loss 1.297216], [lr 0.001228], [time 0.0320]
07-15 11:34:07.858 [epoch 27], [iter 150 / 329 : 9032], [loss 1.381033], [lr 0.001221], [time 0.0319]
07-15 11:34:33.465 [epoch 27], [iter 200 / 329 : 9082], [loss 1.346133], [lr 0.001213], [time 0.0320]
07-15 11:34:59.073 [epoch 27], [iter 250 / 329 : 9132], [loss 1.307652], [lr 0.001206], [time 0.0320]
07-15 11:35:24.717 [epoch 27], [iter 300 / 329 : 9182], [loss 1.360798], [lr 0.001199], [time 0.0320]
07-15 11:35:40.056 Saved file to ./logs/2306/lraspp_agriseg_wildnet/07_15_10/last_None_epoch_27_mean-iu_0.00000.pth
07-15 11:36:08.050 [epoch 28], [iter 50 / 329 : 9261], [loss 1.344044], [lr 0.001187], [time 0.0322]
07-15 11:36:33.734 [epoch 28], [iter 100 / 329 : 9311], [loss 1.339542], [lr 0.001179], [time 0.0321]
07-15 11:36:59.272 [epoch 28], [iter 150 / 329 : 9361], [loss 1.319127], [lr 0.001172], [time 0.0319]
07-15 11:37:24.852 [epoch 28], [iter 200 / 329 : 9411], [loss 1.328128], [lr 0.001165], [time 0.0320]
07-15 11:37:50.440 [epoch 28], [iter 250 / 329 : 9461], [loss 1.325447], [lr 0.001157], [time 0.0320]
07-15 11:38:15.987 [epoch 28], [iter 300 / 329 : 9511], [loss 1.343028], [lr 0.001150], [time 0.0319]
07-15 11:38:31.348 Saved file to ./logs/2306/lraspp_agriseg_wildnet/07_15_10/last_None_epoch_28_mean-iu_0.00000.pth
07-15 11:38:59.411 [epoch 29], [iter 50 / 329 : 9590], [loss 1.305722], [lr 0.001138], [time 0.0323]
07-15 11:39:24.927 [epoch 29], [iter 100 / 329 : 9640], [loss 1.360539], [lr 0.001130], [time 0.0319]
07-15 11:39:50.557 [epoch 29], [iter 150 / 329 : 9690], [loss 1.344123], [lr 0.001123], [time 0.0320]
07-15 11:40:16.193 [epoch 29], [iter 200 / 329 : 9740], [loss 1.324793], [lr 0.001115], [time 0.0320]
07-15 11:40:41.775 [epoch 29], [iter 250 / 329 : 9790], [loss 1.321686], [lr 0.001108], [time 0.0320]
07-15 11:41:07.274 [epoch 29], [iter 300 / 329 : 9840], [loss 1.370858], [lr 0.001100], [time 0.0319]
07-15 11:41:22.788 Saved file to ./logs/2306/lraspp_agriseg_wildnet/07_15_10/last_None_epoch_29_mean-iu_0.00000.pth
07-15 11:41:50.806 [epoch 30], [iter 50 / 329 : 9919], [loss 1.369771], [lr 0.001089], [time 0.0321]
07-15 11:42:16.331 [epoch 30], [iter 100 / 329 : 9969], [loss 1.336708], [lr 0.001081], [time 0.0319]
07-15 11:42:41.962 [epoch 30], [iter 150 / 329 : 10019], [loss 1.363912], [lr 0.001074], [time 0.0320]
07-15 11:43:07.574 [epoch 30], [iter 200 / 329 : 10069], [loss 1.284977], [lr 0.001066], [time 0.0320]
07-15 11:43:33.085 [epoch 30], [iter 250 / 329 : 10119], [loss 1.357400], [lr 0.001059], [time 0.0319]
07-15 11:43:58.693 [epoch 30], [iter 300 / 329 : 10169], [loss 1.322485], [lr 0.001051], [time 0.0320]
07-15 11:44:14.056 Saved file to ./logs/2306/lraspp_agriseg_wildnet/07_15_10/last_None_epoch_30_mean-iu_0.00000.pth
07-15 11:44:41.981 [epoch 31], [iter 50 / 329 : 10248], [loss 1.347952], [lr 0.001039], [time 0.0319]
07-15 11:45:07.567 [epoch 31], [iter 100 / 329 : 10298], [loss 1.338262], [lr 0.001032], [time 0.0320]
07-15 11:45:33.177 [epoch 31], [iter 150 / 329 : 10348], [loss 1.354639], [lr 0.001024], [time 0.0320]
07-15 11:45:58.723 [epoch 31], [iter 200 / 329 : 10398], [loss 1.326115], [lr 0.001016], [time 0.0319]
07-15 11:46:24.314 [epoch 31], [iter 250 / 329 : 10448], [loss 1.337816], [lr 0.001009], [time 0.0320]
07-15 11:46:49.971 [epoch 31], [iter 300 / 329 : 10498], [loss 1.336547], [lr 0.001001], [time 0.0321]
07-15 11:47:05.335 Saved file to ./logs/2306/lraspp_agriseg_wildnet/07_15_10/last_None_epoch_31_mean-iu_0.00000.pth
07-15 11:47:33.514 [epoch 32], [iter 50 / 329 : 10577], [loss 1.307219], [lr 0.000989], [time 0.0324]
07-15 11:47:59.136 [epoch 32], [iter 100 / 329 : 10627], [loss 1.314814], [lr 0.000982], [time 0.0320]
07-15 11:48:24.714 [epoch 32], [iter 150 / 329 : 10677], [loss 1.361226], [lr 0.000974], [time 0.0320]
07-15 11:48:50.302 [epoch 32], [iter 200 / 329 : 10727], [loss 1.328499], [lr 0.000967], [time 0.0320]
07-15 11:49:15.858 [epoch 32], [iter 250 / 329 : 10777], [loss 1.326673], [lr 0.000959], [time 0.0319]
07-15 11:49:41.404 [epoch 32], [iter 300 / 329 : 10827], [loss 1.354767], [lr 0.000951], [time 0.0319]
07-15 11:49:56.764 Saved file to ./logs/2306/lraspp_agriseg_wildnet/07_15_10/last_None_epoch_32_mean-iu_0.00000.pth
07-15 11:50:24.730 [epoch 33], [iter 50 / 329 : 10906], [loss 1.344157], [lr 0.000939], [time 0.0321]
07-15 11:50:50.300 [epoch 33], [iter 100 / 329 : 10956], [loss 1.332752], [lr 0.000932], [time 0.0320]
07-15 11:51:15.887 [epoch 33], [iter 150 / 329 : 11006], [loss 1.308137], [lr 0.000924], [time 0.0320]
07-15 11:51:41.527 [epoch 33], [iter 200 / 329 : 11056], [loss 1.306059], [lr 0.000916], [time 0.0320]
07-15 11:52:07.092 [epoch 33], [iter 250 / 329 : 11106], [loss 1.357016], [lr 0.000909], [time 0.0319]
07-15 11:52:32.622 [epoch 33], [iter 300 / 329 : 11156], [loss 1.338942], [lr 0.000901], [time 0.0319]
07-15 11:52:47.999 Saved file to ./logs/2306/lraspp_agriseg_wildnet/07_15_10/last_None_epoch_33_mean-iu_0.00000.pth
07-15 11:53:15.997 [epoch 34], [iter 50 / 329 : 11235], [loss 1.323616], [lr 0.000889], [time 0.0320]
07-15 11:53:41.568 [epoch 34], [iter 100 / 329 : 11285], [loss 1.316639], [lr 0.000881], [time 0.0320]
07-15 11:54:07.170 [epoch 34], [iter 150 / 329 : 11335], [loss 1.308444], [lr 0.000874], [time 0.0320]
07-15 11:54:32.690 [epoch 34], [iter 200 / 329 : 11385], [loss 1.347666], [lr 0.000866], [time 0.0319]
07-15 11:54:58.319 [epoch 34], [iter 250 / 329 : 11435], [loss 1.330232], [lr 0.000858], [time 0.0320]
07-15 11:55:23.855 [epoch 34], [iter 300 / 329 : 11485], [loss 1.332626], [lr 0.000851], [time 0.0319]
07-15 11:55:39.207 Saved file to ./logs/2306/lraspp_agriseg_wildnet/07_15_10/last_None_epoch_34_mean-iu_0.00000.pth
07-15 11:56:07.192 [epoch 35], [iter 50 / 329 : 11564], [loss 1.287033], [lr 0.000838], [time 0.0322]
07-15 11:56:32.800 [epoch 35], [iter 100 / 329 : 11614], [loss 1.340654], [lr 0.000831], [time 0.0320]
07-15 11:56:58.395 [epoch 35], [iter 150 / 329 : 11664], [loss 1.316147], [lr 0.000823], [time 0.0320]
07-15 11:57:24.006 [epoch 35], [iter 200 / 329 : 11714], [loss 1.333908], [lr 0.000815], [time 0.0320]
07-15 11:57:49.621 [epoch 35], [iter 250 / 329 : 11764], [loss 1.325155], [lr 0.000807], [time 0.0320]
07-15 11:58:15.229 [epoch 35], [iter 300 / 329 : 11814], [loss 1.329134], [lr 0.000800], [time 0.0320]
07-15 11:58:30.578 Saved file to ./logs/2306/lraspp_agriseg_wildnet/07_15_10/last_None_epoch_35_mean-iu_0.00000.pth
07-15 11:58:58.711 [epoch 36], [iter 50 / 329 : 11893], [loss 1.321590], [lr 0.000787], [time 0.0321]
07-15 11:59:24.262 [epoch 36], [iter 100 / 329 : 11943], [loss 1.314682], [lr 0.000780], [time 0.0319]
07-15 11:59:49.885 [epoch 36], [iter 150 / 329 : 11993], [loss 1.341917], [lr 0.000772], [time 0.0320]
07-15 12:00:15.595 [epoch 36], [iter 200 / 329 : 12043], [loss 1.326480], [lr 0.000764], [time 0.0321]
07-15 12:00:41.162 [epoch 36], [iter 250 / 329 : 12093], [loss 1.339854], [lr 0.000756], [time 0.0320]
07-15 12:01:06.692 [epoch 36], [iter 300 / 329 : 12143], [loss 1.345008], [lr 0.000748], [time 0.0319]
07-15 12:01:22.109 Saved file to ./logs/2306/lraspp_agriseg_wildnet/07_15_10/last_None_epoch_36_mean-iu_0.00000.pth
07-15 12:01:50.249 [epoch 37], [iter 50 / 329 : 12222], [loss 1.320949], [lr 0.000736], [time 0.0324]
07-15 12:02:15.772 [epoch 37], [iter 100 / 329 : 12272], [loss 1.305981], [lr 0.000728], [time 0.0319]
07-15 12:02:41.413 [epoch 37], [iter 150 / 329 : 12322], [loss 1.388913], [lr 0.000720], [time 0.0320]
07-15 12:03:06.958 [epoch 37], [iter 200 / 329 : 12372], [loss 1.295776], [lr 0.000713], [time 0.0319]
07-15 12:03:32.517 [epoch 37], [iter 250 / 329 : 12422], [loss 1.317079], [lr 0.000705], [time 0.0319]
07-15 12:03:58.066 [epoch 37], [iter 300 / 329 : 12472], [loss 1.351053], [lr 0.000697], [time 0.0319]
07-15 12:04:13.460 Saved file to ./logs/2306/lraspp_agriseg_wildnet/07_15_10/last_None_epoch_37_mean-iu_0.00000.pth
07-15 12:04:41.667 [epoch 38], [iter 50 / 329 : 12551], [loss 1.298447], [lr 0.000684], [time 0.0327]
07-15 12:05:07.383 [epoch 38], [iter 100 / 329 : 12601], [loss 1.376518], [lr 0.000676], [time 0.0321]
07-15 12:05:33.096 [epoch 38], [iter 150 / 329 : 12651], [loss 1.318332], [lr 0.000668], [time 0.0321]
07-15 12:05:58.683 [epoch 38], [iter 200 / 329 : 12701], [loss 1.330290], [lr 0.000661], [time 0.0320]
07-15 12:06:24.391 [epoch 38], [iter 250 / 329 : 12751], [loss 1.302236], [lr 0.000653], [time 0.0321]
07-15 12:06:50.124 [epoch 38], [iter 300 / 329 : 12801], [loss 1.327168], [lr 0.000645], [time 0.0322]
07-15 12:07:05.503 Saved file to ./logs/2306/lraspp_agriseg_wildnet/07_15_10/last_None_epoch_38_mean-iu_0.00000.pth
07-15 12:07:33.596 [epoch 39], [iter 50 / 329 : 12880], [loss 1.347799], [lr 0.000632], [time 0.0322]
07-15 12:07:59.281 [epoch 39], [iter 100 / 329 : 12930], [loss 1.321290], [lr 0.000624], [time 0.0321]
07-15 12:08:24.791 [epoch 39], [iter 150 / 329 : 12980], [loss 1.333786], [lr 0.000616], [time 0.0319]
07-15 12:08:50.423 [epoch 39], [iter 200 / 329 : 13030], [loss 1.346310], [lr 0.000608], [time 0.0320]
07-15 12:09:16.097 [epoch 39], [iter 250 / 329 : 13080], [loss 1.328398], [lr 0.000600], [time 0.0321]
07-15 12:09:41.688 [epoch 39], [iter 300 / 329 : 13130], [loss 1.317904], [lr 0.000592], [time 0.0320]
07-15 12:09:57.101 Saved file to ./logs/2306/lraspp_agriseg_wildnet/07_15_10/last_None_epoch_39_mean-iu_0.00000.pth
07-15 12:10:25.131 [epoch 40], [iter 50 / 329 : 13209], [loss 1.316888], [lr 0.000579], [time 0.0321]
07-15 12:10:50.652 [epoch 40], [iter 100 / 329 : 13259], [loss 1.318661], [lr 0.000571], [time 0.0319]
07-15 12:11:16.264 [epoch 40], [iter 150 / 329 : 13309], [loss 1.346410], [lr 0.000563], [time 0.0320]
07-15 12:11:41.819 [epoch 40], [iter 200 / 329 : 13359], [loss 1.325522], [lr 0.000555], [time 0.0319]
07-15 12:12:07.460 [epoch 40], [iter 250 / 329 : 13409], [loss 1.309339], [lr 0.000547], [time 0.0320]
07-15 12:12:33.020 [epoch 40], [iter 300 / 329 : 13459], [loss 1.358828], [lr 0.000539], [time 0.0319]
07-15 12:12:48.484 Saved file to ./logs/2306/lraspp_agriseg_wildnet/07_15_10/last_None_epoch_40_mean-iu_0.00000.pth
07-15 12:13:16.337 [epoch 41], [iter 50 / 329 : 13538], [loss 1.301587], [lr 0.000526], [time 0.0320]
07-15 12:13:41.924 [epoch 41], [iter 100 / 329 : 13588], [loss 1.330603], [lr 0.000518], [time 0.0320]
07-15 12:14:07.622 [epoch 41], [iter 150 / 329 : 13638], [loss 1.313523], [lr 0.000510], [time 0.0321]
07-15 12:14:33.149 [epoch 41], [iter 200 / 329 : 13688], [loss 1.374981], [lr 0.000502], [time 0.0319]
07-15 12:14:58.664 [epoch 41], [iter 250 / 329 : 13738], [loss 1.352885], [lr 0.000494], [time 0.0319]
07-15 12:15:24.255 [epoch 41], [iter 300 / 329 : 13788], [loss 1.325776], [lr 0.000485], [time 0.0320]
07-15 12:15:39.662 Saved file to ./logs/2306/lraspp_agriseg_wildnet/07_15_10/last_None_epoch_41_mean-iu_0.00000.pth
07-15 12:16:07.560 [epoch 42], [iter 50 / 329 : 13867], [loss 1.305752], [lr 0.000472], [time 0.0324]
07-15 12:16:33.207 [epoch 42], [iter 100 / 329 : 13917], [loss 1.330489], [lr 0.000464], [time 0.0321]
07-15 12:16:58.781 [epoch 42], [iter 150 / 329 : 13967], [loss 1.349011], [lr 0.000456], [time 0.0320]
07-15 12:17:24.320 [epoch 42], [iter 200 / 329 : 14017], [loss 1.288022], [lr 0.000448], [time 0.0319]
07-15 12:17:49.985 [epoch 42], [iter 250 / 329 : 14067], [loss 1.358374], [lr 0.000439], [time 0.0321]
07-15 12:18:15.563 [epoch 42], [iter 300 / 329 : 14117], [loss 1.334663], [lr 0.000431], [time 0.0320]
07-15 12:18:30.911 Saved file to ./logs/2306/lraspp_agriseg_wildnet/07_15_10/last_None_epoch_42_mean-iu_0.00000.pth
07-15 12:18:58.924 [epoch 43], [iter 50 / 329 : 14196], [loss 1.358828], [lr 0.000418], [time 0.0323]
07-15 12:19:24.562 [epoch 43], [iter 100 / 329 : 14246], [loss 1.330679], [lr 0.000410], [time 0.0320]
07-15 12:19:50.115 [epoch 43], [iter 150 / 329 : 14296], [loss 1.327309], [lr 0.000401], [time 0.0319]
07-15 12:20:15.757 [epoch 43], [iter 200 / 329 : 14346], [loss 1.336904], [lr 0.000393], [time 0.0320]
07-15 12:20:41.392 [epoch 43], [iter 250 / 329 : 14396], [loss 1.309568], [lr 0.000384], [time 0.0320]
07-15 12:21:06.961 [epoch 43], [iter 300 / 329 : 14446], [loss 1.299947], [lr 0.000376], [time 0.0320]
07-15 12:21:22.309 Saved file to ./logs/2306/lraspp_agriseg_wildnet/07_15_10/last_None_epoch_43_mean-iu_0.00000.pth
07-15 12:21:50.327 [epoch 44], [iter 50 / 329 : 14525], [loss 1.288529], [lr 0.000363], [time 0.0321]
07-15 12:22:15.879 [epoch 44], [iter 100 / 329 : 14575], [loss 1.309504], [lr 0.000354], [time 0.0319]
07-15 12:22:41.391 [epoch 44], [iter 150 / 329 : 14625], [loss 1.354877], [lr 0.000346], [time 0.0319]
07-15 12:23:06.985 [epoch 44], [iter 200 / 329 : 14675], [loss 1.344482], [lr 0.000337], [time 0.0320]
07-15 12:23:32.596 [epoch 44], [iter 250 / 329 : 14725], [loss 1.336742], [lr 0.000328], [time 0.0320]
07-15 12:23:58.150 [epoch 44], [iter 300 / 329 : 14775], [loss 1.346714], [lr 0.000320], [time 0.0319]
07-15 12:24:13.577 Saved file to ./logs/2306/lraspp_agriseg_wildnet/07_15_10/last_None_epoch_44_mean-iu_0.00000.pth
07-15 12:24:41.603 [epoch 45], [iter 50 / 329 : 14854], [loss 1.307423], [lr 0.000306], [time 0.0321]
07-15 12:25:07.231 [epoch 45], [iter 100 / 329 : 14904], [loss 1.313602], [lr 0.000298], [time 0.0320]
07-15 12:25:32.789 [epoch 45], [iter 150 / 329 : 14954], [loss 1.321832], [lr 0.000289], [time 0.0319]
07-15 12:25:58.366 [epoch 45], [iter 200 / 329 : 15004], [loss 1.338645], [lr 0.000280], [time 0.0320]
07-15 12:26:23.958 [epoch 45], [iter 250 / 329 : 15054], [loss 1.310210], [lr 0.000272], [time 0.0320]
07-15 12:26:49.567 [epoch 45], [iter 300 / 329 : 15104], [loss 1.359176], [lr 0.000263], [time 0.0320]
07-15 12:27:04.989 Saved file to ./logs/2306/lraspp_agriseg_wildnet/07_15_10/last_None_epoch_45_mean-iu_0.00000.pth
07-15 12:27:33.006 [epoch 46], [iter 50 / 329 : 15183], [loss 1.334233], [lr 0.000249], [time 0.0320]
07-15 12:27:58.565 [epoch 46], [iter 100 / 329 : 15233], [loss 1.293419], [lr 0.000240], [time 0.0319]
07-15 12:28:24.166 [epoch 46], [iter 150 / 329 : 15283], [loss 1.347371], [lr 0.000231], [time 0.0320]
07-15 12:28:49.707 [epoch 46], [iter 200 / 329 : 15333], [loss 1.294746], [lr 0.000222], [time 0.0319]
07-15 12:29:15.300 [epoch 46], [iter 250 / 329 : 15383], [loss 1.302180], [lr 0.000213], [time 0.0320]
07-15 12:29:40.857 [epoch 46], [iter 300 / 329 : 15433], [loss 1.347490], [lr 0.000204], [time 0.0319]
07-15 12:29:56.256 Saved file to ./logs/2306/lraspp_agriseg_wildnet/07_15_10/last_None_epoch_46_mean-iu_0.00000.pth
07-15 12:30:24.328 [epoch 47], [iter 50 / 329 : 15512], [loss 1.316746], [lr 0.000190], [time 0.0325]
07-15 12:30:49.838 [epoch 47], [iter 100 / 329 : 15562], [loss 1.316000], [lr 0.000181], [time 0.0319]
07-15 12:31:15.456 [epoch 47], [iter 150 / 329 : 15612], [loss 1.365743], [lr 0.000172], [time 0.0320]
07-15 12:31:41.040 [epoch 47], [iter 200 / 329 : 15662], [loss 1.307956], [lr 0.000162], [time 0.0320]
07-15 12:32:06.570 [epoch 47], [iter 250 / 329 : 15712], [loss 1.367449], [lr 0.000153], [time 0.0319]
07-15 12:32:32.095 [epoch 47], [iter 300 / 329 : 15762], [loss 1.293903], [lr 0.000144], [time 0.0319]
07-15 12:32:47.501 Saved file to ./logs/2306/lraspp_agriseg_wildnet/07_15_10/last_None_epoch_47_mean-iu_0.00000.pth
07-15 12:33:15.465 [epoch 48], [iter 50 / 329 : 15841], [loss 1.353803], [lr 0.000129], [time 0.0320]
07-15 12:33:41.104 [epoch 48], [iter 100 / 329 : 15891], [loss 1.296144], [lr 0.000119], [time 0.0320]
07-15 12:34:06.708 [epoch 48], [iter 150 / 329 : 15941], [loss 1.352477], [lr 0.000110], [time 0.0320]
07-15 12:34:32.301 [epoch 48], [iter 200 / 329 : 15991], [loss 1.322270], [lr 0.000100], [time 0.0320]
07-15 12:34:57.833 [epoch 48], [iter 250 / 329 : 16041], [loss 1.286725], [lr 0.000090], [time 0.0319]
07-15 12:35:23.402 [epoch 48], [iter 300 / 329 : 16091], [loss 1.337626], [lr 0.000080], [time 0.0320]
07-15 12:35:38.862 Saved file to ./logs/2306/lraspp_agriseg_wildnet/07_15_10/last_None_epoch_48_mean-iu_0.00000.pth
07-15 12:36:06.823 [epoch 49], [iter 50 / 329 : 16170], [loss 1.305119], [lr 0.000064], [time 0.0320]
07-15 12:36:32.420 [epoch 49], [iter 100 / 329 : 16220], [loss 1.308847], [lr 0.000054], [time 0.0320]
07-15 12:36:58.143 [epoch 49], [iter 150 / 329 : 16270], [loss 1.317249], [lr 0.000043], [time 0.0321]
07-15 12:37:23.707 [epoch 49], [iter 200 / 329 : 16320], [loss 1.341099], [lr 0.000032], [time 0.0319]
07-15 12:37:49.238 [epoch 49], [iter 250 / 329 : 16370], [loss 1.352249], [lr 0.000021], [time 0.0319]
07-15 12:38:14.907 [epoch 49], [iter 300 / 329 : 16420], [loss 1.311150], [lr 0.000009], [time 0.0321]
07-15 12:38:30.284 Saved file to ./logs/2306/lraspp_agriseg_wildnet/07_15_10/last_None_epoch_49_mean-iu_0.00000.pth
07-15 12:38:30.987 validating: 1 / 5274
07-15 12:38:31.104 validating: 21 / 5274
07-15 12:38:31.212 validating: 41 / 5274
07-15 12:38:31.325 validating: 61 / 5274
07-15 12:38:31.431 validating: 81 / 5274
07-15 12:38:31.538 validating: 101 / 5274
07-15 12:38:31.645 validating: 121 / 5274
07-15 12:38:31.751 validating: 141 / 5274
07-15 12:38:31.857 validating: 161 / 5274
07-15 12:38:31.967 validating: 181 / 5274
07-15 12:38:32.073 validating: 201 / 5274
07-15 12:38:32.181 validating: 221 / 5274
07-15 12:38:32.287 validating: 241 / 5274
07-15 12:38:32.393 validating: 261 / 5274
07-15 12:38:32.503 validating: 281 / 5274
07-15 12:38:32.609 validating: 301 / 5274
07-15 12:38:32.721 validating: 321 / 5274
07-15 12:38:32.827 validating: 341 / 5274
07-15 12:38:32.936 validating: 361 / 5274
07-15 12:38:33.086 validating: 381 / 5274
07-15 12:38:33.243 validating: 401 / 5274
07-15 12:38:33.402 validating: 421 / 5274
07-15 12:38:33.554 validating: 441 / 5274
07-15 12:38:33.710 validating: 461 / 5274
07-15 12:38:33.867 validating: 481 / 5274
07-15 12:38:34.021 validating: 501 / 5274
07-15 12:38:34.177 validating: 521 / 5274
07-15 12:38:34.331 validating: 541 / 5274
07-15 12:38:34.483 validating: 561 / 5274
07-15 12:38:34.624 validating: 581 / 5274
07-15 12:38:34.778 validating: 601 / 5274
07-15 12:38:34.930 validating: 621 / 5274
07-15 12:38:35.084 validating: 641 / 5274
07-15 12:38:35.236 validating: 661 / 5274
07-15 12:38:35.392 validating: 681 / 5274
07-15 12:38:35.546 validating: 701 / 5274
07-15 12:38:35.699 validating: 721 / 5274
07-15 12:38:35.852 validating: 741 / 5274
07-15 12:38:36.008 validating: 761 / 5274
07-15 12:38:36.159 validating: 781 / 5274
07-15 12:38:36.313 validating: 801 / 5274
07-15 12:38:36.464 validating: 821 / 5274
07-15 12:38:36.618 validating: 841 / 5274
07-15 12:38:36.771 validating: 861 / 5274
07-15 12:38:36.924 validating: 881 / 5274
07-15 12:38:37.077 validating: 901 / 5274
07-15 12:38:37.231 validating: 921 / 5274
07-15 12:38:37.387 validating: 941 / 5274
07-15 12:38:37.542 validating: 961 / 5274
07-15 12:38:37.699 validating: 981 / 5274
07-15 12:38:37.853 validating: 1001 / 5274
07-15 12:38:38.006 validating: 1021 / 5274
07-15 12:38:38.160 validating: 1041 / 5274
07-15 12:38:38.315 validating: 1061 / 5274
07-15 12:38:38.468 validating: 1081 / 5274
07-15 12:38:38.626 validating: 1101 / 5274
07-15 12:38:38.782 validating: 1121 / 5274
07-15 12:38:38.937 validating: 1141 / 5274
07-15 12:38:39.094 validating: 1161 / 5274
07-15 12:38:39.224 validating: 1181 / 5274
07-15 12:38:39.330 validating: 1201 / 5274
07-15 12:38:39.449 validating: 1221 / 5274
07-15 12:38:39.554 validating: 1241 / 5274
07-15 12:38:39.659 validating: 1261 / 5274
07-15 12:38:39.766 validating: 1281 / 5274
07-15 12:38:39.874 validating: 1301 / 5274
07-15 12:38:39.985 validating: 1321 / 5274
07-15 12:38:40.093 validating: 1341 / 5274
07-15 12:38:40.199 validating: 1361 / 5274
07-15 12:38:40.306 validating: 1381 / 5274
07-15 12:38:40.412 validating: 1401 / 5274
07-15 12:38:40.519 validating: 1421 / 5274
07-15 12:38:40.626 validating: 1441 / 5274
07-15 12:38:40.731 validating: 1461 / 5274
07-15 12:38:40.837 validating: 1481 / 5274
07-15 12:38:40.943 validating: 1501 / 5274
07-15 12:38:41.050 validating: 1521 / 5274
07-15 12:38:41.156 validating: 1541 / 5274
07-15 12:38:41.263 validating: 1561 / 5274
07-15 12:38:41.369 validating: 1581 / 5274
07-15 12:38:41.477 validating: 1601 / 5274
07-15 12:38:41.584 validating: 1621 / 5274
07-15 12:38:41.691 validating: 1641 / 5274
07-15 12:38:41.797 validating: 1661 / 5274
07-15 12:38:41.906 validating: 1681 / 5274
07-15 12:38:42.012 validating: 1701 / 5274
07-15 12:38:42.120 validating: 1721 / 5274
07-15 12:38:42.230 validating: 1741 / 5274
07-15 12:38:42.338 validating: 1761 / 5274
07-15 12:38:42.443 validating: 1781 / 5274
07-15 12:38:42.554 validating: 1801 / 5274
07-15 12:38:42.661 validating: 1821 / 5274
07-15 12:38:42.770 validating: 1841 / 5274
07-15 12:38:42.877 validating: 1861 / 5274
07-15 12:38:42.984 validating: 1881 / 5274
07-15 12:38:43.091 validating: 1901 / 5274
07-15 12:38:43.200 validating: 1921 / 5274
07-15 12:38:43.307 validating: 1941 / 5274
07-15 12:38:43.414 validating: 1961 / 5274
07-15 12:38:43.521 validating: 1981 / 5274
07-15 12:38:43.627 validating: 2001 / 5274
07-15 12:38:43.733 validating: 2021 / 5274
07-15 12:38:43.839 validating: 2041 / 5274
07-15 12:38:43.946 validating: 2061 / 5274
07-15 12:38:44.053 validating: 2081 / 5274
07-15 12:38:44.163 validating: 2101 / 5274
07-15 12:38:44.269 validating: 2121 / 5274
07-15 12:38:44.375 validating: 2141 / 5274
07-15 12:38:44.483 validating: 2161 / 5274
07-15 12:38:44.589 validating: 2181 / 5274
07-15 12:38:44.696 validating: 2201 / 5274
07-15 12:38:44.802 validating: 2221 / 5274
07-15 12:38:44.909 validating: 2241 / 5274
07-15 12:38:45.015 validating: 2261 / 5274
07-15 12:38:45.121 validating: 2281 / 5274
07-15 12:38:45.228 validating: 2301 / 5274
07-15 12:38:45.334 validating: 2321 / 5274
07-15 12:38:45.441 validating: 2341 / 5274
07-15 12:38:45.548 validating: 2361 / 5274
07-15 12:38:45.654 validating: 2381 / 5274
07-15 12:38:45.760 validating: 2401 / 5274
07-15 12:38:45.865 validating: 2421 / 5274
07-15 12:38:45.971 validating: 2441 / 5274
07-15 12:38:46.081 validating: 2461 / 5274
07-15 12:38:46.187 validating: 2481 / 5274
07-15 12:38:46.293 validating: 2501 / 5274
07-15 12:38:46.399 validating: 2521 / 5274
07-15 12:38:46.504 validating: 2541 / 5274
07-15 12:38:46.611 validating: 2561 / 5274
07-15 12:38:46.717 validating: 2581 / 5274
07-15 12:38:46.824 validating: 2601 / 5274
07-15 12:38:46.930 validating: 2621 / 5274
07-15 12:38:47.035 validating: 2641 / 5274
07-15 12:38:47.142 validating: 2661 / 5274
07-15 12:38:47.248 validating: 2681 / 5274
07-15 12:38:47.353 validating: 2701 / 5274
07-15 12:38:47.458 validating: 2721 / 5274
07-15 12:38:47.565 validating: 2741 / 5274
07-15 12:38:47.671 validating: 2761 / 5274
07-15 12:38:47.775 validating: 2781 / 5274
07-15 12:38:47.880 validating: 2801 / 5274
07-15 12:38:47.986 validating: 2821 / 5274
07-15 12:38:48.092 validating: 2841 / 5274
07-15 12:38:48.199 validating: 2861 / 5274
07-15 12:38:48.305 validating: 2881 / 5274
07-15 12:38:48.411 validating: 2901 / 5274
07-15 12:38:48.516 validating: 2921 / 5274
07-15 12:38:48.622 validating: 2941 / 5274
07-15 12:38:48.728 validating: 2961 / 5274
07-15 12:38:48.835 validating: 2981 / 5274
07-15 12:38:48.940 validating: 3001 / 5274
07-15 12:38:49.045 validating: 3021 / 5274
07-15 12:38:49.152 validating: 3041 / 5274
07-15 12:38:49.259 validating: 3061 / 5274
07-15 12:38:49.365 validating: 3081 / 5274
07-15 12:38:49.470 validating: 3101 / 5274
07-15 12:38:49.576 validating: 3121 / 5274
07-15 12:38:49.687 validating: 3141 / 5274
07-15 12:38:49.794 validating: 3161 / 5274
07-15 12:38:49.899 validating: 3181 / 5274
07-15 12:38:50.006 validating: 3201 / 5274
07-15 12:38:50.113 validating: 3221 / 5274
07-15 12:38:50.218 validating: 3241 / 5274
07-15 12:38:50.323 validating: 3261 / 5274
07-15 12:38:50.428 validating: 3281 / 5274
07-15 12:38:50.534 validating: 3301 / 5274
07-15 12:38:50.643 validating: 3321 / 5274
07-15 12:38:50.750 validating: 3341 / 5274
07-15 12:38:50.857 validating: 3361 / 5274
07-15 12:38:50.964 validating: 3381 / 5274
07-15 12:38:51.069 validating: 3401 / 5274
07-15 12:38:51.175 validating: 3421 / 5274
07-15 12:38:51.281 validating: 3441 / 5274
07-15 12:38:51.386 validating: 3461 / 5274
07-15 12:38:51.492 validating: 3481 / 5274
07-15 12:38:51.599 validating: 3501 / 5274
07-15 12:38:51.704 validating: 3521 / 5274
07-15 12:38:51.810 validating: 3541 / 5274
07-15 12:38:51.917 validating: 3561 / 5274
07-15 12:38:52.023 validating: 3581 / 5274
07-15 12:38:52.130 validating: 3601 / 5274
07-15 12:38:52.240 validating: 3621 / 5274
07-15 12:38:52.349 validating: 3641 / 5274
07-15 12:38:52.458 validating: 3661 / 5274
07-15 12:38:52.565 validating: 3681 / 5274
07-15 12:38:52.677 validating: 3701 / 5274
07-15 12:38:52.786 validating: 3721 / 5274
07-15 12:38:52.894 validating: 3741 / 5274
07-15 12:38:53.003 validating: 3761 / 5274
07-15 12:38:53.113 validating: 3781 / 5274
07-15 12:38:53.222 validating: 3801 / 5274
07-15 12:38:53.329 validating: 3821 / 5274
07-15 12:38:53.437 validating: 3841 / 5274
07-15 12:38:53.546 validating: 3861 / 5274
07-15 12:38:53.661 validating: 3881 / 5274
07-15 12:38:53.769 validating: 3901 / 5274
07-15 12:38:53.876 validating: 3921 / 5274
07-15 12:38:53.982 validating: 3941 / 5274
07-15 12:38:54.088 validating: 3961 / 5274
07-15 12:38:54.194 validating: 3981 / 5274
07-15 12:38:54.300 validating: 4001 / 5274
07-15 12:38:54.406 validating: 4021 / 5274
07-15 12:38:54.512 validating: 4041 / 5274
07-15 12:38:54.623 validating: 4061 / 5274
07-15 12:38:54.730 validating: 4081 / 5274
07-15 12:38:54.837 validating: 4101 / 5274
07-15 12:38:54.943 validating: 4121 / 5274
07-15 12:38:55.048 validating: 4141 / 5274
07-15 12:38:55.155 validating: 4161 / 5274
07-15 12:38:55.265 validating: 4181 / 5274
07-15 12:38:55.371 validating: 4201 / 5274
07-15 12:38:55.479 validating: 4221 / 5274
07-15 12:38:55.586 validating: 4241 / 5274
07-15 12:38:55.692 validating: 4261 / 5274
07-15 12:38:55.802 validating: 4281 / 5274
07-15 12:38:55.908 validating: 4301 / 5274
07-15 12:38:56.014 validating: 4321 / 5274
07-15 12:38:56.123 validating: 4341 / 5274
07-15 12:38:56.228 validating: 4361 / 5274
07-15 12:38:56.335 validating: 4381 / 5274
07-15 12:38:56.442 validating: 4401 / 5274
07-15 12:38:56.548 validating: 4421 / 5274
07-15 12:38:56.656 validating: 4441 / 5274
07-15 12:38:56.763 validating: 4461 / 5274
07-15 12:38:56.870 validating: 4481 / 5274
07-15 12:38:56.978 validating: 4501 / 5274
07-15 12:38:57.085 validating: 4521 / 5274
07-15 12:38:57.194 validating: 4541 / 5274
07-15 12:38:57.302 validating: 4561 / 5274
07-15 12:38:57.408 validating: 4581 / 5274
07-15 12:38:57.514 validating: 4601 / 5274
07-15 12:38:57.622 validating: 4621 / 5274
07-15 12:38:57.732 validating: 4641 / 5274
07-15 12:38:57.838 validating: 4661 / 5274
07-15 12:38:57.946 validating: 4681 / 5274
07-15 12:38:58.053 validating: 4701 / 5274
07-15 12:38:58.159 validating: 4721 / 5274
07-15 12:38:58.266 validating: 4741 / 5274
07-15 12:38:58.373 validating: 4761 / 5274
07-15 12:38:58.479 validating: 4781 / 5274
07-15 12:38:58.588 validating: 4801 / 5274
07-15 12:38:58.694 validating: 4821 / 5274
07-15 12:38:58.801 validating: 4841 / 5274
07-15 12:38:58.906 validating: 4861 / 5274
07-15 12:38:59.012 validating: 4881 / 5274
07-15 12:38:59.118 validating: 4901 / 5274
07-15 12:38:59.226 validating: 4921 / 5274
07-15 12:38:59.332 validating: 4941 / 5274
07-15 12:38:59.443 validating: 4961 / 5274
07-15 12:38:59.549 validating: 4981 / 5274
07-15 12:38:59.658 validating: 5001 / 5274
07-15 12:38:59.764 validating: 5021 / 5274
07-15 12:38:59.871 validating: 5041 / 5274
07-15 12:38:59.981 validating: 5061 / 5274
07-15 12:39:00.087 validating: 5081 / 5274
07-15 12:39:00.195 validating: 5101 / 5274
07-15 12:39:00.305 validating: 5121 / 5274
07-15 12:39:00.412 validating: 5141 / 5274
07-15 12:39:00.519 validating: 5161 / 5274
07-15 12:39:00.625 validating: 5181 / 5274
07-15 12:39:00.733 validating: 5201 / 5274
07-15 12:39:00.838 validating: 5221 / 5274
07-15 12:39:00.926 validating: 5241 / 5274
07-15 12:39:01.002 validating: 5261 / 5274
07-15 12:39:01.129 Dataset name: tree_2
07-15 12:39:01.130 IoU:
07-15 12:39:01.130 label_id      label    iU    Precision Recall TP     FP    FN
07-15 12:39:01.130  0                0   100.0    1.0       1.0  100.0     0.0     0.0
07-15 12:39:01.130 mean 1.0
07-15 12:39:01.679 -----------------------------------------------------------------------------------------------------------
07-15 12:39:01.679 [epoch 50], [dataset name tree_2], [val loss 0.49836], [acc 1.00000], [acc_cls 1.00000], [mean_iu 1.00000], [fwavacc 1.00000]
07-15 12:39:01.679 best record: [dataset name tree_2], [val loss 0.49836], [acc 1.00000], [acc_cls 1.00000], [mean_iu 1.00000], [fwavacc 1.00000], [epoch 50], 
07-15 12:39:01.679 -----------------------------------------------------------------------------------------------------------
07-15 12:39:02.302 validating: 1 / 5274
07-15 12:39:02.455 validating: 21 / 5274
07-15 12:39:02.562 validating: 41 / 5274
07-15 12:39:02.670 validating: 61 / 5274
07-15 12:39:02.778 validating: 81 / 5274
07-15 12:39:02.886 validating: 101 / 5274
07-15 12:39:02.995 validating: 121 / 5274
07-15 12:39:03.101 validating: 141 / 5274
07-15 12:39:03.208 validating: 161 / 5274
07-15 12:39:03.317 validating: 181 / 5274
07-15 12:39:03.424 validating: 201 / 5274
07-15 12:39:03.532 validating: 221 / 5274
07-15 12:39:03.639 validating: 241 / 5274
07-15 12:39:03.745 validating: 261 / 5274
07-15 12:39:03.852 validating: 281 / 5274
07-15 12:39:03.959 validating: 301 / 5274
07-15 12:39:04.067 validating: 321 / 5274
07-15 12:39:04.173 validating: 341 / 5274
07-15 12:39:04.280 validating: 361 / 5274
07-15 12:39:04.387 validating: 381 / 5274
07-15 12:39:04.500 validating: 401 / 5274
07-15 12:39:04.606 validating: 421 / 5274
07-15 12:39:04.719 validating: 441 / 5274
07-15 12:39:04.827 validating: 461 / 5274
07-15 12:39:04.933 validating: 481 / 5274
07-15 12:39:05.043 validating: 501 / 5274
07-15 12:39:05.150 validating: 521 / 5274
07-15 12:39:05.257 validating: 541 / 5274
07-15 12:39:05.363 validating: 561 / 5274
07-15 12:39:05.469 validating: 581 / 5274
07-15 12:39:05.576 validating: 601 / 5274
07-15 12:39:05.683 validating: 621 / 5274
07-15 12:39:05.794 validating: 641 / 5274
07-15 12:39:05.901 validating: 661 / 5274
07-15 12:39:06.008 validating: 681 / 5274
07-15 12:39:06.120 validating: 701 / 5274
07-15 12:39:06.226 validating: 721 / 5274
07-15 12:39:06.333 validating: 741 / 5274
07-15 12:39:06.439 validating: 761 / 5274
07-15 12:39:06.547 validating: 781 / 5274
07-15 12:39:06.655 validating: 801 / 5274
07-15 12:39:06.767 validating: 821 / 5274
07-15 12:39:06.874 validating: 841 / 5274
07-15 12:39:06.983 validating: 861 / 5274
07-15 12:39:07.089 validating: 881 / 5274
07-15 12:39:07.196 validating: 901 / 5274
07-15 12:39:07.304 validating: 921 / 5274
07-15 12:39:07.411 validating: 941 / 5274
07-15 12:39:07.517 validating: 961 / 5274
07-15 12:39:07.624 validating: 981 / 5274
07-15 12:39:07.732 validating: 1001 / 5274
07-15 12:39:07.840 validating: 1021 / 5274
07-15 12:39:07.948 validating: 1041 / 5274
07-15 12:39:08.055 validating: 1061 / 5274
07-15 12:39:08.161 validating: 1081 / 5274
07-15 12:39:08.267 validating: 1101 / 5274
07-15 12:39:08.374 validating: 1121 / 5274
07-15 12:39:08.486 validating: 1141 / 5274
07-15 12:39:08.593 validating: 1161 / 5274
07-15 12:39:08.700 validating: 1181 / 5274
07-15 12:39:08.808 validating: 1201 / 5274
07-15 12:39:08.919 validating: 1221 / 5274
07-15 12:39:09.028 validating: 1241 / 5274
07-15 12:39:09.135 validating: 1261 / 5274
07-15 12:39:09.242 validating: 1281 / 5274
07-15 12:39:09.351 validating: 1301 / 5274
07-15 12:39:09.460 validating: 1321 / 5274
07-15 12:39:09.567 validating: 1341 / 5274
07-15 12:39:09.675 validating: 1361 / 5274
07-15 12:39:09.787 validating: 1381 / 5274
07-15 12:39:09.894 validating: 1401 / 5274
07-15 12:39:10.006 validating: 1421 / 5274
07-15 12:39:10.113 validating: 1441 / 5274
07-15 12:39:10.220 validating: 1461 / 5274
07-15 12:39:10.328 validating: 1481 / 5274
07-15 12:39:10.436 validating: 1501 / 5274
07-15 12:39:10.542 validating: 1521 / 5274
07-15 12:39:10.654 validating: 1541 / 5274
07-15 12:39:10.761 validating: 1561 / 5274
07-15 12:39:10.868 validating: 1581 / 5274
07-15 12:39:10.975 validating: 1601 / 5274
07-15 12:39:11.083 validating: 1621 / 5274
07-15 12:39:11.190 validating: 1641 / 5274
07-15 12:39:11.298 validating: 1661 / 5274
07-15 12:39:11.405 validating: 1681 / 5274
07-15 12:39:11.515 validating: 1701 / 5274
07-15 12:39:11.628 validating: 1721 / 5274
07-15 12:39:11.739 validating: 1741 / 5274
07-15 12:39:11.846 validating: 1761 / 5274
07-15 12:39:12.002 validating: 1781 / 5274
07-15 12:39:12.159 validating: 1801 / 5274
07-15 12:39:12.323 validating: 1821 / 5274
07-15 12:39:12.481 validating: 1841 / 5274
07-15 12:39:12.639 validating: 1861 / 5274
07-15 12:39:12.799 validating: 1881 / 5274
07-15 12:39:12.955 validating: 1901 / 5274
07-15 12:39:13.113 validating: 1921 / 5274
07-15 12:39:13.272 validating: 1941 / 5274
07-15 12:39:13.430 validating: 1961 / 5274
07-15 12:39:13.587 validating: 1981 / 5274
07-15 12:39:13.745 validating: 2001 / 5274
07-15 12:39:13.904 validating: 2021 / 5274
07-15 12:39:14.062 validating: 2041 / 5274
07-15 12:39:14.220 validating: 2061 / 5274
07-15 12:39:14.375 validating: 2081 / 5274
07-15 12:39:14.530 validating: 2101 / 5274
07-15 12:39:14.669 validating: 2121 / 5274
07-15 12:39:14.779 validating: 2141 / 5274
07-15 12:39:14.887 validating: 2161 / 5274
07-15 12:39:14.995 validating: 2181 / 5274
07-15 12:39:15.101 validating: 2201 / 5274
07-15 12:39:15.208 validating: 2221 / 5274
07-15 12:39:15.315 validating: 2241 / 5274
07-15 12:39:15.421 validating: 2261 / 5274
07-15 12:39:15.526 validating: 2281 / 5274
07-15 12:39:15.634 validating: 2301 / 5274
07-15 12:39:15.743 validating: 2321 / 5274
07-15 12:39:15.858 validating: 2341 / 5274
07-15 12:39:15.967 validating: 2361 / 5274
07-15 12:39:16.074 validating: 2381 / 5274
07-15 12:39:16.181 validating: 2401 / 5274
07-15 12:39:16.288 validating: 2421 / 5274
07-15 12:39:16.396 validating: 2441 / 5274
07-15 12:39:16.504 validating: 2461 / 5274
07-15 12:39:16.611 validating: 2481 / 5274
07-15 12:39:16.721 validating: 2501 / 5274
07-15 12:39:16.827 validating: 2521 / 5274
07-15 12:39:16.934 validating: 2541 / 5274
07-15 12:39:17.045 validating: 2561 / 5274
07-15 12:39:17.152 validating: 2581 / 5274
07-15 12:39:17.258 validating: 2601 / 5274
07-15 12:39:17.366 validating: 2621 / 5274
07-15 12:39:17.473 validating: 2641 / 5274
07-15 12:39:17.581 validating: 2661 / 5274
07-15 12:39:17.688 validating: 2681 / 5274
07-15 12:39:17.798 validating: 2701 / 5274
07-15 12:39:17.906 validating: 2721 / 5274
07-15 12:39:18.012 validating: 2741 / 5274
07-15 12:39:18.120 validating: 2761 / 5274
07-15 12:39:18.227 validating: 2781 / 5274
07-15 12:39:18.333 validating: 2801 / 5274
07-15 12:39:18.439 validating: 2821 / 5274
07-15 12:39:18.546 validating: 2841 / 5274
07-15 12:39:18.653 validating: 2861 / 5274
07-15 12:39:18.758 validating: 2881 / 5274
07-15 12:39:18.864 validating: 2901 / 5274
07-15 12:39:18.972 validating: 2921 / 5274
07-15 12:39:19.078 validating: 2941 / 5274
07-15 12:39:19.185 validating: 2961 / 5274
07-15 12:39:19.291 validating: 2981 / 5274
07-15 12:39:19.398 validating: 3001 / 5274
07-15 12:39:19.507 validating: 3021 / 5274
07-15 12:39:19.613 validating: 3041 / 5274
07-15 12:39:19.719 validating: 3061 / 5274
07-15 12:39:19.826 validating: 3081 / 5274
07-15 12:39:19.933 validating: 3101 / 5274
07-15 12:39:20.039 validating: 3121 / 5274
07-15 12:39:20.148 validating: 3141 / 5274
07-15 12:39:20.254 validating: 3161 / 5274
07-15 12:39:20.360 validating: 3181 / 5274
07-15 12:39:20.466 validating: 3201 / 5274
07-15 12:39:20.574 validating: 3221 / 5274
07-15 12:39:20.681 validating: 3241 / 5274
07-15 12:39:20.792 validating: 3261 / 5274
07-15 12:39:20.902 validating: 3281 / 5274
07-15 12:39:21.009 validating: 3301 / 5274
07-15 12:39:21.116 validating: 3321 / 5274
07-15 12:39:21.222 validating: 3341 / 5274
07-15 12:39:21.330 validating: 3361 / 5274
07-15 12:39:21.437 validating: 3381 / 5274
07-15 12:39:21.543 validating: 3401 / 5274
07-15 12:39:21.652 validating: 3421 / 5274
07-15 12:39:21.759 validating: 3441 / 5274
07-15 12:39:21.867 validating: 3461 / 5274
07-15 12:39:21.972 validating: 3481 / 5274
07-15 12:39:22.079 validating: 3501 / 5274
07-15 12:39:22.185 validating: 3521 / 5274
07-15 12:39:22.296 validating: 3541 / 5274
07-15 12:39:22.403 validating: 3561 / 5274
07-15 12:39:22.511 validating: 3581 / 5274
07-15 12:39:22.619 validating: 3601 / 5274
07-15 12:39:22.726 validating: 3621 / 5274
07-15 12:39:22.833 validating: 3641 / 5274
07-15 12:39:22.943 validating: 3661 / 5274
07-15 12:39:23.052 validating: 3681 / 5274
07-15 12:39:23.162 validating: 3701 / 5274
07-15 12:39:23.271 validating: 3721 / 5274
07-15 12:39:23.380 validating: 3741 / 5274
07-15 12:39:23.490 validating: 3761 / 5274
07-15 12:39:23.600 validating: 3781 / 5274
07-15 12:39:23.708 validating: 3801 / 5274
07-15 12:39:23.817 validating: 3821 / 5274
07-15 12:39:23.930 validating: 3841 / 5274
07-15 12:39:24.038 validating: 3861 / 5274
07-15 12:39:24.149 validating: 3881 / 5274
07-15 12:39:24.258 validating: 3901 / 5274
07-15 12:39:24.373 validating: 3921 / 5274
07-15 12:39:24.483 validating: 3941 / 5274
07-15 12:39:24.590 validating: 3961 / 5274
07-15 12:39:24.698 validating: 3981 / 5274
07-15 12:39:24.811 validating: 4001 / 5274
07-15 12:39:24.918 validating: 4021 / 5274
07-15 12:39:25.025 validating: 4041 / 5274
07-15 12:39:25.133 validating: 4061 / 5274
07-15 12:39:25.240 validating: 4081 / 5274
07-15 12:39:25.346 validating: 4101 / 5274
07-15 12:39:25.453 validating: 4121 / 5274
07-15 12:39:25.560 validating: 4141 / 5274
07-15 12:39:25.667 validating: 4161 / 5274
07-15 12:39:25.780 validating: 4181 / 5274
07-15 12:39:25.888 validating: 4201 / 5274
07-15 12:39:25.996 validating: 4221 / 5274
07-15 12:39:26.110 validating: 4241 / 5274
07-15 12:39:26.220 validating: 4261 / 5274
07-15 12:39:26.327 validating: 4281 / 5274
07-15 12:39:26.434 validating: 4301 / 5274
07-15 12:39:26.541 validating: 4321 / 5274
07-15 12:39:26.648 validating: 4341 / 5274
07-15 12:39:26.754 validating: 4361 / 5274
07-15 12:39:26.861 validating: 4381 / 5274
07-15 12:39:26.968 validating: 4401 / 5274
07-15 12:39:27.076 validating: 4421 / 5274
07-15 12:39:27.184 validating: 4441 / 5274
07-15 12:39:27.291 validating: 4461 / 5274
07-15 12:39:27.399 validating: 4481 / 5274
07-15 12:39:27.510 validating: 4501 / 5274
07-15 12:39:27.619 validating: 4521 / 5274
07-15 12:39:27.727 validating: 4541 / 5274
07-15 12:39:27.840 validating: 4561 / 5274
07-15 12:39:27.948 validating: 4581 / 5274
07-15 12:39:28.055 validating: 4601 / 5274
07-15 12:39:28.163 validating: 4621 / 5274
07-15 12:39:28.273 validating: 4641 / 5274
07-15 12:39:28.380 validating: 4661 / 5274
07-15 12:39:28.488 validating: 4681 / 5274
07-15 12:39:28.595 validating: 4701 / 5274
07-15 12:39:28.703 validating: 4721 / 5274
07-15 12:39:28.811 validating: 4741 / 5274
07-15 12:39:28.920 validating: 4761 / 5274
07-15 12:39:29.027 validating: 4781 / 5274
07-15 12:39:29.139 validating: 4801 / 5274
07-15 12:39:29.246 validating: 4821 / 5274
07-15 12:39:29.358 validating: 4841 / 5274
07-15 12:39:29.467 validating: 4861 / 5274
07-15 12:39:29.574 validating: 4881 / 5274
07-15 12:39:29.681 validating: 4901 / 5274
07-15 12:39:29.787 validating: 4921 / 5274
07-15 12:39:29.897 validating: 4941 / 5274
07-15 12:39:30.006 validating: 4961 / 5274
07-15 12:39:30.114 validating: 4981 / 5274
07-15 12:39:30.220 validating: 5001 / 5274
07-15 12:39:30.331 validating: 5021 / 5274
07-15 12:39:30.441 validating: 5041 / 5274
07-15 12:39:30.550 validating: 5061 / 5274
07-15 12:39:30.658 validating: 5081 / 5274
07-15 12:39:30.765 validating: 5101 / 5274
07-15 12:39:30.872 validating: 5121 / 5274
07-15 12:39:30.983 validating: 5141 / 5274
07-15 12:39:31.092 validating: 5161 / 5274
07-15 12:39:31.200 validating: 5181 / 5274
07-15 12:39:31.308 validating: 5201 / 5274
07-15 12:39:31.414 validating: 5221 / 5274
07-15 12:39:31.501 validating: 5241 / 5274
07-15 12:39:31.577 validating: 5261 / 5274
07-15 12:39:31.714 Dataset name: agriseg
07-15 12:39:31.714 IoU:
07-15 12:39:31.714 label_id      label    iU    Precision Recall TP     FP    FN
07-15 12:39:31.714  0                0   100.0    1.0       1.0  100.0     0.0     0.0
07-15 12:39:31.714 mean 1.0
07-15 12:39:31.715 -----------------------------------------------------------------------------------------------------------
07-15 12:39:31.715 [epoch 50], [dataset name agriseg], [val loss 0.49988], [acc 1.00000], [acc_cls 1.00000], [mean_iu 1.00000], [fwavacc 1.00000]
