07-15 03:03:52.907 ImageNet-train: 1281167 images
07-15 03:03:53.905 Model params = 5.941M
07-15 03:04:22.630 [epoch 0], [iter 50 / 329 : 49], [loss 2.788891], [lr 0.002493], [time 0.0334]
07-15 03:04:48.148 [epoch 0], [iter 100 / 329 : 99], [loss 2.245580], [lr 0.002486], [time 0.0319]
07-15 03:05:13.719 [epoch 0], [iter 150 / 329 : 149], [loss 2.097578], [lr 0.002480], [time 0.0320]
07-15 03:05:39.447 [epoch 0], [iter 200 / 329 : 199], [loss 1.995305], [lr 0.002473], [time 0.0322]
07-15 03:06:05.103 [epoch 0], [iter 250 / 329 : 249], [loss 1.859978], [lr 0.002466], [time 0.0321]
07-15 03:06:30.754 [epoch 0], [iter 300 / 329 : 299], [loss 1.835849], [lr 0.002459], [time 0.0321]
07-15 03:06:46.094 Saved file to ./logs/2306/lraspp_agriseg_wildnet/07_15_03/last_None_epoch_0_mean-iu_0.00000.pth
07-15 03:07:14.247 [epoch 1], [iter 50 / 329 : 378], [loss 1.776609], [lr 0.002448], [time 0.0327]
07-15 03:07:39.885 [epoch 1], [iter 100 / 329 : 428], [loss 1.727119], [lr 0.002441], [time 0.0320]
07-15 03:08:05.500 [epoch 1], [iter 150 / 329 : 478], [loss 1.672131], [lr 0.002435], [time 0.0320]
07-15 03:08:31.013 [epoch 1], [iter 200 / 329 : 528], [loss 1.695102], [lr 0.002428], [time 0.0319]
07-15 03:08:56.537 [epoch 1], [iter 250 / 329 : 578], [loss 1.734429], [lr 0.002421], [time 0.0319]
07-15 03:09:22.045 [epoch 1], [iter 300 / 329 : 628], [loss 1.663581], [lr 0.002414], [time 0.0319]
07-15 03:09:37.402 Saved file to ./logs/2306/lraspp_agriseg_wildnet/07_15_03/last_None_epoch_1_mean-iu_0.00000.pth
07-15 03:10:05.344 [epoch 2], [iter 50 / 329 : 707], [loss 1.606783], [lr 0.002403], [time 0.0324]
07-15 03:10:31.053 [epoch 2], [iter 100 / 329 : 757], [loss 1.633825], [lr 0.002396], [time 0.0321]
07-15 03:10:56.603 [epoch 2], [iter 150 / 329 : 807], [loss 1.628880], [lr 0.002389], [time 0.0319]
07-15 03:11:22.156 [epoch 2], [iter 200 / 329 : 857], [loss 1.619294], [lr 0.002382], [time 0.0319]
07-15 03:11:47.705 [epoch 2], [iter 250 / 329 : 907], [loss 1.583691], [lr 0.002376], [time 0.0319]
07-15 03:12:13.264 [epoch 2], [iter 300 / 329 : 957], [loss 1.536636], [lr 0.002369], [time 0.0319]
07-15 03:12:28.632 Saved file to ./logs/2306/lraspp_agriseg_wildnet/07_15_03/last_None_epoch_2_mean-iu_0.00000.pth
07-15 03:12:56.808 [epoch 3], [iter 50 / 329 : 1036], [loss 1.606686], [lr 0.002358], [time 0.0323]
07-15 03:13:22.470 [epoch 3], [iter 100 / 329 : 1086], [loss 1.540551], [lr 0.002351], [time 0.0321]
07-15 03:13:48.041 [epoch 3], [iter 150 / 329 : 1136], [loss 1.498707], [lr 0.002344], [time 0.0320]
07-15 03:14:13.594 [epoch 3], [iter 200 / 329 : 1186], [loss 1.531191], [lr 0.002337], [time 0.0319]
07-15 03:14:39.150 [epoch 3], [iter 250 / 329 : 1236], [loss 1.523999], [lr 0.002330], [time 0.0319]
07-15 03:15:04.674 [epoch 3], [iter 300 / 329 : 1286], [loss 1.527885], [lr 0.002323], [time 0.0319]
07-15 03:15:20.038 Saved file to ./logs/2306/lraspp_agriseg_wildnet/07_15_03/last_None_epoch_3_mean-iu_0.00000.pth
07-15 03:15:48.000 [epoch 4], [iter 50 / 329 : 1365], [loss 1.471832], [lr 0.002312], [time 0.0321]
07-15 03:16:13.535 [epoch 4], [iter 100 / 329 : 1415], [loss 1.513610], [lr 0.002306], [time 0.0319]
07-15 03:16:39.148 [epoch 4], [iter 150 / 329 : 1465], [loss 1.568557], [lr 0.002299], [time 0.0320]
07-15 03:17:04.715 [epoch 4], [iter 200 / 329 : 1515], [loss 1.551721], [lr 0.002292], [time 0.0320]
07-15 03:17:30.254 [epoch 4], [iter 250 / 329 : 1565], [loss 1.457020], [lr 0.002285], [time 0.0319]
07-15 03:17:55.791 [epoch 4], [iter 300 / 329 : 1615], [loss 1.479645], [lr 0.002278], [time 0.0319]
07-15 03:18:11.197 Saved file to ./logs/2306/lraspp_agriseg_wildnet/07_15_03/last_None_epoch_4_mean-iu_0.00000.pth
07-15 03:18:39.276 [epoch 5], [iter 50 / 329 : 1694], [loss 1.539119], [lr 0.002267], [time 0.0323]
07-15 03:19:04.909 [epoch 5], [iter 100 / 329 : 1744], [loss 1.485105], [lr 0.002260], [time 0.0320]
07-15 03:19:30.502 [epoch 5], [iter 150 / 329 : 1794], [loss 1.455346], [lr 0.002253], [time 0.0320]
07-15 03:19:56.051 [epoch 5], [iter 200 / 329 : 1844], [loss 1.438398], [lr 0.002246], [time 0.0319]
07-15 03:20:21.584 [epoch 5], [iter 250 / 329 : 1894], [loss 1.459662], [lr 0.002239], [time 0.0319]
07-15 03:20:47.176 [epoch 5], [iter 300 / 329 : 1944], [loss 1.514056], [lr 0.002232], [time 0.0320]
07-15 03:21:02.529 Saved file to ./logs/2306/lraspp_agriseg_wildnet/07_15_03/last_None_epoch_5_mean-iu_0.00000.pth
07-15 03:21:30.718 [epoch 6], [iter 50 / 329 : 2023], [loss 1.460879], [lr 0.002222], [time 0.0324]
07-15 03:21:56.495 [epoch 6], [iter 100 / 329 : 2073], [loss 1.461827], [lr 0.002215], [time 0.0322]
07-15 03:22:22.019 [epoch 6], [iter 150 / 329 : 2123], [loss 1.497446], [lr 0.002208], [time 0.0319]
07-15 03:22:47.605 [epoch 6], [iter 200 / 329 : 2173], [loss 1.431961], [lr 0.002201], [time 0.0320]
07-15 03:23:13.271 [epoch 6], [iter 250 / 329 : 2223], [loss 1.444750], [lr 0.002194], [time 0.0321]
07-15 03:23:38.822 [epoch 6], [iter 300 / 329 : 2273], [loss 1.451052], [lr 0.002187], [time 0.0319]
07-15 03:23:54.189 Saved file to ./logs/2306/lraspp_agriseg_wildnet/07_15_03/last_None_epoch_6_mean-iu_0.00000.pth
07-15 03:24:22.326 [epoch 7], [iter 50 / 329 : 2352], [loss 1.430405], [lr 0.002176], [time 0.0322]
07-15 03:24:47.896 [epoch 7], [iter 100 / 329 : 2402], [loss 1.443849], [lr 0.002169], [time 0.0320]
07-15 03:25:13.421 [epoch 7], [iter 150 / 329 : 2452], [loss 1.428252], [lr 0.002162], [time 0.0319]
07-15 03:25:38.985 [epoch 7], [iter 200 / 329 : 2502], [loss 1.448120], [lr 0.002155], [time 0.0319]
07-15 03:26:04.520 [epoch 7], [iter 250 / 329 : 2552], [loss 1.469413], [lr 0.002148], [time 0.0319]
07-15 03:26:30.055 [epoch 7], [iter 300 / 329 : 2602], [loss 1.457220], [lr 0.002141], [time 0.0319]
07-15 03:26:45.413 Saved file to ./logs/2306/lraspp_agriseg_wildnet/07_15_03/last_None_epoch_7_mean-iu_0.00000.pth
07-15 03:27:13.640 [epoch 8], [iter 50 / 329 : 2681], [loss 1.455730], [lr 0.002130], [time 0.0327]
07-15 03:27:39.363 [epoch 8], [iter 100 / 329 : 2731], [loss 1.434629], [lr 0.002123], [time 0.0321]
07-15 03:28:04.973 [epoch 8], [iter 150 / 329 : 2781], [loss 1.428868], [lr 0.002116], [time 0.0320]
07-15 03:28:30.669 [epoch 8], [iter 200 / 329 : 2831], [loss 1.451875], [lr 0.002109], [time 0.0321]
07-15 03:28:56.448 [epoch 8], [iter 250 / 329 : 2881], [loss 1.411876], [lr 0.002102], [time 0.0322]
07-15 03:29:22.009 [epoch 8], [iter 300 / 329 : 2931], [loss 1.435613], [lr 0.002095], [time 0.0319]
07-15 03:29:37.497 Saved file to ./logs/2306/lraspp_agriseg_wildnet/07_15_03/last_None_epoch_8_mean-iu_0.00000.pth
07-15 03:30:05.707 [epoch 9], [iter 50 / 329 : 3010], [loss 1.388194], [lr 0.002084], [time 0.0327]
07-15 03:30:31.435 [epoch 9], [iter 100 / 329 : 3060], [loss 1.416430], [lr 0.002077], [time 0.0322]
07-15 03:30:57.040 [epoch 9], [iter 150 / 329 : 3110], [loss 1.437030], [lr 0.002070], [time 0.0320]
07-15 03:31:22.679 [epoch 9], [iter 200 / 329 : 3160], [loss 1.464696], [lr 0.002063], [time 0.0320]
07-15 03:31:48.292 [epoch 9], [iter 250 / 329 : 3210], [loss 1.404352], [lr 0.002056], [time 0.0320]
07-15 03:32:13.903 [epoch 9], [iter 300 / 329 : 3260], [loss 1.416948], [lr 0.002049], [time 0.0320]
07-15 03:32:29.270 Saved file to ./logs/2306/lraspp_agriseg_wildnet/07_15_03/last_None_epoch_9_mean-iu_0.00000.pth
07-15 03:32:57.359 [epoch 10], [iter 50 / 329 : 3339], [loss 1.405143], [lr 0.002038], [time 0.0324]
07-15 03:33:23.059 [epoch 10], [iter 100 / 329 : 3389], [loss 1.427105], [lr 0.002031], [time 0.0321]
07-15 03:33:48.657 [epoch 10], [iter 150 / 329 : 3439], [loss 1.393981], [lr 0.002024], [time 0.0320]
07-15 03:34:14.174 [epoch 10], [iter 200 / 329 : 3489], [loss 1.439419], [lr 0.002017], [time 0.0319]
07-15 03:34:39.731 [epoch 10], [iter 250 / 329 : 3539], [loss 1.409819], [lr 0.002010], [time 0.0319]
07-15 03:35:05.294 [epoch 10], [iter 300 / 329 : 3589], [loss 1.397363], [lr 0.002003], [time 0.0319]
07-15 03:35:20.654 Saved file to ./logs/2306/lraspp_agriseg_wildnet/07_15_03/last_None_epoch_10_mean-iu_0.00000.pth
07-15 03:35:48.801 [epoch 11], [iter 50 / 329 : 3668], [loss 1.388767], [lr 0.001992], [time 0.0325]
07-15 03:36:14.414 [epoch 11], [iter 100 / 329 : 3718], [loss 1.400335], [lr 0.001985], [time 0.0320]
07-15 03:36:39.995 [epoch 11], [iter 150 / 329 : 3768], [loss 1.395338], [lr 0.001978], [time 0.0320]
07-15 03:37:05.560 [epoch 11], [iter 200 / 329 : 3818], [loss 1.387974], [lr 0.001971], [time 0.0319]
07-15 03:37:31.150 [epoch 11], [iter 250 / 329 : 3868], [loss 1.420919], [lr 0.001964], [time 0.0320]
07-15 03:37:56.660 [epoch 11], [iter 300 / 329 : 3918], [loss 1.391142], [lr 0.001957], [time 0.0319]
07-15 03:38:12.073 Saved file to ./logs/2306/lraspp_agriseg_wildnet/07_15_03/last_None_epoch_11_mean-iu_0.00000.pth
07-15 03:38:40.154 [epoch 12], [iter 50 / 329 : 3997], [loss 1.448005], [lr 0.001946], [time 0.0322]
07-15 03:39:05.693 [epoch 12], [iter 100 / 329 : 4047], [loss 1.378687], [lr 0.001939], [time 0.0319]
07-15 03:39:31.252 [epoch 12], [iter 150 / 329 : 4097], [loss 1.383646], [lr 0.001932], [time 0.0319]
07-15 03:39:56.759 [epoch 12], [iter 200 / 329 : 4147], [loss 1.410713], [lr 0.001925], [time 0.0319]
07-15 03:40:22.306 [epoch 12], [iter 250 / 329 : 4197], [loss 1.393509], [lr 0.001918], [time 0.0319]
07-15 03:40:47.916 [epoch 12], [iter 300 / 329 : 4247], [loss 1.360721], [lr 0.001911], [time 0.0320]
07-15 03:41:03.278 Saved file to ./logs/2306/lraspp_agriseg_wildnet/07_15_03/last_None_epoch_12_mean-iu_0.00000.pth
07-15 03:41:31.391 [epoch 13], [iter 50 / 329 : 4326], [loss 1.326518], [lr 0.001900], [time 0.0322]
07-15 03:41:56.954 [epoch 13], [iter 100 / 329 : 4376], [loss 1.363829], [lr 0.001893], [time 0.0319]
07-15 03:42:22.534 [epoch 13], [iter 150 / 329 : 4426], [loss 1.393356], [lr 0.001886], [time 0.0320]
07-15 03:42:48.068 [epoch 13], [iter 200 / 329 : 4476], [loss 1.443075], [lr 0.001878], [time 0.0319]
07-15 03:43:13.682 [epoch 13], [iter 250 / 329 : 4526], [loss 1.388821], [lr 0.001871], [time 0.0320]
07-15 03:43:39.220 [epoch 13], [iter 300 / 329 : 4576], [loss 1.380024], [lr 0.001864], [time 0.0319]
07-15 03:43:54.609 Saved file to ./logs/2306/lraspp_agriseg_wildnet/07_15_03/last_None_epoch_13_mean-iu_0.00000.pth
07-15 03:44:22.586 [epoch 14], [iter 50 / 329 : 4655], [loss 1.362547], [lr 0.001853], [time 0.0325]
07-15 03:44:48.231 [epoch 14], [iter 100 / 329 : 4705], [loss 1.340570], [lr 0.001846], [time 0.0320]
07-15 03:45:13.839 [epoch 14], [iter 150 / 329 : 4755], [loss 1.404918], [lr 0.001839], [time 0.0320]
07-15 03:45:39.513 [epoch 14], [iter 200 / 329 : 4805], [loss 1.384642], [lr 0.001832], [time 0.0321]
07-15 03:46:05.060 [epoch 14], [iter 250 / 329 : 4855], [loss 1.370760], [lr 0.001825], [time 0.0319]
07-15 03:46:30.563 [epoch 14], [iter 300 / 329 : 4905], [loss 1.399154], [lr 0.001818], [time 0.0319]
07-15 03:46:45.913 Saved file to ./logs/2306/lraspp_agriseg_wildnet/07_15_03/last_None_epoch_14_mean-iu_0.00000.pth
07-15 03:47:13.883 [epoch 15], [iter 50 / 329 : 4984], [loss 1.372625], [lr 0.001807], [time 0.0326]
07-15 03:47:39.502 [epoch 15], [iter 100 / 329 : 5034], [loss 1.352508], [lr 0.001800], [time 0.0320]
07-15 03:48:05.164 [epoch 15], [iter 150 / 329 : 5084], [loss 1.389093], [lr 0.001792], [time 0.0321]
07-15 03:48:30.704 [epoch 15], [iter 200 / 329 : 5134], [loss 1.381912], [lr 0.001785], [time 0.0319]
07-15 03:48:56.284 [epoch 15], [iter 250 / 329 : 5184], [loss 1.391271], [lr 0.001778], [time 0.0320]
07-15 03:49:21.878 [epoch 15], [iter 300 / 329 : 5234], [loss 1.371693], [lr 0.001771], [time 0.0320]
07-15 03:49:37.259 Saved file to ./logs/2306/lraspp_agriseg_wildnet/07_15_03/last_None_epoch_15_mean-iu_0.00000.pth
07-15 03:50:05.308 [epoch 16], [iter 50 / 329 : 5313], [loss 1.382065], [lr 0.001760], [time 0.0322]
07-15 03:50:30.973 [epoch 16], [iter 100 / 329 : 5363], [loss 1.363242], [lr 0.001753], [time 0.0321]
07-15 03:50:56.554 [epoch 16], [iter 150 / 329 : 5413], [loss 1.349836], [lr 0.001746], [time 0.0320]
07-15 03:51:22.141 [epoch 16], [iter 200 / 329 : 5463], [loss 1.345862], [lr 0.001739], [time 0.0320]
07-15 03:51:47.743 [epoch 16], [iter 250 / 329 : 5513], [loss 1.404541], [lr 0.001731], [time 0.0320]
07-15 03:52:13.283 [epoch 16], [iter 300 / 329 : 5563], [loss 1.371040], [lr 0.001724], [time 0.0319]
07-15 03:52:28.659 Saved file to ./logs/2306/lraspp_agriseg_wildnet/07_15_03/last_None_epoch_16_mean-iu_0.00000.pth
07-15 03:52:56.656 [epoch 17], [iter 50 / 329 : 5642], [loss 1.351049], [lr 0.001713], [time 0.0321]
07-15 03:53:22.276 [epoch 17], [iter 100 / 329 : 5692], [loss 1.355990], [lr 0.001706], [time 0.0320]
07-15 03:53:47.856 [epoch 17], [iter 150 / 329 : 5742], [loss 1.372447], [lr 0.001699], [time 0.0320]
07-15 03:54:13.395 [epoch 17], [iter 200 / 329 : 5792], [loss 1.365589], [lr 0.001692], [time 0.0319]
07-15 03:54:38.936 [epoch 17], [iter 250 / 329 : 5842], [loss 1.359978], [lr 0.001684], [time 0.0319]
07-15 03:55:04.424 [epoch 17], [iter 300 / 329 : 5892], [loss 1.372105], [lr 0.001677], [time 0.0319]
07-15 03:55:19.781 Saved file to ./logs/2306/lraspp_agriseg_wildnet/07_15_03/last_None_epoch_17_mean-iu_0.00000.pth
07-15 03:55:48.062 [epoch 18], [iter 50 / 329 : 5971], [loss 1.397270], [lr 0.001666], [time 0.0328]
07-15 03:56:13.655 [epoch 18], [iter 100 / 329 : 6021], [loss 1.353968], [lr 0.001659], [time 0.0320]
07-15 03:56:39.175 [epoch 18], [iter 150 / 329 : 6071], [loss 1.342007], [lr 0.001652], [time 0.0319]
07-15 03:57:04.839 [epoch 18], [iter 200 / 329 : 6121], [loss 1.364461], [lr 0.001645], [time 0.0321]
07-15 03:57:30.481 [epoch 18], [iter 250 / 329 : 6171], [loss 1.373595], [lr 0.001637], [time 0.0320]
07-15 03:57:56.072 [epoch 18], [iter 300 / 329 : 6221], [loss 1.345285], [lr 0.001630], [time 0.0320]
07-15 03:58:11.499 Saved file to ./logs/2306/lraspp_agriseg_wildnet/07_15_03/last_None_epoch_18_mean-iu_0.00000.pth
07-15 03:58:39.429 [epoch 19], [iter 50 / 329 : 6300], [loss 1.369213], [lr 0.001619], [time 0.0323]
07-15 03:59:05.118 [epoch 19], [iter 100 / 329 : 6350], [loss 1.398530], [lr 0.001612], [time 0.0321]
07-15 03:59:30.879 [epoch 19], [iter 150 / 329 : 6400], [loss 1.384337], [lr 0.001605], [time 0.0322]
07-15 03:59:56.529 [epoch 19], [iter 200 / 329 : 6450], [loss 1.359248], [lr 0.001597], [time 0.0321]
07-15 04:00:22.115 [epoch 19], [iter 250 / 329 : 6500], [loss 1.340147], [lr 0.001590], [time 0.0320]
07-15 04:00:47.722 [epoch 19], [iter 300 / 329 : 6550], [loss 1.344056], [lr 0.001583], [time 0.0320]
07-15 04:01:03.058 Saved file to ./logs/2306/lraspp_agriseg_wildnet/07_15_03/last_None_epoch_19_mean-iu_0.00000.pth
07-15 04:01:31.143 [epoch 20], [iter 50 / 329 : 6629], [loss 1.336316], [lr 0.001572], [time 0.0323]
07-15 04:01:56.789 [epoch 20], [iter 100 / 329 : 6679], [loss 1.365524], [lr 0.001564], [time 0.0321]
07-15 04:02:22.362 [epoch 20], [iter 150 / 329 : 6729], [loss 1.400677], [lr 0.001557], [time 0.0320]
07-15 04:02:47.966 [epoch 20], [iter 200 / 329 : 6779], [loss 1.372251], [lr 0.001550], [time 0.0320]
07-15 04:03:13.563 [epoch 20], [iter 250 / 329 : 6829], [loss 1.327538], [lr 0.001543], [time 0.0320]
07-15 04:03:39.127 [epoch 20], [iter 300 / 329 : 6879], [loss 1.339530], [lr 0.001536], [time 0.0319]
07-15 04:03:54.491 Saved file to ./logs/2306/lraspp_agriseg_wildnet/07_15_03/last_None_epoch_20_mean-iu_0.00000.pth
07-15 04:04:22.763 [epoch 21], [iter 50 / 329 : 6958], [loss 1.358688], [lr 0.001524], [time 0.0324]
07-15 04:04:48.353 [epoch 21], [iter 100 / 329 : 7008], [loss 1.351328], [lr 0.001517], [time 0.0320]
07-15 04:05:13.970 [epoch 21], [iter 150 / 329 : 7058], [loss 1.324120], [lr 0.001510], [time 0.0320]
07-15 04:05:39.612 [epoch 21], [iter 200 / 329 : 7108], [loss 1.358427], [lr 0.001502], [time 0.0320]
07-15 04:06:05.165 [epoch 21], [iter 250 / 329 : 7158], [loss 1.369344], [lr 0.001495], [time 0.0319]
07-15 04:06:30.723 [epoch 21], [iter 300 / 329 : 7208], [loss 1.358020], [lr 0.001488], [time 0.0319]
07-15 04:06:46.072 Saved file to ./logs/2306/lraspp_agriseg_wildnet/07_15_03/last_None_epoch_21_mean-iu_0.00000.pth
07-15 04:07:14.241 [epoch 22], [iter 50 / 329 : 7287], [loss 1.331202], [lr 0.001476], [time 0.0326]
07-15 04:07:39.812 [epoch 22], [iter 100 / 329 : 7337], [loss 1.309804], [lr 0.001469], [time 0.0320]
07-15 04:08:05.403 [epoch 22], [iter 150 / 329 : 7387], [loss 1.363792], [lr 0.001462], [time 0.0320]
07-15 04:08:30.995 [epoch 22], [iter 200 / 329 : 7437], [loss 1.353412], [lr 0.001455], [time 0.0320]
07-15 04:08:56.595 [epoch 22], [iter 250 / 329 : 7487], [loss 1.385706], [lr 0.001447], [time 0.0320]
07-15 04:09:22.126 [epoch 22], [iter 300 / 329 : 7537], [loss 1.394325], [lr 0.001440], [time 0.0319]
07-15 04:09:37.537 Saved file to ./logs/2306/lraspp_agriseg_wildnet/07_15_03/last_None_epoch_22_mean-iu_0.00000.pth
07-15 04:10:05.742 [epoch 23], [iter 50 / 329 : 7616], [loss 1.374052], [lr 0.001429], [time 0.0323]
07-15 04:10:31.303 [epoch 23], [iter 100 / 329 : 7666], [loss 1.331408], [lr 0.001421], [time 0.0319]
07-15 04:10:56.850 [epoch 23], [iter 150 / 329 : 7716], [loss 1.334429], [lr 0.001414], [time 0.0319]
07-15 04:11:22.397 [epoch 23], [iter 200 / 329 : 7766], [loss 1.336395], [lr 0.001407], [time 0.0319]
07-15 04:11:47.971 [epoch 23], [iter 250 / 329 : 7816], [loss 1.355820], [lr 0.001400], [time 0.0320]
07-15 04:12:13.536 [epoch 23], [iter 300 / 329 : 7866], [loss 1.378628], [lr 0.001392], [time 0.0319]
07-15 04:12:28.883 Saved file to ./logs/2306/lraspp_agriseg_wildnet/07_15_03/last_None_epoch_23_mean-iu_0.00000.pth
07-15 04:12:56.993 [epoch 24], [iter 50 / 329 : 7945], [loss 1.371909], [lr 0.001381], [time 0.0322]
07-15 04:13:22.597 [epoch 24], [iter 100 / 329 : 7995], [loss 1.359373], [lr 0.001373], [time 0.0320]
07-15 04:13:48.104 [epoch 24], [iter 150 / 329 : 8045], [loss 1.347482], [lr 0.001366], [time 0.0319]
07-15 04:14:13.657 [epoch 24], [iter 200 / 329 : 8095], [loss 1.352230], [lr 0.001359], [time 0.0319]
07-15 04:14:39.261 [epoch 24], [iter 250 / 329 : 8145], [loss 1.332184], [lr 0.001351], [time 0.0320]
07-15 04:15:04.770 [epoch 24], [iter 300 / 329 : 8195], [loss 1.361672], [lr 0.001344], [time 0.0319]
07-15 04:15:20.110 Saved file to ./logs/2306/lraspp_agriseg_wildnet/07_15_03/last_None_epoch_24_mean-iu_0.00000.pth
07-15 04:15:48.357 [epoch 25], [iter 50 / 329 : 8274], [loss 1.321848], [lr 0.001333], [time 0.0324]
07-15 04:16:13.902 [epoch 25], [iter 100 / 329 : 8324], [loss 1.371584], [lr 0.001325], [time 0.0319]
07-15 04:16:39.465 [epoch 25], [iter 150 / 329 : 8374], [loss 1.358757], [lr 0.001318], [time 0.0319]
07-15 04:17:05.007 [epoch 25], [iter 200 / 329 : 8424], [loss 1.317329], [lr 0.001311], [time 0.0319]
07-15 04:17:30.592 [epoch 25], [iter 250 / 329 : 8474], [loss 1.345391], [lr 0.001303], [time 0.0320]
07-15 04:17:56.094 [epoch 25], [iter 300 / 329 : 8524], [loss 1.358009], [lr 0.001296], [time 0.0319]
07-15 04:18:11.803 Saved file to ./logs/2306/lraspp_agriseg_wildnet/07_15_03/last_None_epoch_25_mean-iu_0.00000.pth
07-15 04:18:40.443 [epoch 26], [iter 50 / 329 : 8603], [loss 1.311290], [lr 0.001284], [time 0.0321]
07-15 04:19:05.953 [epoch 26], [iter 100 / 329 : 8653], [loss 1.341529], [lr 0.001277], [time 0.0319]
07-15 04:19:31.499 [epoch 26], [iter 150 / 329 : 8703], [loss 1.359420], [lr 0.001269], [time 0.0319]
07-15 04:19:57.083 [epoch 26], [iter 200 / 329 : 8753], [loss 1.342984], [lr 0.001262], [time 0.0320]
07-15 04:20:22.647 [epoch 26], [iter 250 / 329 : 8803], [loss 1.341912], [lr 0.001255], [time 0.0319]
07-15 04:20:48.194 [epoch 26], [iter 300 / 329 : 8853], [loss 1.370096], [lr 0.001247], [time 0.0319]
07-15 04:21:03.627 Saved file to ./logs/2306/lraspp_agriseg_wildnet/07_15_03/last_None_epoch_26_mean-iu_0.00000.pth
07-15 04:21:31.719 [epoch 27], [iter 50 / 329 : 8932], [loss 1.354229], [lr 0.001236], [time 0.0323]
07-15 04:21:57.282 [epoch 27], [iter 100 / 329 : 8982], [loss 1.302071], [lr 0.001228], [time 0.0319]
07-15 04:22:22.825 [epoch 27], [iter 150 / 329 : 9032], [loss 1.387452], [lr 0.001221], [time 0.0319]
07-15 04:22:48.337 [epoch 27], [iter 200 / 329 : 9082], [loss 1.350833], [lr 0.001213], [time 0.0319]
07-15 04:23:13.877 [epoch 27], [iter 250 / 329 : 9132], [loss 1.313594], [lr 0.001206], [time 0.0319]
07-15 04:23:39.484 [epoch 27], [iter 300 / 329 : 9182], [loss 1.364045], [lr 0.001199], [time 0.0320]
07-15 04:23:54.843 Saved file to ./logs/2306/lraspp_agriseg_wildnet/07_15_03/last_None_epoch_27_mean-iu_0.00000.pth
07-15 04:24:23.035 [epoch 28], [iter 50 / 329 : 9261], [loss 1.347422], [lr 0.001187], [time 0.0325]
07-15 04:24:48.684 [epoch 28], [iter 100 / 329 : 9311], [loss 1.343668], [lr 0.001179], [time 0.0321]
07-15 04:25:14.203 [epoch 28], [iter 150 / 329 : 9361], [loss 1.325201], [lr 0.001172], [time 0.0319]
07-15 04:25:39.808 [epoch 28], [iter 200 / 329 : 9411], [loss 1.332140], [lr 0.001165], [time 0.0320]
07-15 04:26:05.413 [epoch 28], [iter 250 / 329 : 9461], [loss 1.329411], [lr 0.001157], [time 0.0320]
07-15 04:26:30.923 [epoch 28], [iter 300 / 329 : 9511], [loss 1.347905], [lr 0.001150], [time 0.0319]
07-15 04:26:46.263 Saved file to ./logs/2306/lraspp_agriseg_wildnet/07_15_03/last_None_epoch_28_mean-iu_0.00000.pth
07-15 04:27:14.401 [epoch 29], [iter 50 / 329 : 9590], [loss 1.309912], [lr 0.001138], [time 0.0324]
07-15 04:27:40.033 [epoch 29], [iter 100 / 329 : 9640], [loss 1.365621], [lr 0.001130], [time 0.0320]
07-15 04:28:05.583 [epoch 29], [iter 150 / 329 : 9690], [loss 1.350391], [lr 0.001123], [time 0.0319]
07-15 04:28:31.199 [epoch 29], [iter 200 / 329 : 9740], [loss 1.331625], [lr 0.001115], [time 0.0320]
07-15 04:28:56.704 [epoch 29], [iter 250 / 329 : 9790], [loss 1.327734], [lr 0.001108], [time 0.0319]
07-15 04:29:22.223 [epoch 29], [iter 300 / 329 : 9840], [loss 1.375097], [lr 0.001100], [time 0.0319]
07-15 04:29:37.569 Saved file to ./logs/2306/lraspp_agriseg_wildnet/07_15_03/last_None_epoch_29_mean-iu_0.00000.pth
07-15 04:30:05.715 [epoch 30], [iter 50 / 329 : 9919], [loss 1.373126], [lr 0.001089], [time 0.0326]
07-15 04:30:31.303 [epoch 30], [iter 100 / 329 : 9969], [loss 1.338925], [lr 0.001081], [time 0.0320]
07-15 04:30:56.936 [epoch 30], [iter 150 / 329 : 10019], [loss 1.364637], [lr 0.001074], [time 0.0320]
07-15 04:31:22.445 [epoch 30], [iter 200 / 329 : 10069], [loss 1.288971], [lr 0.001066], [time 0.0319]
07-15 04:31:48.029 [epoch 30], [iter 250 / 329 : 10119], [loss 1.360759], [lr 0.001059], [time 0.0320]
07-15 04:32:13.604 [epoch 30], [iter 300 / 329 : 10169], [loss 1.327852], [lr 0.001051], [time 0.0320]
07-15 04:32:28.950 Saved file to ./logs/2306/lraspp_agriseg_wildnet/07_15_03/last_None_epoch_30_mean-iu_0.00000.pth
07-15 04:32:57.000 [epoch 31], [iter 50 / 329 : 10248], [loss 1.351159], [lr 0.001039], [time 0.0321]
07-15 04:33:22.590 [epoch 31], [iter 100 / 329 : 10298], [loss 1.343093], [lr 0.001032], [time 0.0320]
07-15 04:33:48.083 [epoch 31], [iter 150 / 329 : 10348], [loss 1.358336], [lr 0.001024], [time 0.0319]
07-15 04:34:13.626 [epoch 31], [iter 200 / 329 : 10398], [loss 1.331495], [lr 0.001016], [time 0.0319]
07-15 04:34:39.169 [epoch 31], [iter 250 / 329 : 10448], [loss 1.342473], [lr 0.001009], [time 0.0319]
07-15 04:35:04.800 [epoch 31], [iter 300 / 329 : 10498], [loss 1.340019], [lr 0.001001], [time 0.0320]
07-15 04:35:20.168 Saved file to ./logs/2306/lraspp_agriseg_wildnet/07_15_03/last_None_epoch_31_mean-iu_0.00000.pth
07-15 04:35:48.306 [epoch 32], [iter 50 / 329 : 10577], [loss 1.310921], [lr 0.000989], [time 0.0322]
07-15 04:36:13.978 [epoch 32], [iter 100 / 329 : 10627], [loss 1.318242], [lr 0.000982], [time 0.0321]
07-15 04:36:39.532 [epoch 32], [iter 150 / 329 : 10677], [loss 1.365247], [lr 0.000974], [time 0.0319]
07-15 04:37:05.089 [epoch 32], [iter 200 / 329 : 10727], [loss 1.331420], [lr 0.000967], [time 0.0319]
07-15 04:37:30.662 [epoch 32], [iter 250 / 329 : 10777], [loss 1.327703], [lr 0.000959], [time 0.0320]
07-15 04:37:56.178 [epoch 32], [iter 300 / 329 : 10827], [loss 1.356916], [lr 0.000951], [time 0.0319]
07-15 04:38:11.518 Saved file to ./logs/2306/lraspp_agriseg_wildnet/07_15_03/last_None_epoch_32_mean-iu_0.00000.pth
07-15 04:38:39.673 [epoch 33], [iter 50 / 329 : 10906], [loss 1.346692], [lr 0.000939], [time 0.0327]
07-15 04:39:05.246 [epoch 33], [iter 100 / 329 : 10956], [loss 1.337258], [lr 0.000932], [time 0.0320]
07-15 04:39:30.827 [epoch 33], [iter 150 / 329 : 11006], [loss 1.312071], [lr 0.000924], [time 0.0320]
07-15 04:39:56.346 [epoch 33], [iter 200 / 329 : 11056], [loss 1.309658], [lr 0.000916], [time 0.0319]
07-15 04:40:21.852 [epoch 33], [iter 250 / 329 : 11106], [loss 1.358885], [lr 0.000909], [time 0.0319]
07-15 04:40:47.368 [epoch 33], [iter 300 / 329 : 11156], [loss 1.341696], [lr 0.000901], [time 0.0319]
07-15 04:41:02.792 Saved file to ./logs/2306/lraspp_agriseg_wildnet/07_15_03/last_None_epoch_33_mean-iu_0.00000.pth
07-15 04:41:30.804 [epoch 34], [iter 50 / 329 : 11235], [loss 1.325856], [lr 0.000889], [time 0.0321]
07-15 04:41:56.323 [epoch 34], [iter 100 / 329 : 11285], [loss 1.319593], [lr 0.000881], [time 0.0319]
07-15 04:42:21.912 [epoch 34], [iter 150 / 329 : 11335], [loss 1.312305], [lr 0.000874], [time 0.0320]
07-15 04:42:47.488 [epoch 34], [iter 200 / 329 : 11385], [loss 1.350940], [lr 0.000866], [time 0.0320]
07-15 04:43:13.050 [epoch 34], [iter 250 / 329 : 11435], [loss 1.332107], [lr 0.000858], [time 0.0319]
07-15 04:43:38.666 [epoch 34], [iter 300 / 329 : 11485], [loss 1.334866], [lr 0.000851], [time 0.0320]
07-15 04:43:54.037 Saved file to ./logs/2306/lraspp_agriseg_wildnet/07_15_03/last_None_epoch_34_mean-iu_0.00000.pth
07-15 04:44:22.028 [epoch 35], [iter 50 / 329 : 11564], [loss 1.290695], [lr 0.000838], [time 0.0322]
07-15 04:44:47.568 [epoch 35], [iter 100 / 329 : 11614], [loss 1.343682], [lr 0.000831], [time 0.0319]
07-15 04:45:13.099 [epoch 35], [iter 150 / 329 : 11664], [loss 1.317326], [lr 0.000823], [time 0.0319]
07-15 04:45:38.727 [epoch 35], [iter 200 / 329 : 11714], [loss 1.334401], [lr 0.000815], [time 0.0320]
07-15 04:46:04.309 [epoch 35], [iter 250 / 329 : 11764], [loss 1.326881], [lr 0.000807], [time 0.0320]
07-15 04:46:29.837 [epoch 35], [iter 300 / 329 : 11814], [loss 1.331101], [lr 0.000800], [time 0.0319]
07-15 04:46:45.189 Saved file to ./logs/2306/lraspp_agriseg_wildnet/07_15_03/last_None_epoch_35_mean-iu_0.00000.pth
07-15 04:47:13.229 [epoch 36], [iter 50 / 329 : 11893], [loss 1.322466], [lr 0.000787], [time 0.0324]
07-15 04:47:38.752 [epoch 36], [iter 100 / 329 : 11943], [loss 1.318412], [lr 0.000780], [time 0.0319]
07-15 04:48:04.298 [epoch 36], [iter 150 / 329 : 11993], [loss 1.343329], [lr 0.000772], [time 0.0319]
07-15 04:48:29.891 [epoch 36], [iter 200 / 329 : 12043], [loss 1.327436], [lr 0.000764], [time 0.0320]
07-15 04:48:55.392 [epoch 36], [iter 250 / 329 : 12093], [loss 1.341413], [lr 0.000756], [time 0.0319]
07-15 04:49:20.872 [epoch 36], [iter 300 / 329 : 12143], [loss 1.347585], [lr 0.000748], [time 0.0318]
07-15 04:49:36.239 Saved file to ./logs/2306/lraspp_agriseg_wildnet/07_15_03/last_None_epoch_36_mean-iu_0.00000.pth
07-15 04:50:04.331 [epoch 37], [iter 50 / 329 : 12222], [loss 1.322210], [lr 0.000736], [time 0.0324]
07-15 04:50:29.853 [epoch 37], [iter 100 / 329 : 12272], [loss 1.307781], [lr 0.000728], [time 0.0319]
07-15 04:50:55.425 [epoch 37], [iter 150 / 329 : 12322], [loss 1.389205], [lr 0.000720], [time 0.0320]
07-15 04:51:20.918 [epoch 37], [iter 200 / 329 : 12372], [loss 1.294894], [lr 0.000713], [time 0.0319]
07-15 04:51:46.429 [epoch 37], [iter 250 / 329 : 12422], [loss 1.317011], [lr 0.000705], [time 0.0319]
07-15 04:52:11.918 [epoch 37], [iter 300 / 329 : 12472], [loss 1.352717], [lr 0.000697], [time 0.0319]
07-15 04:52:27.291 Saved file to ./logs/2306/lraspp_agriseg_wildnet/07_15_03/last_None_epoch_37_mean-iu_0.00000.pth
07-15 04:52:55.225 [epoch 38], [iter 50 / 329 : 12551], [loss 1.299072], [lr 0.000684], [time 0.0324]
07-15 04:53:20.845 [epoch 38], [iter 100 / 329 : 12601], [loss 1.378861], [lr 0.000676], [time 0.0320]
07-15 04:53:46.329 [epoch 38], [iter 150 / 329 : 12651], [loss 1.320554], [lr 0.000668], [time 0.0318]
07-15 04:54:11.866 [epoch 38], [iter 200 / 329 : 12701], [loss 1.332190], [lr 0.000661], [time 0.0319]
07-15 04:54:37.382 [epoch 38], [iter 250 / 329 : 12751], [loss 1.303316], [lr 0.000653], [time 0.0319]
07-15 04:55:02.905 [epoch 38], [iter 300 / 329 : 12801], [loss 1.328155], [lr 0.000645], [time 0.0319]
07-15 04:55:18.289 Saved file to ./logs/2306/lraspp_agriseg_wildnet/07_15_03/last_None_epoch_38_mean-iu_0.00000.pth
07-15 04:55:46.349 [epoch 39], [iter 50 / 329 : 12880], [loss 1.348413], [lr 0.000632], [time 0.0325]
07-15 04:56:11.990 [epoch 39], [iter 100 / 329 : 12930], [loss 1.322006], [lr 0.000624], [time 0.0320]
07-15 04:56:37.573 [epoch 39], [iter 150 / 329 : 12980], [loss 1.335668], [lr 0.000616], [time 0.0320]
07-15 04:57:03.138 [epoch 39], [iter 200 / 329 : 13030], [loss 1.349612], [lr 0.000608], [time 0.0319]
07-15 04:57:28.713 [epoch 39], [iter 250 / 329 : 13080], [loss 1.331060], [lr 0.000600], [time 0.0320]
07-15 04:57:54.288 [epoch 39], [iter 300 / 329 : 13130], [loss 1.318622], [lr 0.000592], [time 0.0320]
07-15 04:58:09.645 Saved file to ./logs/2306/lraspp_agriseg_wildnet/07_15_03/last_None_epoch_39_mean-iu_0.00000.pth
07-15 04:58:37.772 [epoch 40], [iter 50 / 329 : 13209], [loss 1.316100], [lr 0.000579], [time 0.0322]
07-15 04:59:03.379 [epoch 40], [iter 100 / 329 : 13259], [loss 1.318025], [lr 0.000571], [time 0.0320]
07-15 04:59:28.948 [epoch 40], [iter 150 / 329 : 13309], [loss 1.346449], [lr 0.000563], [time 0.0320]
07-15 04:59:54.523 [epoch 40], [iter 200 / 329 : 13359], [loss 1.326651], [lr 0.000555], [time 0.0320]
07-15 05:00:20.057 [epoch 40], [iter 250 / 329 : 13409], [loss 1.310010], [lr 0.000547], [time 0.0319]
07-15 05:00:45.590 [epoch 40], [iter 300 / 329 : 13459], [loss 1.358804], [lr 0.000539], [time 0.0319]
07-15 05:01:00.983 Saved file to ./logs/2306/lraspp_agriseg_wildnet/07_15_03/last_None_epoch_40_mean-iu_0.00000.pth
07-15 05:01:29.244 [epoch 41], [iter 50 / 329 : 13538], [loss 1.302391], [lr 0.000526], [time 0.0324]
07-15 05:01:54.961 [epoch 41], [iter 100 / 329 : 13588], [loss 1.330879], [lr 0.000518], [time 0.0321]
07-15 05:02:20.489 [epoch 41], [iter 150 / 329 : 13638], [loss 1.312557], [lr 0.000510], [time 0.0319]
07-15 05:02:46.089 [epoch 41], [iter 200 / 329 : 13688], [loss 1.374190], [lr 0.000502], [time 0.0320]
07-15 05:03:11.673 [epoch 41], [iter 250 / 329 : 13738], [loss 1.350919], [lr 0.000494], [time 0.0320]
07-15 05:03:37.266 [epoch 41], [iter 300 / 329 : 13788], [loss 1.325940], [lr 0.000485], [time 0.0320]
07-15 05:03:52.612 Saved file to ./logs/2306/lraspp_agriseg_wildnet/07_15_03/last_None_epoch_41_mean-iu_0.00000.pth
07-15 05:04:20.621 [epoch 42], [iter 50 / 329 : 13867], [loss 1.305931], [lr 0.000472], [time 0.0324]
07-15 05:04:46.210 [epoch 42], [iter 100 / 329 : 13917], [loss 1.331148], [lr 0.000464], [time 0.0320]
07-15 05:05:11.751 [epoch 42], [iter 150 / 329 : 13967], [loss 1.349007], [lr 0.000456], [time 0.0319]
07-15 05:05:37.253 [epoch 42], [iter 200 / 329 : 14017], [loss 1.287793], [lr 0.000448], [time 0.0319]
07-15 05:06:02.892 [epoch 42], [iter 250 / 329 : 14067], [loss 1.358003], [lr 0.000439], [time 0.0320]
07-15 05:06:28.428 [epoch 42], [iter 300 / 329 : 14117], [loss 1.333573], [lr 0.000431], [time 0.0319]
07-15 05:06:43.751 Saved file to ./logs/2306/lraspp_agriseg_wildnet/07_15_03/last_None_epoch_42_mean-iu_0.00000.pth
07-15 05:07:11.799 [epoch 43], [iter 50 / 329 : 14196], [loss 1.358816], [lr 0.000418], [time 0.0322]
07-15 05:07:37.372 [epoch 43], [iter 100 / 329 : 14246], [loss 1.330575], [lr 0.000410], [time 0.0320]
07-15 05:08:02.853 [epoch 43], [iter 150 / 329 : 14296], [loss 1.325180], [lr 0.000401], [time 0.0318]
07-15 05:08:28.509 [epoch 43], [iter 200 / 329 : 14346], [loss 1.335042], [lr 0.000393], [time 0.0321]
07-15 05:08:54.029 [epoch 43], [iter 250 / 329 : 14396], [loss 1.306708], [lr 0.000384], [time 0.0319]
07-15 05:09:19.560 [epoch 43], [iter 300 / 329 : 14446], [loss 1.297660], [lr 0.000376], [time 0.0319]
07-15 05:09:34.929 Saved file to ./logs/2306/lraspp_agriseg_wildnet/07_15_03/last_None_epoch_43_mean-iu_0.00000.pth
07-15 05:10:03.131 [epoch 44], [iter 50 / 329 : 14525], [loss 1.288951], [lr 0.000363], [time 0.0324]
07-15 05:10:28.656 [epoch 44], [iter 100 / 329 : 14575], [loss 1.308563], [lr 0.000354], [time 0.0319]
07-15 05:10:54.193 [epoch 44], [iter 150 / 329 : 14625], [loss 1.353459], [lr 0.000346], [time 0.0319]
07-15 05:11:19.762 [epoch 44], [iter 200 / 329 : 14675], [loss 1.345444], [lr 0.000337], [time 0.0320]
07-15 05:11:45.320 [epoch 44], [iter 250 / 329 : 14725], [loss 1.336343], [lr 0.000328], [time 0.0319]
07-15 05:12:10.826 [epoch 44], [iter 300 / 329 : 14775], [loss 1.346233], [lr 0.000320], [time 0.0319]
07-15 05:12:26.222 Saved file to ./logs/2306/lraspp_agriseg_wildnet/07_15_03/last_None_epoch_44_mean-iu_0.00000.pth
07-15 05:12:54.192 [epoch 45], [iter 50 / 329 : 14854], [loss 1.305760], [lr 0.000306], [time 0.0324]
07-15 05:13:19.699 [epoch 45], [iter 100 / 329 : 14904], [loss 1.312182], [lr 0.000298], [time 0.0319]
07-15 05:13:45.213 [epoch 45], [iter 150 / 329 : 14954], [loss 1.321564], [lr 0.000289], [time 0.0319]
07-15 05:14:10.738 [epoch 45], [iter 200 / 329 : 15004], [loss 1.337965], [lr 0.000280], [time 0.0319]
07-15 05:14:36.259 [epoch 45], [iter 250 / 329 : 15054], [loss 1.309256], [lr 0.000272], [time 0.0319]
07-15 05:15:01.831 [epoch 45], [iter 300 / 329 : 15104], [loss 1.359100], [lr 0.000263], [time 0.0320]
07-15 05:15:17.186 Saved file to ./logs/2306/lraspp_agriseg_wildnet/07_15_03/last_None_epoch_45_mean-iu_0.00000.pth
07-15 05:15:45.172 [epoch 46], [iter 50 / 329 : 15183], [loss 1.334224], [lr 0.000249], [time 0.0321]
07-15 05:16:10.715 [epoch 46], [iter 100 / 329 : 15233], [loss 1.293136], [lr 0.000240], [time 0.0319]
07-15 05:16:36.227 [epoch 46], [iter 150 / 329 : 15283], [loss 1.345694], [lr 0.000231], [time 0.0319]
07-15 05:17:01.753 [epoch 46], [iter 200 / 329 : 15333], [loss 1.293945], [lr 0.000222], [time 0.0319]
07-15 05:17:27.355 [epoch 46], [iter 250 / 329 : 15383], [loss 1.299533], [lr 0.000213], [time 0.0320]
07-15 05:17:52.883 [epoch 46], [iter 300 / 329 : 15433], [loss 1.346834], [lr 0.000204], [time 0.0319]
07-15 05:18:08.259 Saved file to ./logs/2306/lraspp_agriseg_wildnet/07_15_03/last_None_epoch_46_mean-iu_0.00000.pth
07-15 05:18:36.313 [epoch 47], [iter 50 / 329 : 15512], [loss 1.317590], [lr 0.000190], [time 0.0322]
07-15 05:19:01.837 [epoch 47], [iter 100 / 329 : 15562], [loss 1.315926], [lr 0.000181], [time 0.0319]
07-15 05:19:27.365 [epoch 47], [iter 150 / 329 : 15612], [loss 1.365823], [lr 0.000172], [time 0.0319]
07-15 05:19:52.991 [epoch 47], [iter 200 / 329 : 15662], [loss 1.308073], [lr 0.000162], [time 0.0320]
07-15 05:20:18.544 [epoch 47], [iter 250 / 329 : 15712], [loss 1.367571], [lr 0.000153], [time 0.0319]
07-15 05:20:44.102 [epoch 47], [iter 300 / 329 : 15762], [loss 1.293169], [lr 0.000144], [time 0.0319]
07-15 05:20:59.439 Saved file to ./logs/2306/lraspp_agriseg_wildnet/07_15_03/last_None_epoch_47_mean-iu_0.00000.pth
07-15 05:21:27.514 [epoch 48], [iter 50 / 329 : 15841], [loss 1.353268], [lr 0.000129], [time 0.0322]
07-15 05:21:53.067 [epoch 48], [iter 100 / 329 : 15891], [loss 1.295720], [lr 0.000119], [time 0.0319]
07-15 05:22:18.661 [epoch 48], [iter 150 / 329 : 15941], [loss 1.352473], [lr 0.000110], [time 0.0320]
07-15 05:22:44.224 [epoch 48], [iter 200 / 329 : 15991], [loss 1.322483], [lr 0.000100], [time 0.0319]
07-15 05:23:09.797 [epoch 48], [iter 250 / 329 : 16041], [loss 1.285874], [lr 0.000090], [time 0.0320]
07-15 05:23:35.325 [epoch 48], [iter 300 / 329 : 16091], [loss 1.337347], [lr 0.000080], [time 0.0319]
07-15 05:23:50.689 Saved file to ./logs/2306/lraspp_agriseg_wildnet/07_15_03/last_None_epoch_48_mean-iu_0.00000.pth
07-15 05:24:18.696 [epoch 49], [iter 50 / 329 : 16170], [loss 1.305692], [lr 0.000064], [time 0.0325]
07-15 05:24:44.301 [epoch 49], [iter 100 / 329 : 16220], [loss 1.307581], [lr 0.000054], [time 0.0320]
07-15 05:25:09.775 [epoch 49], [iter 150 / 329 : 16270], [loss 1.315021], [lr 0.000043], [time 0.0318]
07-15 05:25:35.295 [epoch 49], [iter 200 / 329 : 16320], [loss 1.339429], [lr 0.000032], [time 0.0319]
07-15 05:26:00.850 [epoch 49], [iter 250 / 329 : 16370], [loss 1.352118], [lr 0.000021], [time 0.0319]
07-15 05:26:26.426 [epoch 49], [iter 300 / 329 : 16420], [loss 1.311144], [lr 0.000009], [time 0.0320]
07-15 05:26:41.776 Saved file to ./logs/2306/lraspp_agriseg_wildnet/07_15_03/last_None_epoch_49_mean-iu_0.00000.pth
07-15 05:26:42.430 validating: 1 / 5274
07-15 05:26:42.555 validating: 21 / 5274
07-15 05:26:42.667 validating: 41 / 5274
07-15 05:26:42.776 validating: 61 / 5274
07-15 05:26:42.883 validating: 81 / 5274
07-15 05:26:42.989 validating: 101 / 5274
07-15 05:26:43.097 validating: 121 / 5274
07-15 05:26:43.203 validating: 141 / 5274
07-15 05:26:43.310 validating: 161 / 5274
07-15 05:26:43.420 validating: 181 / 5274
07-15 05:26:43.526 validating: 201 / 5274
07-15 05:26:43.634 validating: 221 / 5274
07-15 05:26:43.740 validating: 241 / 5274
07-15 05:26:43.846 validating: 261 / 5274
07-15 05:26:43.954 validating: 281 / 5274
07-15 05:26:44.061 validating: 301 / 5274
07-15 05:26:44.168 validating: 321 / 5274
07-15 05:26:44.275 validating: 341 / 5274
07-15 05:26:44.383 validating: 361 / 5274
07-15 05:26:44.497 validating: 381 / 5274
07-15 05:26:44.603 validating: 401 / 5274
07-15 05:26:44.712 validating: 421 / 5274
07-15 05:26:44.818 validating: 441 / 5274
07-15 05:26:44.926 validating: 461 / 5274
07-15 05:26:45.033 validating: 481 / 5274
07-15 05:26:45.142 validating: 501 / 5274
07-15 05:26:45.251 validating: 521 / 5274
07-15 05:26:45.359 validating: 541 / 5274
07-15 05:26:45.465 validating: 561 / 5274
07-15 05:26:45.573 validating: 581 / 5274
07-15 05:26:45.681 validating: 601 / 5274
07-15 05:26:45.788 validating: 621 / 5274
07-15 05:26:45.894 validating: 641 / 5274
07-15 05:26:46.000 validating: 661 / 5274
07-15 05:26:46.107 validating: 681 / 5274
07-15 05:26:46.215 validating: 701 / 5274
07-15 05:26:46.322 validating: 721 / 5274
07-15 05:26:46.431 validating: 741 / 5274
07-15 05:26:46.538 validating: 761 / 5274
07-15 05:26:46.646 validating: 781 / 5274
07-15 05:26:46.755 validating: 801 / 5274
07-15 05:26:46.862 validating: 821 / 5274
07-15 05:26:46.969 validating: 841 / 5274
07-15 05:26:47.074 validating: 861 / 5274
07-15 05:26:47.181 validating: 881 / 5274
07-15 05:26:47.286 validating: 901 / 5274
07-15 05:26:47.393 validating: 921 / 5274
07-15 05:26:47.498 validating: 941 / 5274
07-15 05:26:47.604 validating: 961 / 5274
07-15 05:26:47.710 validating: 981 / 5274
07-15 05:26:47.817 validating: 1001 / 5274
07-15 05:26:47.922 validating: 1021 / 5274
07-15 05:26:48.028 validating: 1041 / 5274
07-15 05:26:48.136 validating: 1061 / 5274
07-15 05:26:48.244 validating: 1081 / 5274
07-15 05:26:48.351 validating: 1101 / 5274
07-15 05:26:48.457 validating: 1121 / 5274
07-15 05:26:48.563 validating: 1141 / 5274
07-15 05:26:48.670 validating: 1161 / 5274
07-15 05:26:48.777 validating: 1181 / 5274
07-15 05:26:48.885 validating: 1201 / 5274
07-15 05:26:48.993 validating: 1221 / 5274
07-15 05:26:49.099 validating: 1241 / 5274
07-15 05:26:49.205 validating: 1261 / 5274
07-15 05:26:49.312 validating: 1281 / 5274
07-15 05:26:49.420 validating: 1301 / 5274
07-15 05:26:49.530 validating: 1321 / 5274
07-15 05:26:49.635 validating: 1341 / 5274
07-15 05:26:49.741 validating: 1361 / 5274
07-15 05:26:49.860 validating: 1381 / 5274
07-15 05:26:50.014 validating: 1401 / 5274
07-15 05:26:50.163 validating: 1421 / 5274
07-15 05:26:50.311 validating: 1441 / 5274
07-15 05:26:50.455 validating: 1461 / 5274
07-15 05:26:50.602 validating: 1481 / 5274
07-15 05:26:50.749 validating: 1501 / 5274
07-15 05:26:50.898 validating: 1521 / 5274
07-15 05:26:51.052 validating: 1541 / 5274
07-15 05:26:51.206 validating: 1561 / 5274
07-15 05:26:51.359 validating: 1581 / 5274
07-15 05:26:51.510 validating: 1601 / 5274
07-15 05:26:51.663 validating: 1621 / 5274
07-15 05:26:51.820 validating: 1641 / 5274
07-15 05:26:51.975 validating: 1661 / 5274
07-15 05:26:52.133 validating: 1681 / 5274
07-15 05:26:52.290 validating: 1701 / 5274
07-15 05:26:52.449 validating: 1721 / 5274
07-15 05:26:52.602 validating: 1741 / 5274
07-15 05:26:52.761 validating: 1761 / 5274
07-15 05:26:52.920 validating: 1781 / 5274
07-15 05:26:53.079 validating: 1801 / 5274
07-15 05:26:53.238 validating: 1821 / 5274
07-15 05:26:53.399 validating: 1841 / 5274
07-15 05:26:53.552 validating: 1861 / 5274
07-15 05:26:53.712 validating: 1881 / 5274
07-15 05:26:53.871 validating: 1901 / 5274
07-15 05:26:54.013 validating: 1921 / 5274
07-15 05:26:54.119 validating: 1941 / 5274
07-15 05:26:54.225 validating: 1961 / 5274
07-15 05:26:54.332 validating: 1981 / 5274
07-15 05:26:54.440 validating: 2001 / 5274
07-15 05:26:54.571 validating: 2021 / 5274
07-15 05:26:54.727 validating: 2041 / 5274
07-15 05:26:54.884 validating: 2061 / 5274
07-15 05:26:55.045 validating: 2081 / 5274
07-15 05:26:55.212 validating: 2101 / 5274
07-15 05:26:55.373 validating: 2121 / 5274
07-15 05:26:55.534 validating: 2141 / 5274
07-15 05:26:55.694 validating: 2161 / 5274
07-15 05:26:55.854 validating: 2181 / 5274
07-15 05:26:56.015 validating: 2201 / 5274
07-15 05:26:56.174 validating: 2221 / 5274
07-15 05:26:56.333 validating: 2241 / 5274
07-15 05:26:56.492 validating: 2261 / 5274
07-15 05:26:56.651 validating: 2281 / 5274
07-15 05:26:56.812 validating: 2301 / 5274
07-15 05:26:56.972 validating: 2321 / 5274
07-15 05:26:57.133 validating: 2341 / 5274
07-15 05:26:57.294 validating: 2361 / 5274
07-15 05:26:57.454 validating: 2381 / 5274
07-15 05:26:57.615 validating: 2401 / 5274
07-15 05:26:57.775 validating: 2421 / 5274
07-15 05:26:57.937 validating: 2441 / 5274
07-15 05:26:58.065 validating: 2461 / 5274
07-15 05:26:58.172 validating: 2481 / 5274
07-15 05:26:58.277 validating: 2501 / 5274
07-15 05:26:58.383 validating: 2521 / 5274
07-15 05:26:58.488 validating: 2541 / 5274
07-15 05:26:58.594 validating: 2561 / 5274
07-15 05:26:58.700 validating: 2581 / 5274
07-15 05:26:58.806 validating: 2601 / 5274
07-15 05:26:58.912 validating: 2621 / 5274
07-15 05:26:59.018 validating: 2641 / 5274
07-15 05:26:59.123 validating: 2661 / 5274
07-15 05:26:59.231 validating: 2681 / 5274
07-15 05:26:59.337 validating: 2701 / 5274
07-15 05:26:59.443 validating: 2721 / 5274
07-15 05:26:59.552 validating: 2741 / 5274
07-15 05:26:59.659 validating: 2761 / 5274
07-15 05:26:59.765 validating: 2781 / 5274
07-15 05:26:59.872 validating: 2801 / 5274
07-15 05:26:59.977 validating: 2821 / 5274
07-15 05:27:00.083 validating: 2841 / 5274
07-15 05:27:00.189 validating: 2861 / 5274
07-15 05:27:00.295 validating: 2881 / 5274
07-15 05:27:00.401 validating: 2901 / 5274
07-15 05:27:00.506 validating: 2921 / 5274
07-15 05:27:00.612 validating: 2941 / 5274
07-15 05:27:00.720 validating: 2961 / 5274
07-15 05:27:00.828 validating: 2981 / 5274
07-15 05:27:00.936 validating: 3001 / 5274
07-15 05:27:01.042 validating: 3021 / 5274
07-15 05:27:01.149 validating: 3041 / 5274
07-15 05:27:01.257 validating: 3061 / 5274
07-15 05:27:01.367 validating: 3081 / 5274
07-15 05:27:01.477 validating: 3101 / 5274
07-15 05:27:01.583 validating: 3121 / 5274
07-15 05:27:01.693 validating: 3141 / 5274
07-15 05:27:01.798 validating: 3161 / 5274
07-15 05:27:01.903 validating: 3181 / 5274
07-15 05:27:02.011 validating: 3201 / 5274
07-15 05:27:02.119 validating: 3221 / 5274
07-15 05:27:02.224 validating: 3241 / 5274
07-15 05:27:02.329 validating: 3261 / 5274
07-15 05:27:02.434 validating: 3281 / 5274
07-15 05:27:02.540 validating: 3301 / 5274
07-15 05:27:02.651 validating: 3321 / 5274
07-15 05:27:02.757 validating: 3341 / 5274
07-15 05:27:02.863 validating: 3361 / 5274
07-15 05:27:02.973 validating: 3381 / 5274
07-15 05:27:03.079 validating: 3401 / 5274
07-15 05:27:03.188 validating: 3421 / 5274
07-15 05:27:03.294 validating: 3441 / 5274
07-15 05:27:03.401 validating: 3461 / 5274
07-15 05:27:03.507 validating: 3481 / 5274
07-15 05:27:03.612 validating: 3501 / 5274
07-15 05:27:03.719 validating: 3521 / 5274
07-15 05:27:03.826 validating: 3541 / 5274
07-15 05:27:03.932 validating: 3561 / 5274
07-15 05:27:04.039 validating: 3581 / 5274
07-15 05:27:04.149 validating: 3601 / 5274
07-15 05:27:04.257 validating: 3621 / 5274
07-15 05:27:04.364 validating: 3641 / 5274
07-15 05:27:04.472 validating: 3661 / 5274
07-15 05:27:04.579 validating: 3681 / 5274
07-15 05:27:04.687 validating: 3701 / 5274
07-15 05:27:04.795 validating: 3721 / 5274
07-15 05:27:04.905 validating: 3741 / 5274
07-15 05:27:05.014 validating: 3761 / 5274
07-15 05:27:05.126 validating: 3781 / 5274
07-15 05:27:05.234 validating: 3801 / 5274
07-15 05:27:05.341 validating: 3821 / 5274
07-15 05:27:05.449 validating: 3841 / 5274
07-15 05:27:05.562 validating: 3861 / 5274
07-15 05:27:05.669 validating: 3881 / 5274
07-15 05:27:05.775 validating: 3901 / 5274
07-15 05:27:05.882 validating: 3921 / 5274
07-15 05:27:05.988 validating: 3941 / 5274
07-15 05:27:06.095 validating: 3961 / 5274
07-15 05:27:06.201 validating: 3981 / 5274
07-15 05:27:06.310 validating: 4001 / 5274
07-15 05:27:06.416 validating: 4021 / 5274
07-15 05:27:06.521 validating: 4041 / 5274
07-15 05:27:06.628 validating: 4061 / 5274
07-15 05:27:06.734 validating: 4081 / 5274
07-15 05:27:06.840 validating: 4101 / 5274
07-15 05:27:06.946 validating: 4121 / 5274
07-15 05:27:07.056 validating: 4141 / 5274
07-15 05:27:07.165 validating: 4161 / 5274
07-15 05:27:07.273 validating: 4181 / 5274
07-15 05:27:07.379 validating: 4201 / 5274
07-15 05:27:07.485 validating: 4221 / 5274
07-15 05:27:07.592 validating: 4241 / 5274
07-15 05:27:07.698 validating: 4261 / 5274
07-15 05:27:07.806 validating: 4281 / 5274
07-15 05:27:07.912 validating: 4301 / 5274
07-15 05:27:08.020 validating: 4321 / 5274
07-15 05:27:08.126 validating: 4341 / 5274
07-15 05:27:08.232 validating: 4361 / 5274
07-15 05:27:08.337 validating: 4381 / 5274
07-15 05:27:08.442 validating: 4401 / 5274
07-15 05:27:08.549 validating: 4421 / 5274
07-15 05:27:08.655 validating: 4441 / 5274
07-15 05:27:08.763 validating: 4461 / 5274
07-15 05:27:08.870 validating: 4481 / 5274
07-15 05:27:08.984 validating: 4501 / 5274
07-15 05:27:09.094 validating: 4521 / 5274
07-15 05:27:09.202 validating: 4541 / 5274
07-15 05:27:09.310 validating: 4561 / 5274
07-15 05:27:09.418 validating: 4581 / 5274
07-15 05:27:09.525 validating: 4601 / 5274
07-15 05:27:09.631 validating: 4621 / 5274
07-15 05:27:09.736 validating: 4641 / 5274
07-15 05:27:09.843 validating: 4661 / 5274
07-15 05:27:09.949 validating: 4681 / 5274
07-15 05:27:10.057 validating: 4701 / 5274
07-15 05:27:10.162 validating: 4721 / 5274
07-15 05:27:10.268 validating: 4741 / 5274
07-15 05:27:10.377 validating: 4761 / 5274
07-15 05:27:10.484 validating: 4781 / 5274
07-15 05:27:10.591 validating: 4801 / 5274
07-15 05:27:10.698 validating: 4821 / 5274
07-15 05:27:10.809 validating: 4841 / 5274
07-15 05:27:10.916 validating: 4861 / 5274
07-15 05:27:11.023 validating: 4881 / 5274
07-15 05:27:11.130 validating: 4901 / 5274
07-15 05:27:11.236 validating: 4921 / 5274
07-15 05:27:11.343 validating: 4941 / 5274
07-15 05:27:11.449 validating: 4961 / 5274
07-15 05:27:11.556 validating: 4981 / 5274
07-15 05:27:11.662 validating: 5001 / 5274
07-15 05:27:11.769 validating: 5021 / 5274
07-15 05:27:11.875 validating: 5041 / 5274
07-15 05:27:11.981 validating: 5061 / 5274
07-15 05:27:12.087 validating: 5081 / 5274
07-15 05:27:12.195 validating: 5101 / 5274
07-15 05:27:12.302 validating: 5121 / 5274
07-15 05:27:12.408 validating: 5141 / 5274
07-15 05:27:12.515 validating: 5161 / 5274
07-15 05:27:12.621 validating: 5181 / 5274
07-15 05:27:12.729 validating: 5201 / 5274
07-15 05:27:12.836 validating: 5221 / 5274
07-15 05:27:12.924 validating: 5241 / 5274
07-15 05:27:13.002 validating: 5261 / 5274
07-15 05:27:13.136 Dataset name: tree_2
07-15 05:27:13.137 IoU:
07-15 05:27:13.137 label_id      label    iU    Precision Recall TP     FP    FN
07-15 05:27:13.137  0                0   100.0    1.0       1.0  100.0     0.0     0.0
07-15 05:27:13.137 mean 1.0
07-15 05:27:13.675 -----------------------------------------------------------------------------------------------------------
07-15 05:27:13.675 [epoch 50], [dataset name tree_2], [val loss 0.49872], [acc 1.00000], [acc_cls 1.00000], [mean_iu 1.00000], [fwavacc 1.00000]
07-15 05:27:13.675 best record: [dataset name tree_2], [val loss 0.49872], [acc 1.00000], [acc_cls 1.00000], [mean_iu 1.00000], [fwavacc 1.00000], [epoch 50], 
07-15 05:27:13.675 -----------------------------------------------------------------------------------------------------------
07-15 05:27:14.302 validating: 1 / 5274
07-15 05:27:14.445 validating: 21 / 5274
07-15 05:27:14.553 validating: 41 / 5274
07-15 05:27:14.659 validating: 61 / 5274
07-15 05:27:14.771 validating: 81 / 5274
07-15 05:27:14.878 validating: 101 / 5274
07-15 05:27:14.986 validating: 121 / 5274
07-15 05:27:15.092 validating: 141 / 5274
07-15 05:27:15.199 validating: 161 / 5274
07-15 05:27:15.305 validating: 181 / 5274
07-15 05:27:15.414 validating: 201 / 5274
07-15 05:27:15.522 validating: 221 / 5274
07-15 05:27:15.631 validating: 241 / 5274
07-15 05:27:15.737 validating: 261 / 5274
07-15 05:27:15.844 validating: 281 / 5274
07-15 05:27:15.950 validating: 301 / 5274
07-15 05:27:16.057 validating: 321 / 5274
07-15 05:27:16.164 validating: 341 / 5274
07-15 05:27:16.272 validating: 361 / 5274
07-15 05:27:16.380 validating: 381 / 5274
07-15 05:27:16.486 validating: 401 / 5274
07-15 05:27:16.594 validating: 421 / 5274
07-15 05:27:16.700 validating: 441 / 5274
07-15 05:27:16.807 validating: 461 / 5274
07-15 05:27:16.914 validating: 481 / 5274
07-15 05:27:17.023 validating: 501 / 5274
07-15 05:27:17.130 validating: 521 / 5274
07-15 05:27:17.237 validating: 541 / 5274
07-15 05:27:17.343 validating: 561 / 5274
07-15 05:27:17.451 validating: 581 / 5274
07-15 05:27:17.558 validating: 601 / 5274
07-15 05:27:17.665 validating: 621 / 5274
07-15 05:27:17.770 validating: 641 / 5274
07-15 05:27:17.876 validating: 661 / 5274
07-15 05:27:17.981 validating: 681 / 5274
07-15 05:27:18.088 validating: 701 / 5274
07-15 05:27:18.194 validating: 721 / 5274
07-15 05:27:18.301 validating: 741 / 5274
07-15 05:27:18.406 validating: 761 / 5274
07-15 05:27:18.513 validating: 781 / 5274
07-15 05:27:18.621 validating: 801 / 5274
07-15 05:27:18.728 validating: 821 / 5274
07-15 05:27:18.834 validating: 841 / 5274
07-15 05:27:18.942 validating: 861 / 5274
07-15 05:27:19.051 validating: 881 / 5274
07-15 05:27:19.158 validating: 901 / 5274
07-15 05:27:19.263 validating: 921 / 5274
07-15 05:27:19.369 validating: 941 / 5274
07-15 05:27:19.475 validating: 961 / 5274
07-15 05:27:19.581 validating: 981 / 5274
07-15 05:27:19.687 validating: 1001 / 5274
07-15 05:27:19.794 validating: 1021 / 5274
07-15 05:27:19.899 validating: 1041 / 5274
07-15 05:27:20.005 validating: 1061 / 5274
07-15 05:27:20.109 validating: 1081 / 5274
07-15 05:27:20.215 validating: 1101 / 5274
07-15 05:27:20.321 validating: 1121 / 5274
07-15 05:27:20.427 validating: 1141 / 5274
07-15 05:27:20.533 validating: 1161 / 5274
07-15 05:27:20.637 validating: 1181 / 5274
07-15 05:27:20.743 validating: 1201 / 5274
07-15 05:27:20.850 validating: 1221 / 5274
07-15 05:27:20.957 validating: 1241 / 5274
07-15 05:27:21.065 validating: 1261 / 5274
07-15 05:27:21.171 validating: 1281 / 5274
07-15 05:27:21.278 validating: 1301 / 5274
07-15 05:27:21.385 validating: 1321 / 5274
07-15 05:27:21.490 validating: 1341 / 5274
07-15 05:27:21.597 validating: 1361 / 5274
07-15 05:27:21.704 validating: 1381 / 5274
07-15 05:27:21.811 validating: 1401 / 5274
07-15 05:27:21.917 validating: 1421 / 5274
07-15 05:27:22.024 validating: 1441 / 5274
07-15 05:27:22.129 validating: 1461 / 5274
07-15 05:27:22.236 validating: 1481 / 5274
07-15 05:27:22.344 validating: 1501 / 5274
07-15 05:27:22.450 validating: 1521 / 5274
07-15 05:27:22.557 validating: 1541 / 5274
07-15 05:27:22.668 validating: 1561 / 5274
07-15 05:27:22.775 validating: 1581 / 5274
07-15 05:27:22.881 validating: 1601 / 5274
07-15 05:27:22.988 validating: 1621 / 5274
07-15 05:27:23.095 validating: 1641 / 5274
07-15 05:27:23.204 validating: 1661 / 5274
07-15 05:27:23.310 validating: 1681 / 5274
07-15 05:27:23.416 validating: 1701 / 5274
07-15 05:27:23.523 validating: 1721 / 5274
07-15 05:27:23.628 validating: 1741 / 5274
07-15 05:27:23.734 validating: 1761 / 5274
07-15 05:27:23.839 validating: 1781 / 5274
07-15 05:27:23.946 validating: 1801 / 5274
07-15 05:27:24.052 validating: 1821 / 5274
07-15 05:27:24.157 validating: 1841 / 5274
07-15 05:27:24.263 validating: 1861 / 5274
07-15 05:27:24.369 validating: 1881 / 5274
07-15 05:27:24.474 validating: 1901 / 5274
07-15 05:27:24.579 validating: 1921 / 5274
07-15 05:27:24.685 validating: 1941 / 5274
07-15 05:27:24.796 validating: 1961 / 5274
07-15 05:27:24.901 validating: 1981 / 5274
07-15 05:27:25.007 validating: 2001 / 5274
07-15 05:27:25.114 validating: 2021 / 5274
07-15 05:27:25.220 validating: 2041 / 5274
07-15 05:27:25.325 validating: 2061 / 5274
07-15 05:27:25.432 validating: 2081 / 5274
07-15 05:27:25.539 validating: 2101 / 5274
07-15 05:27:25.645 validating: 2121 / 5274
07-15 05:27:25.750 validating: 2141 / 5274
07-15 05:27:25.857 validating: 2161 / 5274
07-15 05:27:25.963 validating: 2181 / 5274
07-15 05:27:26.068 validating: 2201 / 5274
07-15 05:27:26.176 validating: 2221 / 5274
07-15 05:27:26.283 validating: 2241 / 5274
07-15 05:27:26.396 validating: 2261 / 5274
07-15 05:27:26.503 validating: 2281 / 5274
07-15 05:27:26.609 validating: 2301 / 5274
07-15 05:27:26.714 validating: 2321 / 5274
07-15 05:27:26.822 validating: 2341 / 5274
07-15 05:27:26.930 validating: 2361 / 5274
07-15 05:27:27.037 validating: 2381 / 5274
07-15 05:27:27.145 validating: 2401 / 5274
07-15 05:27:27.252 validating: 2421 / 5274
07-15 05:27:27.360 validating: 2441 / 5274
07-15 05:27:27.466 validating: 2461 / 5274
07-15 05:27:27.581 validating: 2481 / 5274
07-15 05:27:27.695 validating: 2501 / 5274
07-15 05:27:27.800 validating: 2521 / 5274
07-15 05:27:27.907 validating: 2541 / 5274
07-15 05:27:28.020 validating: 2561 / 5274
07-15 05:27:28.127 validating: 2581 / 5274
07-15 05:27:28.233 validating: 2601 / 5274
07-15 05:27:28.338 validating: 2621 / 5274
07-15 05:27:28.444 validating: 2641 / 5274
07-15 05:27:28.549 validating: 2661 / 5274
07-15 05:27:28.656 validating: 2681 / 5274
07-15 05:27:28.761 validating: 2701 / 5274
07-15 05:27:28.867 validating: 2721 / 5274
07-15 05:27:28.972 validating: 2741 / 5274
07-15 05:27:29.079 validating: 2761 / 5274
07-15 05:27:29.185 validating: 2781 / 5274
07-15 05:27:29.290 validating: 2801 / 5274
07-15 05:27:29.397 validating: 2821 / 5274
07-15 05:27:29.504 validating: 2841 / 5274
07-15 05:27:29.611 validating: 2861 / 5274
07-15 05:27:29.717 validating: 2881 / 5274
07-15 05:27:29.822 validating: 2901 / 5274
07-15 05:27:29.928 validating: 2921 / 5274
07-15 05:27:30.035 validating: 2941 / 5274
07-15 05:27:30.141 validating: 2961 / 5274
07-15 05:27:30.246 validating: 2981 / 5274
07-15 05:27:30.353 validating: 3001 / 5274
07-15 05:27:30.459 validating: 3021 / 5274
07-15 05:27:30.566 validating: 3041 / 5274
07-15 05:27:30.672 validating: 3061 / 5274
07-15 05:27:30.783 validating: 3081 / 5274
07-15 05:27:30.934 validating: 3101 / 5274
07-15 05:27:31.082 validating: 3121 / 5274
07-15 05:27:31.237 validating: 3141 / 5274
07-15 05:27:31.392 validating: 3161 / 5274
07-15 05:27:31.537 validating: 3181 / 5274
07-15 05:27:31.643 validating: 3201 / 5274
07-15 05:27:31.749 validating: 3221 / 5274
07-15 05:27:31.853 validating: 3241 / 5274
07-15 05:27:31.959 validating: 3261 / 5274
07-15 05:27:32.063 validating: 3281 / 5274
07-15 05:27:32.169 validating: 3301 / 5274
07-15 05:27:32.275 validating: 3321 / 5274
07-15 05:27:32.381 validating: 3341 / 5274
07-15 05:27:32.488 validating: 3361 / 5274
07-15 05:27:32.593 validating: 3381 / 5274
07-15 05:27:32.698 validating: 3401 / 5274
07-15 05:27:32.807 validating: 3421 / 5274
07-15 05:27:32.916 validating: 3441 / 5274
07-15 05:27:33.023 validating: 3461 / 5274
07-15 05:27:33.134 validating: 3481 / 5274
07-15 05:27:33.242 validating: 3501 / 5274
07-15 05:27:33.347 validating: 3521 / 5274
07-15 05:27:33.455 validating: 3541 / 5274
07-15 05:27:33.563 validating: 3561 / 5274
07-15 05:27:33.669 validating: 3581 / 5274
07-15 05:27:33.778 validating: 3601 / 5274
07-15 05:27:33.885 validating: 3621 / 5274
07-15 05:27:33.992 validating: 3641 / 5274
07-15 05:27:34.101 validating: 3661 / 5274
07-15 05:27:34.212 validating: 3681 / 5274
07-15 05:27:34.321 validating: 3701 / 5274
07-15 05:27:34.430 validating: 3721 / 5274
07-15 05:27:34.539 validating: 3741 / 5274
07-15 05:27:34.647 validating: 3761 / 5274
07-15 05:27:34.755 validating: 3781 / 5274
07-15 05:27:34.864 validating: 3801 / 5274
07-15 05:27:34.972 validating: 3821 / 5274
07-15 05:27:35.080 validating: 3841 / 5274
07-15 05:27:35.193 validating: 3861 / 5274
07-15 05:27:35.300 validating: 3881 / 5274
07-15 05:27:35.409 validating: 3901 / 5274
07-15 05:27:35.516 validating: 3921 / 5274
07-15 05:27:35.622 validating: 3941 / 5274
07-15 05:27:35.728 validating: 3961 / 5274
07-15 05:27:35.834 validating: 3981 / 5274
07-15 05:27:35.940 validating: 4001 / 5274
07-15 05:27:36.045 validating: 4021 / 5274
07-15 05:27:36.155 validating: 4041 / 5274
07-15 05:27:36.264 validating: 4061 / 5274
07-15 05:27:36.372 validating: 4081 / 5274
07-15 05:27:36.478 validating: 4101 / 5274
07-15 05:27:36.584 validating: 4121 / 5274
07-15 05:27:36.696 validating: 4141 / 5274
07-15 05:27:36.803 validating: 4161 / 5274
07-15 05:27:36.913 validating: 4181 / 5274
07-15 05:27:37.020 validating: 4201 / 5274
07-15 05:27:37.128 validating: 4221 / 5274
07-15 05:27:37.236 validating: 4241 / 5274
07-15 05:27:37.343 validating: 4261 / 5274
07-15 05:27:37.455 validating: 4281 / 5274
07-15 05:27:37.561 validating: 4301 / 5274
07-15 05:27:37.669 validating: 4321 / 5274
07-15 05:27:37.775 validating: 4341 / 5274
07-15 05:27:37.881 validating: 4361 / 5274
07-15 05:27:37.987 validating: 4381 / 5274
07-15 05:27:38.094 validating: 4401 / 5274
07-15 05:27:38.199 validating: 4421 / 5274
07-15 05:27:38.307 validating: 4441 / 5274
07-15 05:27:38.415 validating: 4461 / 5274
07-15 05:27:38.528 validating: 4481 / 5274
07-15 05:27:38.636 validating: 4501 / 5274
07-15 05:27:38.746 validating: 4521 / 5274
07-15 05:27:38.855 validating: 4541 / 5274
07-15 05:27:38.963 validating: 4561 / 5274
07-15 05:27:39.072 validating: 4581 / 5274
07-15 05:27:39.178 validating: 4601 / 5274
07-15 05:27:39.287 validating: 4621 / 5274
07-15 05:27:39.393 validating: 4641 / 5274
07-15 05:27:39.500 validating: 4661 / 5274
07-15 05:27:39.609 validating: 4681 / 5274
07-15 05:27:39.722 validating: 4701 / 5274
07-15 05:27:39.836 validating: 4721 / 5274
07-15 05:27:39.942 validating: 4741 / 5274
07-15 05:27:40.048 validating: 4761 / 5274
07-15 05:27:40.159 validating: 4781 / 5274
07-15 05:27:40.266 validating: 4801 / 5274
07-15 05:27:40.373 validating: 4821 / 5274
07-15 05:27:40.479 validating: 4841 / 5274
07-15 05:27:40.586 validating: 4861 / 5274
07-15 05:27:40.698 validating: 4881 / 5274
07-15 05:27:40.805 validating: 4901 / 5274
07-15 05:27:40.912 validating: 4921 / 5274
07-15 05:27:41.019 validating: 4941 / 5274
07-15 05:27:41.125 validating: 4961 / 5274
07-15 05:27:41.234 validating: 4981 / 5274
07-15 05:27:41.341 validating: 5001 / 5274
07-15 05:27:41.447 validating: 5021 / 5274
07-15 05:27:41.553 validating: 5041 / 5274
07-15 05:27:41.659 validating: 5061 / 5274
07-15 05:27:41.765 validating: 5081 / 5274
07-15 05:27:41.871 validating: 5101 / 5274
07-15 05:27:41.978 validating: 5121 / 5274
07-15 05:27:42.085 validating: 5141 / 5274
07-15 05:27:42.193 validating: 5161 / 5274
07-15 05:27:42.299 validating: 5181 / 5274
07-15 05:27:42.407 validating: 5201 / 5274
07-15 05:27:42.516 validating: 5221 / 5274
07-15 05:27:42.604 validating: 5241 / 5274
07-15 05:27:42.681 validating: 5261 / 5274
07-15 05:27:42.808 Dataset name: agriseg
07-15 05:27:42.808 IoU:
07-15 05:27:42.808 label_id      label    iU    Precision Recall TP     FP    FN
07-15 05:27:42.808  0                0   100.0    1.0       1.0  100.0     0.0     0.0
07-15 05:27:42.809 mean 1.0
07-15 05:27:42.809 -----------------------------------------------------------------------------------------------------------
07-15 05:27:42.809 [epoch 50], [dataset name agriseg], [val loss 0.50032], [acc 1.00000], [acc_cls 1.00000], [mean_iu 1.00000], [fwavacc 1.00000]
