07-15 05:27:45.690 ImageNet-train: 1281167 images
07-15 05:27:46.676 Model params = 5.941M
07-15 05:28:15.275 [epoch 0], [iter 50 / 329 : 49], [loss 2.789682], [lr 0.002493], [time 0.0333]
07-15 05:28:40.778 [epoch 0], [iter 100 / 329 : 99], [loss 2.242428], [lr 0.002486], [time 0.0319]
07-15 05:29:06.367 [epoch 0], [iter 150 / 329 : 149], [loss 2.087208], [lr 0.002480], [time 0.0320]
07-15 05:29:32.100 [epoch 0], [iter 200 / 329 : 199], [loss 1.989770], [lr 0.002473], [time 0.0322]
07-15 05:29:57.731 [epoch 0], [iter 250 / 329 : 249], [loss 1.857877], [lr 0.002466], [time 0.0320]
07-15 05:30:23.358 [epoch 0], [iter 300 / 329 : 299], [loss 1.830007], [lr 0.002459], [time 0.0320]
07-15 05:30:38.704 Saved file to ./logs/2306/lraspp_agriseg_wildnet/07_15_05/last_None_epoch_0_mean-iu_0.00000.pth
07-15 05:31:06.726 [epoch 1], [iter 50 / 329 : 378], [loss 1.773627], [lr 0.002448], [time 0.0322]
07-15 05:31:32.311 [epoch 1], [iter 100 / 329 : 428], [loss 1.728163], [lr 0.002441], [time 0.0320]
07-15 05:31:57.945 [epoch 1], [iter 150 / 329 : 478], [loss 1.670708], [lr 0.002435], [time 0.0320]
07-15 05:32:23.487 [epoch 1], [iter 200 / 329 : 528], [loss 1.688812], [lr 0.002428], [time 0.0319]
07-15 05:32:49.057 [epoch 1], [iter 250 / 329 : 578], [loss 1.733539], [lr 0.002421], [time 0.0320]
07-15 05:33:14.607 [epoch 1], [iter 300 / 329 : 628], [loss 1.659614], [lr 0.002414], [time 0.0319]
07-15 05:33:29.986 Saved file to ./logs/2306/lraspp_agriseg_wildnet/07_15_05/last_None_epoch_1_mean-iu_0.00000.pth
07-15 05:33:57.926 [epoch 2], [iter 50 / 329 : 707], [loss 1.604355], [lr 0.002403], [time 0.0324]
07-15 05:34:23.690 [epoch 2], [iter 100 / 329 : 757], [loss 1.628850], [lr 0.002396], [time 0.0322]
07-15 05:34:49.305 [epoch 2], [iter 150 / 329 : 807], [loss 1.625815], [lr 0.002389], [time 0.0320]
07-15 05:35:14.853 [epoch 2], [iter 200 / 329 : 857], [loss 1.618540], [lr 0.002382], [time 0.0319]
07-15 05:35:40.446 [epoch 2], [iter 250 / 329 : 907], [loss 1.584331], [lr 0.002376], [time 0.0320]
07-15 05:36:06.034 [epoch 2], [iter 300 / 329 : 957], [loss 1.535592], [lr 0.002369], [time 0.0320]
07-15 05:36:21.386 Saved file to ./logs/2306/lraspp_agriseg_wildnet/07_15_05/last_None_epoch_2_mean-iu_0.00000.pth
07-15 05:36:49.339 [epoch 3], [iter 50 / 329 : 1036], [loss 1.606344], [lr 0.002358], [time 0.0321]
07-15 05:37:15.012 [epoch 3], [iter 100 / 329 : 1086], [loss 1.543298], [lr 0.002351], [time 0.0321]
07-15 05:37:40.590 [epoch 3], [iter 150 / 329 : 1136], [loss 1.500262], [lr 0.002344], [time 0.0320]
07-15 05:38:06.097 [epoch 3], [iter 200 / 329 : 1186], [loss 1.531449], [lr 0.002337], [time 0.0319]
07-15 05:38:31.655 [epoch 3], [iter 250 / 329 : 1236], [loss 1.524975], [lr 0.002330], [time 0.0319]
07-15 05:38:57.197 [epoch 3], [iter 300 / 329 : 1286], [loss 1.527722], [lr 0.002323], [time 0.0319]
07-15 05:39:12.510 Saved file to ./logs/2306/lraspp_agriseg_wildnet/07_15_05/last_None_epoch_3_mean-iu_0.00000.pth
07-15 05:39:40.742 [epoch 4], [iter 50 / 329 : 1365], [loss 1.472755], [lr 0.002312], [time 0.0327]
07-15 05:40:06.353 [epoch 4], [iter 100 / 329 : 1415], [loss 1.512915], [lr 0.002306], [time 0.0320]
07-15 05:40:31.892 [epoch 4], [iter 150 / 329 : 1465], [loss 1.568332], [lr 0.002299], [time 0.0319]
07-15 05:40:57.488 [epoch 4], [iter 200 / 329 : 1515], [loss 1.550463], [lr 0.002292], [time 0.0320]
07-15 05:41:23.004 [epoch 4], [iter 250 / 329 : 1565], [loss 1.456593], [lr 0.002285], [time 0.0319]
07-15 05:41:48.592 [epoch 4], [iter 300 / 329 : 1615], [loss 1.478403], [lr 0.002278], [time 0.0320]
07-15 05:42:04.017 Saved file to ./logs/2306/lraspp_agriseg_wildnet/07_15_05/last_None_epoch_4_mean-iu_0.00000.pth
07-15 05:42:31.957 [epoch 5], [iter 50 / 329 : 1694], [loss 1.537876], [lr 0.002267], [time 0.0321]
07-15 05:42:57.590 [epoch 5], [iter 100 / 329 : 1744], [loss 1.484336], [lr 0.002260], [time 0.0320]
07-15 05:43:23.220 [epoch 5], [iter 150 / 329 : 1794], [loss 1.454060], [lr 0.002253], [time 0.0320]
07-15 05:43:48.753 [epoch 5], [iter 200 / 329 : 1844], [loss 1.436606], [lr 0.002246], [time 0.0319]
07-15 05:44:14.324 [epoch 5], [iter 250 / 329 : 1894], [loss 1.457774], [lr 0.002239], [time 0.0320]
07-15 05:44:39.940 [epoch 5], [iter 300 / 329 : 1944], [loss 1.513730], [lr 0.002232], [time 0.0320]
07-15 05:44:55.272 Saved file to ./logs/2306/lraspp_agriseg_wildnet/07_15_05/last_None_epoch_5_mean-iu_0.00000.pth
07-15 05:45:23.251 [epoch 6], [iter 50 / 329 : 2023], [loss 1.460094], [lr 0.002222], [time 0.0321]
07-15 05:45:48.904 [epoch 6], [iter 100 / 329 : 2073], [loss 1.459779], [lr 0.002215], [time 0.0321]
07-15 05:46:14.486 [epoch 6], [iter 150 / 329 : 2123], [loss 1.495782], [lr 0.002208], [time 0.0320]
07-15 05:46:40.006 [epoch 6], [iter 200 / 329 : 2173], [loss 1.430118], [lr 0.002201], [time 0.0319]
07-15 05:47:05.664 [epoch 6], [iter 250 / 329 : 2223], [loss 1.444394], [lr 0.002194], [time 0.0321]
07-15 05:47:31.192 [epoch 6], [iter 300 / 329 : 2273], [loss 1.451135], [lr 0.002187], [time 0.0319]
07-15 05:47:46.576 Saved file to ./logs/2306/lraspp_agriseg_wildnet/07_15_05/last_None_epoch_6_mean-iu_0.00000.pth
07-15 05:48:14.657 [epoch 7], [iter 50 / 329 : 2352], [loss 1.429564], [lr 0.002176], [time 0.0323]
07-15 05:48:40.349 [epoch 7], [iter 100 / 329 : 2402], [loss 1.442855], [lr 0.002169], [time 0.0321]
07-15 05:49:05.866 [epoch 7], [iter 150 / 329 : 2452], [loss 1.428125], [lr 0.002162], [time 0.0319]
07-15 05:49:31.522 [epoch 7], [iter 200 / 329 : 2502], [loss 1.445999], [lr 0.002155], [time 0.0321]
07-15 05:49:57.125 [epoch 7], [iter 250 / 329 : 2552], [loss 1.466885], [lr 0.002148], [time 0.0320]
07-15 05:50:22.688 [epoch 7], [iter 300 / 329 : 2602], [loss 1.457334], [lr 0.002141], [time 0.0319]
07-15 05:50:38.018 Saved file to ./logs/2306/lraspp_agriseg_wildnet/07_15_05/last_None_epoch_7_mean-iu_0.00000.pth
07-15 05:51:06.058 [epoch 8], [iter 50 / 329 : 2681], [loss 1.454469], [lr 0.002130], [time 0.0325]
07-15 05:51:31.706 [epoch 8], [iter 100 / 329 : 2731], [loss 1.433231], [lr 0.002123], [time 0.0321]
07-15 05:51:57.382 [epoch 8], [iter 150 / 329 : 2781], [loss 1.428181], [lr 0.002116], [time 0.0321]
07-15 05:52:22.959 [epoch 8], [iter 200 / 329 : 2831], [loss 1.449388], [lr 0.002109], [time 0.0320]
07-15 05:52:48.596 [epoch 8], [iter 250 / 329 : 2881], [loss 1.408335], [lr 0.002102], [time 0.0320]
07-15 05:53:14.203 [epoch 8], [iter 300 / 329 : 2931], [loss 1.433673], [lr 0.002095], [time 0.0320]
07-15 05:53:29.571 Saved file to ./logs/2306/lraspp_agriseg_wildnet/07_15_05/last_None_epoch_8_mean-iu_0.00000.pth
07-15 05:53:57.587 [epoch 9], [iter 50 / 329 : 3010], [loss 1.387048], [lr 0.002084], [time 0.0322]
07-15 05:54:23.321 [epoch 9], [iter 100 / 329 : 3060], [loss 1.415605], [lr 0.002077], [time 0.0322]
07-15 05:54:49.012 [epoch 9], [iter 150 / 329 : 3110], [loss 1.435988], [lr 0.002070], [time 0.0321]
07-15 05:55:14.610 [epoch 9], [iter 200 / 329 : 3160], [loss 1.464392], [lr 0.002063], [time 0.0320]
07-15 05:55:40.197 [epoch 9], [iter 250 / 329 : 3210], [loss 1.405097], [lr 0.002056], [time 0.0320]
07-15 05:56:05.798 [epoch 9], [iter 300 / 329 : 3260], [loss 1.418327], [lr 0.002049], [time 0.0320]
07-15 05:56:21.172 Saved file to ./logs/2306/lraspp_agriseg_wildnet/07_15_05/last_None_epoch_9_mean-iu_0.00000.pth
07-15 05:56:49.323 [epoch 10], [iter 50 / 329 : 3339], [loss 1.406465], [lr 0.002038], [time 0.0324]
07-15 05:57:15.038 [epoch 10], [iter 100 / 329 : 3389], [loss 1.429084], [lr 0.002031], [time 0.0321]
07-15 05:57:40.548 [epoch 10], [iter 150 / 329 : 3439], [loss 1.394858], [lr 0.002024], [time 0.0319]
07-15 05:58:06.157 [epoch 10], [iter 200 / 329 : 3489], [loss 1.441809], [lr 0.002017], [time 0.0320]
07-15 05:58:31.767 [epoch 10], [iter 250 / 329 : 3539], [loss 1.412538], [lr 0.002010], [time 0.0320]
07-15 05:58:57.319 [epoch 10], [iter 300 / 329 : 3589], [loss 1.398900], [lr 0.002003], [time 0.0319]
07-15 05:59:12.667 Saved file to ./logs/2306/lraspp_agriseg_wildnet/07_15_05/last_None_epoch_10_mean-iu_0.00000.pth
07-15 05:59:40.775 [epoch 11], [iter 50 / 329 : 3668], [loss 1.390638], [lr 0.001992], [time 0.0322]
07-15 06:00:06.366 [epoch 11], [iter 100 / 329 : 3718], [loss 1.403971], [lr 0.001985], [time 0.0320]
07-15 06:00:31.934 [epoch 11], [iter 150 / 329 : 3768], [loss 1.398660], [lr 0.001978], [time 0.0320]
07-15 06:00:57.453 [epoch 11], [iter 200 / 329 : 3818], [loss 1.393283], [lr 0.001971], [time 0.0319]
07-15 06:01:23.011 [epoch 11], [iter 250 / 329 : 3868], [loss 1.425480], [lr 0.001964], [time 0.0319]
07-15 06:01:48.552 [epoch 11], [iter 300 / 329 : 3918], [loss 1.393872], [lr 0.001957], [time 0.0319]
07-15 06:02:03.950 Saved file to ./logs/2306/lraspp_agriseg_wildnet/07_15_05/last_None_epoch_11_mean-iu_0.00000.pth
07-15 06:02:31.923 [epoch 12], [iter 50 / 329 : 3997], [loss 1.453441], [lr 0.001946], [time 0.0322]
07-15 06:02:57.534 [epoch 12], [iter 100 / 329 : 4047], [loss 1.382291], [lr 0.001939], [time 0.0320]
07-15 06:03:23.117 [epoch 12], [iter 150 / 329 : 4097], [loss 1.389101], [lr 0.001932], [time 0.0320]
07-15 06:03:48.650 [epoch 12], [iter 200 / 329 : 4147], [loss 1.414855], [lr 0.001925], [time 0.0319]
07-15 06:04:14.211 [epoch 12], [iter 250 / 329 : 4197], [loss 1.397911], [lr 0.001918], [time 0.0319]
07-15 06:04:39.815 [epoch 12], [iter 300 / 329 : 4247], [loss 1.365944], [lr 0.001911], [time 0.0320]
07-15 06:04:55.130 Saved file to ./logs/2306/lraspp_agriseg_wildnet/07_15_05/last_None_epoch_12_mean-iu_0.00000.pth
07-15 06:05:23.127 [epoch 13], [iter 50 / 329 : 4326], [loss 1.330570], [lr 0.001900], [time 0.0321]
07-15 06:05:48.735 [epoch 13], [iter 100 / 329 : 4376], [loss 1.368376], [lr 0.001893], [time 0.0320]
07-15 06:06:14.298 [epoch 13], [iter 150 / 329 : 4426], [loss 1.397517], [lr 0.001886], [time 0.0319]
07-15 06:06:39.894 [epoch 13], [iter 200 / 329 : 4476], [loss 1.447820], [lr 0.001878], [time 0.0320]
07-15 06:07:05.515 [epoch 13], [iter 250 / 329 : 4526], [loss 1.392059], [lr 0.001871], [time 0.0320]
07-15 06:07:31.037 [epoch 13], [iter 300 / 329 : 4576], [loss 1.384037], [lr 0.001864], [time 0.0319]
07-15 06:07:46.410 Saved file to ./logs/2306/lraspp_agriseg_wildnet/07_15_05/last_None_epoch_13_mean-iu_0.00000.pth
07-15 06:08:14.390 [epoch 14], [iter 50 / 329 : 4655], [loss 1.367914], [lr 0.001853], [time 0.0321]
07-15 06:08:40.042 [epoch 14], [iter 100 / 329 : 4705], [loss 1.344599], [lr 0.001846], [time 0.0321]
07-15 06:09:05.660 [epoch 14], [iter 150 / 329 : 4755], [loss 1.408437], [lr 0.001839], [time 0.0320]
07-15 06:09:31.246 [epoch 14], [iter 200 / 329 : 4805], [loss 1.389483], [lr 0.001832], [time 0.0320]
07-15 06:09:56.800 [epoch 14], [iter 250 / 329 : 4855], [loss 1.375425], [lr 0.001825], [time 0.0319]
07-15 06:10:22.335 [epoch 14], [iter 300 / 329 : 4905], [loss 1.404693], [lr 0.001818], [time 0.0319]
07-15 06:10:37.699 Saved file to ./logs/2306/lraspp_agriseg_wildnet/07_15_05/last_None_epoch_14_mean-iu_0.00000.pth
07-15 06:11:05.744 [epoch 15], [iter 50 / 329 : 4984], [loss 1.377104], [lr 0.001807], [time 0.0321]
07-15 06:11:31.326 [epoch 15], [iter 100 / 329 : 5034], [loss 1.357628], [lr 0.001800], [time 0.0320]
07-15 06:11:57.049 [epoch 15], [iter 150 / 329 : 5084], [loss 1.393973], [lr 0.001792], [time 0.0321]
07-15 06:12:22.632 [epoch 15], [iter 200 / 329 : 5134], [loss 1.387839], [lr 0.001785], [time 0.0320]
07-15 06:12:48.213 [epoch 15], [iter 250 / 329 : 5184], [loss 1.395418], [lr 0.001778], [time 0.0320]
07-15 06:13:13.760 [epoch 15], [iter 300 / 329 : 5234], [loss 1.375032], [lr 0.001771], [time 0.0319]
07-15 06:13:29.142 Saved file to ./logs/2306/lraspp_agriseg_wildnet/07_15_05/last_None_epoch_15_mean-iu_0.00000.pth
07-15 06:13:57.208 [epoch 16], [iter 50 / 329 : 5313], [loss 1.387655], [lr 0.001760], [time 0.0321]
07-15 06:14:22.953 [epoch 16], [iter 100 / 329 : 5363], [loss 1.367448], [lr 0.001753], [time 0.0322]
07-15 06:14:48.552 [epoch 16], [iter 150 / 329 : 5413], [loss 1.355706], [lr 0.001746], [time 0.0320]
07-15 06:15:14.125 [epoch 16], [iter 200 / 329 : 5463], [loss 1.350213], [lr 0.001739], [time 0.0320]
07-15 06:15:39.756 [epoch 16], [iter 250 / 329 : 5513], [loss 1.408456], [lr 0.001731], [time 0.0320]
07-15 06:16:05.338 [epoch 16], [iter 300 / 329 : 5563], [loss 1.374483], [lr 0.001724], [time 0.0320]
07-15 06:16:20.707 Saved file to ./logs/2306/lraspp_agriseg_wildnet/07_15_05/last_None_epoch_16_mean-iu_0.00000.pth
07-15 06:16:48.742 [epoch 17], [iter 50 / 329 : 5642], [loss 1.355185], [lr 0.001713], [time 0.0321]
07-15 06:17:14.394 [epoch 17], [iter 100 / 329 : 5692], [loss 1.360392], [lr 0.001706], [time 0.0321]
07-15 06:17:39.940 [epoch 17], [iter 150 / 329 : 5742], [loss 1.375633], [lr 0.001699], [time 0.0319]
07-15 06:18:05.459 [epoch 17], [iter 200 / 329 : 5792], [loss 1.368475], [lr 0.001692], [time 0.0319]
07-15 06:18:31.020 [epoch 17], [iter 250 / 329 : 5842], [loss 1.365161], [lr 0.001684], [time 0.0319]
07-15 06:18:56.608 [epoch 17], [iter 300 / 329 : 5892], [loss 1.375698], [lr 0.001677], [time 0.0320]
07-15 06:19:11.951 Saved file to ./logs/2306/lraspp_agriseg_wildnet/07_15_05/last_None_epoch_17_mean-iu_0.00000.pth
07-15 06:19:40.027 [epoch 18], [iter 50 / 329 : 5971], [loss 1.400751], [lr 0.001666], [time 0.0322]
07-15 06:20:05.613 [epoch 18], [iter 100 / 329 : 6021], [loss 1.358249], [lr 0.001659], [time 0.0320]
07-15 06:20:31.181 [epoch 18], [iter 150 / 329 : 6071], [loss 1.346070], [lr 0.001652], [time 0.0320]
07-15 06:20:56.713 [epoch 18], [iter 200 / 329 : 6121], [loss 1.367668], [lr 0.001645], [time 0.0319]
07-15 06:21:22.307 [epoch 18], [iter 250 / 329 : 6171], [loss 1.379113], [lr 0.001637], [time 0.0320]
07-15 06:21:47.888 [epoch 18], [iter 300 / 329 : 6221], [loss 1.349508], [lr 0.001630], [time 0.0320]
07-15 06:22:03.306 Saved file to ./logs/2306/lraspp_agriseg_wildnet/07_15_05/last_None_epoch_18_mean-iu_0.00000.pth
07-15 06:22:31.292 [epoch 19], [iter 50 / 329 : 6300], [loss 1.373567], [lr 0.001619], [time 0.0321]
07-15 06:22:56.924 [epoch 19], [iter 100 / 329 : 6350], [loss 1.403855], [lr 0.001612], [time 0.0320]
07-15 06:23:22.557 [epoch 19], [iter 150 / 329 : 6400], [loss 1.387517], [lr 0.001605], [time 0.0320]
07-15 06:23:48.063 [epoch 19], [iter 200 / 329 : 6450], [loss 1.362217], [lr 0.001597], [time 0.0319]
07-15 06:24:13.667 [epoch 19], [iter 250 / 329 : 6500], [loss 1.344536], [lr 0.001590], [time 0.0320]
07-15 06:24:39.305 [epoch 19], [iter 300 / 329 : 6550], [loss 1.347812], [lr 0.001583], [time 0.0320]
07-15 06:24:54.644 Saved file to ./logs/2306/lraspp_agriseg_wildnet/07_15_05/last_None_epoch_19_mean-iu_0.00000.pth
07-15 06:25:22.674 [epoch 20], [iter 50 / 329 : 6629], [loss 1.340472], [lr 0.001572], [time 0.0321]
07-15 06:25:48.315 [epoch 20], [iter 100 / 329 : 6679], [loss 1.369255], [lr 0.001564], [time 0.0320]
07-15 06:26:13.902 [epoch 20], [iter 150 / 329 : 6729], [loss 1.404904], [lr 0.001557], [time 0.0320]
07-15 06:26:39.462 [epoch 20], [iter 200 / 329 : 6779], [loss 1.374999], [lr 0.001550], [time 0.0319]
07-15 06:27:05.142 [epoch 20], [iter 250 / 329 : 6829], [loss 1.330846], [lr 0.001543], [time 0.0321]
07-15 06:27:30.692 [epoch 20], [iter 300 / 329 : 6879], [loss 1.342112], [lr 0.001536], [time 0.0319]
07-15 06:27:46.039 Saved file to ./logs/2306/lraspp_agriseg_wildnet/07_15_05/last_None_epoch_20_mean-iu_0.00000.pth
07-15 06:28:14.355 [epoch 21], [iter 50 / 329 : 6958], [loss 1.361228], [lr 0.001524], [time 0.0325]
07-15 06:28:40.004 [epoch 21], [iter 100 / 329 : 7008], [loss 1.354559], [lr 0.001517], [time 0.0321]
07-15 06:29:05.582 [epoch 21], [iter 150 / 329 : 7058], [loss 1.327130], [lr 0.001510], [time 0.0320]
07-15 06:29:31.336 [epoch 21], [iter 200 / 329 : 7108], [loss 1.361547], [lr 0.001502], [time 0.0322]
07-15 06:29:56.960 [epoch 21], [iter 250 / 329 : 7158], [loss 1.372346], [lr 0.001495], [time 0.0320]
07-15 06:30:22.560 [epoch 21], [iter 300 / 329 : 7208], [loss 1.360222], [lr 0.001488], [time 0.0320]
07-15 06:30:37.956 Saved file to ./logs/2306/lraspp_agriseg_wildnet/07_15_05/last_None_epoch_21_mean-iu_0.00000.pth
07-15 06:31:06.044 [epoch 22], [iter 50 / 329 : 7287], [loss 1.332194], [lr 0.001476], [time 0.0326]
07-15 06:31:31.665 [epoch 22], [iter 100 / 329 : 7337], [loss 1.313554], [lr 0.001469], [time 0.0320]
07-15 06:31:57.279 [epoch 22], [iter 150 / 329 : 7387], [loss 1.365541], [lr 0.001462], [time 0.0320]
07-15 06:32:22.857 [epoch 22], [iter 200 / 329 : 7437], [loss 1.355934], [lr 0.001455], [time 0.0320]
07-15 06:32:48.478 [epoch 22], [iter 250 / 329 : 7487], [loss 1.387753], [lr 0.001447], [time 0.0320]
07-15 06:33:14.084 [epoch 22], [iter 300 / 329 : 7537], [loss 1.395745], [lr 0.001440], [time 0.0320]
07-15 06:33:29.486 Saved file to ./logs/2306/lraspp_agriseg_wildnet/07_15_05/last_None_epoch_22_mean-iu_0.00000.pth
07-15 06:33:57.654 [epoch 23], [iter 50 / 329 : 7616], [loss 1.375079], [lr 0.001429], [time 0.0325]
07-15 06:34:23.251 [epoch 23], [iter 100 / 329 : 7666], [loss 1.333501], [lr 0.001421], [time 0.0320]
07-15 06:34:48.778 [epoch 23], [iter 150 / 329 : 7716], [loss 1.337658], [lr 0.001414], [time 0.0319]
07-15 06:35:14.320 [epoch 23], [iter 200 / 329 : 7766], [loss 1.339138], [lr 0.001407], [time 0.0319]
07-15 06:35:39.921 [epoch 23], [iter 250 / 329 : 7816], [loss 1.357487], [lr 0.001400], [time 0.0320]
07-15 06:36:05.536 [epoch 23], [iter 300 / 329 : 7866], [loss 1.381588], [lr 0.001392], [time 0.0320]
07-15 06:36:20.891 Saved file to ./logs/2306/lraspp_agriseg_wildnet/07_15_05/last_None_epoch_23_mean-iu_0.00000.pth
07-15 06:36:49.143 [epoch 24], [iter 50 / 329 : 7945], [loss 1.373759], [lr 0.001381], [time 0.0323]
07-15 06:37:14.791 [epoch 24], [iter 100 / 329 : 7995], [loss 1.359636], [lr 0.001373], [time 0.0321]
07-15 06:37:40.283 [epoch 24], [iter 150 / 329 : 8045], [loss 1.348013], [lr 0.001366], [time 0.0319]
07-15 06:38:05.868 [epoch 24], [iter 200 / 329 : 8095], [loss 1.352723], [lr 0.001359], [time 0.0320]
07-15 06:38:31.494 [epoch 24], [iter 250 / 329 : 8145], [loss 1.333555], [lr 0.001351], [time 0.0320]
07-15 06:38:57.052 [epoch 24], [iter 300 / 329 : 8195], [loss 1.362566], [lr 0.001344], [time 0.0319]
07-15 06:39:12.426 Saved file to ./logs/2306/lraspp_agriseg_wildnet/07_15_05/last_None_epoch_24_mean-iu_0.00000.pth
07-15 06:39:40.664 [epoch 25], [iter 50 / 329 : 8274], [loss 1.322268], [lr 0.001333], [time 0.0327]
07-15 06:40:06.328 [epoch 25], [iter 100 / 329 : 8324], [loss 1.372030], [lr 0.001325], [time 0.0321]
07-15 06:40:31.848 [epoch 25], [iter 150 / 329 : 8374], [loss 1.359469], [lr 0.001318], [time 0.0319]
07-15 06:40:57.460 [epoch 25], [iter 200 / 329 : 8424], [loss 1.318150], [lr 0.001311], [time 0.0320]
07-15 06:41:23.031 [epoch 25], [iter 250 / 329 : 8474], [loss 1.345656], [lr 0.001303], [time 0.0320]
07-15 06:41:48.588 [epoch 25], [iter 300 / 329 : 8524], [loss 1.357543], [lr 0.001296], [time 0.0319]
07-15 06:42:03.946 Saved file to ./logs/2306/lraspp_agriseg_wildnet/07_15_05/last_None_epoch_25_mean-iu_0.00000.pth
07-15 06:42:31.964 [epoch 26], [iter 50 / 329 : 8603], [loss 1.311868], [lr 0.001284], [time 0.0323]
07-15 06:42:57.547 [epoch 26], [iter 100 / 329 : 8653], [loss 1.343738], [lr 0.001277], [time 0.0320]
07-15 06:43:23.162 [epoch 26], [iter 150 / 329 : 8703], [loss 1.359509], [lr 0.001269], [time 0.0320]
07-15 06:43:48.758 [epoch 26], [iter 200 / 329 : 8753], [loss 1.343160], [lr 0.001262], [time 0.0320]
07-15 06:44:14.318 [epoch 26], [iter 250 / 329 : 8803], [loss 1.340462], [lr 0.001255], [time 0.0319]
07-15 06:44:39.899 [epoch 26], [iter 300 / 329 : 8853], [loss 1.369211], [lr 0.001247], [time 0.0320]
07-15 06:44:55.329 Saved file to ./logs/2306/lraspp_agriseg_wildnet/07_15_05/last_None_epoch_26_mean-iu_0.00000.pth
07-15 06:45:23.760 [epoch 27], [iter 50 / 329 : 8932], [loss 1.353528], [lr 0.001236], [time 0.0324]
07-15 06:45:49.380 [epoch 27], [iter 100 / 329 : 8982], [loss 1.301339], [lr 0.001228], [time 0.0320]
07-15 06:46:14.930 [epoch 27], [iter 150 / 329 : 9032], [loss 1.386520], [lr 0.001221], [time 0.0319]
07-15 06:46:40.488 [epoch 27], [iter 200 / 329 : 9082], [loss 1.350249], [lr 0.001213], [time 0.0319]
07-15 06:47:06.086 [epoch 27], [iter 250 / 329 : 9132], [loss 1.312767], [lr 0.001206], [time 0.0320]
07-15 06:47:31.696 [epoch 27], [iter 300 / 329 : 9182], [loss 1.364441], [lr 0.001199], [time 0.0320]
07-15 06:47:47.064 Saved file to ./logs/2306/lraspp_agriseg_wildnet/07_15_05/last_None_epoch_27_mean-iu_0.00000.pth
07-15 06:48:15.113 [epoch 28], [iter 50 / 329 : 9261], [loss 1.347856], [lr 0.001187], [time 0.0322]
07-15 06:48:40.779 [epoch 28], [iter 100 / 329 : 9311], [loss 1.343380], [lr 0.001179], [time 0.0321]
07-15 06:49:06.380 [epoch 28], [iter 150 / 329 : 9361], [loss 1.323035], [lr 0.001172], [time 0.0320]
07-15 06:49:31.912 [epoch 28], [iter 200 / 329 : 9411], [loss 1.331900], [lr 0.001165], [time 0.0319]
07-15 06:49:57.515 [epoch 28], [iter 250 / 329 : 9461], [loss 1.328739], [lr 0.001157], [time 0.0320]
07-15 06:50:23.034 [epoch 28], [iter 300 / 329 : 9511], [loss 1.346867], [lr 0.001150], [time 0.0319]
07-15 06:50:38.401 Saved file to ./logs/2306/lraspp_agriseg_wildnet/07_15_05/last_None_epoch_28_mean-iu_0.00000.pth
07-15 06:51:06.467 [epoch 29], [iter 50 / 329 : 9590], [loss 1.310153], [lr 0.001138], [time 0.0325]
07-15 06:51:32.110 [epoch 29], [iter 100 / 329 : 9640], [loss 1.364018], [lr 0.001130], [time 0.0320]
07-15 06:51:57.682 [epoch 29], [iter 150 / 329 : 9690], [loss 1.348914], [lr 0.001123], [time 0.0320]
07-15 06:52:23.233 [epoch 29], [iter 200 / 329 : 9740], [loss 1.329887], [lr 0.001115], [time 0.0319]
07-15 06:52:48.777 [epoch 29], [iter 250 / 329 : 9790], [loss 1.325768], [lr 0.001108], [time 0.0319]
07-15 06:53:14.341 [epoch 29], [iter 300 / 329 : 9840], [loss 1.374175], [lr 0.001100], [time 0.0319]
07-15 06:53:29.748 Saved file to ./logs/2306/lraspp_agriseg_wildnet/07_15_05/last_None_epoch_29_mean-iu_0.00000.pth
07-15 06:53:57.909 [epoch 30], [iter 50 / 329 : 9919], [loss 1.372964], [lr 0.001089], [time 0.0322]
07-15 06:54:23.523 [epoch 30], [iter 100 / 329 : 9969], [loss 1.338733], [lr 0.001081], [time 0.0320]
07-15 06:54:49.146 [epoch 30], [iter 150 / 329 : 10019], [loss 1.365882], [lr 0.001074], [time 0.0320]
07-15 06:55:14.666 [epoch 30], [iter 200 / 329 : 10069], [loss 1.287802], [lr 0.001066], [time 0.0319]
07-15 06:55:40.230 [epoch 30], [iter 250 / 329 : 10119], [loss 1.361623], [lr 0.001059], [time 0.0319]
07-15 06:56:05.818 [epoch 30], [iter 300 / 329 : 10169], [loss 1.326768], [lr 0.001051], [time 0.0320]
07-15 06:56:21.175 Saved file to ./logs/2306/lraspp_agriseg_wildnet/07_15_05/last_None_epoch_30_mean-iu_0.00000.pth
07-15 06:56:49.195 [epoch 31], [iter 50 / 329 : 10248], [loss 1.350355], [lr 0.001039], [time 0.0324]
07-15 06:57:14.902 [epoch 31], [iter 100 / 329 : 10298], [loss 1.341642], [lr 0.001032], [time 0.0321]
07-15 06:57:40.456 [epoch 31], [iter 150 / 329 : 10348], [loss 1.357536], [lr 0.001024], [time 0.0319]
07-15 06:58:06.016 [epoch 31], [iter 200 / 329 : 10398], [loss 1.329813], [lr 0.001016], [time 0.0319]
07-15 06:58:31.661 [epoch 31], [iter 250 / 329 : 10448], [loss 1.341344], [lr 0.001009], [time 0.0320]
07-15 06:58:57.185 [epoch 31], [iter 300 / 329 : 10498], [loss 1.340112], [lr 0.001001], [time 0.0319]
07-15 06:59:12.551 Saved file to ./logs/2306/lraspp_agriseg_wildnet/07_15_05/last_None_epoch_31_mean-iu_0.00000.pth
07-15 06:59:40.730 [epoch 32], [iter 50 / 329 : 10577], [loss 1.310561], [lr 0.000989], [time 0.0322]
07-15 07:00:06.323 [epoch 32], [iter 100 / 329 : 10627], [loss 1.317983], [lr 0.000982], [time 0.0320]
07-15 07:00:31.905 [epoch 32], [iter 150 / 329 : 10677], [loss 1.363131], [lr 0.000974], [time 0.0320]
07-15 07:00:57.564 [epoch 32], [iter 200 / 329 : 10727], [loss 1.330144], [lr 0.000967], [time 0.0321]
07-15 07:01:23.123 [epoch 32], [iter 250 / 329 : 10777], [loss 1.327690], [lr 0.000959], [time 0.0319]
07-15 07:01:48.695 [epoch 32], [iter 300 / 329 : 10827], [loss 1.356153], [lr 0.000951], [time 0.0320]
07-15 07:02:04.065 Saved file to ./logs/2306/lraspp_agriseg_wildnet/07_15_05/last_None_epoch_32_mean-iu_0.00000.pth
07-15 07:02:32.128 [epoch 33], [iter 50 / 329 : 10906], [loss 1.346074], [lr 0.000939], [time 0.0321]
07-15 07:02:57.711 [epoch 33], [iter 100 / 329 : 10956], [loss 1.334927], [lr 0.000932], [time 0.0320]
07-15 07:03:23.340 [epoch 33], [iter 150 / 329 : 11006], [loss 1.310789], [lr 0.000924], [time 0.0320]
07-15 07:03:48.894 [epoch 33], [iter 200 / 329 : 11056], [loss 1.309271], [lr 0.000916], [time 0.0319]
07-15 07:04:14.496 [epoch 33], [iter 250 / 329 : 11106], [loss 1.359817], [lr 0.000909], [time 0.0320]
07-15 07:04:40.084 [epoch 33], [iter 300 / 329 : 11156], [loss 1.340758], [lr 0.000901], [time 0.0320]
07-15 07:04:55.469 Saved file to ./logs/2306/lraspp_agriseg_wildnet/07_15_05/last_None_epoch_33_mean-iu_0.00000.pth
07-15 07:05:23.542 [epoch 34], [iter 50 / 329 : 11235], [loss 1.325968], [lr 0.000889], [time 0.0321]
07-15 07:05:49.184 [epoch 34], [iter 100 / 329 : 11285], [loss 1.318697], [lr 0.000881], [time 0.0320]
07-15 07:06:14.815 [epoch 34], [iter 150 / 329 : 11335], [loss 1.310298], [lr 0.000874], [time 0.0320]
07-15 07:06:40.393 [epoch 34], [iter 200 / 329 : 11385], [loss 1.349136], [lr 0.000866], [time 0.0320]
07-15 07:07:05.975 [epoch 34], [iter 250 / 329 : 11435], [loss 1.331141], [lr 0.000858], [time 0.0320]
07-15 07:07:31.538 [epoch 34], [iter 300 / 329 : 11485], [loss 1.332528], [lr 0.000851], [time 0.0319]
07-15 07:07:46.892 Saved file to ./logs/2306/lraspp_agriseg_wildnet/07_15_05/last_None_epoch_34_mean-iu_0.00000.pth
07-15 07:08:15.024 [epoch 35], [iter 50 / 329 : 11564], [loss 1.287861], [lr 0.000838], [time 0.0324]
07-15 07:08:40.684 [epoch 35], [iter 100 / 329 : 11614], [loss 1.341297], [lr 0.000831], [time 0.0321]
07-15 07:09:06.280 [epoch 35], [iter 150 / 329 : 11664], [loss 1.316228], [lr 0.000823], [time 0.0320]
07-15 07:09:31.803 [epoch 35], [iter 200 / 329 : 11714], [loss 1.333297], [lr 0.000815], [time 0.0319]
07-15 07:09:57.432 [epoch 35], [iter 250 / 329 : 11764], [loss 1.325230], [lr 0.000807], [time 0.0320]
07-15 07:10:22.961 [epoch 35], [iter 300 / 329 : 11814], [loss 1.329985], [lr 0.000800], [time 0.0319]
07-15 07:10:38.312 Saved file to ./logs/2306/lraspp_agriseg_wildnet/07_15_05/last_None_epoch_35_mean-iu_0.00000.pth
07-15 07:11:06.378 [epoch 36], [iter 50 / 329 : 11893], [loss 1.323020], [lr 0.000787], [time 0.0321]
07-15 07:11:31.941 [epoch 36], [iter 100 / 329 : 11943], [loss 1.316730], [lr 0.000780], [time 0.0319]
07-15 07:11:57.513 [epoch 36], [iter 150 / 329 : 11993], [loss 1.342292], [lr 0.000772], [time 0.0320]
07-15 07:12:23.065 [epoch 36], [iter 200 / 329 : 12043], [loss 1.326890], [lr 0.000764], [time 0.0319]
07-15 07:12:48.636 [epoch 36], [iter 250 / 329 : 12093], [loss 1.340549], [lr 0.000756], [time 0.0320]
07-15 07:13:14.190 [epoch 36], [iter 300 / 329 : 12143], [loss 1.345165], [lr 0.000748], [time 0.0319]
07-15 07:13:29.609 Saved file to ./logs/2306/lraspp_agriseg_wildnet/07_15_05/last_None_epoch_36_mean-iu_0.00000.pth
07-15 07:13:57.991 [epoch 37], [iter 50 / 329 : 12222], [loss 1.321270], [lr 0.000736], [time 0.0322]
07-15 07:14:23.586 [epoch 37], [iter 100 / 329 : 12272], [loss 1.305729], [lr 0.000728], [time 0.0320]
07-15 07:14:49.181 [epoch 37], [iter 150 / 329 : 12322], [loss 1.388215], [lr 0.000720], [time 0.0320]
07-15 07:15:14.772 [epoch 37], [iter 200 / 329 : 12372], [loss 1.294870], [lr 0.000713], [time 0.0320]
07-15 07:15:40.335 [epoch 37], [iter 250 / 329 : 12422], [loss 1.316413], [lr 0.000705], [time 0.0319]
07-15 07:16:05.955 [epoch 37], [iter 300 / 329 : 12472], [loss 1.350783], [lr 0.000697], [time 0.0320]
07-15 07:16:21.326 Saved file to ./logs/2306/lraspp_agriseg_wildnet/07_15_05/last_None_epoch_37_mean-iu_0.00000.pth
07-15 07:16:49.416 [epoch 38], [iter 50 / 329 : 12551], [loss 1.299394], [lr 0.000684], [time 0.0321]
07-15 07:17:15.031 [epoch 38], [iter 100 / 329 : 12601], [loss 1.377509], [lr 0.000676], [time 0.0320]
07-15 07:17:40.573 [epoch 38], [iter 150 / 329 : 12651], [loss 1.319413], [lr 0.000668], [time 0.0319]
07-15 07:18:06.112 [epoch 38], [iter 200 / 329 : 12701], [loss 1.331298], [lr 0.000661], [time 0.0319]
07-15 07:18:31.726 [epoch 38], [iter 250 / 329 : 12751], [loss 1.302598], [lr 0.000653], [time 0.0320]
07-15 07:18:57.258 [epoch 38], [iter 300 / 329 : 12801], [loss 1.326988], [lr 0.000645], [time 0.0319]
07-15 07:19:12.641 Saved file to ./logs/2306/lraspp_agriseg_wildnet/07_15_05/last_None_epoch_38_mean-iu_0.00000.pth
07-15 07:19:40.713 [epoch 39], [iter 50 / 329 : 12880], [loss 1.346443], [lr 0.000632], [time 0.0321]
07-15 07:20:06.301 [epoch 39], [iter 100 / 329 : 12930], [loss 1.320116], [lr 0.000624], [time 0.0320]
07-15 07:20:31.830 [epoch 39], [iter 150 / 329 : 12980], [loss 1.334127], [lr 0.000616], [time 0.0319]
07-15 07:20:57.369 [epoch 39], [iter 200 / 329 : 13030], [loss 1.346691], [lr 0.000608], [time 0.0319]
07-15 07:21:23.051 [epoch 39], [iter 250 / 329 : 13080], [loss 1.329208], [lr 0.000600], [time 0.0321]
07-15 07:21:48.651 [epoch 39], [iter 300 / 329 : 13130], [loss 1.317662], [lr 0.000592], [time 0.0320]
07-15 07:22:04.000 Saved file to ./logs/2306/lraspp_agriseg_wildnet/07_15_05/last_None_epoch_39_mean-iu_0.00000.pth
07-15 07:22:32.004 [epoch 40], [iter 50 / 329 : 13209], [loss 1.315663], [lr 0.000579], [time 0.0321]
07-15 07:22:57.539 [epoch 40], [iter 100 / 329 : 13259], [loss 1.318030], [lr 0.000571], [time 0.0319]
07-15 07:23:23.141 [epoch 40], [iter 150 / 329 : 13309], [loss 1.346285], [lr 0.000563], [time 0.0320]
07-15 07:23:48.706 [epoch 40], [iter 200 / 329 : 13359], [loss 1.325729], [lr 0.000555], [time 0.0319]
07-15 07:24:14.278 [epoch 40], [iter 250 / 329 : 13409], [loss 1.308804], [lr 0.000547], [time 0.0320]
07-15 07:24:39.839 [epoch 40], [iter 300 / 329 : 13459], [loss 1.358557], [lr 0.000539], [time 0.0319]
07-15 07:24:55.276 Saved file to ./logs/2306/lraspp_agriseg_wildnet/07_15_05/last_None_epoch_40_mean-iu_0.00000.pth
07-15 07:25:23.353 [epoch 41], [iter 50 / 329 : 13538], [loss 1.302306], [lr 0.000526], [time 0.0320]
07-15 07:25:48.937 [epoch 41], [iter 100 / 329 : 13588], [loss 1.330138], [lr 0.000518], [time 0.0320]
07-15 07:26:14.542 [epoch 41], [iter 150 / 329 : 13638], [loss 1.312839], [lr 0.000510], [time 0.0320]
07-15 07:26:40.090 [epoch 41], [iter 200 / 329 : 13688], [loss 1.373098], [lr 0.000502], [time 0.0319]
07-15 07:27:05.669 [epoch 41], [iter 250 / 329 : 13738], [loss 1.350992], [lr 0.000494], [time 0.0320]
07-15 07:27:31.289 [epoch 41], [iter 300 / 329 : 13788], [loss 1.325978], [lr 0.000485], [time 0.0320]
07-15 07:27:46.682 Saved file to ./logs/2306/lraspp_agriseg_wildnet/07_15_05/last_None_epoch_41_mean-iu_0.00000.pth
07-15 07:28:14.645 [epoch 42], [iter 50 / 329 : 13867], [loss 1.305445], [lr 0.000472], [time 0.0322]
07-15 07:28:40.277 [epoch 42], [iter 100 / 329 : 13917], [loss 1.330422], [lr 0.000464], [time 0.0320]
07-15 07:29:05.813 [epoch 42], [iter 150 / 329 : 13967], [loss 1.348249], [lr 0.000456], [time 0.0319]
07-15 07:29:31.350 [epoch 42], [iter 200 / 329 : 14017], [loss 1.286619], [lr 0.000448], [time 0.0319]
07-15 07:29:56.947 [epoch 42], [iter 250 / 329 : 14067], [loss 1.357382], [lr 0.000439], [time 0.0320]
07-15 07:30:22.475 [epoch 42], [iter 300 / 329 : 14117], [loss 1.333079], [lr 0.000431], [time 0.0319]
07-15 07:30:37.849 Saved file to ./logs/2306/lraspp_agriseg_wildnet/07_15_05/last_None_epoch_42_mean-iu_0.00000.pth
07-15 07:31:05.767 [epoch 43], [iter 50 / 329 : 14196], [loss 1.358585], [lr 0.000418], [time 0.0321]
07-15 07:31:31.343 [epoch 43], [iter 100 / 329 : 14246], [loss 1.330442], [lr 0.000410], [time 0.0320]
07-15 07:31:56.883 [epoch 43], [iter 150 / 329 : 14296], [loss 1.326919], [lr 0.000401], [time 0.0319]
07-15 07:32:22.496 [epoch 43], [iter 200 / 329 : 14346], [loss 1.336241], [lr 0.000393], [time 0.0320]
07-15 07:32:48.038 [epoch 43], [iter 250 / 329 : 14396], [loss 1.308253], [lr 0.000384], [time 0.0319]
07-15 07:33:13.588 [epoch 43], [iter 300 / 329 : 14446], [loss 1.298423], [lr 0.000376], [time 0.0319]
07-15 07:33:28.950 Saved file to ./logs/2306/lraspp_agriseg_wildnet/07_15_05/last_None_epoch_43_mean-iu_0.00000.pth
07-15 07:33:57.172 [epoch 44], [iter 50 / 329 : 14525], [loss 1.287564], [lr 0.000363], [time 0.0325]
07-15 07:34:22.733 [epoch 44], [iter 100 / 329 : 14575], [loss 1.308076], [lr 0.000354], [time 0.0319]
07-15 07:34:48.277 [epoch 44], [iter 150 / 329 : 14625], [loss 1.352940], [lr 0.000346], [time 0.0319]
07-15 07:35:13.860 [epoch 44], [iter 200 / 329 : 14675], [loss 1.344142], [lr 0.000337], [time 0.0320]
07-15 07:35:39.424 [epoch 44], [iter 250 / 329 : 14725], [loss 1.335943], [lr 0.000328], [time 0.0319]
07-15 07:36:04.979 [epoch 44], [iter 300 / 329 : 14775], [loss 1.344714], [lr 0.000320], [time 0.0319]
07-15 07:36:20.356 Saved file to ./logs/2306/lraspp_agriseg_wildnet/07_15_05/last_None_epoch_44_mean-iu_0.00000.pth
07-15 07:36:48.568 [epoch 45], [iter 50 / 329 : 14854], [loss 1.305876], [lr 0.000306], [time 0.0323]
07-15 07:37:14.190 [epoch 45], [iter 100 / 329 : 14904], [loss 1.312352], [lr 0.000298], [time 0.0320]
07-15 07:37:39.761 [epoch 45], [iter 150 / 329 : 14954], [loss 1.320949], [lr 0.000289], [time 0.0320]
07-15 07:38:05.335 [epoch 45], [iter 200 / 329 : 15004], [loss 1.337783], [lr 0.000280], [time 0.0320]
07-15 07:38:30.906 [epoch 45], [iter 250 / 329 : 15054], [loss 1.308079], [lr 0.000272], [time 0.0320]
07-15 07:38:56.450 [epoch 45], [iter 300 / 329 : 15104], [loss 1.358576], [lr 0.000263], [time 0.0319]
07-15 07:39:11.815 Saved file to ./logs/2306/lraspp_agriseg_wildnet/07_15_05/last_None_epoch_45_mean-iu_0.00000.pth
07-15 07:39:39.731 [epoch 46], [iter 50 / 329 : 15183], [loss 1.333437], [lr 0.000249], [time 0.0323]
07-15 07:40:05.326 [epoch 46], [iter 100 / 329 : 15233], [loss 1.292674], [lr 0.000240], [time 0.0320]
07-15 07:40:30.927 [epoch 46], [iter 150 / 329 : 15283], [loss 1.345341], [lr 0.000231], [time 0.0320]
07-15 07:40:56.513 [epoch 46], [iter 200 / 329 : 15333], [loss 1.293334], [lr 0.000222], [time 0.0320]
07-15 07:41:22.135 [epoch 46], [iter 250 / 329 : 15383], [loss 1.301475], [lr 0.000213], [time 0.0320]
07-15 07:41:47.687 [epoch 46], [iter 300 / 329 : 15433], [loss 1.347153], [lr 0.000204], [time 0.0319]
07-15 07:42:03.066 Saved file to ./logs/2306/lraspp_agriseg_wildnet/07_15_05/last_None_epoch_46_mean-iu_0.00000.pth
07-15 07:42:31.186 [epoch 47], [iter 50 / 329 : 15512], [loss 1.315976], [lr 0.000190], [time 0.0326]
07-15 07:42:56.869 [epoch 47], [iter 100 / 329 : 15562], [loss 1.314614], [lr 0.000181], [time 0.0321]
07-15 07:43:22.383 [epoch 47], [iter 150 / 329 : 15612], [loss 1.364817], [lr 0.000172], [time 0.0319]
07-15 07:43:48.032 [epoch 47], [iter 200 / 329 : 15662], [loss 1.307194], [lr 0.000162], [time 0.0321]
07-15 07:44:13.637 [epoch 47], [iter 250 / 329 : 15712], [loss 1.367130], [lr 0.000153], [time 0.0320]
07-15 07:44:39.163 [epoch 47], [iter 300 / 329 : 15762], [loss 1.292993], [lr 0.000144], [time 0.0319]
07-15 07:44:54.587 Saved file to ./logs/2306/lraspp_agriseg_wildnet/07_15_05/last_None_epoch_47_mean-iu_0.00000.pth
07-15 07:45:22.569 [epoch 48], [iter 50 / 329 : 15841], [loss 1.353205], [lr 0.000129], [time 0.0321]
07-15 07:45:48.121 [epoch 48], [iter 100 / 329 : 15891], [loss 1.295221], [lr 0.000119], [time 0.0319]
07-15 07:46:13.679 [epoch 48], [iter 150 / 329 : 15941], [loss 1.351589], [lr 0.000110], [time 0.0319]
07-15 07:46:39.230 [epoch 48], [iter 200 / 329 : 15991], [loss 1.321980], [lr 0.000100], [time 0.0319]
07-15 07:47:04.789 [epoch 48], [iter 250 / 329 : 16041], [loss 1.284971], [lr 0.000090], [time 0.0319]
07-15 07:47:30.412 [epoch 48], [iter 300 / 329 : 16091], [loss 1.337049], [lr 0.000080], [time 0.0320]
07-15 07:47:45.756 Saved file to ./logs/2306/lraspp_agriseg_wildnet/07_15_05/last_None_epoch_48_mean-iu_0.00000.pth
07-15 07:48:14.077 [epoch 49], [iter 50 / 329 : 16170], [loss 1.304641], [lr 0.000064], [time 0.0319]
07-15 07:48:39.617 [epoch 49], [iter 100 / 329 : 16220], [loss 1.307061], [lr 0.000054], [time 0.0319]
07-15 07:49:05.240 [epoch 49], [iter 150 / 329 : 16270], [loss 1.315437], [lr 0.000043], [time 0.0320]
07-15 07:49:30.788 [epoch 49], [iter 200 / 329 : 16320], [loss 1.338657], [lr 0.000032], [time 0.0319]
07-15 07:49:56.421 [epoch 49], [iter 250 / 329 : 16370], [loss 1.351413], [lr 0.000021], [time 0.0320]
07-15 07:50:21.993 [epoch 49], [iter 300 / 329 : 16420], [loss 1.310532], [lr 0.000009], [time 0.0320]
07-15 07:50:37.385 Saved file to ./logs/2306/lraspp_agriseg_wildnet/07_15_05/last_None_epoch_49_mean-iu_0.00000.pth
07-15 07:50:38.093 validating: 1 / 5274
07-15 07:50:38.211 validating: 21 / 5274
07-15 07:50:38.320 validating: 41 / 5274
07-15 07:50:38.430 validating: 61 / 5274
07-15 07:50:38.538 validating: 81 / 5274
07-15 07:50:38.647 validating: 101 / 5274
07-15 07:50:38.757 validating: 121 / 5274
07-15 07:50:38.865 validating: 141 / 5274
07-15 07:50:38.974 validating: 161 / 5274
07-15 07:50:39.082 validating: 181 / 5274
07-15 07:50:39.190 validating: 201 / 5274
07-15 07:50:39.297 validating: 221 / 5274
07-15 07:50:39.404 validating: 241 / 5274
07-15 07:50:39.512 validating: 261 / 5274
07-15 07:50:39.622 validating: 281 / 5274
07-15 07:50:39.734 validating: 301 / 5274
07-15 07:50:39.843 validating: 321 / 5274
07-15 07:50:39.951 validating: 341 / 5274
07-15 07:50:40.059 validating: 361 / 5274
07-15 07:50:40.168 validating: 381 / 5274
07-15 07:50:40.277 validating: 401 / 5274
07-15 07:50:40.386 validating: 421 / 5274
07-15 07:50:40.494 validating: 441 / 5274
07-15 07:50:40.602 validating: 461 / 5274
07-15 07:50:40.711 validating: 481 / 5274
07-15 07:50:40.820 validating: 501 / 5274
07-15 07:50:40.927 validating: 521 / 5274
07-15 07:50:41.037 validating: 541 / 5274
07-15 07:50:41.146 validating: 561 / 5274
07-15 07:50:41.254 validating: 581 / 5274
07-15 07:50:41.362 validating: 601 / 5274
07-15 07:50:41.469 validating: 621 / 5274
07-15 07:50:41.576 validating: 641 / 5274
07-15 07:50:41.683 validating: 661 / 5274
07-15 07:50:41.790 validating: 681 / 5274
07-15 07:50:41.901 validating: 701 / 5274
07-15 07:50:42.008 validating: 721 / 5274
07-15 07:50:42.117 validating: 741 / 5274
07-15 07:50:42.225 validating: 761 / 5274
07-15 07:50:42.339 validating: 781 / 5274
07-15 07:50:42.447 validating: 801 / 5274
07-15 07:50:42.554 validating: 821 / 5274
07-15 07:50:42.662 validating: 841 / 5274
07-15 07:50:42.770 validating: 861 / 5274
07-15 07:50:42.878 validating: 881 / 5274
07-15 07:50:42.986 validating: 901 / 5274
07-15 07:50:43.095 validating: 921 / 5274
07-15 07:50:43.202 validating: 941 / 5274
07-15 07:50:43.309 validating: 961 / 5274
07-15 07:50:43.418 validating: 981 / 5274
07-15 07:50:43.525 validating: 1001 / 5274
07-15 07:50:43.638 validating: 1021 / 5274
07-15 07:50:43.745 validating: 1041 / 5274
07-15 07:50:43.856 validating: 1061 / 5274
07-15 07:50:43.963 validating: 1081 / 5274
07-15 07:50:44.070 validating: 1101 / 5274
07-15 07:50:44.177 validating: 1121 / 5274
07-15 07:50:44.284 validating: 1141 / 5274
07-15 07:50:44.391 validating: 1161 / 5274
07-15 07:50:44.499 validating: 1181 / 5274
07-15 07:50:44.606 validating: 1201 / 5274
07-15 07:50:44.713 validating: 1221 / 5274
07-15 07:50:44.820 validating: 1241 / 5274
07-15 07:50:44.928 validating: 1261 / 5274
07-15 07:50:45.036 validating: 1281 / 5274
07-15 07:50:45.144 validating: 1301 / 5274
07-15 07:50:45.252 validating: 1321 / 5274
07-15 07:50:45.358 validating: 1341 / 5274
07-15 07:50:45.466 validating: 1361 / 5274
07-15 07:50:45.575 validating: 1381 / 5274
07-15 07:50:45.683 validating: 1401 / 5274
07-15 07:50:45.790 validating: 1421 / 5274
07-15 07:50:45.899 validating: 1441 / 5274
07-15 07:50:46.006 validating: 1461 / 5274
07-15 07:50:46.113 validating: 1481 / 5274
07-15 07:50:46.220 validating: 1501 / 5274
07-15 07:50:46.327 validating: 1521 / 5274
07-15 07:50:46.436 validating: 1541 / 5274
07-15 07:50:46.543 validating: 1561 / 5274
07-15 07:50:46.654 validating: 1581 / 5274
07-15 07:50:46.762 validating: 1601 / 5274
07-15 07:50:46.868 validating: 1621 / 5274
07-15 07:50:46.977 validating: 1641 / 5274
07-15 07:50:47.090 validating: 1661 / 5274
07-15 07:50:47.200 validating: 1681 / 5274
07-15 07:50:47.307 validating: 1701 / 5274
07-15 07:50:47.415 validating: 1721 / 5274
07-15 07:50:47.522 validating: 1741 / 5274
07-15 07:50:47.631 validating: 1761 / 5274
07-15 07:50:47.744 validating: 1781 / 5274
07-15 07:50:47.853 validating: 1801 / 5274
07-15 07:50:47.964 validating: 1821 / 5274
07-15 07:50:48.072 validating: 1841 / 5274
07-15 07:50:48.180 validating: 1861 / 5274
07-15 07:50:48.289 validating: 1881 / 5274
07-15 07:50:48.399 validating: 1901 / 5274
07-15 07:50:48.506 validating: 1921 / 5274
07-15 07:50:48.615 validating: 1941 / 5274
07-15 07:50:48.723 validating: 1961 / 5274
07-15 07:50:48.830 validating: 1981 / 5274
07-15 07:50:48.939 validating: 2001 / 5274
07-15 07:50:49.048 validating: 2021 / 5274
07-15 07:50:49.157 validating: 2041 / 5274
07-15 07:50:49.264 validating: 2061 / 5274
07-15 07:50:49.373 validating: 2081 / 5274
07-15 07:50:49.482 validating: 2101 / 5274
07-15 07:50:49.591 validating: 2121 / 5274
07-15 07:50:49.699 validating: 2141 / 5274
07-15 07:50:49.807 validating: 2161 / 5274
07-15 07:50:49.915 validating: 2181 / 5274
07-15 07:50:50.026 validating: 2201 / 5274
07-15 07:50:50.134 validating: 2221 / 5274
07-15 07:50:50.242 validating: 2241 / 5274
07-15 07:50:50.352 validating: 2261 / 5274
07-15 07:50:50.461 validating: 2281 / 5274
07-15 07:50:50.568 validating: 2301 / 5274
07-15 07:50:50.676 validating: 2321 / 5274
07-15 07:50:50.788 validating: 2341 / 5274
07-15 07:50:50.896 validating: 2361 / 5274
07-15 07:50:51.003 validating: 2381 / 5274
07-15 07:50:51.110 validating: 2401 / 5274
07-15 07:50:51.217 validating: 2421 / 5274
07-15 07:50:51.325 validating: 2441 / 5274
07-15 07:50:51.432 validating: 2461 / 5274
07-15 07:50:51.540 validating: 2481 / 5274
07-15 07:50:51.647 validating: 2501 / 5274
07-15 07:50:51.753 validating: 2521 / 5274
07-15 07:50:51.860 validating: 2541 / 5274
07-15 07:50:51.968 validating: 2561 / 5274
07-15 07:50:52.078 validating: 2581 / 5274
07-15 07:50:52.188 validating: 2601 / 5274
07-15 07:50:52.294 validating: 2621 / 5274
07-15 07:50:52.401 validating: 2641 / 5274
07-15 07:50:52.510 validating: 2661 / 5274
07-15 07:50:52.619 validating: 2681 / 5274
07-15 07:50:52.726 validating: 2701 / 5274
07-15 07:50:52.833 validating: 2721 / 5274
07-15 07:50:52.944 validating: 2741 / 5274
07-15 07:50:53.052 validating: 2761 / 5274
07-15 07:50:53.160 validating: 2781 / 5274
07-15 07:50:53.266 validating: 2801 / 5274
07-15 07:50:53.379 validating: 2821 / 5274
07-15 07:50:53.487 validating: 2841 / 5274
07-15 07:50:53.593 validating: 2861 / 5274
07-15 07:50:53.703 validating: 2881 / 5274
07-15 07:50:53.811 validating: 2901 / 5274
07-15 07:50:53.917 validating: 2921 / 5274
07-15 07:50:54.027 validating: 2941 / 5274
07-15 07:50:54.135 validating: 2961 / 5274
07-15 07:50:54.242 validating: 2981 / 5274
07-15 07:50:54.355 validating: 3001 / 5274
07-15 07:50:54.461 validating: 3021 / 5274
07-15 07:50:54.569 validating: 3041 / 5274
07-15 07:50:54.676 validating: 3061 / 5274
07-15 07:50:54.784 validating: 3081 / 5274
07-15 07:50:54.891 validating: 3101 / 5274
07-15 07:50:54.998 validating: 3121 / 5274
07-15 07:50:55.104 validating: 3141 / 5274
07-15 07:50:55.211 validating: 3161 / 5274
07-15 07:50:55.323 validating: 3181 / 5274
07-15 07:50:55.431 validating: 3201 / 5274
07-15 07:50:55.537 validating: 3221 / 5274
07-15 07:50:55.644 validating: 3241 / 5274
07-15 07:50:55.752 validating: 3261 / 5274
07-15 07:50:55.859 validating: 3281 / 5274
07-15 07:50:55.966 validating: 3301 / 5274
07-15 07:50:56.073 validating: 3321 / 5274
07-15 07:50:56.180 validating: 3341 / 5274
07-15 07:50:56.291 validating: 3361 / 5274
07-15 07:50:56.400 validating: 3381 / 5274
07-15 07:50:56.505 validating: 3401 / 5274
07-15 07:50:56.613 validating: 3421 / 5274
07-15 07:50:56.721 validating: 3441 / 5274
07-15 07:50:56.828 validating: 3461 / 5274
07-15 07:50:56.936 validating: 3481 / 5274
07-15 07:50:57.042 validating: 3501 / 5274
07-15 07:50:57.150 validating: 3521 / 5274
07-15 07:50:57.257 validating: 3541 / 5274
07-15 07:50:57.365 validating: 3561 / 5274
07-15 07:50:57.474 validating: 3581 / 5274
07-15 07:50:57.583 validating: 3601 / 5274
07-15 07:50:57.691 validating: 3621 / 5274
07-15 07:50:57.799 validating: 3641 / 5274
07-15 07:50:57.909 validating: 3661 / 5274
07-15 07:50:58.018 validating: 3681 / 5274
07-15 07:50:58.128 validating: 3701 / 5274
07-15 07:50:58.236 validating: 3721 / 5274
07-15 07:50:58.348 validating: 3741 / 5274
07-15 07:50:58.457 validating: 3761 / 5274
07-15 07:50:58.568 validating: 3781 / 5274
07-15 07:50:58.677 validating: 3801 / 5274
07-15 07:50:58.785 validating: 3821 / 5274
07-15 07:50:58.895 validating: 3841 / 5274
07-15 07:50:59.003 validating: 3861 / 5274
07-15 07:50:59.113 validating: 3881 / 5274
07-15 07:50:59.221 validating: 3901 / 5274
07-15 07:50:59.330 validating: 3921 / 5274
07-15 07:50:59.438 validating: 3941 / 5274
07-15 07:50:59.546 validating: 3961 / 5274
07-15 07:50:59.658 validating: 3981 / 5274
07-15 07:50:59.766 validating: 4001 / 5274
07-15 07:50:59.874 validating: 4021 / 5274
07-15 07:50:59.982 validating: 4041 / 5274
07-15 07:51:00.092 validating: 4061 / 5274
07-15 07:51:00.200 validating: 4081 / 5274
07-15 07:51:00.309 validating: 4101 / 5274
07-15 07:51:00.417 validating: 4121 / 5274
07-15 07:51:00.524 validating: 4141 / 5274
07-15 07:51:00.631 validating: 4161 / 5274
07-15 07:51:00.740 validating: 4181 / 5274
07-15 07:51:00.847 validating: 4201 / 5274
07-15 07:51:00.956 validating: 4221 / 5274
07-15 07:51:01.063 validating: 4241 / 5274
07-15 07:51:01.176 validating: 4261 / 5274
07-15 07:51:01.284 validating: 4281 / 5274
07-15 07:51:01.392 validating: 4301 / 5274
07-15 07:51:01.499 validating: 4321 / 5274
07-15 07:51:01.608 validating: 4341 / 5274
07-15 07:51:01.715 validating: 4361 / 5274
07-15 07:51:01.822 validating: 4381 / 5274
07-15 07:51:01.931 validating: 4401 / 5274
07-15 07:51:02.039 validating: 4421 / 5274
07-15 07:51:02.148 validating: 4441 / 5274
07-15 07:51:02.256 validating: 4461 / 5274
07-15 07:51:02.367 validating: 4481 / 5274
07-15 07:51:02.477 validating: 4501 / 5274
07-15 07:51:02.587 validating: 4521 / 5274
07-15 07:51:02.698 validating: 4541 / 5274
07-15 07:51:02.808 validating: 4561 / 5274
07-15 07:51:02.918 validating: 4581 / 5274
07-15 07:51:03.026 validating: 4601 / 5274
07-15 07:51:03.134 validating: 4621 / 5274
07-15 07:51:03.242 validating: 4641 / 5274
07-15 07:51:03.351 validating: 4661 / 5274
07-15 07:51:03.459 validating: 4681 / 5274
07-15 07:51:03.567 validating: 4701 / 5274
07-15 07:51:03.678 validating: 4721 / 5274
07-15 07:51:03.786 validating: 4741 / 5274
07-15 07:51:03.893 validating: 4761 / 5274
07-15 07:51:04.001 validating: 4781 / 5274
07-15 07:51:04.109 validating: 4801 / 5274
07-15 07:51:04.217 validating: 4821 / 5274
07-15 07:51:04.326 validating: 4841 / 5274
07-15 07:51:04.435 validating: 4861 / 5274
07-15 07:51:04.543 validating: 4881 / 5274
07-15 07:51:04.653 validating: 4901 / 5274
07-15 07:51:04.761 validating: 4921 / 5274
07-15 07:51:04.869 validating: 4941 / 5274
07-15 07:51:04.975 validating: 4961 / 5274
07-15 07:51:05.085 validating: 4981 / 5274
07-15 07:51:05.197 validating: 5001 / 5274
07-15 07:51:05.305 validating: 5021 / 5274
07-15 07:51:05.414 validating: 5041 / 5274
07-15 07:51:05.522 validating: 5061 / 5274
07-15 07:51:05.630 validating: 5081 / 5274
07-15 07:51:05.738 validating: 5101 / 5274
07-15 07:51:05.852 validating: 5121 / 5274
07-15 07:51:05.961 validating: 5141 / 5274
07-15 07:51:06.070 validating: 5161 / 5274
07-15 07:51:06.179 validating: 5181 / 5274
07-15 07:51:06.287 validating: 5201 / 5274
07-15 07:51:06.396 validating: 5221 / 5274
07-15 07:51:06.483 validating: 5241 / 5274
07-15 07:51:06.559 validating: 5261 / 5274
07-15 07:51:06.686 Dataset name: tree_2
07-15 07:51:06.686 IoU:
07-15 07:51:06.686 label_id      label    iU    Precision Recall TP     FP    FN
07-15 07:51:06.686  0                0   100.0    1.0       1.0  100.0     0.0     0.0
07-15 07:51:06.686 mean 1.0
07-15 07:51:07.226 -----------------------------------------------------------------------------------------------------------
07-15 07:51:07.226 [epoch 50], [dataset name tree_2], [val loss 0.49900], [acc 1.00000], [acc_cls 1.00000], [mean_iu 1.00000], [fwavacc 1.00000]
07-15 07:51:07.226 best record: [dataset name tree_2], [val loss 0.49900], [acc 1.00000], [acc_cls 1.00000], [mean_iu 1.00000], [fwavacc 1.00000], [epoch 50], 
07-15 07:51:07.226 -----------------------------------------------------------------------------------------------------------
07-15 07:51:07.840 validating: 1 / 5274
07-15 07:51:07.987 validating: 21 / 5274
07-15 07:51:08.100 validating: 41 / 5274
07-15 07:51:08.208 validating: 61 / 5274
07-15 07:51:08.317 validating: 81 / 5274
07-15 07:51:08.426 validating: 101 / 5274
07-15 07:51:08.536 validating: 121 / 5274
07-15 07:51:08.644 validating: 141 / 5274
07-15 07:51:08.752 validating: 161 / 5274
07-15 07:51:08.903 validating: 181 / 5274
07-15 07:51:09.064 validating: 201 / 5274
07-15 07:51:09.219 validating: 221 / 5274
07-15 07:51:09.364 validating: 241 / 5274
07-15 07:51:09.514 validating: 261 / 5274
07-15 07:51:09.671 validating: 281 / 5274
07-15 07:51:09.830 validating: 301 / 5274
07-15 07:51:09.979 validating: 321 / 5274
07-15 07:51:10.088 validating: 341 / 5274
07-15 07:51:10.198 validating: 361 / 5274
07-15 07:51:10.306 validating: 381 / 5274
07-15 07:51:10.414 validating: 401 / 5274
07-15 07:51:10.523 validating: 421 / 5274
07-15 07:51:10.631 validating: 441 / 5274
07-15 07:51:10.743 validating: 461 / 5274
07-15 07:51:10.851 validating: 481 / 5274
07-15 07:51:10.961 validating: 501 / 5274
07-15 07:51:11.069 validating: 521 / 5274
07-15 07:51:11.176 validating: 541 / 5274
07-15 07:51:11.284 validating: 561 / 5274
07-15 07:51:11.393 validating: 581 / 5274
07-15 07:51:11.503 validating: 601 / 5274
07-15 07:51:11.610 validating: 621 / 5274
07-15 07:51:11.718 validating: 641 / 5274
07-15 07:51:11.835 validating: 661 / 5274
07-15 07:51:11.943 validating: 681 / 5274
07-15 07:51:12.052 validating: 701 / 5274
07-15 07:51:12.161 validating: 721 / 5274
07-15 07:51:12.271 validating: 741 / 5274
07-15 07:51:12.380 validating: 761 / 5274
07-15 07:51:12.488 validating: 781 / 5274
07-15 07:51:12.596 validating: 801 / 5274
07-15 07:51:12.703 validating: 821 / 5274
07-15 07:51:12.811 validating: 841 / 5274
07-15 07:51:12.918 validating: 861 / 5274
07-15 07:51:13.025 validating: 881 / 5274
07-15 07:51:13.133 validating: 901 / 5274
07-15 07:51:13.241 validating: 921 / 5274
07-15 07:51:13.348 validating: 941 / 5274
07-15 07:51:13.455 validating: 961 / 5274
07-15 07:51:13.563 validating: 981 / 5274
07-15 07:51:13.670 validating: 1001 / 5274
07-15 07:51:13.777 validating: 1021 / 5274
07-15 07:51:13.884 validating: 1041 / 5274
07-15 07:51:13.991 validating: 1061 / 5274
07-15 07:51:14.099 validating: 1081 / 5274
07-15 07:51:14.208 validating: 1101 / 5274
07-15 07:51:14.315 validating: 1121 / 5274
07-15 07:51:14.422 validating: 1141 / 5274
07-15 07:51:14.530 validating: 1161 / 5274
07-15 07:51:14.637 validating: 1181 / 5274
07-15 07:51:14.745 validating: 1201 / 5274
07-15 07:51:14.855 validating: 1221 / 5274
07-15 07:51:14.968 validating: 1241 / 5274
07-15 07:51:15.075 validating: 1261 / 5274
07-15 07:51:15.182 validating: 1281 / 5274
07-15 07:51:15.288 validating: 1301 / 5274
07-15 07:51:15.397 validating: 1321 / 5274
07-15 07:51:15.504 validating: 1341 / 5274
07-15 07:51:15.612 validating: 1361 / 5274
07-15 07:51:15.721 validating: 1381 / 5274
07-15 07:51:15.828 validating: 1401 / 5274
07-15 07:51:15.935 validating: 1421 / 5274
07-15 07:51:16.044 validating: 1441 / 5274
07-15 07:51:16.153 validating: 1461 / 5274
07-15 07:51:16.261 validating: 1481 / 5274
07-15 07:51:16.369 validating: 1501 / 5274
07-15 07:51:16.476 validating: 1521 / 5274
07-15 07:51:16.585 validating: 1541 / 5274
07-15 07:51:16.692 validating: 1561 / 5274
07-15 07:51:16.799 validating: 1581 / 5274
07-15 07:51:16.906 validating: 1601 / 5274
07-15 07:51:17.015 validating: 1621 / 5274
07-15 07:51:17.123 validating: 1641 / 5274
07-15 07:51:17.231 validating: 1661 / 5274
07-15 07:51:17.337 validating: 1681 / 5274
07-15 07:51:17.445 validating: 1701 / 5274
07-15 07:51:17.554 validating: 1721 / 5274
07-15 07:51:17.664 validating: 1741 / 5274
07-15 07:51:17.774 validating: 1761 / 5274
07-15 07:51:17.884 validating: 1781 / 5274
07-15 07:51:17.992 validating: 1801 / 5274
07-15 07:51:18.099 validating: 1821 / 5274
07-15 07:51:18.207 validating: 1841 / 5274
07-15 07:51:18.316 validating: 1861 / 5274
07-15 07:51:18.424 validating: 1881 / 5274
07-15 07:51:18.530 validating: 1901 / 5274
07-15 07:51:18.636 validating: 1921 / 5274
07-15 07:51:18.743 validating: 1941 / 5274
07-15 07:51:18.852 validating: 1961 / 5274
07-15 07:51:18.960 validating: 1981 / 5274
07-15 07:51:19.067 validating: 2001 / 5274
07-15 07:51:19.174 validating: 2021 / 5274
07-15 07:51:19.281 validating: 2041 / 5274
07-15 07:51:19.387 validating: 2061 / 5274
07-15 07:51:19.495 validating: 2081 / 5274
07-15 07:51:19.603 validating: 2101 / 5274
07-15 07:51:19.709 validating: 2121 / 5274
07-15 07:51:19.815 validating: 2141 / 5274
07-15 07:51:19.924 validating: 2161 / 5274
07-15 07:51:20.031 validating: 2181 / 5274
07-15 07:51:20.137 validating: 2201 / 5274
07-15 07:51:20.246 validating: 2221 / 5274
07-15 07:51:20.354 validating: 2241 / 5274
07-15 07:51:20.462 validating: 2261 / 5274
07-15 07:51:20.571 validating: 2281 / 5274
07-15 07:51:20.679 validating: 2301 / 5274
07-15 07:51:20.785 validating: 2321 / 5274
07-15 07:51:20.892 validating: 2341 / 5274
07-15 07:51:21.000 validating: 2361 / 5274
07-15 07:51:21.112 validating: 2381 / 5274
07-15 07:51:21.221 validating: 2401 / 5274
07-15 07:51:21.328 validating: 2421 / 5274
07-15 07:51:21.436 validating: 2441 / 5274
07-15 07:51:21.545 validating: 2461 / 5274
07-15 07:51:21.653 validating: 2481 / 5274
07-15 07:51:21.761 validating: 2501 / 5274
07-15 07:51:21.867 validating: 2521 / 5274
07-15 07:51:21.974 validating: 2541 / 5274
07-15 07:51:22.082 validating: 2561 / 5274
07-15 07:51:22.189 validating: 2581 / 5274
07-15 07:51:22.298 validating: 2601 / 5274
07-15 07:51:22.408 validating: 2621 / 5274
07-15 07:51:22.514 validating: 2641 / 5274
07-15 07:51:22.621 validating: 2661 / 5274
07-15 07:51:22.728 validating: 2681 / 5274
07-15 07:51:22.834 validating: 2701 / 5274
07-15 07:51:22.947 validating: 2721 / 5274
07-15 07:51:23.061 validating: 2741 / 5274
07-15 07:51:23.170 validating: 2761 / 5274
07-15 07:51:23.278 validating: 2781 / 5274
07-15 07:51:23.384 validating: 2801 / 5274
07-15 07:51:23.491 validating: 2821 / 5274
07-15 07:51:23.598 validating: 2841 / 5274
07-15 07:51:23.708 validating: 2861 / 5274
07-15 07:51:23.815 validating: 2881 / 5274
07-15 07:51:23.921 validating: 2901 / 5274
07-15 07:51:24.028 validating: 2921 / 5274
07-15 07:51:24.134 validating: 2941 / 5274
07-15 07:51:24.242 validating: 2961 / 5274
07-15 07:51:24.349 validating: 2981 / 5274
07-15 07:51:24.456 validating: 3001 / 5274
07-15 07:51:24.563 validating: 3021 / 5274
07-15 07:51:24.671 validating: 3041 / 5274
07-15 07:51:24.779 validating: 3061 / 5274
07-15 07:51:24.887 validating: 3081 / 5274
07-15 07:51:24.993 validating: 3101 / 5274
07-15 07:51:25.101 validating: 3121 / 5274
07-15 07:51:25.210 validating: 3141 / 5274
07-15 07:51:25.317 validating: 3161 / 5274
07-15 07:51:25.424 validating: 3181 / 5274
07-15 07:51:25.531 validating: 3201 / 5274
07-15 07:51:25.638 validating: 3221 / 5274
07-15 07:51:25.746 validating: 3241 / 5274
07-15 07:51:25.853 validating: 3261 / 5274
07-15 07:51:25.961 validating: 3281 / 5274
07-15 07:51:26.076 validating: 3301 / 5274
07-15 07:51:26.184 validating: 3321 / 5274
07-15 07:51:26.292 validating: 3341 / 5274
07-15 07:51:26.398 validating: 3361 / 5274
07-15 07:51:26.506 validating: 3381 / 5274
07-15 07:51:26.617 validating: 3401 / 5274
07-15 07:51:26.724 validating: 3421 / 5274
07-15 07:51:26.832 validating: 3441 / 5274
07-15 07:51:26.940 validating: 3461 / 5274
07-15 07:51:27.046 validating: 3481 / 5274
07-15 07:51:27.154 validating: 3501 / 5274
07-15 07:51:27.261 validating: 3521 / 5274
07-15 07:51:27.368 validating: 3541 / 5274
07-15 07:51:27.476 validating: 3561 / 5274
07-15 07:51:27.585 validating: 3581 / 5274
07-15 07:51:27.695 validating: 3601 / 5274
07-15 07:51:27.804 validating: 3621 / 5274
07-15 07:51:27.913 validating: 3641 / 5274
07-15 07:51:28.023 validating: 3661 / 5274
07-15 07:51:28.132 validating: 3681 / 5274
07-15 07:51:28.244 validating: 3701 / 5274
07-15 07:51:28.354 validating: 3721 / 5274
07-15 07:51:28.464 validating: 3741 / 5274
07-15 07:51:28.572 validating: 3761 / 5274
07-15 07:51:28.680 validating: 3781 / 5274
07-15 07:51:28.792 validating: 3801 / 5274
07-15 07:51:28.902 validating: 3821 / 5274
07-15 07:51:29.012 validating: 3841 / 5274
07-15 07:51:29.120 validating: 3861 / 5274
07-15 07:51:29.229 validating: 3881 / 5274
07-15 07:51:29.337 validating: 3901 / 5274
07-15 07:51:29.450 validating: 3921 / 5274
07-15 07:51:29.556 validating: 3941 / 5274
07-15 07:51:29.667 validating: 3961 / 5274
07-15 07:51:29.779 validating: 3981 / 5274
07-15 07:51:29.886 validating: 4001 / 5274
07-15 07:51:29.993 validating: 4021 / 5274
07-15 07:51:30.100 validating: 4041 / 5274
07-15 07:51:30.208 validating: 4061 / 5274
07-15 07:51:30.315 validating: 4081 / 5274
07-15 07:51:30.421 validating: 4101 / 5274
07-15 07:51:30.527 validating: 4121 / 5274
07-15 07:51:30.633 validating: 4141 / 5274
07-15 07:51:30.740 validating: 4161 / 5274
07-15 07:51:30.847 validating: 4181 / 5274
07-15 07:51:30.955 validating: 4201 / 5274
07-15 07:51:31.063 validating: 4221 / 5274
07-15 07:51:31.170 validating: 4241 / 5274
07-15 07:51:31.281 validating: 4261 / 5274
07-15 07:51:31.391 validating: 4281 / 5274
07-15 07:51:31.498 validating: 4301 / 5274
07-15 07:51:31.607 validating: 4321 / 5274
07-15 07:51:31.713 validating: 4341 / 5274
07-15 07:51:31.820 validating: 4361 / 5274
07-15 07:51:31.926 validating: 4381 / 5274
07-15 07:51:32.031 validating: 4401 / 5274
07-15 07:51:32.141 validating: 4421 / 5274
07-15 07:51:32.249 validating: 4441 / 5274
07-15 07:51:32.360 validating: 4461 / 5274
07-15 07:51:32.467 validating: 4481 / 5274
07-15 07:51:32.575 validating: 4501 / 5274
07-15 07:51:32.683 validating: 4521 / 5274
07-15 07:51:32.791 validating: 4541 / 5274
07-15 07:51:32.900 validating: 4561 / 5274
07-15 07:51:33.007 validating: 4581 / 5274
07-15 07:51:33.116 validating: 4601 / 5274
07-15 07:51:33.225 validating: 4621 / 5274
07-15 07:51:33.331 validating: 4641 / 5274
07-15 07:51:33.438 validating: 4661 / 5274
07-15 07:51:33.547 validating: 4681 / 5274
07-15 07:51:33.654 validating: 4701 / 5274
07-15 07:51:33.759 validating: 4721 / 5274
07-15 07:51:33.867 validating: 4741 / 5274
07-15 07:51:33.974 validating: 4761 / 5274
07-15 07:51:34.082 validating: 4781 / 5274
07-15 07:51:34.193 validating: 4801 / 5274
07-15 07:51:34.305 validating: 4821 / 5274
07-15 07:51:34.412 validating: 4841 / 5274
07-15 07:51:34.520 validating: 4861 / 5274
07-15 07:51:34.627 validating: 4881 / 5274
07-15 07:51:34.735 validating: 4901 / 5274
07-15 07:51:34.842 validating: 4921 / 5274
07-15 07:51:34.949 validating: 4941 / 5274
07-15 07:51:35.055 validating: 4961 / 5274
07-15 07:51:35.162 validating: 4981 / 5274
07-15 07:51:35.270 validating: 5001 / 5274
07-15 07:51:35.378 validating: 5021 / 5274
07-15 07:51:35.488 validating: 5041 / 5274
07-15 07:51:35.595 validating: 5061 / 5274
07-15 07:51:35.703 validating: 5081 / 5274
07-15 07:51:35.811 validating: 5101 / 5274
07-15 07:51:35.918 validating: 5121 / 5274
07-15 07:51:36.031 validating: 5141 / 5274
07-15 07:51:36.141 validating: 5161 / 5274
07-15 07:51:36.248 validating: 5181 / 5274
07-15 07:51:36.357 validating: 5201 / 5274
07-15 07:51:36.465 validating: 5221 / 5274
07-15 07:51:36.552 validating: 5241 / 5274
07-15 07:51:36.628 validating: 5261 / 5274
07-15 07:51:36.756 Dataset name: agriseg
07-15 07:51:36.756 IoU:
07-15 07:51:36.756 label_id      label    iU    Precision Recall TP     FP    FN
07-15 07:51:36.756  0                0   100.0    1.0       1.0  100.0     0.0     0.0
07-15 07:51:36.756 mean 1.0
07-15 07:51:36.756 -----------------------------------------------------------------------------------------------------------
07-15 07:51:36.756 [epoch 50], [dataset name agriseg], [val loss 0.50048], [acc 1.00000], [acc_cls 1.00000], [mean_iu 1.00000], [fwavacc 1.00000]
